FATAL 2022-12-16T09:09:04.563 10.0.11.65 - kpusers - Connection Failed. Error: connect ETIMEDOUT
INFO 2022-12-16T09:09:04.559 server.js -  Server listening to port: 3000
INFO 2022-12-16T09:09:05.156 10.4.9.186 - branch_request - Branch Connected.
INFO 2022-12-16T09:09:50.651 server.js -  Server listening to port: 3000
INFO 2022-12-16T09:09:50.748 10.0.11.65 - kpusers - Kp Connected.
INFO 2022-12-16T09:09:51.121 10.4.9.186 - branch_request - Branch Connected.
INFO 2022-12-16T09:13:18.686 getAllRequestsRevFund - No data found Rows Length : 0
INFO 2022-12-16T09:13:18.691 getAllRequestsCash - No data found Rows Length : 0
INFO 2022-12-16T09:13:30.712 getAllRequestsRevFund - No data found Rows Length : 0
INFO 2022-12-16T09:13:30.715 getAllRequestsCash - No data found Rows Length : 0
INFO 2022-12-16T09:13:32.893 OpenRequestController - getCashRequestByControlNo  responseMesage - Success, responseCode - 0
INFO 2022-12-16T09:13:38.193 getAllRequestsRevFund - No data found Rows Length : 0
INFO 2022-12-16T09:13:38.196 getAllRequestsCash - No data found Rows Length : 0
INFO 2022-12-16T09:29:53.703 requestController - getMaxId -  row: 1
INFO 2022-12-16T09:29:59.008 requestController - getRfMaxId -  row: 1
INFO 2022-12-16T09:30:13.970 getAllRequestsRevFund - No data found Rows Length : 0
INFO 2022-12-16T09:30:13.972 getAllRequestsCash - No data found Rows Length : 0
INFO 2022-12-16T09:32:51.934 getAllRequestsRevFund - No data found Rows Length : 0
INFO 2022-12-16T09:32:51.935 getAllRequestsCash - No data found Rows Length : 0
INFO 2022-12-16T09:32:52.046 getAllRequestsRevFund - No data found Rows Length : 0
INFO 2022-12-16T09:32:52.049 getAllRequestsCash - No data found Rows Length : 0
INFO 2022-12-16T09:34:30.762 getAllRequestsRevFund - No data found Rows Length : 0
INFO 2022-12-16T09:34:30.763 getAllRequestsCash - No data found Rows Length : 0
INFO 2022-12-16T09:34:30.872 getAllRequestsRevFund - No data found Rows Length : 0
INFO 2022-12-16T09:34:30.873 getAllRequestsCash - No data found Rows Length : 0
INFO 2022-12-16T09:36:17.803 getAllRequestsRevFund - No data found Rows Length : 0
INFO 2022-12-16T09:36:17.805 getAllRequestsCash - No data found Rows Length : 0
INFO 2022-12-16T09:36:26.482 getAllRequestsRevFund - No data found Rows Length : 0
INFO 2022-12-16T09:36:26.507 getAllRequestsCash - No data found Rows Length : 0
INFO 2022-12-16T09:38:19.793 getAllRequestsCash - No data found Rows Length : 0
INFO 2022-12-16T09:38:19.794 getAllRequestsRevFund - No data found Rows Length : 0
INFO 2022-12-16T09:38:19.794 getAllRequestsCash - No data found Rows Length : 0
INFO 2022-12-16T09:39:42.785 getAllRequestsCash - No data found Rows Length : 0
INFO 2022-12-16T09:39:42.786 getAllRequestsRevFund - No data found Rows Length : 0
INFO 2022-12-16T09:39:42.793 getAllRequestsRevFund - No data found Rows Length : 0
INFO 2022-12-16T09:39:42.794 getAllRequestsCash - No data found Rows Length : 0
INFO 2022-12-16T09:39:42.902 getAllRequestsCash - No data found Rows Length : 0
INFO 2022-12-16T09:39:42.905 getAllRequestsRevFund - No data found Rows Length : 0
INFO 2022-12-16T09:39:42.907 getAllRequestsRevFund - No data found Rows Length : 0
INFO 2022-12-16T09:39:42.938 getAllRequestsCash - No data found Rows Length : 0
INFO 2022-12-16T09:40:00.667 getAllRequestsCash - No data found Rows Length : 0
INFO 2022-12-16T09:40:00.676 getAllRequestsRevFund - No data found Rows Length : 0
INFO 2022-12-16T09:40:00.700 getAllRequestsCash - No data found Rows Length : 0
INFO 2022-12-16T09:40:00.704 getAllRequestsRevFund - No data found Rows Length : 0
INFO 2022-12-16T09:41:23.728 getAllRequestsCash - No data found Rows Length : 0
INFO 2022-12-16T09:41:23.729 getAllRequestsRevFund - No data found Rows Length : 0
INFO 2022-12-16T09:41:23.731 getAllRequestsCash - No data found Rows Length : 0
INFO 2022-12-16T09:41:23.732 getAllRequestsRevFund - No data found Rows Length : 0
INFO 2022-12-16T09:41:23.840 getAllRequestsCash - No data found Rows Length : 0
INFO 2022-12-16T09:41:23.842 getAllRequestsRevFund - No data found Rows Length : 0
INFO 2022-12-16T09:41:23.852 getAllRequestsCash - No data found Rows Length : 0
INFO 2022-12-16T09:41:23.854 getAllRequestsRevFund - No data found Rows Length : 0
INFO 2022-12-16T09:41:27.133 getAllRequestsRevFund - No data found Rows Length : 0
INFO 2022-12-16T09:41:27.133 getAllRequestsCash - No data found Rows Length : 0
INFO 2022-12-16T09:41:28.950 getAllRequestsCash - No data found Rows Length : 0
INFO 2022-12-16T09:41:28.956 getAllRequestsRevFund - No data found Rows Length : 0
INFO 2022-12-16T09:41:28.974 getAllRequestsCash - No data found Rows Length : 0
INFO 2022-12-16T09:41:29.006 getAllRequestsRevFund - No data found Rows Length : 0
INFO 2022-12-16T09:43:04.863 getAllRequestsRevFund Rows Length : 2
INFO 2022-12-16T09:43:04.875 getAllRequestsCash Rows Length : 2
INFO 2022-12-16T09:43:11.953 requestController - getMaxId -  row: 1
INFO 2022-12-16T09:43:14.139 getAllRequestsRevFund Rows Length : 2
INFO 2022-12-16T09:43:14.141 getAllRequestsCash Rows Length : 2
INFO 2022-12-16T09:43:18.651 getAllRequestsCash - No data found Rows Length : 0
INFO 2022-12-16T09:43:18.656 getAllRequestsRevFund - No data found Rows Length : 0
INFO 2022-12-16T09:43:18.658 getAllRequestsCash Rows Length : 1
INFO 2022-12-16T09:43:18.665 getAllRequestsRevFund - No data found Rows Length : 0
INFO 2022-12-16T09:43:20.098 getAllRequestsRevFund Rows Length : 2
INFO 2022-12-16T09:43:20.099 getAllRequestsCash Rows Length : 2
INFO 2022-12-16T09:56:30.686 getAllRequestsRevFund - No data found Rows Length : 0
INFO 2022-12-16T09:56:30.695 getAllRequestsCash - No data found Rows Length : 0
INFO 2022-12-16T09:56:34.414 requestController - getMaxId -  row: 1
INFO 2022-12-16T09:56:35.792 getAllRequestsRevFund - No data found Rows Length : 0
INFO 2022-12-16T09:56:35.802 getAllRequestsCash - No data found Rows Length : 0
INFO 2022-12-16T09:56:44.794 getAllRequestsRevFund - No data found Rows Length : 0
INFO 2022-12-16T09:56:44.795 getAllRequestsCash - No data found Rows Length : 0
INFO 2022-12-16T09:56:44.795 getAllRequestsCash - No data found Rows Length : 0
INFO 2022-12-16T09:56:44.802 getAllRequestsRevFund - No data found Rows Length : 0
INFO 2022-12-16T09:56:46.386 getAllRequestsRevFund - No data found Rows Length : 0
INFO 2022-12-16T09:56:46.389 getAllRequestsCash - No data found Rows Length : 0
INFO 2022-12-16T09:57:13.330 getAllRequestsCash - No data found Rows Length : 0
INFO 2022-12-16T09:57:13.333 getAllRequestsRevFund - No data found Rows Length : 0
INFO 2022-12-16T09:57:13.338 getAllRequestsCash - No data found Rows Length : 0
INFO 2022-12-16T09:57:13.339 getAllRequestsRevFund - No data found Rows Length : 0
INFO 2022-12-16T09:57:14.343 getAllRequestsRevFund - No data found Rows Length : 0
INFO 2022-12-16T09:57:14.343 getAllRequestsCash - No data found Rows Length : 0
INFO 2022-12-16T09:58:43.595 getAllRequestsRevFund - No data found Rows Length : 0
INFO 2022-12-16T09:58:43.598 getAllRequestsCash - No data found Rows Length : 0
INFO 2022-12-16T09:58:47.992 getAllRequestsCash - No data found Rows Length : 0
INFO 2022-12-16T09:58:47.993 getAllRequestsRevFund - No data found Rows Length : 0
INFO 2022-12-16T09:58:47.994 getAllRequestsCash - No data found Rows Length : 0
INFO 2022-12-16T09:58:47.995 getAllRequestsRevFund - No data found Rows Length : 0
INFO 2022-12-16T09:58:49.181 getAllRequestsRevFund - No data found Rows Length : 0
INFO 2022-12-16T09:58:49.185 getAllRequestsCash - No data found Rows Length : 0
INFO 2022-12-16T10:00:01.147 getAllRequestsCash - No data found Rows Length : 0
INFO 2022-12-16T10:00:01.149 getAllRequestsRevFund - No data found Rows Length : 0
INFO 2022-12-16T10:00:01.261 getAllRequestsCash - No data found Rows Length : 0
INFO 2022-12-16T10:00:01.266 getAllRequestsRevFund - No data found Rows Length : 0
INFO 2022-12-16T10:00:55.606 getAllRequestsCash - No data found Rows Length : 0
INFO 2022-12-16T10:00:55.628 getAllRequestsRevFund - No data found Rows Length : 0
INFO 2022-12-16T10:00:55.630 getAllRequestsCash - No data found Rows Length : 0
INFO 2022-12-16T10:00:55.632 getAllRequestsRevFund - No data found Rows Length : 0
INFO 2022-12-16T10:00:56.699 getAllRequestsRevFund - No data found Rows Length : 0
INFO 2022-12-16T10:00:56.709 getAllRequestsCash - No data found Rows Length : 0
INFO 2022-12-16T10:01:21.595 getAllRequestsRevFund - No data found Rows Length : 0
INFO 2022-12-16T10:01:21.597 getAllRequestsCash - No data found Rows Length : 0
INFO 2022-12-16T10:01:40.666 getAllRequestsCash - No data found Rows Length : 0
INFO 2022-12-16T10:01:40.669 getAllRequestsRevFund - No data found Rows Length : 0
INFO 2022-12-16T10:01:40.670 getAllRequestsCash - No data found Rows Length : 0
INFO 2022-12-16T10:01:40.671 getAllRequestsRevFund - No data found Rows Length : 0
INFO 2022-12-16T10:01:41.517 getAllRequestsCash - No data found Rows Length : 0
INFO 2022-12-16T10:01:41.517 getAllRequestsRevFund - No data found Rows Length : 0
INFO 2022-12-16T10:02:40.337 getAllRequestsRevFund - No data found Rows Length : 0
INFO 2022-12-16T10:02:40.339 getAllRequestsCash - No data found Rows Length : 0
INFO 2022-12-16T10:04:10.211 getAllRequestsCash - No data found Rows Length : 0
INFO 2022-12-16T10:04:10.213 getAllRequestsRevFund - No data found Rows Length : 0
INFO 2022-12-16T10:04:20.120 getAllRequestsCash - No data found Rows Length : 0
INFO 2022-12-16T10:04:20.121 getAllRequestsRevFund - No data found Rows Length : 0
INFO 2022-12-16T10:04:20.122 getAllRequestsCash - No data found Rows Length : 0
INFO 2022-12-16T10:04:20.123 getAllRequestsRevFund - No data found Rows Length : 0
INFO 2022-12-16T10:04:20.953 getAllRequestsRevFund - No data found Rows Length : 0
INFO 2022-12-16T10:04:20.954 getAllRequestsCash - No data found Rows Length : 0
INFO 2022-12-16T10:04:48.999 getAllRequestsRevFund - No data found Rows Length : 0
INFO 2022-12-16T10:04:49.001 getAllRequestsCash - No data found Rows Length : 0
INFO 2022-12-16T10:07:04.017 OpenRequestController - getRfRequestByControlNo  responseMesage - Success, responseCode - 0
INFO 2022-12-16T10:07:12.245 getAllRequestsRevFund - No data found Rows Length : 0
INFO 2022-12-16T10:07:12.246 getAllRequestsCash - No data found Rows Length : 0
INFO 2022-12-16T10:07:18.433 getAllRequestsRevFund - No data found Rows Length : 0
INFO 2022-12-16T10:07:18.434 getAllRequestsCash - No data found Rows Length : 0
INFO 2022-12-16T10:07:24.269 OpenRequestController - getRfRequestByControlNo  responseMesage - Success, responseCode - 0
INFO 2022-12-16T10:07:55.528 OpenRequestController - getRfRequestByControlNo  responseMesage - Success, responseCode - 0
INFO 2022-12-16T10:08:02.326 OpenRequestController - getRfRequestByControlNo  responseMesage - Success, responseCode - 0
INFO 2022-12-16T10:08:39.322 OpenRequestController - getRfRequestByControlNo  responseMesage - Success, responseCode - 0
INFO 2022-12-16T10:11:02.224 mailController - rfRequestFlow - req.body.approved : approve
INFO 2022-12-16T10:11:02.329 mailController - rfRequestFlow - request_status: pending
INFO 2022-12-16T10:12:10.301 OpenRequestController - getRfRequestByControlNo  responseMesage - Success, responseCode - 0
INFO 2022-12-16T10:12:24.568 getAllRequestsRevFund - No data found Rows Length : 0
INFO 2022-12-16T10:12:24.569 getAllRequestsCash - No data found Rows Length : 0
INFO 2022-12-16T10:12:29.137 requestController - getMaxId -  row: 1
INFO 2022-12-16T10:12:38.117 getAllRequestsCash - No data found Rows Length : 0
INFO 2022-12-16T10:12:38.127 getAllRequestsRevFund - No data found Rows Length : 0
INFO 2022-12-16T10:12:38.129 getAllRequestsCash - No data found Rows Length : 0
INFO 2022-12-16T10:12:38.130 getAllRequestsRevFund - No data found Rows Length : 0
INFO 2022-12-16T10:13:04.469 OpenRequestController - getCashRequestByControlNo  responseMesage - Success, responseCode - 0
INFO 2022-12-16T10:13:28.840 OpenRequestController - getCashRequestByControlNo  responseMesage - Not Found, responseCode - 1
INFO 2022-12-16T10:13:34.753 getAllRequestsRevFund - No data found Rows Length : 0
INFO 2022-12-16T10:13:34.753 getAllRequestsCash - No data found Rows Length : 0
INFO 2022-12-16T10:22:13.347 OpenRequestController - getRfRequestByControlNo  responseMesage - Success, responseCode - 0
INFO 2022-12-16T10:23:40.730 getAllRequestsRevFund - No data found Rows Length : 0
INFO 2022-12-16T10:23:40.731 getAllRequestsCash - No data found Rows Length : 0
INFO 2022-12-16T11:14:24.314 getAllRequestsRevFund - No data found Rows Length : 0
INFO 2022-12-16T11:14:24.316 getAllRequestsCash - No data found Rows Length : 0
