INFO 2023-03-08T09:56:58.268 server.js -  Server listening to port: 3000
FATAL 2023-03-08T09:56:58.275 10.4.9.186 - branch_request - Branch Connection Failed. Error: connect ETIMEDOUT
INFO 2023-03-08T10:05:26.461 auth - verifyToken -  Authorized. A token verified - eyJhbGciOiJIUzI1NiIsInR5cCI6IkpXVCJ9.eyJpZCI6IlNPTEkxMDEzMTI3IiwiaWF0IjoxNjc4MjQxMDY5LCJleHAiOjE2NzgyNDE5Njl9.e2KYCy1kaDQmd5gFb1G6lNIHT_8Xnien8a7h-FMTLpE
INFO 2023-03-08T10:05:26.481 auth - verifyToken -  Authorized. A token verified - eyJhbGciOiJIUzI1NiIsInR5cCI6IkpXVCJ9.eyJpZCI6IlNPTEkxMDEzMTI3IiwiaWF0IjoxNjc4MjQxMDY5LCJleHAiOjE2NzgyNDE5Njl9.e2KYCy1kaDQmd5gFb1G6lNIHT_8Xnien8a7h-FMTLpE
INFO 2023-03-08T10:05:26.488 auth - verifyToken -  Authorized. A token verified - eyJhbGciOiJIUzI1NiIsInR5cCI6IkpXVCJ9.eyJpZCI6IlNPTEkxMDEzMTI3IiwiaWF0IjoxNjc4MjQxMDY5LCJleHAiOjE2NzgyNDE5Njl9.e2KYCy1kaDQmd5gFb1G6lNIHT_8Xnien8a7h-FMTLpE
INFO 2023-03-08T10:05:26.525 auth - verifyToken -  Authorized. A token verified - eyJhbGciOiJIUzI1NiIsInR5cCI6IkpXVCJ9.eyJpZCI6IlNPTEkxMDEzMTI3IiwiaWF0IjoxNjc4MjQxMDY5LCJleHAiOjE2NzgyNDE5Njl9.e2KYCy1kaDQmd5gFb1G6lNIHT_8Xnien8a7h-FMTLpE
INFO 2023-03-08T10:05:27.135 getAllRequestsRevFund - No data found Rows Length : 0
INFO 2023-03-08T10:05:27.144 getAllRequestsCash Rows Length : 1
INFO 2023-03-08T10:05:27.210 auth - verifyToken -  Authorized. A token verified - eyJhbGciOiJIUzI1NiIsInR5cCI6IkpXVCJ9.eyJpZCI6IlNPTEkxMDEzMTI3IiwiaWF0IjoxNjc4MjQxMDY5LCJleHAiOjE2NzgyNDE5Njl9.e2KYCy1kaDQmd5gFb1G6lNIHT_8Xnien8a7h-FMTLpE
INFO 2023-03-08T10:05:27.214 auth - verifyToken -  Authorized. A token verified - eyJhbGciOiJIUzI1NiIsInR5cCI6IkpXVCJ9.eyJpZCI6IlNPTEkxMDEzMTI3IiwiaWF0IjoxNjc4MjQxMDY5LCJleHAiOjE2NzgyNDE5Njl9.e2KYCy1kaDQmd5gFb1G6lNIHT_8Xnien8a7h-FMTLpE
INFO 2023-03-08T10:05:27.298 getAllRequestsForApprovalCash - ass_vpo_approver Data Retrieved : 0
INFO 2023-03-08T10:05:27.304 getAllRequestsForApprovalRevolving - ass_vpo_approver No Data Retrieved : 0
INFO 2023-03-08T10:14:42.893 auth - verifyToken -  Authorized. A token verified - eyJhbGciOiJIUzI1NiIsInR5cCI6IkpXVCJ9.eyJpZCI6IlNPTEkxMDEzMTI3IiwiaWF0IjoxNjc4MjQxMDY5LCJleHAiOjE2NzgyNDE5Njl9.e2KYCy1kaDQmd5gFb1G6lNIHT_8Xnien8a7h-FMTLpE
INFO 2023-03-08T10:14:42.902 auth - verifyToken -  Authorized. A token verified - eyJhbGciOiJIUzI1NiIsInR5cCI6IkpXVCJ9.eyJpZCI6IlNPTEkxMDEzMTI3IiwiaWF0IjoxNjc4MjQxMDY5LCJleHAiOjE2NzgyNDE5Njl9.e2KYCy1kaDQmd5gFb1G6lNIHT_8Xnien8a7h-FMTLpE
INFO 2023-03-08T10:14:42.915 auth - verifyToken -  Authorized. A token verified - eyJhbGciOiJIUzI1NiIsInR5cCI6IkpXVCJ9.eyJpZCI6IlNPTEkxMDEzMTI3IiwiaWF0IjoxNjc4MjQxMDY5LCJleHAiOjE2NzgyNDE5Njl9.e2KYCy1kaDQmd5gFb1G6lNIHT_8Xnien8a7h-FMTLpE
INFO 2023-03-08T10:14:42.920 auth - verifyToken -  Authorized. A token verified - eyJhbGciOiJIUzI1NiIsInR5cCI6IkpXVCJ9.eyJpZCI6IlNPTEkxMDEzMTI3IiwiaWF0IjoxNjc4MjQxMDY5LCJleHAiOjE2NzgyNDE5Njl9.e2KYCy1kaDQmd5gFb1G6lNIHT_8Xnien8a7h-FMTLpE
INFO 2023-03-08T10:14:42.976 getAllRequestsRevFund - No data found Rows Length : 0
INFO 2023-03-08T10:14:42.990 getAllRequestsCash Rows Length : 1
INFO 2023-03-08T10:14:43.905 auth - verifyToken -  Authorized. A token verified - eyJhbGciOiJIUzI1NiIsInR5cCI6IkpXVCJ9.eyJpZCI6IlNPTEkxMDEzMTI3IiwiaWF0IjoxNjc4MjQxMDY5LCJleHAiOjE2NzgyNDE5Njl9.e2KYCy1kaDQmd5gFb1G6lNIHT_8Xnien8a7h-FMTLpE
INFO 2023-03-08T10:14:43.908 auth - verifyToken -  Authorized. A token verified - eyJhbGciOiJIUzI1NiIsInR5cCI6IkpXVCJ9.eyJpZCI6IlNPTEkxMDEzMTI3IiwiaWF0IjoxNjc4MjQxMDY5LCJleHAiOjE2NzgyNDE5Njl9.e2KYCy1kaDQmd5gFb1G6lNIHT_8Xnien8a7h-FMTLpE
INFO 2023-03-08T10:14:43.987 getAllRequestsForApprovalCash - ass_vpo_approver Data Retrieved : 0
INFO 2023-03-08T10:14:43.990 getAllRequestsForApprovalRevolving - ass_vpo_approver No Data Retrieved : 0
INFO 2023-03-08T10:14:45.934 auth - verifyToken -  Authorized. A token verified - eyJhbGciOiJIUzI1NiIsInR5cCI6IkpXVCJ9.eyJpZCI6IlNPTEkxMDEzMTI3IiwiaWF0IjoxNjc4MjQxMDY5LCJleHAiOjE2NzgyNDE5Njl9.e2KYCy1kaDQmd5gFb1G6lNIHT_8Xnien8a7h-FMTLpE
INFO 2023-03-08T10:14:45.938 auth - verifyToken -  Authorized. A token verified - eyJhbGciOiJIUzI1NiIsInR5cCI6IkpXVCJ9.eyJpZCI6IlNPTEkxMDEzMTI3IiwiaWF0IjoxNjc4MjQxMDY5LCJleHAiOjE2NzgyNDE5Njl9.e2KYCy1kaDQmd5gFb1G6lNIHT_8Xnien8a7h-FMTLpE
INFO 2023-03-08T10:14:45.951 auth - verifyToken -  Authorized. A token verified - eyJhbGciOiJIUzI1NiIsInR5cCI6IkpXVCJ9.eyJpZCI6IlNPTEkxMDEzMTI3IiwiaWF0IjoxNjc4MjQxMDY5LCJleHAiOjE2NzgyNDE5Njl9.e2KYCy1kaDQmd5gFb1G6lNIHT_8Xnien8a7h-FMTLpE
INFO 2023-03-08T10:14:45.957 auth - verifyToken -  Authorized. A token verified - eyJhbGciOiJIUzI1NiIsInR5cCI6IkpXVCJ9.eyJpZCI6IlNPTEkxMDEzMTI3IiwiaWF0IjoxNjc4MjQxMDY5LCJleHAiOjE2NzgyNDE5Njl9.e2KYCy1kaDQmd5gFb1G6lNIHT_8Xnien8a7h-FMTLpE
INFO 2023-03-08T10:14:46.016 getAllRequestsRevFund - No data found Rows Length : 0
INFO 2023-03-08T10:14:46.020 getAllRequestsCash Rows Length : 1
INFO 2023-03-08T10:14:46.955 auth - verifyToken -  Authorized. A token verified - eyJhbGciOiJIUzI1NiIsInR5cCI6IkpXVCJ9.eyJpZCI6IlNPTEkxMDEzMTI3IiwiaWF0IjoxNjc4MjQxMDY5LCJleHAiOjE2NzgyNDE5Njl9.e2KYCy1kaDQmd5gFb1G6lNIHT_8Xnien8a7h-FMTLpE
INFO 2023-03-08T10:14:46.968 auth - verifyToken -  Authorized. A token verified - eyJhbGciOiJIUzI1NiIsInR5cCI6IkpXVCJ9.eyJpZCI6IlNPTEkxMDEzMTI3IiwiaWF0IjoxNjc4MjQxMDY5LCJleHAiOjE2NzgyNDE5Njl9.e2KYCy1kaDQmd5gFb1G6lNIHT_8Xnien8a7h-FMTLpE
INFO 2023-03-08T10:14:47.049 getAllRequestsForApprovalCash - ass_vpo_approver Data Retrieved : 0
INFO 2023-03-08T10:14:47.053 getAllRequestsForApprovalRevolving - ass_vpo_approver No Data Retrieved : 0
INFO 2023-03-08T10:15:08.896 auth - verifyToken -  Authorized. A token verified - eyJhbGciOiJIUzI1NiIsInR5cCI6IkpXVCJ9.eyJpZCI6IlNPTEkxMDEzMTI3IiwiaWF0IjoxNjc4MjQxMDY5LCJleHAiOjE2NzgyNDE5Njl9.e2KYCy1kaDQmd5gFb1G6lNIHT_8Xnien8a7h-FMTLpE
INFO 2023-03-08T10:15:08.904 auth - verifyToken -  Authorized. A token verified - eyJhbGciOiJIUzI1NiIsInR5cCI6IkpXVCJ9.eyJpZCI6IlNPTEkxMDEzMTI3IiwiaWF0IjoxNjc4MjQxMDY5LCJleHAiOjE2NzgyNDE5Njl9.e2KYCy1kaDQmd5gFb1G6lNIHT_8Xnien8a7h-FMTLpE
INFO 2023-03-08T10:15:08.916 auth - verifyToken -  Authorized. A token verified - eyJhbGciOiJIUzI1NiIsInR5cCI6IkpXVCJ9.eyJpZCI6IlNPTEkxMDEzMTI3IiwiaWF0IjoxNjc4MjQxMDY5LCJleHAiOjE2NzgyNDE5Njl9.e2KYCy1kaDQmd5gFb1G6lNIHT_8Xnien8a7h-FMTLpE
INFO 2023-03-08T10:15:08.921 auth - verifyToken -  Authorized. A token verified - eyJhbGciOiJIUzI1NiIsInR5cCI6IkpXVCJ9.eyJpZCI6IlNPTEkxMDEzMTI3IiwiaWF0IjoxNjc4MjQxMDY5LCJleHAiOjE2NzgyNDE5Njl9.e2KYCy1kaDQmd5gFb1G6lNIHT_8Xnien8a7h-FMTLpE
INFO 2023-03-08T10:15:08.978 getAllRequestsRevFund - No data found Rows Length : 0
INFO 2023-03-08T10:15:08.985 getAllRequestsCash Rows Length : 1
INFO 2023-03-08T10:15:09.923 auth - verifyToken -  Authorized. A token verified - eyJhbGciOiJIUzI1NiIsInR5cCI6IkpXVCJ9.eyJpZCI6IlNPTEkxMDEzMTI3IiwiaWF0IjoxNjc4MjQxMDY5LCJleHAiOjE2NzgyNDE5Njl9.e2KYCy1kaDQmd5gFb1G6lNIHT_8Xnien8a7h-FMTLpE
INFO 2023-03-08T10:15:09.939 auth - verifyToken -  Authorized. A token verified - eyJhbGciOiJIUzI1NiIsInR5cCI6IkpXVCJ9.eyJpZCI6IlNPTEkxMDEzMTI3IiwiaWF0IjoxNjc4MjQxMDY5LCJleHAiOjE2NzgyNDE5Njl9.e2KYCy1kaDQmd5gFb1G6lNIHT_8Xnien8a7h-FMTLpE
INFO 2023-03-08T10:15:10.008 getAllRequestsForApprovalCash - ass_vpo_approver Data Retrieved : 0
INFO 2023-03-08T10:15:10.027 getAllRequestsForApprovalRevolving - ass_vpo_approver No Data Retrieved : 0
INFO 2023-03-08T10:15:15.223 auth - verifyToken -  Authorized. A token verified - eyJhbGciOiJIUzI1NiIsInR5cCI6IkpXVCJ9.eyJpZCI6IlNPTEkxMDEzMTI3IiwiaWF0IjoxNjc4MjQxMDY5LCJleHAiOjE2NzgyNDE5Njl9.e2KYCy1kaDQmd5gFb1G6lNIHT_8Xnien8a7h-FMTLpE
INFO 2023-03-08T10:15:15.235 auth - verifyToken -  Authorized. A token verified - eyJhbGciOiJIUzI1NiIsInR5cCI6IkpXVCJ9.eyJpZCI6IlNPTEkxMDEzMTI3IiwiaWF0IjoxNjc4MjQxMDY5LCJleHAiOjE2NzgyNDE5Njl9.e2KYCy1kaDQmd5gFb1G6lNIHT_8Xnien8a7h-FMTLpE
INFO 2023-03-08T10:15:15.247 auth - verifyToken -  Authorized. A token verified - eyJhbGciOiJIUzI1NiIsInR5cCI6IkpXVCJ9.eyJpZCI6IlNPTEkxMDEzMTI3IiwiaWF0IjoxNjc4MjQxMDY5LCJleHAiOjE2NzgyNDE5Njl9.e2KYCy1kaDQmd5gFb1G6lNIHT_8Xnien8a7h-FMTLpE
INFO 2023-03-08T10:15:15.255 auth - verifyToken -  Authorized. A token verified - eyJhbGciOiJIUzI1NiIsInR5cCI6IkpXVCJ9.eyJpZCI6IlNPTEkxMDEzMTI3IiwiaWF0IjoxNjc4MjQxMDY5LCJleHAiOjE2NzgyNDE5Njl9.e2KYCy1kaDQmd5gFb1G6lNIHT_8Xnien8a7h-FMTLpE
INFO 2023-03-08T10:15:15.305 getAllRequestsRevFund - No data found Rows Length : 0
INFO 2023-03-08T10:15:15.321 getAllRequestsCash Rows Length : 1
INFO 2023-03-08T10:15:16.239 auth - verifyToken -  Authorized. A token verified - eyJhbGciOiJIUzI1NiIsInR5cCI6IkpXVCJ9.eyJpZCI6IlNPTEkxMDEzMTI3IiwiaWF0IjoxNjc4MjQxMDY5LCJleHAiOjE2NzgyNDE5Njl9.e2KYCy1kaDQmd5gFb1G6lNIHT_8Xnien8a7h-FMTLpE
INFO 2023-03-08T10:15:16.242 auth - verifyToken -  Authorized. A token verified - eyJhbGciOiJIUzI1NiIsInR5cCI6IkpXVCJ9.eyJpZCI6IlNPTEkxMDEzMTI3IiwiaWF0IjoxNjc4MjQxMDY5LCJleHAiOjE2NzgyNDE5Njl9.e2KYCy1kaDQmd5gFb1G6lNIHT_8Xnien8a7h-FMTLpE
INFO 2023-03-08T10:15:16.323 getAllRequestsForApprovalCash - ass_vpo_approver Data Retrieved : 0
INFO 2023-03-08T10:15:16.325 getAllRequestsForApprovalRevolving - ass_vpo_approver No Data Retrieved : 0
INFO 2023-03-08T10:15:50.956 auth - verifyToken -  Authorized. A token verified - eyJhbGciOiJIUzI1NiIsInR5cCI6IkpXVCJ9.eyJpZCI6IlNPTEkxMDEzMTI3IiwiaWF0IjoxNjc4MjQxMDY5LCJleHAiOjE2NzgyNDE5Njl9.e2KYCy1kaDQmd5gFb1G6lNIHT_8Xnien8a7h-FMTLpE
INFO 2023-03-08T10:15:50.962 auth - verifyToken -  Authorized. A token verified - eyJhbGciOiJIUzI1NiIsInR5cCI6IkpXVCJ9.eyJpZCI6IlNPTEkxMDEzMTI3IiwiaWF0IjoxNjc4MjQxMDY5LCJleHAiOjE2NzgyNDE5Njl9.e2KYCy1kaDQmd5gFb1G6lNIHT_8Xnien8a7h-FMTLpE
INFO 2023-03-08T10:15:50.973 auth - verifyToken -  Authorized. A token verified - eyJhbGciOiJIUzI1NiIsInR5cCI6IkpXVCJ9.eyJpZCI6IlNPTEkxMDEzMTI3IiwiaWF0IjoxNjc4MjQxMDY5LCJleHAiOjE2NzgyNDE5Njl9.e2KYCy1kaDQmd5gFb1G6lNIHT_8Xnien8a7h-FMTLpE
INFO 2023-03-08T10:15:50.978 auth - verifyToken -  Authorized. A token verified - eyJhbGciOiJIUzI1NiIsInR5cCI6IkpXVCJ9.eyJpZCI6IlNPTEkxMDEzMTI3IiwiaWF0IjoxNjc4MjQxMDY5LCJleHAiOjE2NzgyNDE5Njl9.e2KYCy1kaDQmd5gFb1G6lNIHT_8Xnien8a7h-FMTLpE
INFO 2023-03-08T10:15:51.045 getAllRequestsRevFund - No data found Rows Length : 0
INFO 2023-03-08T10:15:51.047 getAllRequestsCash Rows Length : 1
INFO 2023-03-08T10:15:51.970 auth - verifyToken -  Authorized. A token verified - eyJhbGciOiJIUzI1NiIsInR5cCI6IkpXVCJ9.eyJpZCI6IlNPTEkxMDEzMTI3IiwiaWF0IjoxNjc4MjQxMDY5LCJleHAiOjE2NzgyNDE5Njl9.e2KYCy1kaDQmd5gFb1G6lNIHT_8Xnien8a7h-FMTLpE
INFO 2023-03-08T10:15:51.974 auth - verifyToken -  Authorized. A token verified - eyJhbGciOiJIUzI1NiIsInR5cCI6IkpXVCJ9.eyJpZCI6IlNPTEkxMDEzMTI3IiwiaWF0IjoxNjc4MjQxMDY5LCJleHAiOjE2NzgyNDE5Njl9.e2KYCy1kaDQmd5gFb1G6lNIHT_8Xnien8a7h-FMTLpE
INFO 2023-03-08T10:15:52.085 getAllRequestsForApprovalCash - ass_vpo_approver Data Retrieved : 0
INFO 2023-03-08T10:15:52.087 getAllRequestsForApprovalRevolving - ass_vpo_approver No Data Retrieved : 0
INFO 2023-03-08T10:15:54.547 auth - verifyToken -  Authorized. A token verified - eyJhbGciOiJIUzI1NiIsInR5cCI6IkpXVCJ9.eyJpZCI6IlNPTEkxMDEzMTI3IiwiaWF0IjoxNjc4MjQxMDY5LCJleHAiOjE2NzgyNDE5Njl9.e2KYCy1kaDQmd5gFb1G6lNIHT_8Xnien8a7h-FMTLpE
INFO 2023-03-08T10:15:54.552 auth - verifyToken -  Authorized. A token verified - eyJhbGciOiJIUzI1NiIsInR5cCI6IkpXVCJ9.eyJpZCI6IlNPTEkxMDEzMTI3IiwiaWF0IjoxNjc4MjQxMDY5LCJleHAiOjE2NzgyNDE5Njl9.e2KYCy1kaDQmd5gFb1G6lNIHT_8Xnien8a7h-FMTLpE
INFO 2023-03-08T10:15:54.571 auth - verifyToken -  Authorized. A token verified - eyJhbGciOiJIUzI1NiIsInR5cCI6IkpXVCJ9.eyJpZCI6IlNPTEkxMDEzMTI3IiwiaWF0IjoxNjc4MjQxMDY5LCJleHAiOjE2NzgyNDE5Njl9.e2KYCy1kaDQmd5gFb1G6lNIHT_8Xnien8a7h-FMTLpE
INFO 2023-03-08T10:15:54.575 auth - verifyToken -  Authorized. A token verified - eyJhbGciOiJIUzI1NiIsInR5cCI6IkpXVCJ9.eyJpZCI6IlNPTEkxMDEzMTI3IiwiaWF0IjoxNjc4MjQxMDY5LCJleHAiOjE2NzgyNDE5Njl9.e2KYCy1kaDQmd5gFb1G6lNIHT_8Xnien8a7h-FMTLpE
INFO 2023-03-08T10:15:54.631 getAllRequestsRevFund - No data found Rows Length : 0
INFO 2023-03-08T10:15:54.633 getAllRequestsCash Rows Length : 1
INFO 2023-03-08T10:15:55.733 auth - verifyToken -  Authorized. A token verified - eyJhbGciOiJIUzI1NiIsInR5cCI6IkpXVCJ9.eyJpZCI6IlNPTEkxMDEzMTI3IiwiaWF0IjoxNjc4MjQxMDY5LCJleHAiOjE2NzgyNDE5Njl9.e2KYCy1kaDQmd5gFb1G6lNIHT_8Xnien8a7h-FMTLpE
INFO 2023-03-08T10:15:55.817 getAllRequestsForApprovalCash - ass_vpo_approver Data Retrieved : 0
INFO 2023-03-08T10:15:55.826 auth - verifyToken -  Authorized. A token verified - eyJhbGciOiJIUzI1NiIsInR5cCI6IkpXVCJ9.eyJpZCI6IlNPTEkxMDEzMTI3IiwiaWF0IjoxNjc4MjQxMDY5LCJleHAiOjE2NzgyNDE5Njl9.e2KYCy1kaDQmd5gFb1G6lNIHT_8Xnien8a7h-FMTLpE
INFO 2023-03-08T10:15:55.908 getAllRequestsForApprovalRevolving - ass_vpo_approver No Data Retrieved : 0
INFO 2023-03-08T10:17:39.961 auth - verifyToken -  Authorized. A token verified - eyJhbGciOiJIUzI1NiIsInR5cCI6IkpXVCJ9.eyJpZCI6IlNPTEkxMDEzMTI3IiwiaWF0IjoxNjc4MjQxMDY5LCJleHAiOjE2NzgyNDE5Njl9.e2KYCy1kaDQmd5gFb1G6lNIHT_8Xnien8a7h-FMTLpE
INFO 2023-03-08T10:17:39.967 auth - verifyToken -  Authorized. A token verified - eyJhbGciOiJIUzI1NiIsInR5cCI6IkpXVCJ9.eyJpZCI6IlNPTEkxMDEzMTI3IiwiaWF0IjoxNjc4MjQxMDY5LCJleHAiOjE2NzgyNDE5Njl9.e2KYCy1kaDQmd5gFb1G6lNIHT_8Xnien8a7h-FMTLpE
INFO 2023-03-08T10:17:39.980 auth - verifyToken -  Authorized. A token verified - eyJhbGciOiJIUzI1NiIsInR5cCI6IkpXVCJ9.eyJpZCI6IlNPTEkxMDEzMTI3IiwiaWF0IjoxNjc4MjQxMDY5LCJleHAiOjE2NzgyNDE5Njl9.e2KYCy1kaDQmd5gFb1G6lNIHT_8Xnien8a7h-FMTLpE
INFO 2023-03-08T10:17:39.986 auth - verifyToken -  Authorized. A token verified - eyJhbGciOiJIUzI1NiIsInR5cCI6IkpXVCJ9.eyJpZCI6IlNPTEkxMDEzMTI3IiwiaWF0IjoxNjc4MjQxMDY5LCJleHAiOjE2NzgyNDE5Njl9.e2KYCy1kaDQmd5gFb1G6lNIHT_8Xnien8a7h-FMTLpE
INFO 2023-03-08T10:17:40.044 getAllRequestsRevFund - No data found Rows Length : 0
INFO 2023-03-08T10:17:40.049 getAllRequestsCash Rows Length : 1
INFO 2023-03-08T10:17:41.838 auth - verifyToken -  Authorized. A token verified - eyJhbGciOiJIUzI1NiIsInR5cCI6IkpXVCJ9.eyJpZCI6IlNPTEkxMDEzMTI3IiwiaWF0IjoxNjc4MjQxMDY5LCJleHAiOjE2NzgyNDE5Njl9.e2KYCy1kaDQmd5gFb1G6lNIHT_8Xnien8a7h-FMTLpE
INFO 2023-03-08T10:17:41.840 auth - verifyToken -  Authorized. A token verified - eyJhbGciOiJIUzI1NiIsInR5cCI6IkpXVCJ9.eyJpZCI6IlNPTEkxMDEzMTI3IiwiaWF0IjoxNjc4MjQxMDY5LCJleHAiOjE2NzgyNDE5Njl9.e2KYCy1kaDQmd5gFb1G6lNIHT_8Xnien8a7h-FMTLpE
INFO 2023-03-08T10:17:41.925 getAllRequestsForApprovalRevolving - ass_vpo_approver No Data Retrieved : 0
INFO 2023-03-08T10:17:41.928 getAllRequestsForApprovalCash - ass_vpo_approver Data Retrieved : 0
FATAL 2023-03-08T10:29:57.398 auth - verifyToken -  Unauthorized. Invalid Token - eyJhbGciOiJIUzI1NiIsInR5cCI6IkpXVCJ9.eyJpZCI6IlNPTEkxMDEzMTI3IiwiaWF0IjoxNjc4MjQxMDY5LCJleHAiOjE2NzgyNDE5Njl9.e2KYCy1kaDQmd5gFb1G6lNIHT_8Xnien8a7h-FMTLpE
FATAL 2023-03-08T10:29:57.405 auth - verifyToken -  Unauthorized. Invalid Token - eyJhbGciOiJIUzI1NiIsInR5cCI6IkpXVCJ9.eyJpZCI6IlNPTEkxMDEzMTI3IiwiaWF0IjoxNjc4MjQxMDY5LCJleHAiOjE2NzgyNDE5Njl9.e2KYCy1kaDQmd5gFb1G6lNIHT_8Xnien8a7h-FMTLpE
FATAL 2023-03-08T10:29:57.748 auth - verifyToken -  Unauthorized. Invalid Token - eyJhbGciOiJIUzI1NiIsInR5cCI6IkpXVCJ9.eyJpZCI6IlNPTEkxMDEzMTI3IiwiaWF0IjoxNjc4MjQxMDY5LCJleHAiOjE2NzgyNDE5Njl9.e2KYCy1kaDQmd5gFb1G6lNIHT_8Xnien8a7h-FMTLpE
FATAL 2023-03-08T10:29:57.759 auth - verifyToken -  Unauthorized. Invalid Token - eyJhbGciOiJIUzI1NiIsInR5cCI6IkpXVCJ9.eyJpZCI6IlNPTEkxMDEzMTI3IiwiaWF0IjoxNjc4MjQxMDY5LCJleHAiOjE2NzgyNDE5Njl9.e2KYCy1kaDQmd5gFb1G6lNIHT_8Xnien8a7h-FMTLpE
INFO 2023-03-08T13:31:34.194 userLogin Successfully generated a token - eyJhbGciOiJIUzI1NiIsInR5cCI6IkpXVCJ9.eyJpZCI6IlNPTEkxMDEzMTI3IiwiaWF0IjoxNjc4MjUzNDk0LCJleHAiOjE2NzgyNTQzOTR9.FPEJXhPW9EUfnBWztuq7dJGorx41R2IX5UVbt4vJUA4
FATAL 2023-03-08T13:31:34.548 auth - verifyToken -  Unauthorized. Invalid Token - null
FATAL 2023-03-08T13:31:34.552 auth - verifyToken -  Unauthorized. Invalid Token - null
FATAL 2023-03-08T13:31:34.561 auth - verifyToken -  Unauthorized. Invalid Token - null
FATAL 2023-03-08T13:31:34.564 auth - verifyToken -  Unauthorized. Invalid Token - null
INFO 2023-03-08T13:32:12.672 userLogin Successfully generated a token - eyJhbGciOiJIUzI1NiIsInR5cCI6IkpXVCJ9.eyJpZCI6IlNPTEkxMDEzMTI3IiwiaWF0IjoxNjc4MjUzNTMyLCJleHAiOjE2NzgyNTQ0MzJ9.WfXb7IB8lGWe898RhLyA-2R118WF-mWk1Mk4BxXmT1k
FATAL 2023-03-08T13:32:13.064 auth - verifyToken -  Unauthorized. Invalid Token - null
FATAL 2023-03-08T13:32:13.070 auth - verifyToken -  Unauthorized. Invalid Token - null
FATAL 2023-03-08T13:32:13.078 auth - verifyToken -  Unauthorized. Invalid Token - null
FATAL 2023-03-08T13:32:13.084 auth - verifyToken -  Unauthorized. Invalid Token - null
INFO 2023-03-08T14:19:01.734 userLogin Successfully generated a token - eyJhbGciOiJIUzI1NiIsInR5cCI6IkpXVCJ9.eyJpZCI6IlNPTEkxMDEzMTI3IiwiaWF0IjoxNjc4MjU2MzQxLCJleHAiOjE2NzgyNTcyNDF9.sjOtvALd-zaPiIbdoJ0MgtZK3DP0wLwgUMMdp1nspM8
FATAL 2023-03-08T14:19:02.128 auth - verifyToken -  Unauthorized. Invalid Token - null
FATAL 2023-03-08T14:19:02.133 auth - verifyToken -  Unauthorized. Invalid Token - null
FATAL 2023-03-08T14:19:02.144 auth - verifyToken -  Unauthorized. Invalid Token - null
FATAL 2023-03-08T14:19:02.152 auth - verifyToken -  Unauthorized. Invalid Token - null
INFO 2023-03-08T14:20:14.478 userLogin Successfully generated a token - eyJhbGciOiJIUzI1NiIsInR5cCI6IkpXVCJ9.eyJpZCI6IkFCRUw5NDAwOTA5OSIsImlhdCI6MTY3ODI1NjQxNCwiZXhwIjoxNjc4MjU3MzE0fQ.IiJ7louqx8mVZaBBTQKtYpuatnjCKR42HKpcOuQayZM
FATAL 2023-03-08T14:20:14.883 auth - verifyToken -  Unauthorized. Invalid Token - null
FATAL 2023-03-08T14:20:14.888 auth - verifyToken -  Unauthorized. Invalid Token - null
INFO 2023-03-08T14:22:32.136 userLogin Successfully generated a token - eyJhbGciOiJIUzI1NiIsInR5cCI6IkpXVCJ9.eyJpZCI6IlNPTEkxMDEzMTI3IiwiaWF0IjoxNjc4MjU2NTUyLCJleHAiOjE2NzgyNTc0NTJ9.ZdvUWRhpnC6MbOITlu_3uwhh8NVw1UIZNo2C0behDGg
FATAL 2023-03-08T14:22:32.529 auth - verifyToken -  Unauthorized. Invalid Token - null
FATAL 2023-03-08T14:22:32.535 auth - verifyToken -  Unauthorized. Invalid Token - null
FATAL 2023-03-08T14:22:32.551 auth - verifyToken -  Unauthorized. Invalid Token - null
FATAL 2023-03-08T14:22:32.567 auth - verifyToken -  Unauthorized. Invalid Token - null
INFO 2023-03-08T14:29:53.377 userLogin Successfully generated a token - eyJhbGciOiJIUzI1NiIsInR5cCI6IkpXVCJ9.eyJpZCI6IkFCRUw5NDAwOTA5OSIsImlhdCI6MTY3ODI1Njk5MywiZXhwIjoxNjc4MjU3ODkzfQ.H07j6YkEfKVNFQ5EKxyQky777v9boJ7fdji6RRr2R1E
INFO 2023-03-08T14:29:53.784 auth - verifyToken -  Authorized. A token verified - eyJhbGciOiJIUzI1NiIsInR5cCI6IkpXVCJ9.eyJpZCI6IkFCRUw5NDAwOTA5OSIsImlhdCI6MTY3ODI1Njk5MywiZXhwIjoxNjc4MjU3ODkzfQ.H07j6YkEfKVNFQ5EKxyQky777v9boJ7fdji6RRr2R1E
INFO 2023-03-08T14:29:53.789 auth - verifyToken -  Authorized. A token verified - eyJhbGciOiJIUzI1NiIsInR5cCI6IkpXVCJ9.eyJpZCI6IkFCRUw5NDAwOTA5OSIsImlhdCI6MTY3ODI1Njk5MywiZXhwIjoxNjc4MjU3ODkzfQ.H07j6YkEfKVNFQ5EKxyQky777v9boJ7fdji6RRr2R1E
INFO 2023-03-08T14:29:53.886 getAllRequestsRevFund Rows Length : 2
INFO 2023-03-08T14:29:53.888 getAllRequestsCash Rows Length : 2
INFO 2023-03-08T14:30:00.004 auth - verifyToken -  Authorized. A token verified - eyJhbGciOiJIUzI1NiIsInR5cCI6IkpXVCJ9.eyJpZCI6IkFCRUw5NDAwOTA5OSIsImlhdCI6MTY3ODI1Njk5MywiZXhwIjoxNjc4MjU3ODkzfQ.H07j6YkEfKVNFQ5EKxyQky777v9boJ7fdji6RRr2R1E
INFO 2023-03-08T14:30:00.006 auth - verifyToken -  Authorized. A token verified - eyJhbGciOiJIUzI1NiIsInR5cCI6IkpXVCJ9.eyJpZCI6IkFCRUw5NDAwOTA5OSIsImlhdCI6MTY3ODI1Njk5MywiZXhwIjoxNjc4MjU3ODkzfQ.H07j6YkEfKVNFQ5EKxyQky777v9boJ7fdji6RRr2R1E
INFO 2023-03-08T14:30:00.016 auth - verifyToken -  Authorized. A token verified - eyJhbGciOiJIUzI1NiIsInR5cCI6IkpXVCJ9.eyJpZCI6IkFCRUw5NDAwOTA5OSIsImlhdCI6MTY3ODI1Njk5MywiZXhwIjoxNjc4MjU3ODkzfQ.H07j6YkEfKVNFQ5EKxyQky777v9boJ7fdji6RRr2R1E
INFO 2023-03-08T14:30:00.020 auth - verifyToken -  Authorized. A token verified - eyJhbGciOiJIUzI1NiIsInR5cCI6IkpXVCJ9.eyJpZCI6IkFCRUw5NDAwOTA5OSIsImlhdCI6MTY3ODI1Njk5MywiZXhwIjoxNjc4MjU3ODkzfQ.H07j6YkEfKVNFQ5EKxyQky777v9boJ7fdji6RRr2R1E
INFO 2023-03-08T14:30:00.023 auth - verifyToken -  Authorized. A token verified - eyJhbGciOiJIUzI1NiIsInR5cCI6IkpXVCJ9.eyJpZCI6IkFCRUw5NDAwOTA5OSIsImlhdCI6MTY3ODI1Njk5MywiZXhwIjoxNjc4MjU3ODkzfQ.H07j6YkEfKVNFQ5EKxyQky777v9boJ7fdji6RRr2R1E
INFO 2023-03-08T14:30:00.029 auth - verifyToken -  Authorized. A token verified - eyJhbGciOiJIUzI1NiIsInR5cCI6IkpXVCJ9.eyJpZCI6IkFCRUw5NDAwOTA5OSIsImlhdCI6MTY3ODI1Njk5MywiZXhwIjoxNjc4MjU3ODkzfQ.H07j6YkEfKVNFQ5EKxyQky777v9boJ7fdji6RRr2R1E
INFO 2023-03-08T14:30:00.084 getAllRequestsCash - No data found Rows Length : 0
INFO 2023-03-08T14:30:00.088 getAllRequestsRevFund - No data found Rows Length : 0
INFO 2023-03-08T14:30:00.099 getAllRequestsCash Rows Length : 1
INFO 2023-03-08T14:30:00.104 getAllRequestsRevFund Rows Length : 2
INFO 2023-03-08T14:30:00.444 getAllRequestsCash Rows Length : 1
INFO 2023-03-08T14:30:00.447 getAllRequestsRevFund - No data found Rows Length : 0
INFO 2023-03-08T14:30:03.047 auth - verifyToken -  Authorized. A token verified - eyJhbGciOiJIUzI1NiIsInR5cCI6IkpXVCJ9.eyJpZCI6IkFCRUw5NDAwOTA5OSIsImlhdCI6MTY3ODI1Njk5MywiZXhwIjoxNjc4MjU3ODkzfQ.H07j6YkEfKVNFQ5EKxyQky777v9boJ7fdji6RRr2R1E
INFO 2023-03-08T14:30:03.051 auth - verifyToken -  Authorized. A token verified - eyJhbGciOiJIUzI1NiIsInR5cCI6IkpXVCJ9.eyJpZCI6IkFCRUw5NDAwOTA5OSIsImlhdCI6MTY3ODI1Njk5MywiZXhwIjoxNjc4MjU3ODkzfQ.H07j6YkEfKVNFQ5EKxyQky777v9boJ7fdji6RRr2R1E
INFO 2023-03-08T14:30:03.127 getAllRequestsRevFund Rows Length : 2
INFO 2023-03-08T14:30:03.136 getAllRequestsCash Rows Length : 2
INFO 2023-03-08T14:30:27.335 userLogin Successfully generated a token - eyJhbGciOiJIUzI1NiIsInR5cCI6IkpXVCJ9.eyJpZCI6IlNPTEkxMDEzMTI3IiwiaWF0IjoxNjc4MjU3MDI3LCJleHAiOjE2NzgyNTc5Mjd9.0Bz-fc0oDnkHhlDSgbvrLQnCMwaTA_JV1t9ESfdhKsg
INFO 2023-03-08T14:30:27.710 auth - verifyToken -  Authorized. A token verified - eyJhbGciOiJIUzI1NiIsInR5cCI6IkpXVCJ9.eyJpZCI6IlNPTEkxMDEzMTI3IiwiaWF0IjoxNjc4MjU3MDI3LCJleHAiOjE2NzgyNTc5Mjd9.0Bz-fc0oDnkHhlDSgbvrLQnCMwaTA_JV1t9ESfdhKsg
INFO 2023-03-08T14:30:27.716 auth - verifyToken -  Authorized. A token verified - eyJhbGciOiJIUzI1NiIsInR5cCI6IkpXVCJ9.eyJpZCI6IlNPTEkxMDEzMTI3IiwiaWF0IjoxNjc4MjU3MDI3LCJleHAiOjE2NzgyNTc5Mjd9.0Bz-fc0oDnkHhlDSgbvrLQnCMwaTA_JV1t9ESfdhKsg
INFO 2023-03-08T14:30:27.730 auth - verifyToken -  Authorized. A token verified - eyJhbGciOiJIUzI1NiIsInR5cCI6IkpXVCJ9.eyJpZCI6IlNPTEkxMDEzMTI3IiwiaWF0IjoxNjc4MjU3MDI3LCJleHAiOjE2NzgyNTc5Mjd9.0Bz-fc0oDnkHhlDSgbvrLQnCMwaTA_JV1t9ESfdhKsg
INFO 2023-03-08T14:30:27.735 auth - verifyToken -  Authorized. A token verified - eyJhbGciOiJIUzI1NiIsInR5cCI6IkpXVCJ9.eyJpZCI6IlNPTEkxMDEzMTI3IiwiaWF0IjoxNjc4MjU3MDI3LCJleHAiOjE2NzgyNTc5Mjd9.0Bz-fc0oDnkHhlDSgbvrLQnCMwaTA_JV1t9ESfdhKsg
INFO 2023-03-08T14:30:27.800 getAllRequestsRevFund - No data found Rows Length : 0
INFO 2023-03-08T14:30:27.801 getAllRequestsCash Rows Length : 1
INFO 2023-03-08T14:30:28.724 auth - verifyToken -  Authorized. A token verified - eyJhbGciOiJIUzI1NiIsInR5cCI6IkpXVCJ9.eyJpZCI6IlNPTEkxMDEzMTI3IiwiaWF0IjoxNjc4MjU3MDI3LCJleHAiOjE2NzgyNTc5Mjd9.0Bz-fc0oDnkHhlDSgbvrLQnCMwaTA_JV1t9ESfdhKsg
INFO 2023-03-08T14:30:28.727 auth - verifyToken -  Authorized. A token verified - eyJhbGciOiJIUzI1NiIsInR5cCI6IkpXVCJ9.eyJpZCI6IlNPTEkxMDEzMTI3IiwiaWF0IjoxNjc4MjU3MDI3LCJleHAiOjE2NzgyNTc5Mjd9.0Bz-fc0oDnkHhlDSgbvrLQnCMwaTA_JV1t9ESfdhKsg
INFO 2023-03-08T14:30:28.807 getAllRequestsForApprovalCash - ass_vpo_approver Data Retrieved : 0
INFO 2023-03-08T14:30:28.812 getAllRequestsForApprovalRevolving - ass_vpo_approver No Data Retrieved : 0
INFO 2023-03-08T14:30:35.132 auth - verifyToken -  Authorized. A token verified - eyJhbGciOiJIUzI1NiIsInR5cCI6IkpXVCJ9.eyJpZCI6IlNPTEkxMDEzMTI3IiwiaWF0IjoxNjc4MjU3MDI3LCJleHAiOjE2NzgyNTc5Mjd9.0Bz-fc0oDnkHhlDSgbvrLQnCMwaTA_JV1t9ESfdhKsg
INFO 2023-03-08T14:30:35.145 auth - verifyToken -  Authorized. A token verified - eyJhbGciOiJIUzI1NiIsInR5cCI6IkpXVCJ9.eyJpZCI6IlNPTEkxMDEzMTI3IiwiaWF0IjoxNjc4MjU3MDI3LCJleHAiOjE2NzgyNTc5Mjd9.0Bz-fc0oDnkHhlDSgbvrLQnCMwaTA_JV1t9ESfdhKsg
INFO 2023-03-08T14:30:35.149 auth - verifyToken -  Authorized. A token verified - eyJhbGciOiJIUzI1NiIsInR5cCI6IkpXVCJ9.eyJpZCI6IlNPTEkxMDEzMTI3IiwiaWF0IjoxNjc4MjU3MDI3LCJleHAiOjE2NzgyNTc5Mjd9.0Bz-fc0oDnkHhlDSgbvrLQnCMwaTA_JV1t9ESfdhKsg
INFO 2023-03-08T14:30:35.151 auth - verifyToken -  Authorized. A token verified - eyJhbGciOiJIUzI1NiIsInR5cCI6IkpXVCJ9.eyJpZCI6IlNPTEkxMDEzMTI3IiwiaWF0IjoxNjc4MjU3MDI3LCJleHAiOjE2NzgyNTc5Mjd9.0Bz-fc0oDnkHhlDSgbvrLQnCMwaTA_JV1t9ESfdhKsg
INFO 2023-03-08T14:30:35.152 auth - verifyToken -  Authorized. A token verified - eyJhbGciOiJIUzI1NiIsInR5cCI6IkpXVCJ9.eyJpZCI6IlNPTEkxMDEzMTI3IiwiaWF0IjoxNjc4MjU3MDI3LCJleHAiOjE2NzgyNTc5Mjd9.0Bz-fc0oDnkHhlDSgbvrLQnCMwaTA_JV1t9ESfdhKsg
INFO 2023-03-08T14:30:35.153 auth - verifyToken -  Authorized. A token verified - eyJhbGciOiJIUzI1NiIsInR5cCI6IkpXVCJ9.eyJpZCI6IlNPTEkxMDEzMTI3IiwiaWF0IjoxNjc4MjU3MDI3LCJleHAiOjE2NzgyNTc5Mjd9.0Bz-fc0oDnkHhlDSgbvrLQnCMwaTA_JV1t9ESfdhKsg
INFO 2023-03-08T14:30:35.212 getAllRequestsCash - No data found Rows Length : 0
INFO 2023-03-08T14:30:35.230 getAllRequestsRevFund - No data found Rows Length : 0
INFO 2023-03-08T14:30:35.232 getAllRequestsCash - No data found Rows Length : 0
INFO 2023-03-08T14:30:35.234 getAllRequestsRevFund - No data found Rows Length : 0
INFO 2023-03-08T14:30:35.235 getAllRequestsCash - No data found Rows Length : 0
INFO 2023-03-08T14:30:35.240 getAllRequestsRevFund - No data found Rows Length : 0
INFO 2023-03-08T14:30:36.928 auth - verifyToken -  Authorized. A token verified - eyJhbGciOiJIUzI1NiIsInR5cCI6IkpXVCJ9.eyJpZCI6IlNPTEkxMDEzMTI3IiwiaWF0IjoxNjc4MjU3MDI3LCJleHAiOjE2NzgyNTc5Mjd9.0Bz-fc0oDnkHhlDSgbvrLQnCMwaTA_JV1t9ESfdhKsg
INFO 2023-03-08T14:30:36.930 auth - verifyToken -  Authorized. A token verified - eyJhbGciOiJIUzI1NiIsInR5cCI6IkpXVCJ9.eyJpZCI6IlNPTEkxMDEzMTI3IiwiaWF0IjoxNjc4MjU3MDI3LCJleHAiOjE2NzgyNTc5Mjd9.0Bz-fc0oDnkHhlDSgbvrLQnCMwaTA_JV1t9ESfdhKsg
INFO 2023-03-08T14:30:36.934 auth - verifyToken -  Authorized. A token verified - eyJhbGciOiJIUzI1NiIsInR5cCI6IkpXVCJ9.eyJpZCI6IlNPTEkxMDEzMTI3IiwiaWF0IjoxNjc4MjU3MDI3LCJleHAiOjE2NzgyNTc5Mjd9.0Bz-fc0oDnkHhlDSgbvrLQnCMwaTA_JV1t9ESfdhKsg
INFO 2023-03-08T14:30:36.937 auth - verifyToken -  Authorized. A token verified - eyJhbGciOiJIUzI1NiIsInR5cCI6IkpXVCJ9.eyJpZCI6IlNPTEkxMDEzMTI3IiwiaWF0IjoxNjc4MjU3MDI3LCJleHAiOjE2NzgyNTc5Mjd9.0Bz-fc0oDnkHhlDSgbvrLQnCMwaTA_JV1t9ESfdhKsg
INFO 2023-03-08T14:30:37.015 getAllRequestsCash Rows Length : 1
INFO 2023-03-08T14:30:37.016 getAllRequestsRevFund - No data found Rows Length : 0
INFO 2023-03-08T14:30:37.932 auth - verifyToken -  Authorized. A token verified - eyJhbGciOiJIUzI1NiIsInR5cCI6IkpXVCJ9.eyJpZCI6IlNPTEkxMDEzMTI3IiwiaWF0IjoxNjc4MjU3MDI3LCJleHAiOjE2NzgyNTc5Mjd9.0Bz-fc0oDnkHhlDSgbvrLQnCMwaTA_JV1t9ESfdhKsg
INFO 2023-03-08T14:30:37.935 auth - verifyToken -  Authorized. A token verified - eyJhbGciOiJIUzI1NiIsInR5cCI6IkpXVCJ9.eyJpZCI6IlNPTEkxMDEzMTI3IiwiaWF0IjoxNjc4MjU3MDI3LCJleHAiOjE2NzgyNTc5Mjd9.0Bz-fc0oDnkHhlDSgbvrLQnCMwaTA_JV1t9ESfdhKsg
INFO 2023-03-08T14:30:38.025 getAllRequestsForApprovalCash - ass_vpo_approver Data Retrieved : 0
INFO 2023-03-08T14:30:38.028 getAllRequestsForApprovalRevolving - ass_vpo_approver No Data Retrieved : 0
INFO 2023-03-08T14:30:39.010 auth - verifyToken -  Authorized. A token verified - eyJhbGciOiJIUzI1NiIsInR5cCI6IkpXVCJ9.eyJpZCI6IlNPTEkxMDEzMTI3IiwiaWF0IjoxNjc4MjU3MDI3LCJleHAiOjE2NzgyNTc5Mjd9.0Bz-fc0oDnkHhlDSgbvrLQnCMwaTA_JV1t9ESfdhKsg
INFO 2023-03-08T14:30:39.092 OpenRequestController - getCashRequestByControlNo  responseMesage - Success, responseCode - 0
INFO 2023-03-08T14:30:41.953 auth - verifyToken -  Authorized. A token verified - eyJhbGciOiJIUzI1NiIsInR5cCI6IkpXVCJ9.eyJpZCI6IlNPTEkxMDEzMTI3IiwiaWF0IjoxNjc4MjU3MDI3LCJleHAiOjE2NzgyNTc5Mjd9.0Bz-fc0oDnkHhlDSgbvrLQnCMwaTA_JV1t9ESfdhKsg
INFO 2023-03-08T14:30:41.955 auth - verifyToken -  Authorized. A token verified - eyJhbGciOiJIUzI1NiIsInR5cCI6IkpXVCJ9.eyJpZCI6IlNPTEkxMDEzMTI3IiwiaWF0IjoxNjc4MjU3MDI3LCJleHAiOjE2NzgyNTc5Mjd9.0Bz-fc0oDnkHhlDSgbvrLQnCMwaTA_JV1t9ESfdhKsg
INFO 2023-03-08T14:30:41.958 auth - verifyToken -  Authorized. A token verified - eyJhbGciOiJIUzI1NiIsInR5cCI6IkpXVCJ9.eyJpZCI6IlNPTEkxMDEzMTI3IiwiaWF0IjoxNjc4MjU3MDI3LCJleHAiOjE2NzgyNTc5Mjd9.0Bz-fc0oDnkHhlDSgbvrLQnCMwaTA_JV1t9ESfdhKsg
INFO 2023-03-08T14:30:41.962 auth - verifyToken -  Authorized. A token verified - eyJhbGciOiJIUzI1NiIsInR5cCI6IkpXVCJ9.eyJpZCI6IlNPTEkxMDEzMTI3IiwiaWF0IjoxNjc4MjU3MDI3LCJleHAiOjE2NzgyNTc5Mjd9.0Bz-fc0oDnkHhlDSgbvrLQnCMwaTA_JV1t9ESfdhKsg
INFO 2023-03-08T14:30:42.052 getAllRequestsCash Rows Length : 1
INFO 2023-03-08T14:30:42.054 getAllRequestsRevFund - No data found Rows Length : 0
INFO 2023-03-08T14:30:42.970 auth - verifyToken -  Authorized. A token verified - eyJhbGciOiJIUzI1NiIsInR5cCI6IkpXVCJ9.eyJpZCI6IlNPTEkxMDEzMTI3IiwiaWF0IjoxNjc4MjU3MDI3LCJleHAiOjE2NzgyNTc5Mjd9.0Bz-fc0oDnkHhlDSgbvrLQnCMwaTA_JV1t9ESfdhKsg
INFO 2023-03-08T14:30:42.979 auth - verifyToken -  Authorized. A token verified - eyJhbGciOiJIUzI1NiIsInR5cCI6IkpXVCJ9.eyJpZCI6IlNPTEkxMDEzMTI3IiwiaWF0IjoxNjc4MjU3MDI3LCJleHAiOjE2NzgyNTc5Mjd9.0Bz-fc0oDnkHhlDSgbvrLQnCMwaTA_JV1t9ESfdhKsg
INFO 2023-03-08T14:30:43.054 getAllRequestsForApprovalCash - ass_vpo_approver Data Retrieved : 0
INFO 2023-03-08T14:30:43.059 getAllRequestsForApprovalRevolving - ass_vpo_approver No Data Retrieved : 0
INFO 2023-03-08T14:30:57.429 auth - verifyToken -  Authorized. A token verified - eyJhbGciOiJIUzI1NiIsInR5cCI6IkpXVCJ9.eyJpZCI6IlNPTEkxMDEzMTI3IiwiaWF0IjoxNjc4MjU3MDI3LCJleHAiOjE2NzgyNTc5Mjd9.0Bz-fc0oDnkHhlDSgbvrLQnCMwaTA_JV1t9ESfdhKsg
INFO 2023-03-08T14:30:57.520 OpenRequestController - getCashRequestByControlNo  responseMesage - Success, responseCode - 0
INFO 2023-03-08T14:31:08.038 auth - verifyToken -  Authorized. A token verified - eyJhbGciOiJIUzI1NiIsInR5cCI6IkpXVCJ9.eyJpZCI6IlNPTEkxMDEzMTI3IiwiaWF0IjoxNjc4MjU3MDI3LCJleHAiOjE2NzgyNTc5Mjd9.0Bz-fc0oDnkHhlDSgbvrLQnCMwaTA_JV1t9ESfdhKsg
INFO 2023-03-08T14:31:08.126 OpenRequestController - getCashRequestByControlNo  responseMesage - Success, responseCode - 0
INFO 2023-03-08T14:31:18.419 auth - verifyToken -  Authorized. A token verified - eyJhbGciOiJIUzI1NiIsInR5cCI6IkpXVCJ9.eyJpZCI6IlNPTEkxMDEzMTI3IiwiaWF0IjoxNjc4MjU3MDI3LCJleHAiOjE2NzgyNTc5Mjd9.0Bz-fc0oDnkHhlDSgbvrLQnCMwaTA_JV1t9ESfdhKsg
INFO 2023-03-08T14:31:18.420 auth - verifyToken -  Authorized. A token verified - eyJhbGciOiJIUzI1NiIsInR5cCI6IkpXVCJ9.eyJpZCI6IlNPTEkxMDEzMTI3IiwiaWF0IjoxNjc4MjU3MDI3LCJleHAiOjE2NzgyNTc5Mjd9.0Bz-fc0oDnkHhlDSgbvrLQnCMwaTA_JV1t9ESfdhKsg
INFO 2023-03-08T14:31:18.425 auth - verifyToken -  Authorized. A token verified - eyJhbGciOiJIUzI1NiIsInR5cCI6IkpXVCJ9.eyJpZCI6IlNPTEkxMDEzMTI3IiwiaWF0IjoxNjc4MjU3MDI3LCJleHAiOjE2NzgyNTc5Mjd9.0Bz-fc0oDnkHhlDSgbvrLQnCMwaTA_JV1t9ESfdhKsg
INFO 2023-03-08T14:31:18.429 auth - verifyToken -  Authorized. A token verified - eyJhbGciOiJIUzI1NiIsInR5cCI6IkpXVCJ9.eyJpZCI6IlNPTEkxMDEzMTI3IiwiaWF0IjoxNjc4MjU3MDI3LCJleHAiOjE2NzgyNTc5Mjd9.0Bz-fc0oDnkHhlDSgbvrLQnCMwaTA_JV1t9ESfdhKsg
INFO 2023-03-08T14:31:18.505 getAllRequestsRevFund - No data found Rows Length : 0
INFO 2023-03-08T14:31:18.506 getAllRequestsCash Rows Length : 1
INFO 2023-03-08T14:31:19.428 auth - verifyToken -  Authorized. A token verified - eyJhbGciOiJIUzI1NiIsInR5cCI6IkpXVCJ9.eyJpZCI6IlNPTEkxMDEzMTI3IiwiaWF0IjoxNjc4MjU3MDI3LCJleHAiOjE2NzgyNTc5Mjd9.0Bz-fc0oDnkHhlDSgbvrLQnCMwaTA_JV1t9ESfdhKsg
INFO 2023-03-08T14:31:19.435 auth - verifyToken -  Authorized. A token verified - eyJhbGciOiJIUzI1NiIsInR5cCI6IkpXVCJ9.eyJpZCI6IlNPTEkxMDEzMTI3IiwiaWF0IjoxNjc4MjU3MDI3LCJleHAiOjE2NzgyNTc5Mjd9.0Bz-fc0oDnkHhlDSgbvrLQnCMwaTA_JV1t9ESfdhKsg
INFO 2023-03-08T14:31:19.515 getAllRequestsForApprovalCash - ass_vpo_approver Data Retrieved : 0
INFO 2023-03-08T14:31:19.516 getAllRequestsForApprovalRevolving - ass_vpo_approver No Data Retrieved : 0
INFO 2023-03-08T14:38:01.089 userLogin Successfully generated a token - eyJhbGciOiJIUzI1NiIsInR5cCI6IkpXVCJ9.eyJpZCI6Ik1JTEw5NDAwMjcyMiIsImlhdCI6MTY3ODI1NzQ4MSwiZXhwIjoxNjc4MjU4MzgxfQ.ugW3y_JBQYmKz7Qcby0Lw41SkuI5clUNKmxqlFP2O4c
INFO 2023-03-08T14:38:01.379 auth - verifyToken -  Authorized. A token verified - eyJhbGciOiJIUzI1NiIsInR5cCI6IkpXVCJ9.eyJpZCI6Ik1JTEw5NDAwMjcyMiIsImlhdCI6MTY3ODI1NzQ4MSwiZXhwIjoxNjc4MjU4MzgxfQ.ugW3y_JBQYmKz7Qcby0Lw41SkuI5clUNKmxqlFP2O4c
INFO 2023-03-08T14:38:01.380 auth - verifyToken -  Authorized. A token verified - eyJhbGciOiJIUzI1NiIsInR5cCI6IkpXVCJ9.eyJpZCI6Ik1JTEw5NDAwMjcyMiIsImlhdCI6MTY3ODI1NzQ4MSwiZXhwIjoxNjc4MjU4MzgxfQ.ugW3y_JBQYmKz7Qcby0Lw41SkuI5clUNKmxqlFP2O4c
INFO 2023-03-08T14:38:01.387 auth - verifyToken -  Authorized. A token verified - eyJhbGciOiJIUzI1NiIsInR5cCI6IkpXVCJ9.eyJpZCI6Ik1JTEw5NDAwMjcyMiIsImlhdCI6MTY3ODI1NzQ4MSwiZXhwIjoxNjc4MjU4MzgxfQ.ugW3y_JBQYmKz7Qcby0Lw41SkuI5clUNKmxqlFP2O4c
INFO 2023-03-08T14:38:01.392 auth - verifyToken -  Authorized. A token verified - eyJhbGciOiJIUzI1NiIsInR5cCI6IkpXVCJ9.eyJpZCI6Ik1JTEw5NDAwMjcyMiIsImlhdCI6MTY3ODI1NzQ4MSwiZXhwIjoxNjc4MjU4MzgxfQ.ugW3y_JBQYmKz7Qcby0Lw41SkuI5clUNKmxqlFP2O4c
INFO 2023-03-08T14:38:01.462 getAllRequestsRevFund - No data found Rows Length : 0
INFO 2023-03-08T14:38:01.463 getAllRequestsCash - No data found Rows Length : 0
INFO 2023-03-08T14:38:02.397 auth - verifyToken -  Authorized. A token verified - eyJhbGciOiJIUzI1NiIsInR5cCI6IkpXVCJ9.eyJpZCI6Ik1JTEw5NDAwMjcyMiIsImlhdCI6MTY3ODI1NzQ4MSwiZXhwIjoxNjc4MjU4MzgxfQ.ugW3y_JBQYmKz7Qcby0Lw41SkuI5clUNKmxqlFP2O4c
INFO 2023-03-08T14:38:02.408 auth - verifyToken -  Authorized. A token verified - eyJhbGciOiJIUzI1NiIsInR5cCI6IkpXVCJ9.eyJpZCI6Ik1JTEw5NDAwMjcyMiIsImlhdCI6MTY3ODI1NzQ4MSwiZXhwIjoxNjc4MjU4MzgxfQ.ugW3y_JBQYmKz7Qcby0Lw41SkuI5clUNKmxqlFP2O4c
INFO 2023-03-08T14:38:02.490 getAllRequestsForApprovalCash - vpo_approver Data Retrieved : 0
INFO 2023-03-08T14:38:02.499 getAllRequestsForApprovalRevolving - vpo_approver Data Retrieved : 0
INFO 2023-03-08T14:38:09.209 requestController - getMaxId -  row: 1
INFO 2023-03-08T14:38:20.439 auth - verifyToken -  Authorized. A token verified - eyJhbGciOiJIUzI1NiIsInR5cCI6IkpXVCJ9.eyJpZCI6Ik1JTEw5NDAwMjcyMiIsImlhdCI6MTY3ODI1NzQ4MSwiZXhwIjoxNjc4MjU4MzgxfQ.ugW3y_JBQYmKz7Qcby0Lw41SkuI5clUNKmxqlFP2O4c
INFO 2023-03-08T14:38:20.440 auth - verifyToken -  Authorized. A token verified - eyJhbGciOiJIUzI1NiIsInR5cCI6IkpXVCJ9.eyJpZCI6Ik1JTEw5NDAwMjcyMiIsImlhdCI6MTY3ODI1NzQ4MSwiZXhwIjoxNjc4MjU4MzgxfQ.ugW3y_JBQYmKz7Qcby0Lw41SkuI5clUNKmxqlFP2O4c
INFO 2023-03-08T14:38:20.445 auth - verifyToken -  Authorized. A token verified - eyJhbGciOiJIUzI1NiIsInR5cCI6IkpXVCJ9.eyJpZCI6Ik1JTEw5NDAwMjcyMiIsImlhdCI6MTY3ODI1NzQ4MSwiZXhwIjoxNjc4MjU4MzgxfQ.ugW3y_JBQYmKz7Qcby0Lw41SkuI5clUNKmxqlFP2O4c
INFO 2023-03-08T14:38:20.448 auth - verifyToken -  Authorized. A token verified - eyJhbGciOiJIUzI1NiIsInR5cCI6IkpXVCJ9.eyJpZCI6Ik1JTEw5NDAwMjcyMiIsImlhdCI6MTY3ODI1NzQ4MSwiZXhwIjoxNjc4MjU4MzgxfQ.ugW3y_JBQYmKz7Qcby0Lw41SkuI5clUNKmxqlFP2O4c
INFO 2023-03-08T14:38:20.538 getAllRequestsRevFund - No data found Rows Length : 0
INFO 2023-03-08T14:38:20.539 getAllRequestsCash - No data found Rows Length : 0
INFO 2023-03-08T14:38:21.449 auth - verifyToken -  Authorized. A token verified - eyJhbGciOiJIUzI1NiIsInR5cCI6IkpXVCJ9.eyJpZCI6Ik1JTEw5NDAwMjcyMiIsImlhdCI6MTY3ODI1NzQ4MSwiZXhwIjoxNjc4MjU4MzgxfQ.ugW3y_JBQYmKz7Qcby0Lw41SkuI5clUNKmxqlFP2O4c
INFO 2023-03-08T14:38:21.450 auth - verifyToken -  Authorized. A token verified - eyJhbGciOiJIUzI1NiIsInR5cCI6IkpXVCJ9.eyJpZCI6Ik1JTEw5NDAwMjcyMiIsImlhdCI6MTY3ODI1NzQ4MSwiZXhwIjoxNjc4MjU4MzgxfQ.ugW3y_JBQYmKz7Qcby0Lw41SkuI5clUNKmxqlFP2O4c
INFO 2023-03-08T14:38:21.536 getAllRequestsForApprovalRevolving - vpo_approver Data Retrieved : 0
INFO 2023-03-08T14:38:21.537 getAllRequestsForApprovalCash - vpo_approver Data Retrieved : 0
INFO 2023-03-08T14:38:23.424 auth - verifyToken -  Authorized. A token verified - eyJhbGciOiJIUzI1NiIsInR5cCI6IkpXVCJ9.eyJpZCI6Ik1JTEw5NDAwMjcyMiIsImlhdCI6MTY3ODI1NzQ4MSwiZXhwIjoxNjc4MjU4MzgxfQ.ugW3y_JBQYmKz7Qcby0Lw41SkuI5clUNKmxqlFP2O4c
INFO 2023-03-08T14:38:23.580 OpenRequestController - getRfRequestByControlNo  responseMesage - Success, responseCode - 0
INFO 2023-03-08T14:38:27.963 auth - verifyToken -  Authorized. A token verified - eyJhbGciOiJIUzI1NiIsInR5cCI6IkpXVCJ9.eyJpZCI6Ik1JTEw5NDAwMjcyMiIsImlhdCI6MTY3ODI1NzQ4MSwiZXhwIjoxNjc4MjU4MzgxfQ.ugW3y_JBQYmKz7Qcby0Lw41SkuI5clUNKmxqlFP2O4c
INFO 2023-03-08T14:38:27.967 auth - verifyToken -  Authorized. A token verified - eyJhbGciOiJIUzI1NiIsInR5cCI6IkpXVCJ9.eyJpZCI6Ik1JTEw5NDAwMjcyMiIsImlhdCI6MTY3ODI1NzQ4MSwiZXhwIjoxNjc4MjU4MzgxfQ.ugW3y_JBQYmKz7Qcby0Lw41SkuI5clUNKmxqlFP2O4c
INFO 2023-03-08T14:38:27.971 auth - verifyToken -  Authorized. A token verified - eyJhbGciOiJIUzI1NiIsInR5cCI6IkpXVCJ9.eyJpZCI6Ik1JTEw5NDAwMjcyMiIsImlhdCI6MTY3ODI1NzQ4MSwiZXhwIjoxNjc4MjU4MzgxfQ.ugW3y_JBQYmKz7Qcby0Lw41SkuI5clUNKmxqlFP2O4c
INFO 2023-03-08T14:38:27.974 auth - verifyToken -  Authorized. A token verified - eyJhbGciOiJIUzI1NiIsInR5cCI6IkpXVCJ9.eyJpZCI6Ik1JTEw5NDAwMjcyMiIsImlhdCI6MTY3ODI1NzQ4MSwiZXhwIjoxNjc4MjU4MzgxfQ.ugW3y_JBQYmKz7Qcby0Lw41SkuI5clUNKmxqlFP2O4c
INFO 2023-03-08T14:38:28.051 getAllRequestsRevFund - No data found Rows Length : 0
INFO 2023-03-08T14:38:28.052 getAllRequestsCash - No data found Rows Length : 0
INFO 2023-03-08T14:38:28.971 auth - verifyToken -  Authorized. A token verified - eyJhbGciOiJIUzI1NiIsInR5cCI6IkpXVCJ9.eyJpZCI6Ik1JTEw5NDAwMjcyMiIsImlhdCI6MTY3ODI1NzQ4MSwiZXhwIjoxNjc4MjU4MzgxfQ.ugW3y_JBQYmKz7Qcby0Lw41SkuI5clUNKmxqlFP2O4c
INFO 2023-03-08T14:38:28.975 auth - verifyToken -  Authorized. A token verified - eyJhbGciOiJIUzI1NiIsInR5cCI6IkpXVCJ9.eyJpZCI6Ik1JTEw5NDAwMjcyMiIsImlhdCI6MTY3ODI1NzQ4MSwiZXhwIjoxNjc4MjU4MzgxfQ.ugW3y_JBQYmKz7Qcby0Lw41SkuI5clUNKmxqlFP2O4c
INFO 2023-03-08T14:38:29.060 getAllRequestsForApprovalCash - vpo_approver Data Retrieved : 0
INFO 2023-03-08T14:38:29.062 getAllRequestsForApprovalRevolving - vpo_approver Data Retrieved : 0
INFO 2023-03-08T14:38:33.055 auth - verifyToken -  Authorized. A token verified - eyJhbGciOiJIUzI1NiIsInR5cCI6IkpXVCJ9.eyJpZCI6Ik1JTEw5NDAwMjcyMiIsImlhdCI6MTY3ODI1NzQ4MSwiZXhwIjoxNjc4MjU4MzgxfQ.ugW3y_JBQYmKz7Qcby0Lw41SkuI5clUNKmxqlFP2O4c
INFO 2023-03-08T14:38:33.136 OpenRequestController - getRfRequestByControlNo  responseMesage - Success, responseCode - 0
INFO 2023-03-08T14:38:57.758 auth - verifyToken -  Authorized. A token verified - eyJhbGciOiJIUzI1NiIsInR5cCI6IkpXVCJ9.eyJpZCI6Ik1JTEw5NDAwMjcyMiIsImlhdCI6MTY3ODI1NzQ4MSwiZXhwIjoxNjc4MjU4MzgxfQ.ugW3y_JBQYmKz7Qcby0Lw41SkuI5clUNKmxqlFP2O4c
INFO 2023-03-08T14:38:57.760 auth - verifyToken -  Authorized. A token verified - eyJhbGciOiJIUzI1NiIsInR5cCI6IkpXVCJ9.eyJpZCI6Ik1JTEw5NDAwMjcyMiIsImlhdCI6MTY3ODI1NzQ4MSwiZXhwIjoxNjc4MjU4MzgxfQ.ugW3y_JBQYmKz7Qcby0Lw41SkuI5clUNKmxqlFP2O4c
INFO 2023-03-08T14:38:57.770 auth - verifyToken -  Authorized. A token verified - eyJhbGciOiJIUzI1NiIsInR5cCI6IkpXVCJ9.eyJpZCI6Ik1JTEw5NDAwMjcyMiIsImlhdCI6MTY3ODI1NzQ4MSwiZXhwIjoxNjc4MjU4MzgxfQ.ugW3y_JBQYmKz7Qcby0Lw41SkuI5clUNKmxqlFP2O4c
INFO 2023-03-08T14:38:57.771 auth - verifyToken -  Authorized. A token verified - eyJhbGciOiJIUzI1NiIsInR5cCI6IkpXVCJ9.eyJpZCI6Ik1JTEw5NDAwMjcyMiIsImlhdCI6MTY3ODI1NzQ4MSwiZXhwIjoxNjc4MjU4MzgxfQ.ugW3y_JBQYmKz7Qcby0Lw41SkuI5clUNKmxqlFP2O4c
INFO 2023-03-08T14:38:57.841 getAllRequestsRevFund - No data found Rows Length : 0
INFO 2023-03-08T14:38:57.842 getAllRequestsCash - No data found Rows Length : 0
INFO 2023-03-08T14:38:58.774 auth - verifyToken -  Authorized. A token verified - eyJhbGciOiJIUzI1NiIsInR5cCI6IkpXVCJ9.eyJpZCI6Ik1JTEw5NDAwMjcyMiIsImlhdCI6MTY3ODI1NzQ4MSwiZXhwIjoxNjc4MjU4MzgxfQ.ugW3y_JBQYmKz7Qcby0Lw41SkuI5clUNKmxqlFP2O4c
INFO 2023-03-08T14:38:58.776 auth - verifyToken -  Authorized. A token verified - eyJhbGciOiJIUzI1NiIsInR5cCI6IkpXVCJ9.eyJpZCI6Ik1JTEw5NDAwMjcyMiIsImlhdCI6MTY3ODI1NzQ4MSwiZXhwIjoxNjc4MjU4MzgxfQ.ugW3y_JBQYmKz7Qcby0Lw41SkuI5clUNKmxqlFP2O4c
INFO 2023-03-08T14:38:58.872 getAllRequestsForApprovalCash - vpo_approver Data Retrieved : 0
INFO 2023-03-08T14:38:58.879 getAllRequestsForApprovalRevolving - vpo_approver Data Retrieved : 0
INFO 2023-03-08T14:39:03.377 auth - verifyToken -  Authorized. A token verified - eyJhbGciOiJIUzI1NiIsInR5cCI6IkpXVCJ9.eyJpZCI6Ik1JTEw5NDAwMjcyMiIsImlhdCI6MTY3ODI1NzQ4MSwiZXhwIjoxNjc4MjU4MzgxfQ.ugW3y_JBQYmKz7Qcby0Lw41SkuI5clUNKmxqlFP2O4c
INFO 2023-03-08T14:39:03.391 auth - verifyToken -  Authorized. A token verified - eyJhbGciOiJIUzI1NiIsInR5cCI6IkpXVCJ9.eyJpZCI6Ik1JTEw5NDAwMjcyMiIsImlhdCI6MTY3ODI1NzQ4MSwiZXhwIjoxNjc4MjU4MzgxfQ.ugW3y_JBQYmKz7Qcby0Lw41SkuI5clUNKmxqlFP2O4c
INFO 2023-03-08T14:39:03.397 auth - verifyToken -  Authorized. A token verified - eyJhbGciOiJIUzI1NiIsInR5cCI6IkpXVCJ9.eyJpZCI6Ik1JTEw5NDAwMjcyMiIsImlhdCI6MTY3ODI1NzQ4MSwiZXhwIjoxNjc4MjU4MzgxfQ.ugW3y_JBQYmKz7Qcby0Lw41SkuI5clUNKmxqlFP2O4c
INFO 2023-03-08T14:39:03.401 auth - verifyToken -  Authorized. A token verified - eyJhbGciOiJIUzI1NiIsInR5cCI6IkpXVCJ9.eyJpZCI6Ik1JTEw5NDAwMjcyMiIsImlhdCI6MTY3ODI1NzQ4MSwiZXhwIjoxNjc4MjU4MzgxfQ.ugW3y_JBQYmKz7Qcby0Lw41SkuI5clUNKmxqlFP2O4c
INFO 2023-03-08T14:39:03.466 getAllRequestsRevFund - No data found Rows Length : 0
INFO 2023-03-08T14:39:03.475 getAllRequestsCash - No data found Rows Length : 0
INFO 2023-03-08T14:39:04.385 auth - verifyToken -  Authorized. A token verified - eyJhbGciOiJIUzI1NiIsInR5cCI6IkpXVCJ9.eyJpZCI6Ik1JTEw5NDAwMjcyMiIsImlhdCI6MTY3ODI1NzQ4MSwiZXhwIjoxNjc4MjU4MzgxfQ.ugW3y_JBQYmKz7Qcby0Lw41SkuI5clUNKmxqlFP2O4c
INFO 2023-03-08T14:39:04.388 auth - verifyToken -  Authorized. A token verified - eyJhbGciOiJIUzI1NiIsInR5cCI6IkpXVCJ9.eyJpZCI6Ik1JTEw5NDAwMjcyMiIsImlhdCI6MTY3ODI1NzQ4MSwiZXhwIjoxNjc4MjU4MzgxfQ.ugW3y_JBQYmKz7Qcby0Lw41SkuI5clUNKmxqlFP2O4c
INFO 2023-03-08T14:39:04.471 getAllRequestsForApprovalCash - vpo_approver Data Retrieved : 0
INFO 2023-03-08T14:39:04.472 getAllRequestsForApprovalRevolving - vpo_approver Data Retrieved : 0
INFO 2023-03-08T14:39:20.640 auth - verifyToken -  Authorized. A token verified - eyJhbGciOiJIUzI1NiIsInR5cCI6IkpXVCJ9.eyJpZCI6IlNPTEkxMDEzMTI3IiwiaWF0IjoxNjc4MjU3MDI3LCJleHAiOjE2NzgyNTc5Mjd9.0Bz-fc0oDnkHhlDSgbvrLQnCMwaTA_JV1t9ESfdhKsg
INFO 2023-03-08T14:39:20.651 auth - verifyToken -  Authorized. A token verified - eyJhbGciOiJIUzI1NiIsInR5cCI6IkpXVCJ9.eyJpZCI6IlNPTEkxMDEzMTI3IiwiaWF0IjoxNjc4MjU3MDI3LCJleHAiOjE2NzgyNTc5Mjd9.0Bz-fc0oDnkHhlDSgbvrLQnCMwaTA_JV1t9ESfdhKsg
INFO 2023-03-08T14:39:20.658 auth - verifyToken -  Authorized. A token verified - eyJhbGciOiJIUzI1NiIsInR5cCI6IkpXVCJ9.eyJpZCI6IlNPTEkxMDEzMTI3IiwiaWF0IjoxNjc4MjU3MDI3LCJleHAiOjE2NzgyNTc5Mjd9.0Bz-fc0oDnkHhlDSgbvrLQnCMwaTA_JV1t9ESfdhKsg
INFO 2023-03-08T14:39:20.661 auth - verifyToken -  Authorized. A token verified - eyJhbGciOiJIUzI1NiIsInR5cCI6IkpXVCJ9.eyJpZCI6IlNPTEkxMDEzMTI3IiwiaWF0IjoxNjc4MjU3MDI3LCJleHAiOjE2NzgyNTc5Mjd9.0Bz-fc0oDnkHhlDSgbvrLQnCMwaTA_JV1t9ESfdhKsg
INFO 2023-03-08T14:39:20.723 getAllRequestsRevFund - No data found Rows Length : 0
INFO 2023-03-08T14:39:20.734 getAllRequestsCash Rows Length : 1
INFO 2023-03-08T14:39:21.662 auth - verifyToken -  Authorized. A token verified - eyJhbGciOiJIUzI1NiIsInR5cCI6IkpXVCJ9.eyJpZCI6IlNPTEkxMDEzMTI3IiwiaWF0IjoxNjc4MjU3MDI3LCJleHAiOjE2NzgyNTc5Mjd9.0Bz-fc0oDnkHhlDSgbvrLQnCMwaTA_JV1t9ESfdhKsg
INFO 2023-03-08T14:39:21.670 auth - verifyToken -  Authorized. A token verified - eyJhbGciOiJIUzI1NiIsInR5cCI6IkpXVCJ9.eyJpZCI6IlNPTEkxMDEzMTI3IiwiaWF0IjoxNjc4MjU3MDI3LCJleHAiOjE2NzgyNTc5Mjd9.0Bz-fc0oDnkHhlDSgbvrLQnCMwaTA_JV1t9ESfdhKsg
INFO 2023-03-08T14:39:21.746 getAllRequestsForApprovalCash - ass_vpo_approver Data Retrieved : 0
INFO 2023-03-08T14:39:21.756 getAllRequestsForApprovalRevolving - ass_vpo_approver No Data Retrieved : 0
INFO 2023-03-08T14:39:30.074 auth - verifyToken -  Authorized. A token verified - eyJhbGciOiJIUzI1NiIsInR5cCI6IkpXVCJ9.eyJpZCI6Ik1JTEw5NDAwMjcyMiIsImlhdCI6MTY3ODI1NzQ4MSwiZXhwIjoxNjc4MjU4MzgxfQ.ugW3y_JBQYmKz7Qcby0Lw41SkuI5clUNKmxqlFP2O4c
INFO 2023-03-08T14:39:30.194 OpenRequestController - getCashRequestByControlNo  responseMesage - Success, responseCode - 0
INFO 2023-03-08T14:39:35.551 auth - verifyToken -  Authorized. A token verified - eyJhbGciOiJIUzI1NiIsInR5cCI6IkpXVCJ9.eyJpZCI6Ik1JTEw5NDAwMjcyMiIsImlhdCI6MTY3ODI1NzQ4MSwiZXhwIjoxNjc4MjU4MzgxfQ.ugW3y_JBQYmKz7Qcby0Lw41SkuI5clUNKmxqlFP2O4c
INFO 2023-03-08T14:39:35.552 auth - verifyToken -  Authorized. A token verified - eyJhbGciOiJIUzI1NiIsInR5cCI6IkpXVCJ9.eyJpZCI6Ik1JTEw5NDAwMjcyMiIsImlhdCI6MTY3ODI1NzQ4MSwiZXhwIjoxNjc4MjU4MzgxfQ.ugW3y_JBQYmKz7Qcby0Lw41SkuI5clUNKmxqlFP2O4c
INFO 2023-03-08T14:39:35.556 auth - verifyToken -  Authorized. A token verified - eyJhbGciOiJIUzI1NiIsInR5cCI6IkpXVCJ9.eyJpZCI6Ik1JTEw5NDAwMjcyMiIsImlhdCI6MTY3ODI1NzQ4MSwiZXhwIjoxNjc4MjU4MzgxfQ.ugW3y_JBQYmKz7Qcby0Lw41SkuI5clUNKmxqlFP2O4c
INFO 2023-03-08T14:39:35.557 auth - verifyToken -  Authorized. A token verified - eyJhbGciOiJIUzI1NiIsInR5cCI6IkpXVCJ9.eyJpZCI6Ik1JTEw5NDAwMjcyMiIsImlhdCI6MTY3ODI1NzQ4MSwiZXhwIjoxNjc4MjU4MzgxfQ.ugW3y_JBQYmKz7Qcby0Lw41SkuI5clUNKmxqlFP2O4c
INFO 2023-03-08T14:39:35.641 getAllRequestsCash - No data found Rows Length : 0
INFO 2023-03-08T14:39:35.642 getAllRequestsRevFund - No data found Rows Length : 0
INFO 2023-03-08T14:39:36.555 auth - verifyToken -  Authorized. A token verified - eyJhbGciOiJIUzI1NiIsInR5cCI6IkpXVCJ9.eyJpZCI6Ik1JTEw5NDAwMjcyMiIsImlhdCI6MTY3ODI1NzQ4MSwiZXhwIjoxNjc4MjU4MzgxfQ.ugW3y_JBQYmKz7Qcby0Lw41SkuI5clUNKmxqlFP2O4c
INFO 2023-03-08T14:39:36.557 auth - verifyToken -  Authorized. A token verified - eyJhbGciOiJIUzI1NiIsInR5cCI6IkpXVCJ9.eyJpZCI6Ik1JTEw5NDAwMjcyMiIsImlhdCI6MTY3ODI1NzQ4MSwiZXhwIjoxNjc4MjU4MzgxfQ.ugW3y_JBQYmKz7Qcby0Lw41SkuI5clUNKmxqlFP2O4c
INFO 2023-03-08T14:39:36.643 getAllRequestsForApprovalCash - vpo_approver Data Retrieved : 0
INFO 2023-03-08T14:39:36.644 getAllRequestsForApprovalRevolving - vpo_approver Data Retrieved : 0
INFO 2023-03-08T14:39:39.327 auth - verifyToken -  Authorized. A token verified - eyJhbGciOiJIUzI1NiIsInR5cCI6IkpXVCJ9.eyJpZCI6Ik1JTEw5NDAwMjcyMiIsImlhdCI6MTY3ODI1NzQ4MSwiZXhwIjoxNjc4MjU4MzgxfQ.ugW3y_JBQYmKz7Qcby0Lw41SkuI5clUNKmxqlFP2O4c
INFO 2023-03-08T14:39:39.455 OpenRequestController - getRfRequestByControlNo  responseMesage - Success, responseCode - 0
INFO 2023-03-08T14:39:45.917 auth - verifyToken -  Authorized. A token verified - eyJhbGciOiJIUzI1NiIsInR5cCI6IkpXVCJ9.eyJpZCI6Ik1JTEw5NDAwMjcyMiIsImlhdCI6MTY3ODI1NzQ4MSwiZXhwIjoxNjc4MjU4MzgxfQ.ugW3y_JBQYmKz7Qcby0Lw41SkuI5clUNKmxqlFP2O4c
INFO 2023-03-08T14:39:45.918 auth - verifyToken -  Authorized. A token verified - eyJhbGciOiJIUzI1NiIsInR5cCI6IkpXVCJ9.eyJpZCI6Ik1JTEw5NDAwMjcyMiIsImlhdCI6MTY3ODI1NzQ4MSwiZXhwIjoxNjc4MjU4MzgxfQ.ugW3y_JBQYmKz7Qcby0Lw41SkuI5clUNKmxqlFP2O4c
INFO 2023-03-08T14:39:45.924 auth - verifyToken -  Authorized. A token verified - eyJhbGciOiJIUzI1NiIsInR5cCI6IkpXVCJ9.eyJpZCI6Ik1JTEw5NDAwMjcyMiIsImlhdCI6MTY3ODI1NzQ4MSwiZXhwIjoxNjc4MjU4MzgxfQ.ugW3y_JBQYmKz7Qcby0Lw41SkuI5clUNKmxqlFP2O4c
INFO 2023-03-08T14:39:45.925 auth - verifyToken -  Authorized. A token verified - eyJhbGciOiJIUzI1NiIsInR5cCI6IkpXVCJ9.eyJpZCI6Ik1JTEw5NDAwMjcyMiIsImlhdCI6MTY3ODI1NzQ4MSwiZXhwIjoxNjc4MjU4MzgxfQ.ugW3y_JBQYmKz7Qcby0Lw41SkuI5clUNKmxqlFP2O4c
INFO 2023-03-08T14:39:46.001 getAllRequestsCash - No data found Rows Length : 0
INFO 2023-03-08T14:39:46.002 getAllRequestsRevFund - No data found Rows Length : 0
INFO 2023-03-08T14:39:46.933 auth - verifyToken -  Authorized. A token verified - eyJhbGciOiJIUzI1NiIsInR5cCI6IkpXVCJ9.eyJpZCI6Ik1JTEw5NDAwMjcyMiIsImlhdCI6MTY3ODI1NzQ4MSwiZXhwIjoxNjc4MjU4MzgxfQ.ugW3y_JBQYmKz7Qcby0Lw41SkuI5clUNKmxqlFP2O4c
INFO 2023-03-08T14:39:46.936 auth - verifyToken -  Authorized. A token verified - eyJhbGciOiJIUzI1NiIsInR5cCI6IkpXVCJ9.eyJpZCI6Ik1JTEw5NDAwMjcyMiIsImlhdCI6MTY3ODI1NzQ4MSwiZXhwIjoxNjc4MjU4MzgxfQ.ugW3y_JBQYmKz7Qcby0Lw41SkuI5clUNKmxqlFP2O4c
INFO 2023-03-08T14:39:47.017 getAllRequestsForApprovalCash - vpo_approver Data Retrieved : 0
INFO 2023-03-08T14:39:47.020 getAllRequestsForApprovalRevolving - vpo_approver Data Retrieved : 0
INFO 2023-03-08T14:39:48.814 auth - verifyToken -  Authorized. A token verified - eyJhbGciOiJIUzI1NiIsInR5cCI6IkpXVCJ9.eyJpZCI6Ik1JTEw5NDAwMjcyMiIsImlhdCI6MTY3ODI1NzQ4MSwiZXhwIjoxNjc4MjU4MzgxfQ.ugW3y_JBQYmKz7Qcby0Lw41SkuI5clUNKmxqlFP2O4c
INFO 2023-03-08T14:39:48.896 OpenRequestController - getRfRequestByControlNo  responseMesage - Success, responseCode - 0
INFO 2023-03-08T14:39:51.259 auth - verifyToken -  Authorized. A token verified - eyJhbGciOiJIUzI1NiIsInR5cCI6IkpXVCJ9.eyJpZCI6Ik1JTEw5NDAwMjcyMiIsImlhdCI6MTY3ODI1NzQ4MSwiZXhwIjoxNjc4MjU4MzgxfQ.ugW3y_JBQYmKz7Qcby0Lw41SkuI5clUNKmxqlFP2O4c
INFO 2023-03-08T14:39:51.262 auth - verifyToken -  Authorized. A token verified - eyJhbGciOiJIUzI1NiIsInR5cCI6IkpXVCJ9.eyJpZCI6Ik1JTEw5NDAwMjcyMiIsImlhdCI6MTY3ODI1NzQ4MSwiZXhwIjoxNjc4MjU4MzgxfQ.ugW3y_JBQYmKz7Qcby0Lw41SkuI5clUNKmxqlFP2O4c
INFO 2023-03-08T14:39:51.267 auth - verifyToken -  Authorized. A token verified - eyJhbGciOiJIUzI1NiIsInR5cCI6IkpXVCJ9.eyJpZCI6Ik1JTEw5NDAwMjcyMiIsImlhdCI6MTY3ODI1NzQ4MSwiZXhwIjoxNjc4MjU4MzgxfQ.ugW3y_JBQYmKz7Qcby0Lw41SkuI5clUNKmxqlFP2O4c
INFO 2023-03-08T14:39:51.270 auth - verifyToken -  Authorized. A token verified - eyJhbGciOiJIUzI1NiIsInR5cCI6IkpXVCJ9.eyJpZCI6Ik1JTEw5NDAwMjcyMiIsImlhdCI6MTY3ODI1NzQ4MSwiZXhwIjoxNjc4MjU4MzgxfQ.ugW3y_JBQYmKz7Qcby0Lw41SkuI5clUNKmxqlFP2O4c
INFO 2023-03-08T14:39:51.353 getAllRequestsRevFund - No data found Rows Length : 0
INFO 2023-03-08T14:39:51.355 getAllRequestsCash - No data found Rows Length : 0
INFO 2023-03-08T14:39:52.283 auth - verifyToken -  Authorized. A token verified - eyJhbGciOiJIUzI1NiIsInR5cCI6IkpXVCJ9.eyJpZCI6Ik1JTEw5NDAwMjcyMiIsImlhdCI6MTY3ODI1NzQ4MSwiZXhwIjoxNjc4MjU4MzgxfQ.ugW3y_JBQYmKz7Qcby0Lw41SkuI5clUNKmxqlFP2O4c
INFO 2023-03-08T14:39:52.285 auth - verifyToken -  Authorized. A token verified - eyJhbGciOiJIUzI1NiIsInR5cCI6IkpXVCJ9.eyJpZCI6Ik1JTEw5NDAwMjcyMiIsImlhdCI6MTY3ODI1NzQ4MSwiZXhwIjoxNjc4MjU4MzgxfQ.ugW3y_JBQYmKz7Qcby0Lw41SkuI5clUNKmxqlFP2O4c
INFO 2023-03-08T14:39:52.373 getAllRequestsForApprovalCash - vpo_approver Data Retrieved : 0
INFO 2023-03-08T14:39:52.374 getAllRequestsForApprovalRevolving - vpo_approver Data Retrieved : 0
INFO 2023-03-08T14:39:59.473 auth - verifyToken -  Authorized. A token verified - eyJhbGciOiJIUzI1NiIsInR5cCI6IkpXVCJ9.eyJpZCI6Ik1JTEw5NDAwMjcyMiIsImlhdCI6MTY3ODI1NzQ4MSwiZXhwIjoxNjc4MjU4MzgxfQ.ugW3y_JBQYmKz7Qcby0Lw41SkuI5clUNKmxqlFP2O4c
INFO 2023-03-08T14:39:59.557 OpenRequestController - getCashRequestByControlNo  responseMesage - Success, responseCode - 0
INFO 2023-03-08T14:40:02.421 auth - verifyToken -  Authorized. A token verified - eyJhbGciOiJIUzI1NiIsInR5cCI6IkpXVCJ9.eyJpZCI6Ik1JTEw5NDAwMjcyMiIsImlhdCI6MTY3ODI1NzQ4MSwiZXhwIjoxNjc4MjU4MzgxfQ.ugW3y_JBQYmKz7Qcby0Lw41SkuI5clUNKmxqlFP2O4c
INFO 2023-03-08T14:40:02.426 auth - verifyToken -  Authorized. A token verified - eyJhbGciOiJIUzI1NiIsInR5cCI6IkpXVCJ9.eyJpZCI6Ik1JTEw5NDAwMjcyMiIsImlhdCI6MTY3ODI1NzQ4MSwiZXhwIjoxNjc4MjU4MzgxfQ.ugW3y_JBQYmKz7Qcby0Lw41SkuI5clUNKmxqlFP2O4c
INFO 2023-03-08T14:40:02.428 auth - verifyToken -  Authorized. A token verified - eyJhbGciOiJIUzI1NiIsInR5cCI6IkpXVCJ9.eyJpZCI6Ik1JTEw5NDAwMjcyMiIsImlhdCI6MTY3ODI1NzQ4MSwiZXhwIjoxNjc4MjU4MzgxfQ.ugW3y_JBQYmKz7Qcby0Lw41SkuI5clUNKmxqlFP2O4c
INFO 2023-03-08T14:40:02.430 auth - verifyToken -  Authorized. A token verified - eyJhbGciOiJIUzI1NiIsInR5cCI6IkpXVCJ9.eyJpZCI6Ik1JTEw5NDAwMjcyMiIsImlhdCI6MTY3ODI1NzQ4MSwiZXhwIjoxNjc4MjU4MzgxfQ.ugW3y_JBQYmKz7Qcby0Lw41SkuI5clUNKmxqlFP2O4c
INFO 2023-03-08T14:40:02.507 getAllRequestsRevFund - No data found Rows Length : 0
INFO 2023-03-08T14:40:02.511 getAllRequestsCash - No data found Rows Length : 0
INFO 2023-03-08T14:40:03.425 auth - verifyToken -  Authorized. A token verified - eyJhbGciOiJIUzI1NiIsInR5cCI6IkpXVCJ9.eyJpZCI6Ik1JTEw5NDAwMjcyMiIsImlhdCI6MTY3ODI1NzQ4MSwiZXhwIjoxNjc4MjU4MzgxfQ.ugW3y_JBQYmKz7Qcby0Lw41SkuI5clUNKmxqlFP2O4c
INFO 2023-03-08T14:40:03.426 auth - verifyToken -  Authorized. A token verified - eyJhbGciOiJIUzI1NiIsInR5cCI6IkpXVCJ9.eyJpZCI6Ik1JTEw5NDAwMjcyMiIsImlhdCI6MTY3ODI1NzQ4MSwiZXhwIjoxNjc4MjU4MzgxfQ.ugW3y_JBQYmKz7Qcby0Lw41SkuI5clUNKmxqlFP2O4c
INFO 2023-03-08T14:40:03.510 getAllRequestsForApprovalCash - vpo_approver Data Retrieved : 0
INFO 2023-03-08T14:40:03.512 getAllRequestsForApprovalRevolving - vpo_approver Data Retrieved : 0
INFO 2023-03-08T14:40:34.830 userLogin Successfully generated a token - eyJhbGciOiJIUzI1NiIsInR5cCI6IkpXVCJ9.eyJpZCI6IkFCRUw5NDAwOTA5OSIsImlhdCI6MTY3ODI1NzYzNCwiZXhwIjoxNjc4MjU4NTM0fQ.tIJthXySYR20SjLBfZwF5tw4v4-iJdtet3FQ45xlOmQ
INFO 2023-03-08T14:40:35.133 auth - verifyToken -  Authorized. A token verified - eyJhbGciOiJIUzI1NiIsInR5cCI6IkpXVCJ9.eyJpZCI6IkFCRUw5NDAwOTA5OSIsImlhdCI6MTY3ODI1NzYzNCwiZXhwIjoxNjc4MjU4NTM0fQ.tIJthXySYR20SjLBfZwF5tw4v4-iJdtet3FQ45xlOmQ
INFO 2023-03-08T14:40:35.135 auth - verifyToken -  Authorized. A token verified - eyJhbGciOiJIUzI1NiIsInR5cCI6IkpXVCJ9.eyJpZCI6IkFCRUw5NDAwOTA5OSIsImlhdCI6MTY3ODI1NzYzNCwiZXhwIjoxNjc4MjU4NTM0fQ.tIJthXySYR20SjLBfZwF5tw4v4-iJdtet3FQ45xlOmQ
INFO 2023-03-08T14:40:35.282 getAllRequestsRevFund Rows Length : 2
INFO 2023-03-08T14:40:35.284 getAllRequestsCash Rows Length : 2
INFO 2023-03-08T14:40:54.100 auth - verifyToken -  Authorized. A token verified - eyJhbGciOiJIUzI1NiIsInR5cCI6IkpXVCJ9.eyJpZCI6IkFCRUw5NDAwOTA5OSIsImlhdCI6MTY3ODI1NzYzNCwiZXhwIjoxNjc4MjU4NTM0fQ.tIJthXySYR20SjLBfZwF5tw4v4-iJdtet3FQ45xlOmQ
INFO 2023-03-08T14:40:54.189 OpenRequestController - getRfRequestByControlNo  responseMesage - Success, responseCode - 0
INFO 2023-03-08T14:41:01.531 auth - verifyToken -  Authorized. A token verified - eyJhbGciOiJIUzI1NiIsInR5cCI6IkpXVCJ9.eyJpZCI6IkFCRUw5NDAwOTA5OSIsImlhdCI6MTY3ODI1NzYzNCwiZXhwIjoxNjc4MjU4NTM0fQ.tIJthXySYR20SjLBfZwF5tw4v4-iJdtet3FQ45xlOmQ
INFO 2023-03-08T14:41:01.532 auth - verifyToken -  Authorized. A token verified - eyJhbGciOiJIUzI1NiIsInR5cCI6IkpXVCJ9.eyJpZCI6IkFCRUw5NDAwOTA5OSIsImlhdCI6MTY3ODI1NzYzNCwiZXhwIjoxNjc4MjU4NTM0fQ.tIJthXySYR20SjLBfZwF5tw4v4-iJdtet3FQ45xlOmQ
INFO 2023-03-08T14:41:01.613 getAllRequestsCash Rows Length : 2
INFO 2023-03-08T14:41:01.615 getAllRequestsRevFund Rows Length : 2
INFO 2023-03-08T14:41:10.107 auth - verifyToken -  Authorized. A token verified - eyJhbGciOiJIUzI1NiIsInR5cCI6IkpXVCJ9.eyJpZCI6IkFCRUw5NDAwOTA5OSIsImlhdCI6MTY3ODI1NzYzNCwiZXhwIjoxNjc4MjU4NTM0fQ.tIJthXySYR20SjLBfZwF5tw4v4-iJdtet3FQ45xlOmQ
INFO 2023-03-08T14:41:10.213 OpenRequestController - getRfRequestByControlNo  responseMesage - Success, responseCode - 0
INFO 2023-03-08T14:41:17.147 auth - verifyToken -  Authorized. A token verified - eyJhbGciOiJIUzI1NiIsInR5cCI6IkpXVCJ9.eyJpZCI6IkFCRUw5NDAwOTA5OSIsImlhdCI6MTY3ODI1NzYzNCwiZXhwIjoxNjc4MjU4NTM0fQ.tIJthXySYR20SjLBfZwF5tw4v4-iJdtet3FQ45xlOmQ
INFO 2023-03-08T14:41:17.148 auth - verifyToken -  Authorized. A token verified - eyJhbGciOiJIUzI1NiIsInR5cCI6IkpXVCJ9.eyJpZCI6IkFCRUw5NDAwOTA5OSIsImlhdCI6MTY3ODI1NzYzNCwiZXhwIjoxNjc4MjU4NTM0fQ.tIJthXySYR20SjLBfZwF5tw4v4-iJdtet3FQ45xlOmQ
INFO 2023-03-08T14:41:17.231 getAllRequestsRevFund Rows Length : 2
INFO 2023-03-08T14:41:17.233 getAllRequestsCash Rows Length : 2
INFO 2023-03-08T15:20:28.696 userLogin Successfully generated a token - eyJhbGciOiJIUzI1NiIsInR5cCI6IkpXVCJ9.eyJpZCI6IkdBWU8wMjAxMzM1NyIsImlhdCI6MTY3ODI2MDAyOCwiZXhwIjoxNjc4MjYwOTI4fQ.zLGtDPw5UrasB3pmQ02bpxpbas5JjqHl7_huZVeLRMc
INFO 2023-03-08T15:20:28.977 auth - verifyToken -  Authorized. A token verified - eyJhbGciOiJIUzI1NiIsInR5cCI6IkpXVCJ9.eyJpZCI6IkdBWU8wMjAxMzM1NyIsImlhdCI6MTY3ODI2MDAyOCwiZXhwIjoxNjc4MjYwOTI4fQ.zLGtDPw5UrasB3pmQ02bpxpbas5JjqHl7_huZVeLRMc
INFO 2023-03-08T15:20:28.979 auth - verifyToken -  Authorized. A token verified - eyJhbGciOiJIUzI1NiIsInR5cCI6IkpXVCJ9.eyJpZCI6IkdBWU8wMjAxMzM1NyIsImlhdCI6MTY3ODI2MDAyOCwiZXhwIjoxNjc4MjYwOTI4fQ.zLGtDPw5UrasB3pmQ02bpxpbas5JjqHl7_huZVeLRMc
INFO 2023-03-08T15:20:28.988 auth - verifyToken -  Authorized. A token verified - eyJhbGciOiJIUzI1NiIsInR5cCI6IkpXVCJ9.eyJpZCI6IkdBWU8wMjAxMzM1NyIsImlhdCI6MTY3ODI2MDAyOCwiZXhwIjoxNjc4MjYwOTI4fQ.zLGtDPw5UrasB3pmQ02bpxpbas5JjqHl7_huZVeLRMc
INFO 2023-03-08T15:20:28.991 auth - verifyToken -  Authorized. A token verified - eyJhbGciOiJIUzI1NiIsInR5cCI6IkpXVCJ9.eyJpZCI6IkdBWU8wMjAxMzM1NyIsImlhdCI6MTY3ODI2MDAyOCwiZXhwIjoxNjc4MjYwOTI4fQ.zLGtDPw5UrasB3pmQ02bpxpbas5JjqHl7_huZVeLRMc
INFO 2023-03-08T15:20:29.063 getAllRequestsRevFund - No data found Rows Length : 0
INFO 2023-03-08T15:20:29.064 getAllRequestsCash - No data found Rows Length : 0
INFO 2023-03-08T15:20:29.991 auth - verifyToken -  Authorized. A token verified - eyJhbGciOiJIUzI1NiIsInR5cCI6IkpXVCJ9.eyJpZCI6IkdBWU8wMjAxMzM1NyIsImlhdCI6MTY3ODI2MDAyOCwiZXhwIjoxNjc4MjYwOTI4fQ.zLGtDPw5UrasB3pmQ02bpxpbas5JjqHl7_huZVeLRMc
INFO 2023-03-08T15:20:29.994 auth - verifyToken -  Authorized. A token verified - eyJhbGciOiJIUzI1NiIsInR5cCI6IkpXVCJ9.eyJpZCI6IkdBWU8wMjAxMzM1NyIsImlhdCI6MTY3ODI2MDAyOCwiZXhwIjoxNjc4MjYwOTI4fQ.zLGtDPw5UrasB3pmQ02bpxpbas5JjqHl7_huZVeLRMc
INFO 2023-03-08T15:20:30.072 getAllRequestsForApprovalCash - area_approver Data Retrieved : 1
INFO 2023-03-08T15:20:30.074 getAllRequestsForApprovalRevolving - am_approver Data Retrieved : 1
INFO 2023-03-08T15:20:35.766 requestController - getMaxId -  row: 1
INFO 2023-03-08T15:33:30.658 auth - verifyToken -  Authorized. A token verified - eyJhbGciOiJIUzI1NiIsInR5cCI6IkpXVCJ9.eyJpZCI6IkdBWU8wMjAxMzM1NyIsImlhdCI6MTY3ODI2MDAyOCwiZXhwIjoxNjc4MjYwOTI4fQ.zLGtDPw5UrasB3pmQ02bpxpbas5JjqHl7_huZVeLRMc
INFO 2023-03-08T15:33:30.660 auth - verifyToken -  Authorized. A token verified - eyJhbGciOiJIUzI1NiIsInR5cCI6IkpXVCJ9.eyJpZCI6IkdBWU8wMjAxMzM1NyIsImlhdCI6MTY3ODI2MDAyOCwiZXhwIjoxNjc4MjYwOTI4fQ.zLGtDPw5UrasB3pmQ02bpxpbas5JjqHl7_huZVeLRMc
INFO 2023-03-08T15:33:30.666 auth - verifyToken -  Authorized. A token verified - eyJhbGciOiJIUzI1NiIsInR5cCI6IkpXVCJ9.eyJpZCI6IkdBWU8wMjAxMzM1NyIsImlhdCI6MTY3ODI2MDAyOCwiZXhwIjoxNjc4MjYwOTI4fQ.zLGtDPw5UrasB3pmQ02bpxpbas5JjqHl7_huZVeLRMc
INFO 2023-03-08T15:33:30.667 auth - verifyToken -  Authorized. A token verified - eyJhbGciOiJIUzI1NiIsInR5cCI6IkpXVCJ9.eyJpZCI6IkdBWU8wMjAxMzM1NyIsImlhdCI6MTY3ODI2MDAyOCwiZXhwIjoxNjc4MjYwOTI4fQ.zLGtDPw5UrasB3pmQ02bpxpbas5JjqHl7_huZVeLRMc
INFO 2023-03-08T15:33:30.747 getAllRequestsRevFund - No data found Rows Length : 0
INFO 2023-03-08T15:33:30.748 getAllRequestsCash - No data found Rows Length : 0
INFO 2023-03-08T15:33:31.667 auth - verifyToken -  Authorized. A token verified - eyJhbGciOiJIUzI1NiIsInR5cCI6IkpXVCJ9.eyJpZCI6IkdBWU8wMjAxMzM1NyIsImlhdCI6MTY3ODI2MDAyOCwiZXhwIjoxNjc4MjYwOTI4fQ.zLGtDPw5UrasB3pmQ02bpxpbas5JjqHl7_huZVeLRMc
INFO 2023-03-08T15:33:31.671 auth - verifyToken -  Authorized. A token verified - eyJhbGciOiJIUzI1NiIsInR5cCI6IkpXVCJ9.eyJpZCI6IkdBWU8wMjAxMzM1NyIsImlhdCI6MTY3ODI2MDAyOCwiZXhwIjoxNjc4MjYwOTI4fQ.zLGtDPw5UrasB3pmQ02bpxpbas5JjqHl7_huZVeLRMc
INFO 2023-03-08T15:33:31.755 getAllRequestsForApprovalCash - area_approver Data Retrieved : 1
INFO 2023-03-08T15:33:31.757 getAllRequestsForApprovalRevolving - am_approver Data Retrieved : 1
INFO 2023-03-08T15:33:33.004 auth - verifyToken -  Authorized. A token verified - eyJhbGciOiJIUzI1NiIsInR5cCI6IkpXVCJ9.eyJpZCI6IkdBWU8wMjAxMzM1NyIsImlhdCI6MTY3ODI2MDAyOCwiZXhwIjoxNjc4MjYwOTI4fQ.zLGtDPw5UrasB3pmQ02bpxpbas5JjqHl7_huZVeLRMc
INFO 2023-03-08T15:33:33.085 OpenRequestController - getCashRequestByControlNo  responseMesage - Success, responseCode - 0
FATAL 2023-03-08T15:46:30.329 auth - verifyToken -  Unauthorized. Invalid Token - eyJhbGciOiJIUzI1NiIsInR5cCI6IkpXVCJ9.eyJpZCI6IkdBWU8wMjAxMzM1NyIsImlhdCI6MTY3ODI2MDAyOCwiZXhwIjoxNjc4MjYwOTI4fQ.zLGtDPw5UrasB3pmQ02bpxpbas5JjqHl7_huZVeLRMc
FATAL 2023-03-08T15:46:32.087 auth - verifyToken -  Unauthorized. Invalid Token - eyJhbGciOiJIUzI1NiIsInR5cCI6IkpXVCJ9.eyJpZCI6IlNPTEkxMDEzMTI3IiwiaWF0IjoxNjc4MjU3MDI3LCJleHAiOjE2NzgyNTc5Mjd9.0Bz-fc0oDnkHhlDSgbvrLQnCMwaTA_JV1t9ESfdhKsg
FATAL 2023-03-08T15:46:32.093 auth - verifyToken -  Unauthorized. Invalid Token - eyJhbGciOiJIUzI1NiIsInR5cCI6IkpXVCJ9.eyJpZCI6IlNPTEkxMDEzMTI3IiwiaWF0IjoxNjc4MjU3MDI3LCJleHAiOjE2NzgyNTc5Mjd9.0Bz-fc0oDnkHhlDSgbvrLQnCMwaTA_JV1t9ESfdhKsg
FATAL 2023-03-08T15:46:32.110 auth - verifyToken -  Unauthorized. Invalid Token - eyJhbGciOiJIUzI1NiIsInR5cCI6IkpXVCJ9.eyJpZCI6IlNPTEkxMDEzMTI3IiwiaWF0IjoxNjc4MjU3MDI3LCJleHAiOjE2NzgyNTc5Mjd9.0Bz-fc0oDnkHhlDSgbvrLQnCMwaTA_JV1t9ESfdhKsg
FATAL 2023-03-08T15:46:32.121 auth - verifyToken -  Unauthorized. Invalid Token - eyJhbGciOiJIUzI1NiIsInR5cCI6IkpXVCJ9.eyJpZCI6IlNPTEkxMDEzMTI3IiwiaWF0IjoxNjc4MjU3MDI3LCJleHAiOjE2NzgyNTc5Mjd9.0Bz-fc0oDnkHhlDSgbvrLQnCMwaTA_JV1t9ESfdhKsg
INFO 2023-03-08T15:46:51.892 userLogin Successfully generated a token - eyJhbGciOiJIUzI1NiIsInR5cCI6IkpXVCJ9.eyJpZCI6IkFCRUw5NDAwOTA5OSIsImlhdCI6MTY3ODI2MTYxMSwiZXhwIjoxNjc4MjYyNTExfQ.FAeHiQ-FMAxxjy9Qv2JAIhjy2CNr2slgvWsEF6Gne5g
INFO 2023-03-08T15:46:52.179 auth - verifyToken -  Authorized. A token verified - eyJhbGciOiJIUzI1NiIsInR5cCI6IkpXVCJ9.eyJpZCI6IkFCRUw5NDAwOTA5OSIsImlhdCI6MTY3ODI2MTYxMSwiZXhwIjoxNjc4MjYyNTExfQ.FAeHiQ-FMAxxjy9Qv2JAIhjy2CNr2slgvWsEF6Gne5g
INFO 2023-03-08T15:46:52.183 auth - verifyToken -  Authorized. A token verified - eyJhbGciOiJIUzI1NiIsInR5cCI6IkpXVCJ9.eyJpZCI6IkFCRUw5NDAwOTA5OSIsImlhdCI6MTY3ODI2MTYxMSwiZXhwIjoxNjc4MjYyNTExfQ.FAeHiQ-FMAxxjy9Qv2JAIhjy2CNr2slgvWsEF6Gne5g
INFO 2023-03-08T15:46:52.265 getAllRequestsRevFund Rows Length : 2
INFO 2023-03-08T15:46:52.266 getAllRequestsCash Rows Length : 2
INFO 2023-03-08T15:47:08.716 auth - verifyToken -  Authorized. A token verified - eyJhbGciOiJIUzI1NiIsInR5cCI6IkpXVCJ9.eyJpZCI6IkFCRUw5NDAwOTA5OSIsImlhdCI6MTY3ODI2MTYxMSwiZXhwIjoxNjc4MjYyNTExfQ.FAeHiQ-FMAxxjy9Qv2JAIhjy2CNr2slgvWsEF6Gne5g
INFO 2023-03-08T15:47:08.717 auth - verifyToken -  Authorized. A token verified - eyJhbGciOiJIUzI1NiIsInR5cCI6IkpXVCJ9.eyJpZCI6IkFCRUw5NDAwOTA5OSIsImlhdCI6MTY3ODI2MTYxMSwiZXhwIjoxNjc4MjYyNTExfQ.FAeHiQ-FMAxxjy9Qv2JAIhjy2CNr2slgvWsEF6Gne5g
INFO 2023-03-08T15:47:08.720 auth - verifyToken -  Authorized. A token verified - eyJhbGciOiJIUzI1NiIsInR5cCI6IkpXVCJ9.eyJpZCI6IkFCRUw5NDAwOTA5OSIsImlhdCI6MTY3ODI2MTYxMSwiZXhwIjoxNjc4MjYyNTExfQ.FAeHiQ-FMAxxjy9Qv2JAIhjy2CNr2slgvWsEF6Gne5g
INFO 2023-03-08T15:47:08.723 auth - verifyToken -  Authorized. A token verified - eyJhbGciOiJIUzI1NiIsInR5cCI6IkpXVCJ9.eyJpZCI6IkFCRUw5NDAwOTA5OSIsImlhdCI6MTY3ODI2MTYxMSwiZXhwIjoxNjc4MjYyNTExfQ.FAeHiQ-FMAxxjy9Qv2JAIhjy2CNr2slgvWsEF6Gne5g
INFO 2023-03-08T15:47:08.728 auth - verifyToken -  Authorized. A token verified - eyJhbGciOiJIUzI1NiIsInR5cCI6IkpXVCJ9.eyJpZCI6IkFCRUw5NDAwOTA5OSIsImlhdCI6MTY3ODI2MTYxMSwiZXhwIjoxNjc4MjYyNTExfQ.FAeHiQ-FMAxxjy9Qv2JAIhjy2CNr2slgvWsEF6Gne5g
INFO 2023-03-08T15:47:08.732 auth - verifyToken -  Authorized. A token verified - eyJhbGciOiJIUzI1NiIsInR5cCI6IkpXVCJ9.eyJpZCI6IkFCRUw5NDAwOTA5OSIsImlhdCI6MTY3ODI2MTYxMSwiZXhwIjoxNjc4MjYyNTExfQ.FAeHiQ-FMAxxjy9Qv2JAIhjy2CNr2slgvWsEF6Gne5g
INFO 2023-03-08T15:47:08.800 getAllRequestsCash - No data found Rows Length : 0
INFO 2023-03-08T15:47:08.803 getAllRequestsRevFund - No data found Rows Length : 0
INFO 2023-03-08T15:47:08.804 getAllRequestsCash Rows Length : 1
INFO 2023-03-08T15:47:08.805 getAllRequestsRevFund Rows Length : 2
INFO 2023-03-08T15:47:08.809 getAllRequestsCash Rows Length : 1
INFO 2023-03-08T15:47:08.821 getAllRequestsRevFund - No data found Rows Length : 0
INFO 2023-03-08T15:47:10.941 auth - verifyToken -  Authorized. A token verified - eyJhbGciOiJIUzI1NiIsInR5cCI6IkpXVCJ9.eyJpZCI6IkFCRUw5NDAwOTA5OSIsImlhdCI6MTY3ODI2MTYxMSwiZXhwIjoxNjc4MjYyNTExfQ.FAeHiQ-FMAxxjy9Qv2JAIhjy2CNr2slgvWsEF6Gne5g
INFO 2023-03-08T15:47:11.026 OpenRequestController - getRfRequestByControlNo  responseMesage - Success, responseCode - 0
INFO 2023-03-08T15:48:31.812 auth - verifyToken -  Authorized. A token verified - eyJhbGciOiJIUzI1NiIsInR5cCI6IkpXVCJ9.eyJpZCI6IkFCRUw5NDAwOTA5OSIsImlhdCI6MTY3ODI2MTYxMSwiZXhwIjoxNjc4MjYyNTExfQ.FAeHiQ-FMAxxjy9Qv2JAIhjy2CNr2slgvWsEF6Gne5g
INFO 2023-03-08T15:48:31.898 OpenRequestController - getRfRequestByControlNo  responseMesage - Success, responseCode - 0
INFO 2023-03-08T15:59:55.465 auth - verifyToken -  Authorized. A token verified - eyJhbGciOiJIUzI1NiIsInR5cCI6IkpXVCJ9.eyJpZCI6IkFCRUw5NDAwOTA5OSIsImlhdCI6MTY3ODI2MTYxMSwiZXhwIjoxNjc4MjYyNTExfQ.FAeHiQ-FMAxxjy9Qv2JAIhjy2CNr2slgvWsEF6Gne5g
INFO 2023-03-08T15:59:55.567 OpenRequestController - getRfRequestByControlNo  responseMesage - Success, responseCode - 0
