INFO 2023-01-12T09:20:51.966 server.js -  Server listening to port: 3000
FATAL 2023-01-12T09:20:51.974 10.4.9.186 - branch_request - Branch Connection Failed. Error: connect ETIMEDOUT
INFO 2023-01-12T09:37:01.583 userLogin Successfully generated a token - eyJhbGciOiJIUzI1NiIsInR5cCI6IkpXVCJ9.eyJpZCI6IkFHTkUyMDE5MDI4MSIsImlhdCI6MTY3MzQ4NzQyMSwiZXhwIjoxNjczNDg4MzIxfQ.dRgf1QB1ixBNGWrr1d72jXr7bSZLWpHKZ6KZ0TANsWU
INFO 2023-01-12T09:37:51.167 userLogin Successfully generated a token - eyJhbGciOiJIUzI1NiIsInR5cCI6IkpXVCJ9.eyJpZCI6IkFHTkUyMDE5MDI4MSIsImlhdCI6MTY3MzQ4NzQ3MSwiZXhwIjoxNjczNDg4MzcxfQ.LxmX_fq1WrmJHIZxmVbGWCll4wur4VXii69aPr11C1U
INFO 2023-01-12T09:39:09.650 userLogin Successfully generated a token - eyJhbGciOiJIUzI1NiIsInR5cCI6IkpXVCJ9.eyJpZCI6IkFHTkUyMDE5MDI4MSIsImlhdCI6MTY3MzQ4NzU0OSwiZXhwIjoxNjczNDg4NDQ5fQ.Ycji-gyfwlhrj-NlGZQyrXL9hBwJeRB77p95g-Ucx14
INFO 2023-01-12T09:39:45.055 userLogin Successfully generated a token - eyJhbGciOiJIUzI1NiIsInR5cCI6IkpXVCJ9.eyJpZCI6IkFHTkUyMDE5MDI4MSIsImlhdCI6MTY3MzQ4NzU4NSwiZXhwIjoxNjczNDg4NDg1fQ.bzuxAiYIWHmpeCwOyhpBPo3gylj20yZqpJ_jDR2JaCI
INFO 2023-01-12T11:26:05.298 userLogin Successfully generated a token - eyJhbGciOiJIUzI1NiIsInR5cCI6IkpXVCJ9.eyJpZCI6IkFHTkUyMDE5MDI4MSIsImlhdCI6MTY3MzQ5Mzk2NSwiZXhwIjoxNjczNDk0ODY1fQ.G58jebVyKVf3kkzHpnKkZWxmAl5HqtpyFVGJoPlsPSM
INFO 2023-01-12T11:26:49.481 userLogin Successfully generated a token - eyJhbGciOiJIUzI1NiIsInR5cCI6IkpXVCJ9.eyJpZCI6IkFHTkUyMDE5MDI4MSIsImlhdCI6MTY3MzQ5NDAwOSwiZXhwIjoxNjczNDk0OTA5fQ.gM698fmLhfXQ8i2-ey_UDIY-Vg4U86y0gc1KqSJJv-4
INFO 2023-01-12T11:29:01.125 userLogin Successfully generated a token - eyJhbGciOiJIUzI1NiIsInR5cCI6IkpXVCJ9.eyJpZCI6IkFHTkUyMDE5MDI4MSIsImlhdCI6MTY3MzQ5NDE0MSwiZXhwIjoxNjczNDk1MDQxfQ.lVgHHfFAn4pwTbYymrzb6T_G_3o1gND4xTmlSu6KuHk
INFO 2023-01-12T11:30:00.095 userLogin Successfully generated a token - eyJhbGciOiJIUzI1NiIsInR5cCI6IkpXVCJ9.eyJpZCI6IkFHTkUyMDE5MDI4MSIsImlhdCI6MTY3MzQ5NDIwMCwiZXhwIjoxNjczNDk1MTAwfQ.O2nEdJorTnChlPYPU7XdMhbePPrn5CSDJuhtRA95ueU
INFO 2023-01-12T11:34:14.327 userLogin Successfully generated a token - eyJhbGciOiJIUzI1NiIsInR5cCI6IkpXVCJ9.eyJpZCI6IkFHTkUyMDE5MDI4MSIsImlhdCI6MTY3MzQ5NDQ1NCwiZXhwIjoxNjczNDk1MzU0fQ.1S2oszqYv9dCSPjHhbjPqR6MXB5pDr1zOUIoUzXC49I
INFO 2023-01-12T11:35:10.174 userLogin Successfully generated a token - eyJhbGciOiJIUzI1NiIsInR5cCI6IkpXVCJ9.eyJpZCI6IkFHTkUyMDE5MDI4MSIsImlhdCI6MTY3MzQ5NDUxMCwiZXhwIjoxNjczNDk1NDEwfQ.rNyQynAw4h-JnBcZXkE3mhLkRrQtVy3_QSvExIcuHWQ
INFO 2023-01-12T11:37:10.585 userLogin Successfully generated a token - eyJhbGciOiJIUzI1NiIsInR5cCI6IkpXVCJ9.eyJpZCI6IkFHTkUyMDE5MDI4MSIsImlhdCI6MTY3MzQ5NDYzMCwiZXhwIjoxNjczNDk1NTMwfQ._YjTopxwPAcQ3gwJJJcSHtZjBTixGgHSNpbyDkslGOU
INFO 2023-01-12T11:42:44.923 userLogin Successfully generated a token - eyJhbGciOiJIUzI1NiIsInR5cCI6IkpXVCJ9.eyJpZCI6IkFHTkUyMDE5MDI4MSIsImlhdCI6MTY3MzQ5NDk2NCwiZXhwIjoxNjczNDk1ODY0fQ.fFdUef2bQIGxmarUoRJPUYOzHd4V-oIAEzyvpMYQYa8
INFO 2023-01-12T11:56:42.284 userLogin Successfully generated a token - eyJhbGciOiJIUzI1NiIsInR5cCI6IkpXVCJ9.eyJpZCI6IkFHTkUyMDE5MDI4MSIsImlhdCI6MTY3MzQ5NTgwMiwiZXhwIjoxNjczNDk2NzAyfQ.viXe7Okv2Vg3UvxpjHT2beYgWILywPPTY1g5oj9eDHc
INFO 2023-01-12T12:01:08.352 userLogin Successfully generated a token - eyJhbGciOiJIUzI1NiIsInR5cCI6IkpXVCJ9.eyJpZCI6IkFHTkUyMDE5MDI4MSIsImlhdCI6MTY3MzQ5NjA2OCwiZXhwIjoxNjczNDk2OTY4fQ.ZSy01MpKtFIWnTJmGengEZWENHhVoxjw5yzIJXgDCyI
INFO 2023-01-12T12:02:13.433 userLogin Successfully generated a token - eyJhbGciOiJIUzI1NiIsInR5cCI6IkpXVCJ9.eyJpZCI6IkFHTkUyMDE5MDI4MSIsImlhdCI6MTY3MzQ5NjEzMywiZXhwIjoxNjczNDk3MDMzfQ.0fdURl4XNxCvc_GgzWaIKPyz7ZBQDivfvvtk8stEZXY
INFO 2023-01-12T12:02:55.967 userLogin Successfully generated a token - eyJhbGciOiJIUzI1NiIsInR5cCI6IkpXVCJ9.eyJpZCI6IkFHTkUyMDE5MDI4MSIsImlhdCI6MTY3MzQ5NjE3NSwiZXhwIjoxNjczNDk3MDc1fQ.PdTcxb5borPx5nWGOIVDtxR_NF_Vr6tRWmEwGQ8WzyI
INFO 2023-01-12T12:08:52.060 userLogin Successfully generated a token - eyJhbGciOiJIUzI1NiIsInR5cCI6IkpXVCJ9.eyJpZCI6IkFCRUw5NDAwOTA5OSIsImlhdCI6MTY3MzQ5NjUzMiwiZXhwIjoxNjczNDk3NDMyfQ.OxgLdaThfBJk2y_ll1z_SU49oWLqbi2qX5NjYOX8wac
INFO 2023-01-12T12:10:18.986 userLogin Successfully generated a token - eyJhbGciOiJIUzI1NiIsInR5cCI6IkpXVCJ9.eyJpZCI6IkFCRUw5NDAwOTA5OSIsImlhdCI6MTY3MzQ5NjYxOCwiZXhwIjoxNjczNDk3NTE4fQ.ek7DsoY7mcMbs4kbRf5GkLyWEqbrzRbeMiRm8oWO3dk
FATAL 2023-01-12T12:10:28.577 auth - verifyToken -  Unauthorized. Invalid Token - null
FATAL 2023-01-12T12:10:28.583 auth - verifyToken -  Unauthorized. Invalid Token - null
INFO 2023-01-12T12:11:13.838 userLogin Successfully generated a token - eyJhbGciOiJIUzI1NiIsInR5cCI6IkpXVCJ9.eyJpZCI6IkFCRUw5NDAwOTA5OSIsImlhdCI6MTY3MzQ5NjY3MywiZXhwIjoxNjczNDk3NTczfQ.Mf8mm99fjr1pFVFOyyM5iF1IRrH3bPMw5Qb7W64qtUo
INFO 2023-01-12T12:11:20.191 auth - verifyToken -  Authorized. A token verified - eyJhbGciOiJIUzI1NiIsInR5cCI6IkpXVCJ9.eyJpZCI6IkFCRUw5NDAwOTA5OSIsImlhdCI6MTY3MzQ5NjY3MywiZXhwIjoxNjczNDk3NTczfQ.Mf8mm99fjr1pFVFOyyM5iF1IRrH3bPMw5Qb7W64qtUo
INFO 2023-01-12T12:11:20.981 requestController - getMaxId -  row: 1
FATAL 2023-01-12T12:11:22.541 auth - verifyToken -  Unauthorized. Invalid Token - null
FATAL 2023-01-12T12:11:22.546 auth - verifyToken -  Unauthorized. Invalid Token - null
INFO 2023-01-12T12:13:20.077 userLogin Successfully generated a token - eyJhbGciOiJIUzI1NiIsInR5cCI6IkpXVCJ9.eyJpZCI6IkFCRUw5NDAwOTA5OSIsImlhdCI6MTY3MzQ5NjgwMCwiZXhwIjoxNjczNDk3NzAwfQ.7sseyGOtyPQxvRhIYTfXORbpNg9t0Ifl8NV_IjTX46A
FATAL 2023-01-12T12:13:46.192 auth - verifyToken -  Unauthorized. Invalid Token - null
FATAL 2023-01-12T12:13:46.198 auth - verifyToken -  Unauthorized. Invalid Token - null
INFO 2023-01-12T12:15:39.431 userLogin Successfully generated a token - eyJhbGciOiJIUzI1NiIsInR5cCI6IkpXVCJ9.eyJpZCI6IkFCRUw5NDAwOTA5OSIsImlhdCI6MTY3MzQ5NjkzOSwiZXhwIjoxNjczNDk3ODM5fQ.O6DVFMx0CdijjQM7msH5H5-TN_JlwTiBk_edZHDTDqs
INFO 2023-01-12T12:20:15.746 userLogin Successfully generated a token - eyJhbGciOiJIUzI1NiIsInR5cCI6IkpXVCJ9.eyJpZCI6IkFCRUw5NDAwOTA5OSIsImlhdCI6MTY3MzQ5NzIxNSwiZXhwIjoxNjczNDk4MTE1fQ.8wYCW3XuxQK15PnPC0cBVz7dtRiQb8C0N1eAlaTKuR0
INFO 2023-01-12T12:24:21.341 userLogin Successfully generated a token - eyJhbGciOiJIUzI1NiIsInR5cCI6IkpXVCJ9.eyJpZCI6IkFCRUw5NDAwOTA5OSIsImlhdCI6MTY3MzQ5NzQ2MSwiZXhwIjoxNjczNDk4MzYxfQ.MfF-H2VZ8zRMjay0zEw5SZfuigLKdBRpfohhAEzEhBM
INFO 2023-01-12T13:05:35.692 userLogin Successfully generated a token - eyJhbGciOiJIUzI1NiIsInR5cCI6IkpXVCJ9.eyJpZCI6IkFHTkUyMDE5MDI4MSIsImlhdCI6MTY3MzQ5OTkzNSwiZXhwIjoxNjczNTAwODM1fQ.eINRTpmwhGiixuOKNhke5GN6DE1-47IcJt7G-1n18LM
INFO 2023-01-12T13:06:52.739 userLogin Successfully generated a token - eyJhbGciOiJIUzI1NiIsInR5cCI6IkpXVCJ9.eyJpZCI6IkFCRUw5NDAwOTA5OSIsImlhdCI6MTY3MzUwMDAxMiwiZXhwIjoxNjczNTAwOTEyfQ.oR1wehPqYCvoKMK4mj2Gw4dGzwE-oEdU83GcZ_7PJ00
INFO 2023-01-12T13:08:18.627 userLogin Successfully generated a token - eyJhbGciOiJIUzI1NiIsInR5cCI6IkpXVCJ9.eyJpZCI6IkFCRUw5NDAwOTA5OSIsImlhdCI6MTY3MzUwMDA5OCwiZXhwIjoxNjczNTAwOTk4fQ.uZpBlSLAcl_CJfaDxzt0nxQtbQkG0gAFRLGX-W33E04
INFO 2023-01-12T13:10:07.520 userLogin Successfully generated a token - eyJhbGciOiJIUzI1NiIsInR5cCI6IkpXVCJ9.eyJpZCI6IkFCRUw5NDAwOTA5OSIsImlhdCI6MTY3MzUwMDIwNywiZXhwIjoxNjczNTAxMTA3fQ.GSw4lLxSb0VDz5zTgMkSQRKhE4YnAofQcjFfX216yMk
INFO 2023-01-12T13:13:58.941 userLogin Successfully generated a token - eyJhbGciOiJIUzI1NiIsInR5cCI6IkpXVCJ9.eyJpZCI6IkFCRUw5NDAwOTA5OSIsImlhdCI6MTY3MzUwMDQzOCwiZXhwIjoxNjczNTAxMzM4fQ.3QiT4AdkaWGwK0a3M7fFslVAfTDPlNg35qCnplnaM4w
INFO 2023-01-12T13:15:32.507 auth - verifyToken -  Authorized. A token verified - eyJhbGciOiJIUzI1NiIsInR5cCI6IkpXVCJ9.eyJpZCI6IkFCRUw5NDAwOTA5OSIsImlhdCI6MTY3MzUwMDQzOCwiZXhwIjoxNjczNTAxMzM4fQ.3QiT4AdkaWGwK0a3M7fFslVAfTDPlNg35qCnplnaM4w
INFO 2023-01-12T13:15:32.515 auth - verifyToken -  Authorized. A token verified - eyJhbGciOiJIUzI1NiIsInR5cCI6IkpXVCJ9.eyJpZCI6IkFCRUw5NDAwOTA5OSIsImlhdCI6MTY3MzUwMDQzOCwiZXhwIjoxNjczNTAxMzM4fQ.3QiT4AdkaWGwK0a3M7fFslVAfTDPlNg35qCnplnaM4w
INFO 2023-01-12T13:15:32.651 getAllRequestsRevFund - No data found Rows Length : 0
INFO 2023-01-12T13:15:33.015 getAllRequestsCash Rows Length : 1
INFO 2023-01-12T13:15:35.081 auth - verifyToken -  Authorized. A token verified - eyJhbGciOiJIUzI1NiIsInR5cCI6IkpXVCJ9.eyJpZCI6IkFCRUw5NDAwOTA5OSIsImlhdCI6MTY3MzUwMDQzOCwiZXhwIjoxNjczNTAxMzM4fQ.3QiT4AdkaWGwK0a3M7fFslVAfTDPlNg35qCnplnaM4w
INFO 2023-01-12T13:15:35.167 requestController - getMaxId -  row: 1
INFO 2023-01-12T13:15:37.206 auth - verifyToken -  Authorized. A token verified - eyJhbGciOiJIUzI1NiIsInR5cCI6IkpXVCJ9.eyJpZCI6IkFCRUw5NDAwOTA5OSIsImlhdCI6MTY3MzUwMDQzOCwiZXhwIjoxNjczNTAxMzM4fQ.3QiT4AdkaWGwK0a3M7fFslVAfTDPlNg35qCnplnaM4w
INFO 2023-01-12T13:15:37.213 auth - verifyToken -  Authorized. A token verified - eyJhbGciOiJIUzI1NiIsInR5cCI6IkpXVCJ9.eyJpZCI6IkFCRUw5NDAwOTA5OSIsImlhdCI6MTY3MzUwMDQzOCwiZXhwIjoxNjczNTAxMzM4fQ.3QiT4AdkaWGwK0a3M7fFslVAfTDPlNg35qCnplnaM4w
INFO 2023-01-12T13:15:37.297 getAllRequestsRevFund - No data found Rows Length : 0
INFO 2023-01-12T13:15:37.298 getAllRequestsCash Rows Length : 1
INFO 2023-01-12T13:15:38.449 auth - verifyToken -  Authorized. A token verified - eyJhbGciOiJIUzI1NiIsInR5cCI6IkpXVCJ9.eyJpZCI6IkFCRUw5NDAwOTA5OSIsImlhdCI6MTY3MzUwMDQzOCwiZXhwIjoxNjczNTAxMzM4fQ.3QiT4AdkaWGwK0a3M7fFslVAfTDPlNg35qCnplnaM4w
INFO 2023-01-12T13:15:38.451 auth - verifyToken -  Authorized. A token verified - eyJhbGciOiJIUzI1NiIsInR5cCI6IkpXVCJ9.eyJpZCI6IkFCRUw5NDAwOTA5OSIsImlhdCI6MTY3MzUwMDQzOCwiZXhwIjoxNjczNTAxMzM4fQ.3QiT4AdkaWGwK0a3M7fFslVAfTDPlNg35qCnplnaM4w
INFO 2023-01-12T13:15:38.452 auth - verifyToken -  Authorized. A token verified - eyJhbGciOiJIUzI1NiIsInR5cCI6IkpXVCJ9.eyJpZCI6IkFCRUw5NDAwOTA5OSIsImlhdCI6MTY3MzUwMDQzOCwiZXhwIjoxNjczNTAxMzM4fQ.3QiT4AdkaWGwK0a3M7fFslVAfTDPlNg35qCnplnaM4w
INFO 2023-01-12T13:15:38.455 auth - verifyToken -  Authorized. A token verified - eyJhbGciOiJIUzI1NiIsInR5cCI6IkpXVCJ9.eyJpZCI6IkFCRUw5NDAwOTA5OSIsImlhdCI6MTY3MzUwMDQzOCwiZXhwIjoxNjczNTAxMzM4fQ.3QiT4AdkaWGwK0a3M7fFslVAfTDPlNg35qCnplnaM4w
INFO 2023-01-12T13:15:38.549 getAllRequestsCash Rows Length : 3
INFO 2023-01-12T13:15:38.551 getAllRequestsRevFund Rows Length : 2
INFO 2023-01-12T13:15:38.924 getAllRequestsRevFund Rows Length : 1
INFO 2023-01-12T13:15:38.925 getAllRequestsCash Rows Length : 2
INFO 2023-01-12T13:15:39.667 auth - verifyToken -  Authorized. A token verified - eyJhbGciOiJIUzI1NiIsInR5cCI6IkpXVCJ9.eyJpZCI6IkFCRUw5NDAwOTA5OSIsImlhdCI6MTY3MzUwMDQzOCwiZXhwIjoxNjczNTAxMzM4fQ.3QiT4AdkaWGwK0a3M7fFslVAfTDPlNg35qCnplnaM4w
INFO 2023-01-12T13:15:39.671 auth - verifyToken -  Authorized. A token verified - eyJhbGciOiJIUzI1NiIsInR5cCI6IkpXVCJ9.eyJpZCI6IkFCRUw5NDAwOTA5OSIsImlhdCI6MTY3MzUwMDQzOCwiZXhwIjoxNjczNTAxMzM4fQ.3QiT4AdkaWGwK0a3M7fFslVAfTDPlNg35qCnplnaM4w
INFO 2023-01-12T13:15:39.754 getAllRequestsRevFund - No data found Rows Length : 0
INFO 2023-01-12T13:15:39.756 getAllRequestsCash Rows Length : 1
INFO 2023-01-12T13:15:40.434 auth - verifyToken -  Authorized. A token verified - eyJhbGciOiJIUzI1NiIsInR5cCI6IkpXVCJ9.eyJpZCI6IkFCRUw5NDAwOTA5OSIsImlhdCI6MTY3MzUwMDQzOCwiZXhwIjoxNjczNTAxMzM4fQ.3QiT4AdkaWGwK0a3M7fFslVAfTDPlNg35qCnplnaM4w
INFO 2023-01-12T13:15:40.526 OpenRequestController - getCashRequestByControlNo  responseMesage - Success, responseCode - 0
INFO 2023-01-12T13:15:46.280 auth - verifyToken -  Authorized. A token verified - eyJhbGciOiJIUzI1NiIsInR5cCI6IkpXVCJ9.eyJpZCI6IkFCRUw5NDAwOTA5OSIsImlhdCI6MTY3MzUwMDQzOCwiZXhwIjoxNjczNTAxMzM4fQ.3QiT4AdkaWGwK0a3M7fFslVAfTDPlNg35qCnplnaM4w
INFO 2023-01-12T13:15:46.671 OpenRequestController - getCashRequestByControlNo  responseMesage - Success, responseCode - 0
INFO 2023-01-12T13:16:17.862 userLogin Successfully generated a token - eyJhbGciOiJIUzI1NiIsInR5cCI6IkpXVCJ9.eyJpZCI6IkFCRUw5NDAwOTA5OSIsImlhdCI6MTY3MzUwMDU3NywiZXhwIjoxNjczNTAxNDc3fQ.YV3z-8Mo4cplqQLAWzIGeV5cteltHA3hUBPhevewx88
INFO 2023-01-12T13:16:39.215 userLogin Successfully generated a token - eyJhbGciOiJIUzI1NiIsInR5cCI6IkpXVCJ9.eyJpZCI6IkFHTkUyMDE5MDI4MSIsImlhdCI6MTY3MzUwMDU5OSwiZXhwIjoxNjczNTAxNDk5fQ.h3w_4si4Z-esiJ7yHklybZHXsq4Oq2z31ciQoTepUjE
INFO 2023-01-12T13:22:04.036 userLogin Successfully generated a token - eyJhbGciOiJIUzI1NiIsInR5cCI6IkpXVCJ9.eyJpZCI6IkFCRUw5NDAwOTA5OSIsImlhdCI6MTY3MzUwMDkyNCwiZXhwIjoxNjczNTAxODI0fQ.xG4L5kNDgghacVHJ6HSU6fJGclC8C1uIhExpTsZaceM
INFO 2023-01-12T13:22:09.516 auth - verifyToken -  Authorized. A token verified - eyJhbGciOiJIUzI1NiIsInR5cCI6IkpXVCJ9.eyJpZCI6IkFCRUw5NDAwOTA5OSIsImlhdCI6MTY3MzUwMDkyNCwiZXhwIjoxNjczNTAxODI0fQ.xG4L5kNDgghacVHJ6HSU6fJGclC8C1uIhExpTsZaceM
INFO 2023-01-12T13:22:09.523 auth - verifyToken -  Authorized. A token verified - eyJhbGciOiJIUzI1NiIsInR5cCI6IkpXVCJ9.eyJpZCI6IkFCRUw5NDAwOTA5OSIsImlhdCI6MTY3MzUwMDkyNCwiZXhwIjoxNjczNTAxODI0fQ.xG4L5kNDgghacVHJ6HSU6fJGclC8C1uIhExpTsZaceM
INFO 2023-01-12T13:22:09.601 getAllRequestsRevFund - No data found Rows Length : 0
INFO 2023-01-12T13:22:09.623 getAllRequestsCash Rows Length : 1
INFO 2023-01-12T13:22:10.566 auth - verifyToken -  Authorized. A token verified - eyJhbGciOiJIUzI1NiIsInR5cCI6IkpXVCJ9.eyJpZCI6IkFCRUw5NDAwOTA5OSIsImlhdCI6MTY3MzUwMDkyNCwiZXhwIjoxNjczNTAxODI0fQ.xG4L5kNDgghacVHJ6HSU6fJGclC8C1uIhExpTsZaceM
INFO 2023-01-12T13:22:10.674 OpenRequestController - getCashRequestByControlNo  responseMesage - Success, responseCode - 0
INFO 2023-01-12T13:22:14.149 auth - verifyToken -  Authorized. A token verified - eyJhbGciOiJIUzI1NiIsInR5cCI6IkpXVCJ9.eyJpZCI6IkFCRUw5NDAwOTA5OSIsImlhdCI6MTY3MzUwMDkyNCwiZXhwIjoxNjczNTAxODI0fQ.xG4L5kNDgghacVHJ6HSU6fJGclC8C1uIhExpTsZaceM
INFO 2023-01-12T13:22:14.239 requestController - getMaxId -  row: 1
INFO 2023-01-12T13:22:27.385 auth - verifyToken -  Authorized. A token verified - eyJhbGciOiJIUzI1NiIsInR5cCI6IkpXVCJ9.eyJpZCI6IkFCRUw5NDAwOTA5OSIsImlhdCI6MTY3MzUwMDkyNCwiZXhwIjoxNjczNTAxODI0fQ.xG4L5kNDgghacVHJ6HSU6fJGclC8C1uIhExpTsZaceM
INFO 2023-01-12T13:22:27.474 OpenRequestController - postCashRequest  responseMesage - Success, responseCode - 0
INFO 2023-01-12T13:22:31.013 auth - verifyToken -  Authorized. A token verified - eyJhbGciOiJIUzI1NiIsInR5cCI6IkpXVCJ9.eyJpZCI6IkFCRUw5NDAwOTA5OSIsImlhdCI6MTY3MzUwMDkyNCwiZXhwIjoxNjczNTAxODI0fQ.xG4L5kNDgghacVHJ6HSU6fJGclC8C1uIhExpTsZaceM
INFO 2023-01-12T13:22:31.099 OpenRequestController - getCashRequestByControlNo  responseMesage - Success, responseCode - 0
INFO 2023-01-12T13:22:36.083 auth - verifyToken -  Authorized. A token verified - eyJhbGciOiJIUzI1NiIsInR5cCI6IkpXVCJ9.eyJpZCI6IkFCRUw5NDAwOTA5OSIsImlhdCI6MTY3MzUwMDkyNCwiZXhwIjoxNjczNTAxODI0fQ.xG4L5kNDgghacVHJ6HSU6fJGclC8C1uIhExpTsZaceM
INFO 2023-01-12T13:22:36.172 requestController - getMaxId -  row: 1
INFO 2023-01-12T13:22:36.934 auth - verifyToken -  Authorized. A token verified - eyJhbGciOiJIUzI1NiIsInR5cCI6IkpXVCJ9.eyJpZCI6IkFCRUw5NDAwOTA5OSIsImlhdCI6MTY3MzUwMDkyNCwiZXhwIjoxNjczNTAxODI0fQ.xG4L5kNDgghacVHJ6HSU6fJGclC8C1uIhExpTsZaceM
INFO 2023-01-12T13:22:36.940 auth - verifyToken -  Authorized. A token verified - eyJhbGciOiJIUzI1NiIsInR5cCI6IkpXVCJ9.eyJpZCI6IkFCRUw5NDAwOTA5OSIsImlhdCI6MTY3MzUwMDkyNCwiZXhwIjoxNjczNTAxODI0fQ.xG4L5kNDgghacVHJ6HSU6fJGclC8C1uIhExpTsZaceM
INFO 2023-01-12T13:22:37.028 getAllRequestsRevFund - No data found Rows Length : 0
INFO 2023-01-12T13:22:37.029 getAllRequestsCash Rows Length : 2
INFO 2023-01-12T13:22:40.214 auth - verifyToken -  Authorized. A token verified - eyJhbGciOiJIUzI1NiIsInR5cCI6IkpXVCJ9.eyJpZCI6IkFCRUw5NDAwOTA5OSIsImlhdCI6MTY3MzUwMDkyNCwiZXhwIjoxNjczNTAxODI0fQ.xG4L5kNDgghacVHJ6HSU6fJGclC8C1uIhExpTsZaceM
INFO 2023-01-12T13:22:40.299 OpenRequestController - getCashRequestByControlNo  responseMesage - Success, responseCode - 0
INFO 2023-01-12T13:23:03.433 userLogin Successfully generated a token - eyJhbGciOiJIUzI1NiIsInR5cCI6IkpXVCJ9.eyJpZCI6IkdBWU8wMjAxMzM1NyIsImlhdCI6MTY3MzUwMDk4MywiZXhwIjoxNjczNTAxODgzfQ.fQS-MygcAwBMz__P0hAHSRCEi46zRWHyly_fuYbP9SU
INFO 2023-01-12T13:23:50.886 auth - verifyToken -  Authorized. A token verified - eyJhbGciOiJIUzI1NiIsInR5cCI6IkpXVCJ9.eyJpZCI6IkFCRUw5NDAwOTA5OSIsImlhdCI6MTY3MzUwMDkyNCwiZXhwIjoxNjczNTAxODI0fQ.xG4L5kNDgghacVHJ6HSU6fJGclC8C1uIhExpTsZaceM
INFO 2023-01-12T13:23:50.983 OpenRequestController - getCashRequestByControlNo  responseMesage - Success, responseCode - 0
INFO 2023-01-12T13:24:12.236 userLogin Successfully generated a token - eyJhbGciOiJIUzI1NiIsInR5cCI6IkpXVCJ9.eyJpZCI6IkdBWU8wMjAxMzM1NyIsImlhdCI6MTY3MzUwMTA1MiwiZXhwIjoxNjczNTAxOTUyfQ.sus18V_LQAOkJWh--9dh1iIPqRbzQu1Vn41nCLx7sdo
INFO 2023-01-12T13:24:21.169 auth - verifyToken -  Authorized. A token verified - eyJhbGciOiJIUzI1NiIsInR5cCI6IkpXVCJ9.eyJpZCI6IkdBWU8wMjAxMzM1NyIsImlhdCI6MTY3MzUwMTA1MiwiZXhwIjoxNjczNTAxOTUyfQ.sus18V_LQAOkJWh--9dh1iIPqRbzQu1Vn41nCLx7sdo
INFO 2023-01-12T13:24:21.172 auth - verifyToken -  Authorized. A token verified - eyJhbGciOiJIUzI1NiIsInR5cCI6IkpXVCJ9.eyJpZCI6IkdBWU8wMjAxMzM1NyIsImlhdCI6MTY3MzUwMTA1MiwiZXhwIjoxNjczNTAxOTUyfQ.sus18V_LQAOkJWh--9dh1iIPqRbzQu1Vn41nCLx7sdo
INFO 2023-01-12T13:24:21.255 getAllRequestsRevFund - No data found Rows Length : 0
INFO 2023-01-12T13:24:21.256 getAllRequestsCash - No data found Rows Length : 0
INFO 2023-01-12T13:24:22.187 auth - verifyToken -  Authorized. A token verified - eyJhbGciOiJIUzI1NiIsInR5cCI6IkpXVCJ9.eyJpZCI6IkdBWU8wMjAxMzM1NyIsImlhdCI6MTY3MzUwMTA1MiwiZXhwIjoxNjczNTAxOTUyfQ.sus18V_LQAOkJWh--9dh1iIPqRbzQu1Vn41nCLx7sdo
INFO 2023-01-12T13:24:22.191 auth - verifyToken -  Authorized. A token verified - eyJhbGciOiJIUzI1NiIsInR5cCI6IkpXVCJ9.eyJpZCI6IkdBWU8wMjAxMzM1NyIsImlhdCI6MTY3MzUwMTA1MiwiZXhwIjoxNjczNTAxOTUyfQ.sus18V_LQAOkJWh--9dh1iIPqRbzQu1Vn41nCLx7sdo
INFO 2023-01-12T13:24:22.287 getAllRequestsForApprovalCash - area_approver Data Retrieved : 1
INFO 2023-01-12T13:24:22.289 getAllRequestsForApprovalRevolving - am_approver No Data Retrieved : 0
INFO 2023-01-12T13:24:23.213 auth - verifyToken -  Authorized. A token verified - eyJhbGciOiJIUzI1NiIsInR5cCI6IkpXVCJ9.eyJpZCI6IkdBWU8wMjAxMzM1NyIsImlhdCI6MTY3MzUwMTA1MiwiZXhwIjoxNjczNTAxOTUyfQ.sus18V_LQAOkJWh--9dh1iIPqRbzQu1Vn41nCLx7sdo
INFO 2023-01-12T13:24:23.305 OpenRequestController - getCashRequestByControlNo  responseMesage - Success, responseCode - 0
INFO 2023-01-12T13:24:27.970 auth - verifyToken -  Authorized. A token verified - eyJhbGciOiJIUzI1NiIsInR5cCI6IkpXVCJ9.eyJpZCI6IkdBWU8wMjAxMzM1NyIsImlhdCI6MTY3MzUwMTA1MiwiZXhwIjoxNjczNTAxOTUyfQ.sus18V_LQAOkJWh--9dh1iIPqRbzQu1Vn41nCLx7sdo
INFO 2023-01-12T13:24:28.072 CASH ADVANCE APPROVED - updateRequestStatus -  Approver Status Updating - CA-230112-000036
INFO 2023-01-12T13:24:28.184 CASH ADVANCE APPROVED - updateApproverStatus -  Approver Status Updated - area_approver
INFO 2023-01-12T13:24:31.953 auth - verifyToken -  Authorized. A token verified - eyJhbGciOiJIUzI1NiIsInR5cCI6IkpXVCJ9.eyJpZCI6IkdBWU8wMjAxMzM1NyIsImlhdCI6MTY3MzUwMTA1MiwiZXhwIjoxNjczNTAxOTUyfQ.sus18V_LQAOkJWh--9dh1iIPqRbzQu1Vn41nCLx7sdo
INFO 2023-01-12T13:24:32.039 OpenRequestController - getCashRequestByControlNo  responseMesage - Success, responseCode - 0
INFO 2023-01-12T13:26:45.877 auth - verifyToken -  Authorized. A token verified - eyJhbGciOiJIUzI1NiIsInR5cCI6IkpXVCJ9.eyJpZCI6IkdBWU8wMjAxMzM1NyIsImlhdCI6MTY3MzUwMTA1MiwiZXhwIjoxNjczNTAxOTUyfQ.sus18V_LQAOkJWh--9dh1iIPqRbzQu1Vn41nCLx7sdo
INFO 2023-01-12T13:26:45.978 OpenRequestController - getCashRequestByControlNo  responseMesage - Success, responseCode - 0
INFO 2023-01-12T13:26:47.470 auth - verifyToken -  Authorized. A token verified - eyJhbGciOiJIUzI1NiIsInR5cCI6IkpXVCJ9.eyJpZCI6IkFCRUw5NDAwOTA5OSIsImlhdCI6MTY3MzUwMDkyNCwiZXhwIjoxNjczNTAxODI0fQ.xG4L5kNDgghacVHJ6HSU6fJGclC8C1uIhExpTsZaceM
INFO 2023-01-12T13:26:47.561 OpenRequestController - getCashRequestByControlNo  responseMesage - Success, responseCode - 0
INFO 2023-01-12T13:26:56.724 auth - verifyToken -  Authorized. A token verified - eyJhbGciOiJIUzI1NiIsInR5cCI6IkpXVCJ9.eyJpZCI6IkdBWU8wMjAxMzM1NyIsImlhdCI6MTY3MzUwMTA1MiwiZXhwIjoxNjczNTAxOTUyfQ.sus18V_LQAOkJWh--9dh1iIPqRbzQu1Vn41nCLx7sdo
INFO 2023-01-12T13:26:56.732 auth - verifyToken -  Authorized. A token verified - eyJhbGciOiJIUzI1NiIsInR5cCI6IkpXVCJ9.eyJpZCI6IkdBWU8wMjAxMzM1NyIsImlhdCI6MTY3MzUwMTA1MiwiZXhwIjoxNjczNTAxOTUyfQ.sus18V_LQAOkJWh--9dh1iIPqRbzQu1Vn41nCLx7sdo
INFO 2023-01-12T13:26:56.811 getAllRequestsRevFund - No data found Rows Length : 0
INFO 2023-01-12T13:26:56.818 getAllRequestsCash - No data found Rows Length : 0
INFO 2023-01-12T13:26:57.745 auth - verifyToken -  Authorized. A token verified - eyJhbGciOiJIUzI1NiIsInR5cCI6IkpXVCJ9.eyJpZCI6IkdBWU8wMjAxMzM1NyIsImlhdCI6MTY3MzUwMTA1MiwiZXhwIjoxNjczNTAxOTUyfQ.sus18V_LQAOkJWh--9dh1iIPqRbzQu1Vn41nCLx7sdo
INFO 2023-01-12T13:26:57.750 auth - verifyToken -  Authorized. A token verified - eyJhbGciOiJIUzI1NiIsInR5cCI6IkpXVCJ9.eyJpZCI6IkdBWU8wMjAxMzM1NyIsImlhdCI6MTY3MzUwMTA1MiwiZXhwIjoxNjczNTAxOTUyfQ.sus18V_LQAOkJWh--9dh1iIPqRbzQu1Vn41nCLx7sdo
INFO 2023-01-12T13:26:57.834 getAllRequestsForApprovalCash - area_approver No Data Retrieved : 0
INFO 2023-01-12T13:26:57.839 getAllRequestsForApprovalRevolving - am_approver No Data Retrieved : 0
INFO 2023-01-12T13:27:09.177 userLogin Successfully generated a token - eyJhbGciOiJIUzI1NiIsInR5cCI6IkpXVCJ9.eyJpZCI6IkdBWU8wMjAxMzM1NyIsImlhdCI6MTY3MzUwMTIyOSwiZXhwIjoxNjczNTAyMTI5fQ.eOG6nSozNoOTo3t4i8RGg8Zns6W6vPm3SiOcBnKUpqE
INFO 2023-01-12T13:27:30.727 auth - verifyToken -  Authorized. A token verified - eyJhbGciOiJIUzI1NiIsInR5cCI6IkpXVCJ9.eyJpZCI6IkFCRUw5NDAwOTA5OSIsImlhdCI6MTY3MzUwMDkyNCwiZXhwIjoxNjczNTAxODI0fQ.xG4L5kNDgghacVHJ6HSU6fJGclC8C1uIhExpTsZaceM
INFO 2023-01-12T13:27:30.813 OpenRequestController - getCashRequestByControlNo  responseMesage - Success, responseCode - 0
INFO 2023-01-12T13:27:57.133 auth - verifyToken -  Authorized. A token verified - eyJhbGciOiJIUzI1NiIsInR5cCI6IkpXVCJ9.eyJpZCI6IkFCRUw5NDAwOTA5OSIsImlhdCI6MTY3MzUwMDkyNCwiZXhwIjoxNjczNTAxODI0fQ.xG4L5kNDgghacVHJ6HSU6fJGclC8C1uIhExpTsZaceM
INFO 2023-01-12T13:27:57.219 OpenRequestController - getCashRequestByControlNo  responseMesage - Success, responseCode - 0
INFO 2023-01-12T13:28:07.710 auth - verifyToken -  Authorized. A token verified - eyJhbGciOiJIUzI1NiIsInR5cCI6IkpXVCJ9.eyJpZCI6IkFCRUw5NDAwOTA5OSIsImlhdCI6MTY3MzUwMDkyNCwiZXhwIjoxNjczNTAxODI0fQ.xG4L5kNDgghacVHJ6HSU6fJGclC8C1uIhExpTsZaceM
INFO 2023-01-12T13:28:07.796 OpenRequestController - getCashRequestByControlNo  responseMesage - Success, responseCode - 0
INFO 2023-01-12T13:28:12.108 auth - verifyToken -  Authorized. A token verified - eyJhbGciOiJIUzI1NiIsInR5cCI6IkpXVCJ9.eyJpZCI6IkdBWU8wMjAxMzM1NyIsImlhdCI6MTY3MzUwMTIyOSwiZXhwIjoxNjczNTAyMTI5fQ.eOG6nSozNoOTo3t4i8RGg8Zns6W6vPm3SiOcBnKUpqE
INFO 2023-01-12T13:28:12.112 auth - verifyToken -  Authorized. A token verified - eyJhbGciOiJIUzI1NiIsInR5cCI6IkpXVCJ9.eyJpZCI6IkdBWU8wMjAxMzM1NyIsImlhdCI6MTY3MzUwMTIyOSwiZXhwIjoxNjczNTAyMTI5fQ.eOG6nSozNoOTo3t4i8RGg8Zns6W6vPm3SiOcBnKUpqE
INFO 2023-01-12T13:28:12.196 getAllRequestsRevFund - No data found Rows Length : 0
INFO 2023-01-12T13:28:12.201 getAllRequestsCash - No data found Rows Length : 0
INFO 2023-01-12T13:28:13.125 auth - verifyToken -  Authorized. A token verified - eyJhbGciOiJIUzI1NiIsInR5cCI6IkpXVCJ9.eyJpZCI6IkdBWU8wMjAxMzM1NyIsImlhdCI6MTY3MzUwMTIyOSwiZXhwIjoxNjczNTAyMTI5fQ.eOG6nSozNoOTo3t4i8RGg8Zns6W6vPm3SiOcBnKUpqE
INFO 2023-01-12T13:28:13.129 auth - verifyToken -  Authorized. A token verified - eyJhbGciOiJIUzI1NiIsInR5cCI6IkpXVCJ9.eyJpZCI6IkdBWU8wMjAxMzM1NyIsImlhdCI6MTY3MzUwMTIyOSwiZXhwIjoxNjczNTAyMTI5fQ.eOG6nSozNoOTo3t4i8RGg8Zns6W6vPm3SiOcBnKUpqE
INFO 2023-01-12T13:28:13.212 getAllRequestsForApprovalCash - area_approver No Data Retrieved : 0
INFO 2023-01-12T13:28:13.216 getAllRequestsForApprovalRevolving - am_approver No Data Retrieved : 0
INFO 2023-01-12T13:28:13.877 auth - verifyToken -  Authorized. A token verified - eyJhbGciOiJIUzI1NiIsInR5cCI6IkpXVCJ9.eyJpZCI6IkdBWU8wMjAxMzM1NyIsImlhdCI6MTY3MzUwMTIyOSwiZXhwIjoxNjczNTAyMTI5fQ.eOG6nSozNoOTo3t4i8RGg8Zns6W6vPm3SiOcBnKUpqE
INFO 2023-01-12T13:28:13.879 auth - verifyToken -  Authorized. A token verified - eyJhbGciOiJIUzI1NiIsInR5cCI6IkpXVCJ9.eyJpZCI6IkdBWU8wMjAxMzM1NyIsImlhdCI6MTY3MzUwMTIyOSwiZXhwIjoxNjczNTAyMTI5fQ.eOG6nSozNoOTo3t4i8RGg8Zns6W6vPm3SiOcBnKUpqE
INFO 2023-01-12T13:28:13.882 auth - verifyToken -  Authorized. A token verified - eyJhbGciOiJIUzI1NiIsInR5cCI6IkpXVCJ9.eyJpZCI6IkdBWU8wMjAxMzM1NyIsImlhdCI6MTY3MzUwMTIyOSwiZXhwIjoxNjczNTAyMTI5fQ.eOG6nSozNoOTo3t4i8RGg8Zns6W6vPm3SiOcBnKUpqE
INFO 2023-01-12T13:28:13.886 auth - verifyToken -  Authorized. A token verified - eyJhbGciOiJIUzI1NiIsInR5cCI6IkpXVCJ9.eyJpZCI6IkdBWU8wMjAxMzM1NyIsImlhdCI6MTY3MzUwMTIyOSwiZXhwIjoxNjczNTAyMTI5fQ.eOG6nSozNoOTo3t4i8RGg8Zns6W6vPm3SiOcBnKUpqE
INFO 2023-01-12T13:28:13.962 getAllRequestsCash - No data found Rows Length : 0
INFO 2023-01-12T13:28:13.966 getAllRequestsRevFund - No data found Rows Length : 0
INFO 2023-01-12T13:28:13.969 getAllRequestsCash - No data found Rows Length : 0
INFO 2023-01-12T13:28:13.973 getAllRequestsRevFund - No data found Rows Length : 0
INFO 2023-01-12T13:28:15.684 auth - verifyToken -  Authorized. A token verified - eyJhbGciOiJIUzI1NiIsInR5cCI6IkpXVCJ9.eyJpZCI6IkdBWU8wMjAxMzM1NyIsImlhdCI6MTY3MzUwMTIyOSwiZXhwIjoxNjczNTAyMTI5fQ.eOG6nSozNoOTo3t4i8RGg8Zns6W6vPm3SiOcBnKUpqE
INFO 2023-01-12T13:28:15.770 requestController - getMaxId -  row: 1
INFO 2023-01-12T13:28:27.817 auth - verifyToken -  Authorized. A token verified - eyJhbGciOiJIUzI1NiIsInR5cCI6IkpXVCJ9.eyJpZCI6IkdBWU8wMjAxMzM1NyIsImlhdCI6MTY3MzUwMTIyOSwiZXhwIjoxNjczNTAyMTI5fQ.eOG6nSozNoOTo3t4i8RGg8Zns6W6vPm3SiOcBnKUpqE
INFO 2023-01-12T13:28:27.905 OpenRequestController - postCashRequest  responseMesage - Success, responseCode - 0
INFO 2023-01-12T13:28:31.445 auth - verifyToken -  Authorized. A token verified - eyJhbGciOiJIUzI1NiIsInR5cCI6IkpXVCJ9.eyJpZCI6IkdBWU8wMjAxMzM1NyIsImlhdCI6MTY3MzUwMTIyOSwiZXhwIjoxNjczNTAyMTI5fQ.eOG6nSozNoOTo3t4i8RGg8Zns6W6vPm3SiOcBnKUpqE
INFO 2023-01-12T13:28:31.535 OpenRequestController - getCashRequestByControlNo  responseMesage - Success, responseCode - 0
INFO 2023-01-12T13:28:36.027 auth - verifyToken -  Authorized. A token verified - eyJhbGciOiJIUzI1NiIsInR5cCI6IkpXVCJ9.eyJpZCI6IkdBWU8wMjAxMzM1NyIsImlhdCI6MTY3MzUwMTIyOSwiZXhwIjoxNjczNTAyMTI5fQ.eOG6nSozNoOTo3t4i8RGg8Zns6W6vPm3SiOcBnKUpqE
INFO 2023-01-12T13:28:36.029 auth - verifyToken -  Authorized. A token verified - eyJhbGciOiJIUzI1NiIsInR5cCI6IkpXVCJ9.eyJpZCI6IkdBWU8wMjAxMzM1NyIsImlhdCI6MTY3MzUwMTIyOSwiZXhwIjoxNjczNTAyMTI5fQ.eOG6nSozNoOTo3t4i8RGg8Zns6W6vPm3SiOcBnKUpqE
INFO 2023-01-12T13:28:36.119 getAllRequestsRevFund - No data found Rows Length : 0
INFO 2023-01-12T13:28:36.120 getAllRequestsCash Rows Length : 1
INFO 2023-01-12T13:28:37.043 auth - verifyToken -  Authorized. A token verified - eyJhbGciOiJIUzI1NiIsInR5cCI6IkpXVCJ9.eyJpZCI6IkdBWU8wMjAxMzM1NyIsImlhdCI6MTY3MzUwMTIyOSwiZXhwIjoxNjczNTAyMTI5fQ.eOG6nSozNoOTo3t4i8RGg8Zns6W6vPm3SiOcBnKUpqE
INFO 2023-01-12T13:28:37.047 auth - verifyToken -  Authorized. A token verified - eyJhbGciOiJIUzI1NiIsInR5cCI6IkpXVCJ9.eyJpZCI6IkdBWU8wMjAxMzM1NyIsImlhdCI6MTY3MzUwMTIyOSwiZXhwIjoxNjczNTAyMTI5fQ.eOG6nSozNoOTo3t4i8RGg8Zns6W6vPm3SiOcBnKUpqE
INFO 2023-01-12T13:28:37.132 getAllRequestsForApprovalCash - area_approver No Data Retrieved : 0
INFO 2023-01-12T13:28:37.137 getAllRequestsForApprovalRevolving - am_approver No Data Retrieved : 0
INFO 2023-01-12T13:28:37.197 auth - verifyToken -  Authorized. A token verified - eyJhbGciOiJIUzI1NiIsInR5cCI6IkpXVCJ9.eyJpZCI6IkdBWU8wMjAxMzM1NyIsImlhdCI6MTY3MzUwMTIyOSwiZXhwIjoxNjczNTAyMTI5fQ.eOG6nSozNoOTo3t4i8RGg8Zns6W6vPm3SiOcBnKUpqE
INFO 2023-01-12T13:28:37.284 OpenRequestController - getCashRequestByControlNo  responseMesage - Success, responseCode - 0
INFO 2023-01-12T13:28:42.554 auth - verifyToken -  Authorized. A token verified - eyJhbGciOiJIUzI1NiIsInR5cCI6IkpXVCJ9.eyJpZCI6IkdBWU8wMjAxMzM1NyIsImlhdCI6MTY3MzUwMTIyOSwiZXhwIjoxNjczNTAyMTI5fQ.eOG6nSozNoOTo3t4i8RGg8Zns6W6vPm3SiOcBnKUpqE
INFO 2023-01-12T13:28:42.555 auth - verifyToken -  Authorized. A token verified - eyJhbGciOiJIUzI1NiIsInR5cCI6IkpXVCJ9.eyJpZCI6IkdBWU8wMjAxMzM1NyIsImlhdCI6MTY3MzUwMTIyOSwiZXhwIjoxNjczNTAyMTI5fQ.eOG6nSozNoOTo3t4i8RGg8Zns6W6vPm3SiOcBnKUpqE
INFO 2023-01-12T13:28:42.642 getAllRequestsRevFund - No data found Rows Length : 0
INFO 2023-01-12T13:28:42.644 getAllRequestsCash Rows Length : 1
INFO 2023-01-12T13:28:43.560 auth - verifyToken -  Authorized. A token verified - eyJhbGciOiJIUzI1NiIsInR5cCI6IkpXVCJ9.eyJpZCI6IkdBWU8wMjAxMzM1NyIsImlhdCI6MTY3MzUwMTIyOSwiZXhwIjoxNjczNTAyMTI5fQ.eOG6nSozNoOTo3t4i8RGg8Zns6W6vPm3SiOcBnKUpqE
INFO 2023-01-12T13:28:43.563 auth - verifyToken -  Authorized. A token verified - eyJhbGciOiJIUzI1NiIsInR5cCI6IkpXVCJ9.eyJpZCI6IkdBWU8wMjAxMzM1NyIsImlhdCI6MTY3MzUwMTIyOSwiZXhwIjoxNjczNTAyMTI5fQ.eOG6nSozNoOTo3t4i8RGg8Zns6W6vPm3SiOcBnKUpqE
INFO 2023-01-12T13:28:43.647 getAllRequestsForApprovalCash - area_approver No Data Retrieved : 0
INFO 2023-01-12T13:28:43.651 getAllRequestsForApprovalRevolving - am_approver No Data Retrieved : 0
INFO 2023-01-12T13:28:43.802 auth - verifyToken -  Authorized. A token verified - eyJhbGciOiJIUzI1NiIsInR5cCI6IkpXVCJ9.eyJpZCI6IkdBWU8wMjAxMzM1NyIsImlhdCI6MTY3MzUwMTIyOSwiZXhwIjoxNjczNTAyMTI5fQ.eOG6nSozNoOTo3t4i8RGg8Zns6W6vPm3SiOcBnKUpqE
INFO 2023-01-12T13:28:43.808 auth - verifyToken -  Authorized. A token verified - eyJhbGciOiJIUzI1NiIsInR5cCI6IkpXVCJ9.eyJpZCI6IkdBWU8wMjAxMzM1NyIsImlhdCI6MTY3MzUwMTIyOSwiZXhwIjoxNjczNTAyMTI5fQ.eOG6nSozNoOTo3t4i8RGg8Zns6W6vPm3SiOcBnKUpqE
INFO 2023-01-12T13:28:43.810 auth - verifyToken -  Authorized. A token verified - eyJhbGciOiJIUzI1NiIsInR5cCI6IkpXVCJ9.eyJpZCI6IkdBWU8wMjAxMzM1NyIsImlhdCI6MTY3MzUwMTIyOSwiZXhwIjoxNjczNTAyMTI5fQ.eOG6nSozNoOTo3t4i8RGg8Zns6W6vPm3SiOcBnKUpqE
INFO 2023-01-12T13:28:43.811 auth - verifyToken -  Authorized. A token verified - eyJhbGciOiJIUzI1NiIsInR5cCI6IkpXVCJ9.eyJpZCI6IkdBWU8wMjAxMzM1NyIsImlhdCI6MTY3MzUwMTIyOSwiZXhwIjoxNjczNTAyMTI5fQ.eOG6nSozNoOTo3t4i8RGg8Zns6W6vPm3SiOcBnKUpqE
INFO 2023-01-12T13:28:43.894 getAllRequestsCash - No data found Rows Length : 0
INFO 2023-01-12T13:28:43.897 getAllRequestsRevFund - No data found Rows Length : 0
INFO 2023-01-12T13:28:43.898 getAllRequestsCash - No data found Rows Length : 0
INFO 2023-01-12T13:28:43.899 getAllRequestsRevFund - No data found Rows Length : 0
INFO 2023-01-12T13:29:47.324 auth - verifyToken -  Authorized. A token verified - eyJhbGciOiJIUzI1NiIsInR5cCI6IkpXVCJ9.eyJpZCI6IkFCRUw5NDAwOTA5OSIsImlhdCI6MTY3MzUwMDkyNCwiZXhwIjoxNjczNTAxODI0fQ.xG4L5kNDgghacVHJ6HSU6fJGclC8C1uIhExpTsZaceM
INFO 2023-01-12T13:29:47.412 OpenRequestController - getCashRequestByControlNo  responseMesage - Success, responseCode - 0
INFO 2023-01-12T13:29:47.870 auth - verifyToken -  Authorized. A token verified - eyJhbGciOiJIUzI1NiIsInR5cCI6IkpXVCJ9.eyJpZCI6IkFCRUw5NDAwOTA5OSIsImlhdCI6MTY3MzUwMDkyNCwiZXhwIjoxNjczNTAxODI0fQ.xG4L5kNDgghacVHJ6HSU6fJGclC8C1uIhExpTsZaceM
INFO 2023-01-12T13:29:47.957 OpenRequestController - getCashRequestByControlNo  responseMesage - Success, responseCode - 0
INFO 2023-01-12T13:29:59.406 auth - verifyToken -  Authorized. A token verified - eyJhbGciOiJIUzI1NiIsInR5cCI6IkpXVCJ9.eyJpZCI6IkFCRUw5NDAwOTA5OSIsImlhdCI6MTY3MzUwMDkyNCwiZXhwIjoxNjczNTAxODI0fQ.xG4L5kNDgghacVHJ6HSU6fJGclC8C1uIhExpTsZaceM
INFO 2023-01-12T13:29:59.495 OpenRequestController - getCashRequestByControlNo  responseMesage - Success, responseCode - 0
INFO 2023-01-12T13:30:12.499 auth - verifyToken -  Authorized. A token verified - eyJhbGciOiJIUzI1NiIsInR5cCI6IkpXVCJ9.eyJpZCI6IkFCRUw5NDAwOTA5OSIsImlhdCI6MTY3MzUwMDkyNCwiZXhwIjoxNjczNTAxODI0fQ.xG4L5kNDgghacVHJ6HSU6fJGclC8C1uIhExpTsZaceM
INFO 2023-01-12T13:30:12.595 OpenRequestController - getCashRequestByControlNo  responseMesage - Success, responseCode - 0
INFO 2023-01-12T13:30:27.840 auth - verifyToken -  Authorized. A token verified - eyJhbGciOiJIUzI1NiIsInR5cCI6IkpXVCJ9.eyJpZCI6IkFCRUw5NDAwOTA5OSIsImlhdCI6MTY3MzUwMDkyNCwiZXhwIjoxNjczNTAxODI0fQ.xG4L5kNDgghacVHJ6HSU6fJGclC8C1uIhExpTsZaceM
INFO 2023-01-12T13:30:27.847 auth - verifyToken -  Authorized. A token verified - eyJhbGciOiJIUzI1NiIsInR5cCI6IkpXVCJ9.eyJpZCI6IkFCRUw5NDAwOTA5OSIsImlhdCI6MTY3MzUwMDkyNCwiZXhwIjoxNjczNTAxODI0fQ.xG4L5kNDgghacVHJ6HSU6fJGclC8C1uIhExpTsZaceM
INFO 2023-01-12T13:30:27.931 getAllRequestsRevFund - No data found Rows Length : 0
INFO 2023-01-12T13:30:27.935 getAllRequestsCash Rows Length : 2
INFO 2023-01-12T13:30:38.634 userLogin Successfully generated a token - eyJhbGciOiJIUzI1NiIsInR5cCI6IkpXVCJ9.eyJpZCI6IkFCRUw5NDAwOTA5OSIsImlhdCI6MTY3MzUwMTQzOCwiZXhwIjoxNjczNTAyMzM4fQ.SVjBEycld1uBJY1IrKuOZJFE72qYOPQmQQQ_ES3ewZU
INFO 2023-01-12T13:30:47.266 auth - verifyToken -  Authorized. A token verified - eyJhbGciOiJIUzI1NiIsInR5cCI6IkpXVCJ9.eyJpZCI6IkFCRUw5NDAwOTA5OSIsImlhdCI6MTY3MzUwMTQzOCwiZXhwIjoxNjczNTAyMzM4fQ.SVjBEycld1uBJY1IrKuOZJFE72qYOPQmQQQ_ES3ewZU
INFO 2023-01-12T13:30:47.271 auth - verifyToken -  Authorized. A token verified - eyJhbGciOiJIUzI1NiIsInR5cCI6IkpXVCJ9.eyJpZCI6IkFCRUw5NDAwOTA5OSIsImlhdCI6MTY3MzUwMTQzOCwiZXhwIjoxNjczNTAyMzM4fQ.SVjBEycld1uBJY1IrKuOZJFE72qYOPQmQQQ_ES3ewZU
INFO 2023-01-12T13:30:47.354 getAllRequestsRevFund - No data found Rows Length : 0
INFO 2023-01-12T13:30:47.359 getAllRequestsCash Rows Length : 2
INFO 2023-01-12T13:30:48.367 auth - verifyToken -  Authorized. A token verified - eyJhbGciOiJIUzI1NiIsInR5cCI6IkpXVCJ9.eyJpZCI6IkFCRUw5NDAwOTA5OSIsImlhdCI6MTY3MzUwMTQzOCwiZXhwIjoxNjczNTAyMzM4fQ.SVjBEycld1uBJY1IrKuOZJFE72qYOPQmQQQ_ES3ewZU
INFO 2023-01-12T13:30:48.452 OpenRequestController - getCashRequestByControlNo  responseMesage - Success, responseCode - 0
INFO 2023-01-12T13:30:51.397 auth - verifyToken -  Authorized. A token verified - eyJhbGciOiJIUzI1NiIsInR5cCI6IkpXVCJ9.eyJpZCI6IkFCRUw5NDAwOTA5OSIsImlhdCI6MTY3MzUwMTQzOCwiZXhwIjoxNjczNTAyMzM4fQ.SVjBEycld1uBJY1IrKuOZJFE72qYOPQmQQQ_ES3ewZU
INFO 2023-01-12T13:30:51.400 auth - verifyToken -  Authorized. A token verified - eyJhbGciOiJIUzI1NiIsInR5cCI6IkpXVCJ9.eyJpZCI6IkFCRUw5NDAwOTA5OSIsImlhdCI6MTY3MzUwMTQzOCwiZXhwIjoxNjczNTAyMzM4fQ.SVjBEycld1uBJY1IrKuOZJFE72qYOPQmQQQ_ES3ewZU
INFO 2023-01-12T13:30:51.487 getAllRequestsRevFund - No data found Rows Length : 0
INFO 2023-01-12T13:30:51.488 getAllRequestsCash Rows Length : 2
INFO 2023-01-12T13:30:52.050 auth - verifyToken -  Authorized. A token verified - eyJhbGciOiJIUzI1NiIsInR5cCI6IkpXVCJ9.eyJpZCI6IkFCRUw5NDAwOTA5OSIsImlhdCI6MTY3MzUwMTQzOCwiZXhwIjoxNjczNTAyMzM4fQ.SVjBEycld1uBJY1IrKuOZJFE72qYOPQmQQQ_ES3ewZU
INFO 2023-01-12T13:30:52.139 OpenRequestController - getCashRequestByControlNo  responseMesage - Success, responseCode - 0
INFO 2023-01-12T13:31:04.985 auth - verifyToken -  Authorized. A token verified - eyJhbGciOiJIUzI1NiIsInR5cCI6IkpXVCJ9.eyJpZCI6IkFCRUw5NDAwOTA5OSIsImlhdCI6MTY3MzUwMTQzOCwiZXhwIjoxNjczNTAyMzM4fQ.SVjBEycld1uBJY1IrKuOZJFE72qYOPQmQQQ_ES3ewZU
INFO 2023-01-12T13:31:04.987 auth - verifyToken -  Authorized. A token verified - eyJhbGciOiJIUzI1NiIsInR5cCI6IkpXVCJ9.eyJpZCI6IkFCRUw5NDAwOTA5OSIsImlhdCI6MTY3MzUwMTQzOCwiZXhwIjoxNjczNTAyMzM4fQ.SVjBEycld1uBJY1IrKuOZJFE72qYOPQmQQQ_ES3ewZU
INFO 2023-01-12T13:31:05.080 getAllRequestsRevFund - No data found Rows Length : 0
INFO 2023-01-12T13:31:05.080 getAllRequestsCash Rows Length : 2
INFO 2023-01-12T13:31:29.466 userLogin Successfully generated a token - eyJhbGciOiJIUzI1NiIsInR5cCI6IkpXVCJ9.eyJpZCI6IkFHTkUyMDE5MDI4MSIsImlhdCI6MTY3MzUwMTQ4OSwiZXhwIjoxNjczNTAyMzg5fQ.OTHK-6AEYDAWzd3e45qRva9wnNOLME7ZJ77eSWD4hII
INFO 2023-01-12T13:31:56.526 auth - verifyToken -  Authorized. A token verified - eyJhbGciOiJIUzI1NiIsInR5cCI6IkpXVCJ9.eyJpZCI6IkFCRUw5NDAwOTA5OSIsImlhdCI6MTY3MzUwMDkyNCwiZXhwIjoxNjczNTAxODI0fQ.xG4L5kNDgghacVHJ6HSU6fJGclC8C1uIhExpTsZaceM
INFO 2023-01-12T13:31:56.529 auth - verifyToken -  Authorized. A token verified - eyJhbGciOiJIUzI1NiIsInR5cCI6IkpXVCJ9.eyJpZCI6IkFCRUw5NDAwOTA5OSIsImlhdCI6MTY3MzUwMDkyNCwiZXhwIjoxNjczNTAxODI0fQ.xG4L5kNDgghacVHJ6HSU6fJGclC8C1uIhExpTsZaceM
INFO 2023-01-12T13:31:56.612 getAllRequestsRevFund - No data found Rows Length : 0
INFO 2023-01-12T13:31:56.615 getAllRequestsCash Rows Length : 2
INFO 2023-01-12T13:32:28.854 userLogin Successfully generated a token - eyJhbGciOiJIUzI1NiIsInR5cCI6IkpXVCJ9.eyJpZCI6Ik1JTEw5NDAwMjcyMiIsImlhdCI6MTY3MzUwMTU0OCwiZXhwIjoxNjczNTAyNDQ4fQ.yGB4_A5f8UNwtvL-vZmoEKspFV0M1nN7X0ddLP3Pm50
INFO 2023-01-12T13:32:37.429 auth - verifyToken -  Authorized. A token verified - eyJhbGciOiJIUzI1NiIsInR5cCI6IkpXVCJ9.eyJpZCI6Ik1JTEw5NDAwMjcyMiIsImlhdCI6MTY3MzUwMTU0OCwiZXhwIjoxNjczNTAyNDQ4fQ.yGB4_A5f8UNwtvL-vZmoEKspFV0M1nN7X0ddLP3Pm50
INFO 2023-01-12T13:32:37.430 auth - verifyToken -  Authorized. A token verified - eyJhbGciOiJIUzI1NiIsInR5cCI6IkpXVCJ9.eyJpZCI6Ik1JTEw5NDAwMjcyMiIsImlhdCI6MTY3MzUwMTU0OCwiZXhwIjoxNjczNTAyNDQ4fQ.yGB4_A5f8UNwtvL-vZmoEKspFV0M1nN7X0ddLP3Pm50
INFO 2023-01-12T13:32:37.516 getAllRequestsRevFund Rows Length : 2
INFO 2023-01-12T13:32:37.517 getAllRequestsCash Rows Length : 1
INFO 2023-01-12T13:32:38.451 auth - verifyToken -  Authorized. A token verified - eyJhbGciOiJIUzI1NiIsInR5cCI6IkpXVCJ9.eyJpZCI6Ik1JTEw5NDAwMjcyMiIsImlhdCI6MTY3MzUwMTU0OCwiZXhwIjoxNjczNTAyNDQ4fQ.yGB4_A5f8UNwtvL-vZmoEKspFV0M1nN7X0ddLP3Pm50
INFO 2023-01-12T13:32:38.454 auth - verifyToken -  Authorized. A token verified - eyJhbGciOiJIUzI1NiIsInR5cCI6IkpXVCJ9.eyJpZCI6Ik1JTEw5NDAwMjcyMiIsImlhdCI6MTY3MzUwMTU0OCwiZXhwIjoxNjczNTAyNDQ4fQ.yGB4_A5f8UNwtvL-vZmoEKspFV0M1nN7X0ddLP3Pm50
INFO 2023-01-12T13:32:38.541 getAllRequestsForApprovalCash - vpo_approver Data Retrieved : 1
INFO 2023-01-12T13:32:38.542 getAllRequestsForApprovalRevolving - vpo_approver Data Retrieved : 1
INFO 2023-01-12T13:32:39.660 auth - verifyToken -  Authorized. A token verified - eyJhbGciOiJIUzI1NiIsInR5cCI6IkpXVCJ9.eyJpZCI6Ik1JTEw5NDAwMjcyMiIsImlhdCI6MTY3MzUwMTU0OCwiZXhwIjoxNjczNTAyNDQ4fQ.yGB4_A5f8UNwtvL-vZmoEKspFV0M1nN7X0ddLP3Pm50
INFO 2023-01-12T13:32:39.749 OpenRequestController - getCashRequestByControlNo  responseMesage - Success, responseCode - 0
INFO 2023-01-12T13:32:48.358 auth - verifyToken -  Authorized. A token verified - eyJhbGciOiJIUzI1NiIsInR5cCI6IkpXVCJ9.eyJpZCI6Ik1JTEw5NDAwMjcyMiIsImlhdCI6MTY3MzUwMTU0OCwiZXhwIjoxNjczNTAyNDQ4fQ.yGB4_A5f8UNwtvL-vZmoEKspFV0M1nN7X0ddLP3Pm50
INFO 2023-01-12T13:32:48.363 auth - verifyToken -  Authorized. A token verified - eyJhbGciOiJIUzI1NiIsInR5cCI6IkpXVCJ9.eyJpZCI6Ik1JTEw5NDAwMjcyMiIsImlhdCI6MTY3MzUwMTU0OCwiZXhwIjoxNjczNTAyNDQ4fQ.yGB4_A5f8UNwtvL-vZmoEKspFV0M1nN7X0ddLP3Pm50
INFO 2023-01-12T13:32:48.444 getAllRequestsRevFund Rows Length : 2
INFO 2023-01-12T13:32:48.449 getAllRequestsCash Rows Length : 1
INFO 2023-01-12T13:32:49.372 auth - verifyToken -  Authorized. A token verified - eyJhbGciOiJIUzI1NiIsInR5cCI6IkpXVCJ9.eyJpZCI6Ik1JTEw5NDAwMjcyMiIsImlhdCI6MTY3MzUwMTU0OCwiZXhwIjoxNjczNTAyNDQ4fQ.yGB4_A5f8UNwtvL-vZmoEKspFV0M1nN7X0ddLP3Pm50
INFO 2023-01-12T13:32:49.375 auth - verifyToken -  Authorized. A token verified - eyJhbGciOiJIUzI1NiIsInR5cCI6IkpXVCJ9.eyJpZCI6Ik1JTEw5NDAwMjcyMiIsImlhdCI6MTY3MzUwMTU0OCwiZXhwIjoxNjczNTAyNDQ4fQ.yGB4_A5f8UNwtvL-vZmoEKspFV0M1nN7X0ddLP3Pm50
INFO 2023-01-12T13:32:49.466 getAllRequestsForApprovalCash - vpo_approver Data Retrieved : 1
INFO 2023-01-12T13:32:49.468 getAllRequestsForApprovalRevolving - vpo_approver Data Retrieved : 1
INFO 2023-01-12T13:32:50.502 auth - verifyToken -  Authorized. A token verified - eyJhbGciOiJIUzI1NiIsInR5cCI6IkpXVCJ9.eyJpZCI6Ik1JTEw5NDAwMjcyMiIsImlhdCI6MTY3MzUwMTU0OCwiZXhwIjoxNjczNTAyNDQ4fQ.yGB4_A5f8UNwtvL-vZmoEKspFV0M1nN7X0ddLP3Pm50
INFO 2023-01-12T13:32:50.597 OpenRequestController - getRfRequestByControlNo  responseMesage - Success, responseCode - 0
INFO 2023-01-12T13:32:54.681 auth - verifyToken -  Authorized. A token verified - eyJhbGciOiJIUzI1NiIsInR5cCI6IkpXVCJ9.eyJpZCI6Ik1JTEw5NDAwMjcyMiIsImlhdCI6MTY3MzUwMTU0OCwiZXhwIjoxNjczNTAyNDQ4fQ.yGB4_A5f8UNwtvL-vZmoEKspFV0M1nN7X0ddLP3Pm50
INFO 2023-01-12T13:32:54.880 REVOLVING FUND APPROVED - updateRequestStatus -  Request Status Updated - RF-230111-000012
INFO 2023-01-12T13:32:54.967 REVOLVING FUND APPROVED - updateApproverStatus -  Approver Status Updated - vpo_approver
INFO 2023-01-12T13:32:58.755 auth - verifyToken -  Authorized. A token verified - eyJhbGciOiJIUzI1NiIsInR5cCI6IkpXVCJ9.eyJpZCI6Ik1JTEw5NDAwMjcyMiIsImlhdCI6MTY3MzUwMTU0OCwiZXhwIjoxNjczNTAyNDQ4fQ.yGB4_A5f8UNwtvL-vZmoEKspFV0M1nN7X0ddLP3Pm50
INFO 2023-01-12T13:32:58.843 OpenRequestController - getRfRequestByControlNo  responseMesage - Success, responseCode - 0
INFO 2023-01-12T13:33:04.312 auth - verifyToken -  Authorized. A token verified - eyJhbGciOiJIUzI1NiIsInR5cCI6IkpXVCJ9.eyJpZCI6Ik1JTEw5NDAwMjcyMiIsImlhdCI6MTY3MzUwMTU0OCwiZXhwIjoxNjczNTAyNDQ4fQ.yGB4_A5f8UNwtvL-vZmoEKspFV0M1nN7X0ddLP3Pm50
INFO 2023-01-12T13:33:04.317 auth - verifyToken -  Authorized. A token verified - eyJhbGciOiJIUzI1NiIsInR5cCI6IkpXVCJ9.eyJpZCI6Ik1JTEw5NDAwMjcyMiIsImlhdCI6MTY3MzUwMTU0OCwiZXhwIjoxNjczNTAyNDQ4fQ.yGB4_A5f8UNwtvL-vZmoEKspFV0M1nN7X0ddLP3Pm50
INFO 2023-01-12T13:33:04.396 getAllRequestsRevFund Rows Length : 2
INFO 2023-01-12T13:33:04.408 getAllRequestsCash Rows Length : 1
INFO 2023-01-12T13:33:05.329 auth - verifyToken -  Authorized. A token verified - eyJhbGciOiJIUzI1NiIsInR5cCI6IkpXVCJ9.eyJpZCI6Ik1JTEw5NDAwMjcyMiIsImlhdCI6MTY3MzUwMTU0OCwiZXhwIjoxNjczNTAyNDQ4fQ.yGB4_A5f8UNwtvL-vZmoEKspFV0M1nN7X0ddLP3Pm50
INFO 2023-01-12T13:33:05.333 auth - verifyToken -  Authorized. A token verified - eyJhbGciOiJIUzI1NiIsInR5cCI6IkpXVCJ9.eyJpZCI6Ik1JTEw5NDAwMjcyMiIsImlhdCI6MTY3MzUwMTU0OCwiZXhwIjoxNjczNTAyNDQ4fQ.yGB4_A5f8UNwtvL-vZmoEKspFV0M1nN7X0ddLP3Pm50
INFO 2023-01-12T13:33:05.417 getAllRequestsForApprovalCash - vpo_approver Data Retrieved : 1
INFO 2023-01-12T13:33:05.424 getAllRequestsForApprovalRevolving - vpo_approver No Data Retrieved : 0
INFO 2023-01-12T13:33:41.694 userLogin Successfully generated a token - eyJhbGciOiJIUzI1NiIsInR5cCI6IkpXVCJ9.eyJpZCI6IkRJRVozMDE5MjYyIiwiaWF0IjoxNjczNTAxNjIxLCJleHAiOjE2NzM1MDI1MjF9.eH900BgE_TyeX2tTtT36bqajgreVJmQYbpKhQl7BxP0
INFO 2023-01-12T13:33:47.090 auth - verifyToken -  Authorized. A token verified - eyJhbGciOiJIUzI1NiIsInR5cCI6IkpXVCJ9.eyJpZCI6IkRJRVozMDE5MjYyIiwiaWF0IjoxNjczNTAxNjIxLCJleHAiOjE2NzM1MDI1MjF9.eH900BgE_TyeX2tTtT36bqajgreVJmQYbpKhQl7BxP0
INFO 2023-01-12T13:33:47.094 auth - verifyToken -  Authorized. A token verified - eyJhbGciOiJIUzI1NiIsInR5cCI6IkpXVCJ9.eyJpZCI6IkRJRVozMDE5MjYyIiwiaWF0IjoxNjczNTAxNjIxLCJleHAiOjE2NzM1MDI1MjF9.eH900BgE_TyeX2tTtT36bqajgreVJmQYbpKhQl7BxP0
INFO 2023-01-12T13:33:47.176 getAllRequestsRevFund - No data found Rows Length : 0
INFO 2023-01-12T13:33:47.183 getAllRequestsCash Rows Length : 1
INFO 2023-01-12T13:33:48.111 auth - verifyToken -  Authorized. A token verified - eyJhbGciOiJIUzI1NiIsInR5cCI6IkpXVCJ9.eyJpZCI6IkRJRVozMDE5MjYyIiwiaWF0IjoxNjczNTAxNjIxLCJleHAiOjE2NzM1MDI1MjF9.eH900BgE_TyeX2tTtT36bqajgreVJmQYbpKhQl7BxP0
INFO 2023-01-12T13:33:48.114 auth - verifyToken -  Authorized. A token verified - eyJhbGciOiJIUzI1NiIsInR5cCI6IkpXVCJ9.eyJpZCI6IkRJRVozMDE5MjYyIiwiaWF0IjoxNjczNTAxNjIxLCJleHAiOjE2NzM1MDI1MjF9.eH900BgE_TyeX2tTtT36bqajgreVJmQYbpKhQl7BxP0
INFO 2023-01-12T13:33:48.210 getAllRequestsForApprovalCash - ram_approver Data Retrieved : 2
INFO 2023-01-12T13:33:48.211 getAllRequestsForApprovalRevolving - ram_approver No Data Retrieved : 0
INFO 2023-01-12T13:33:50.173 auth - verifyToken -  Authorized. A token verified - eyJhbGciOiJIUzI1NiIsInR5cCI6IkpXVCJ9.eyJpZCI6IkRJRVozMDE5MjYyIiwiaWF0IjoxNjczNTAxNjIxLCJleHAiOjE2NzM1MDI1MjF9.eH900BgE_TyeX2tTtT36bqajgreVJmQYbpKhQl7BxP0
INFO 2023-01-12T13:33:50.269 OpenRequestController - getCashRequestByControlNo  responseMesage - Success, responseCode - 0
INFO 2023-01-12T13:33:54.470 auth - verifyToken -  Authorized. A token verified - eyJhbGciOiJIUzI1NiIsInR5cCI6IkpXVCJ9.eyJpZCI6IkRJRVozMDE5MjYyIiwiaWF0IjoxNjczNTAxNjIxLCJleHAiOjE2NzM1MDI1MjF9.eH900BgE_TyeX2tTtT36bqajgreVJmQYbpKhQl7BxP0
INFO 2023-01-12T13:33:54.475 auth - verifyToken -  Authorized. A token verified - eyJhbGciOiJIUzI1NiIsInR5cCI6IkpXVCJ9.eyJpZCI6IkRJRVozMDE5MjYyIiwiaWF0IjoxNjczNTAxNjIxLCJleHAiOjE2NzM1MDI1MjF9.eH900BgE_TyeX2tTtT36bqajgreVJmQYbpKhQl7BxP0
INFO 2023-01-12T13:33:54.479 auth - verifyToken -  Authorized. A token verified - eyJhbGciOiJIUzI1NiIsInR5cCI6IkpXVCJ9.eyJpZCI6IkRJRVozMDE5MjYyIiwiaWF0IjoxNjczNTAxNjIxLCJleHAiOjE2NzM1MDI1MjF9.eH900BgE_TyeX2tTtT36bqajgreVJmQYbpKhQl7BxP0
INFO 2023-01-12T13:33:54.480 auth - verifyToken -  Authorized. A token verified - eyJhbGciOiJIUzI1NiIsInR5cCI6IkpXVCJ9.eyJpZCI6IkRJRVozMDE5MjYyIiwiaWF0IjoxNjczNTAxNjIxLCJleHAiOjE2NzM1MDI1MjF9.eH900BgE_TyeX2tTtT36bqajgreVJmQYbpKhQl7BxP0
INFO 2023-01-12T13:33:54.557 getAllRequestsCash - No data found Rows Length : 0
INFO 2023-01-12T13:33:54.564 getAllRequestsCash - No data found Rows Length : 0
INFO 2023-01-12T13:33:54.574 getAllRequestsRevFund - No data found Rows Length : 0
INFO 2023-01-12T13:33:54.574 getAllRequestsRevFund Rows Length : 1
INFO 2023-01-12T13:33:57.429 auth - verifyToken -  Authorized. A token verified - eyJhbGciOiJIUzI1NiIsInR5cCI6IkpXVCJ9.eyJpZCI6IkRJRVozMDE5MjYyIiwiaWF0IjoxNjczNTAxNjIxLCJleHAiOjE2NzM1MDI1MjF9.eH900BgE_TyeX2tTtT36bqajgreVJmQYbpKhQl7BxP0
INFO 2023-01-12T13:33:57.532 OpenRequestController - getRfRequestByControlNo  responseMesage - Success, responseCode - 0
INFO 2023-01-12T13:34:03.918 auth - verifyToken -  Authorized. A token verified - eyJhbGciOiJIUzI1NiIsInR5cCI6IkpXVCJ9.eyJpZCI6IkRJRVozMDE5MjYyIiwiaWF0IjoxNjczNTAxNjIxLCJleHAiOjE2NzM1MDI1MjF9.eH900BgE_TyeX2tTtT36bqajgreVJmQYbpKhQl7BxP0
INFO 2023-01-12T13:34:03.919 auth - verifyToken -  Authorized. A token verified - eyJhbGciOiJIUzI1NiIsInR5cCI6IkpXVCJ9.eyJpZCI6IkRJRVozMDE5MjYyIiwiaWF0IjoxNjczNTAxNjIxLCJleHAiOjE2NzM1MDI1MjF9.eH900BgE_TyeX2tTtT36bqajgreVJmQYbpKhQl7BxP0
INFO 2023-01-12T13:34:03.921 auth - verifyToken -  Authorized. A token verified - eyJhbGciOiJIUzI1NiIsInR5cCI6IkpXVCJ9.eyJpZCI6IkRJRVozMDE5MjYyIiwiaWF0IjoxNjczNTAxNjIxLCJleHAiOjE2NzM1MDI1MjF9.eH900BgE_TyeX2tTtT36bqajgreVJmQYbpKhQl7BxP0
INFO 2023-01-12T13:34:03.922 auth - verifyToken -  Authorized. A token verified - eyJhbGciOiJIUzI1NiIsInR5cCI6IkpXVCJ9.eyJpZCI6IkRJRVozMDE5MjYyIiwiaWF0IjoxNjczNTAxNjIxLCJleHAiOjE2NzM1MDI1MjF9.eH900BgE_TyeX2tTtT36bqajgreVJmQYbpKhQl7BxP0
INFO 2023-01-12T13:34:04.004 getAllRequestsCash - No data found Rows Length : 0
INFO 2023-01-12T13:34:04.005 getAllRequestsRevFund - No data found Rows Length : 0
INFO 2023-01-12T13:34:04.007 getAllRequestsCash - No data found Rows Length : 0
INFO 2023-01-12T13:34:04.008 getAllRequestsRevFund Rows Length : 1
INFO 2023-01-12T13:34:06.083 auth - verifyToken -  Authorized. A token verified - eyJhbGciOiJIUzI1NiIsInR5cCI6IkpXVCJ9.eyJpZCI6IkRJRVozMDE5MjYyIiwiaWF0IjoxNjczNTAxNjIxLCJleHAiOjE2NzM1MDI1MjF9.eH900BgE_TyeX2tTtT36bqajgreVJmQYbpKhQl7BxP0
INFO 2023-01-12T13:34:06.087 auth - verifyToken -  Authorized. A token verified - eyJhbGciOiJIUzI1NiIsInR5cCI6IkpXVCJ9.eyJpZCI6IkRJRVozMDE5MjYyIiwiaWF0IjoxNjczNTAxNjIxLCJleHAiOjE2NzM1MDI1MjF9.eH900BgE_TyeX2tTtT36bqajgreVJmQYbpKhQl7BxP0
INFO 2023-01-12T13:34:06.170 getAllRequestsRevFund - No data found Rows Length : 0
INFO 2023-01-12T13:34:06.175 getAllRequestsCash Rows Length : 1
INFO 2023-01-12T13:34:07.102 auth - verifyToken -  Authorized. A token verified - eyJhbGciOiJIUzI1NiIsInR5cCI6IkpXVCJ9.eyJpZCI6IkRJRVozMDE5MjYyIiwiaWF0IjoxNjczNTAxNjIxLCJleHAiOjE2NzM1MDI1MjF9.eH900BgE_TyeX2tTtT36bqajgreVJmQYbpKhQl7BxP0
INFO 2023-01-12T13:34:07.106 auth - verifyToken -  Authorized. A token verified - eyJhbGciOiJIUzI1NiIsInR5cCI6IkpXVCJ9.eyJpZCI6IkRJRVozMDE5MjYyIiwiaWF0IjoxNjczNTAxNjIxLCJleHAiOjE2NzM1MDI1MjF9.eH900BgE_TyeX2tTtT36bqajgreVJmQYbpKhQl7BxP0
INFO 2023-01-12T13:34:07.195 getAllRequestsForApprovalCash - ram_approver Data Retrieved : 2
INFO 2023-01-12T13:34:07.196 getAllRequestsForApprovalRevolving - ram_approver No Data Retrieved : 0
INFO 2023-01-12T13:34:07.437 auth - verifyToken -  Authorized. A token verified - eyJhbGciOiJIUzI1NiIsInR5cCI6IkpXVCJ9.eyJpZCI6IkRJRVozMDE5MjYyIiwiaWF0IjoxNjczNTAxNjIxLCJleHAiOjE2NzM1MDI1MjF9.eH900BgE_TyeX2tTtT36bqajgreVJmQYbpKhQl7BxP0
INFO 2023-01-12T13:34:07.529 OpenRequestController - getCashRequestByControlNo  responseMesage - Success, responseCode - 0
INFO 2023-01-12T13:34:10.358 auth - verifyToken -  Authorized. A token verified - eyJhbGciOiJIUzI1NiIsInR5cCI6IkpXVCJ9.eyJpZCI6IkRJRVozMDE5MjYyIiwiaWF0IjoxNjczNTAxNjIxLCJleHAiOjE2NzM1MDI1MjF9.eH900BgE_TyeX2tTtT36bqajgreVJmQYbpKhQl7BxP0
INFO 2023-01-12T13:34:10.364 auth - verifyToken -  Authorized. A token verified - eyJhbGciOiJIUzI1NiIsInR5cCI6IkpXVCJ9.eyJpZCI6IkRJRVozMDE5MjYyIiwiaWF0IjoxNjczNTAxNjIxLCJleHAiOjE2NzM1MDI1MjF9.eH900BgE_TyeX2tTtT36bqajgreVJmQYbpKhQl7BxP0
INFO 2023-01-12T13:34:10.455 getAllRequestsRevFund - No data found Rows Length : 0
INFO 2023-01-12T13:34:10.458 getAllRequestsCash Rows Length : 1
INFO 2023-01-12T13:34:11.374 auth - verifyToken -  Authorized. A token verified - eyJhbGciOiJIUzI1NiIsInR5cCI6IkpXVCJ9.eyJpZCI6IkRJRVozMDE5MjYyIiwiaWF0IjoxNjczNTAxNjIxLCJleHAiOjE2NzM1MDI1MjF9.eH900BgE_TyeX2tTtT36bqajgreVJmQYbpKhQl7BxP0
INFO 2023-01-12T13:34:11.376 auth - verifyToken -  Authorized. A token verified - eyJhbGciOiJIUzI1NiIsInR5cCI6IkpXVCJ9.eyJpZCI6IkRJRVozMDE5MjYyIiwiaWF0IjoxNjczNTAxNjIxLCJleHAiOjE2NzM1MDI1MjF9.eH900BgE_TyeX2tTtT36bqajgreVJmQYbpKhQl7BxP0
INFO 2023-01-12T13:34:11.461 getAllRequestsForApprovalCash - ram_approver Data Retrieved : 2
INFO 2023-01-12T13:34:11.461 getAllRequestsForApprovalRevolving - ram_approver No Data Retrieved : 0
INFO 2023-01-12T13:34:12.411 auth - verifyToken -  Authorized. A token verified - eyJhbGciOiJIUzI1NiIsInR5cCI6IkpXVCJ9.eyJpZCI6IkRJRVozMDE5MjYyIiwiaWF0IjoxNjczNTAxNjIxLCJleHAiOjE2NzM1MDI1MjF9.eH900BgE_TyeX2tTtT36bqajgreVJmQYbpKhQl7BxP0
INFO 2023-01-12T13:34:12.499 OpenRequestController - getCashRequestByControlNo  responseMesage - Success, responseCode - 0
INFO 2023-01-12T13:34:18.010 auth - verifyToken -  Authorized. A token verified - eyJhbGciOiJIUzI1NiIsInR5cCI6IkpXVCJ9.eyJpZCI6IkRJRVozMDE5MjYyIiwiaWF0IjoxNjczNTAxNjIxLCJleHAiOjE2NzM1MDI1MjF9.eH900BgE_TyeX2tTtT36bqajgreVJmQYbpKhQl7BxP0
INFO 2023-01-12T13:34:18.095 CASH ADVANCE APPROVED - updateRequestStatus -  Approver Status Updating - CA-230110-000030
INFO 2023-01-12T13:34:18.214 CASH ADVANCE APPROVED - updateApproverStatus -  Approver Status Updated - ram_approver
INFO 2023-01-12T13:34:22.056 auth - verifyToken -  Authorized. A token verified - eyJhbGciOiJIUzI1NiIsInR5cCI6IkpXVCJ9.eyJpZCI6IkRJRVozMDE5MjYyIiwiaWF0IjoxNjczNTAxNjIxLCJleHAiOjE2NzM1MDI1MjF9.eH900BgE_TyeX2tTtT36bqajgreVJmQYbpKhQl7BxP0
INFO 2023-01-12T13:34:22.152 OpenRequestController - getCashRequestByControlNo  responseMesage - Success, responseCode - 0
INFO 2023-01-12T13:34:43.330 userLogin Successfully generated a token - eyJhbGciOiJIUzI1NiIsInR5cCI6IkpXVCJ9.eyJpZCI6IlBFUk45NDAxNjUwOCIsImlhdCI6MTY3MzUwMTY4MywiZXhwIjoxNjczNTAyNTgzfQ.jtu3vCtBZlQKLjwwKdOvorNBlY5PX8hSNRazY4L5FUE
INFO 2023-01-12T13:34:48.922 auth - verifyToken -  Authorized. A token verified - eyJhbGciOiJIUzI1NiIsInR5cCI6IkpXVCJ9.eyJpZCI6IlBFUk45NDAxNjUwOCIsImlhdCI6MTY3MzUwMTY4MywiZXhwIjoxNjczNTAyNTgzfQ.jtu3vCtBZlQKLjwwKdOvorNBlY5PX8hSNRazY4L5FUE
INFO 2023-01-12T13:34:48.924 auth - verifyToken -  Authorized. A token verified - eyJhbGciOiJIUzI1NiIsInR5cCI6IkpXVCJ9.eyJpZCI6IlBFUk45NDAxNjUwOCIsImlhdCI6MTY3MzUwMTY4MywiZXhwIjoxNjczNTAyNTgzfQ.jtu3vCtBZlQKLjwwKdOvorNBlY5PX8hSNRazY4L5FUE
INFO 2023-01-12T13:34:49.008 getAllRequestsRevFund - No data found Rows Length : 0
INFO 2023-01-12T13:34:49.009 getAllRequestsCash Rows Length : 1
INFO 2023-01-12T13:34:49.933 auth - verifyToken -  Authorized. A token verified - eyJhbGciOiJIUzI1NiIsInR5cCI6IkpXVCJ9.eyJpZCI6IlBFUk45NDAxNjUwOCIsImlhdCI6MTY3MzUwMTY4MywiZXhwIjoxNjczNTAyNTgzfQ.jtu3vCtBZlQKLjwwKdOvorNBlY5PX8hSNRazY4L5FUE
INFO 2023-01-12T13:34:49.937 auth - verifyToken -  Authorized. A token verified - eyJhbGciOiJIUzI1NiIsInR5cCI6IkpXVCJ9.eyJpZCI6IlBFUk45NDAxNjUwOCIsImlhdCI6MTY3MzUwMTY4MywiZXhwIjoxNjczNTAyNTgzfQ.jtu3vCtBZlQKLjwwKdOvorNBlY5PX8hSNRazY4L5FUE
INFO 2023-01-12T13:34:50.026 getAllRequestsForApprovalRevolving - ass_vpo_approver No Data Retrieved : 0
INFO 2023-01-12T13:34:50.027 getAllRequestsForApprovalCash - ass_vpo_approver Data Retrieved : 1
INFO 2023-01-12T13:34:51.157 auth - verifyToken -  Authorized. A token verified - eyJhbGciOiJIUzI1NiIsInR5cCI6IkpXVCJ9.eyJpZCI6IlBFUk45NDAxNjUwOCIsImlhdCI6MTY3MzUwMTY4MywiZXhwIjoxNjczNTAyNTgzfQ.jtu3vCtBZlQKLjwwKdOvorNBlY5PX8hSNRazY4L5FUE
INFO 2023-01-12T13:34:51.253 OpenRequestController - getCashRequestByControlNo  responseMesage - Success, responseCode - 0
INFO 2023-01-12T13:34:59.482 auth - verifyToken -  Authorized. A token verified - eyJhbGciOiJIUzI1NiIsInR5cCI6IkpXVCJ9.eyJpZCI6IlBFUk45NDAxNjUwOCIsImlhdCI6MTY3MzUwMTY4MywiZXhwIjoxNjczNTAyNTgzfQ.jtu3vCtBZlQKLjwwKdOvorNBlY5PX8hSNRazY4L5FUE
INFO 2023-01-12T13:34:59.575 CASH ADVANCE APPROVED - updateRequestStatus -  Approver Status Updating - CA-230110-000030
INFO 2023-01-12T13:34:59.671 CASH ADVANCE APPROVED - updateApproverStatus -  Approver Status Updated - ass_vpo_approver
INFO 2023-01-12T13:35:03.534 auth - verifyToken -  Authorized. A token verified - eyJhbGciOiJIUzI1NiIsInR5cCI6IkpXVCJ9.eyJpZCI6IlBFUk45NDAxNjUwOCIsImlhdCI6MTY3MzUwMTY4MywiZXhwIjoxNjczNTAyNTgzfQ.jtu3vCtBZlQKLjwwKdOvorNBlY5PX8hSNRazY4L5FUE
INFO 2023-01-12T13:35:03.627 OpenRequestController - getCashRequestByControlNo  responseMesage - Success, responseCode - 0
INFO 2023-01-12T13:35:20.142 auth - verifyToken -  Authorized. A token verified - eyJhbGciOiJIUzI1NiIsInR5cCI6IkpXVCJ9.eyJpZCI6IlBFUk45NDAxNjUwOCIsImlhdCI6MTY3MzUwMTY4MywiZXhwIjoxNjczNTAyNTgzfQ.jtu3vCtBZlQKLjwwKdOvorNBlY5PX8hSNRazY4L5FUE
INFO 2023-01-12T13:35:20.225 OpenRequestController - getCashRequestByControlNo  responseMesage - Success, responseCode - 0
INFO 2023-01-12T13:35:21.369 auth - verifyToken -  Authorized. A token verified - eyJhbGciOiJIUzI1NiIsInR5cCI6IkpXVCJ9.eyJpZCI6IkFCRUw5NDAwOTA5OSIsImlhdCI6MTY3MzUwMDkyNCwiZXhwIjoxNjczNTAxODI0fQ.xG4L5kNDgghacVHJ6HSU6fJGclC8C1uIhExpTsZaceM
INFO 2023-01-12T13:35:21.373 auth - verifyToken -  Authorized. A token verified - eyJhbGciOiJIUzI1NiIsInR5cCI6IkpXVCJ9.eyJpZCI6IkFCRUw5NDAwOTA5OSIsImlhdCI6MTY3MzUwMDkyNCwiZXhwIjoxNjczNTAxODI0fQ.xG4L5kNDgghacVHJ6HSU6fJGclC8C1uIhExpTsZaceM
INFO 2023-01-12T13:35:21.453 getAllRequestsRevFund - No data found Rows Length : 0
INFO 2023-01-12T13:35:21.459 getAllRequestsCash Rows Length : 2
INFO 2023-01-12T14:46:58.293 server.js -  Server listening to port: 3000
FATAL 2023-01-12T14:46:58.299 10.4.9.186 - branch_request - Branch Connection Failed. Error: connect ETIMEDOUT
INFO 2023-01-12T14:48:52.391 userLogin Successfully generated a token - eyJhbGciOiJIUzI1NiIsInR5cCI6IkpXVCJ9.eyJpZCI6IkFCRUw5NDAwOTA5OSIsImlhdCI6MTY3MzUwNjEzMiwiZXhwIjoxNjczNTA3MDMyfQ.-0uzCekU3XHjU2oKcoz7hxVkSPHWdyNUDa2HGbVoJXc
FATAL 2023-01-12T14:48:52.441 auth - verifyToken -  Unauthorized. Invalid Token - null
FATAL 2023-01-12T14:48:52.445 auth - verifyToken -  Unauthorized. Invalid Token - null
INFO 2023-01-12T14:53:37.718 userLogin Successfully generated a token - eyJhbGciOiJIUzI1NiIsInR5cCI6IkpXVCJ9.eyJpZCI6IkFCRUw5NDAwOTA5OSIsImlhdCI6MTY3MzUwNjQxNywiZXhwIjoxNjczNTA3MzE3fQ.DAMU9DKbUHqDpqXGiqznWXCmp_Cx-FAXwPui50btaEc
FATAL 2023-01-12T14:53:37.803 auth - verifyToken -  Unauthorized. Invalid Token - null
FATAL 2023-01-12T14:53:37.806 auth - verifyToken -  Unauthorized. Invalid Token - null
INFO 2023-01-12T14:54:44.325 userLogin Successfully generated a token - eyJhbGciOiJIUzI1NiIsInR5cCI6IkpXVCJ9.eyJpZCI6IkFCRUw5NDAwOTA5OSIsImlhdCI6MTY3MzUwNjQ4NCwiZXhwIjoxNjczNTA3Mzg0fQ.R3vSg0HUE9NrB8V4taOvPnxmB9skBVlIAQqhWUveYlw
INFO 2023-01-12T14:56:16.094 auth - verifyToken -  Authorized. A token verified - eyJhbGciOiJIUzI1NiIsInR5cCI6IkpXVCJ9.eyJpZCI6IkFCRUw5NDAwOTA5OSIsImlhdCI6MTY3MzUwNjQ4NCwiZXhwIjoxNjczNTA3Mzg0fQ.R3vSg0HUE9NrB8V4taOvPnxmB9skBVlIAQqhWUveYlw
INFO 2023-01-12T14:56:16.101 auth - verifyToken -  Authorized. A token verified - eyJhbGciOiJIUzI1NiIsInR5cCI6IkpXVCJ9.eyJpZCI6IkFCRUw5NDAwOTA5OSIsImlhdCI6MTY3MzUwNjQ4NCwiZXhwIjoxNjczNTA3Mzg0fQ.R3vSg0HUE9NrB8V4taOvPnxmB9skBVlIAQqhWUveYlw
INFO 2023-01-12T14:56:16.584 auth - verifyToken -  Authorized. A token verified - eyJhbGciOiJIUzI1NiIsInR5cCI6IkpXVCJ9.eyJpZCI6IkFCRUw5NDAwOTA5OSIsImlhdCI6MTY3MzUwNjQ4NCwiZXhwIjoxNjczNTA3Mzg0fQ.R3vSg0HUE9NrB8V4taOvPnxmB9skBVlIAQqhWUveYlw
INFO 2023-01-12T14:56:16.587 auth - verifyToken -  Authorized. A token verified - eyJhbGciOiJIUzI1NiIsInR5cCI6IkpXVCJ9.eyJpZCI6IkFCRUw5NDAwOTA5OSIsImlhdCI6MTY3MzUwNjQ4NCwiZXhwIjoxNjczNTA3Mzg0fQ.R3vSg0HUE9NrB8V4taOvPnxmB9skBVlIAQqhWUveYlw
INFO 2023-01-12T14:56:16.754 getAllRequestsCash Rows Length : 3
INFO 2023-01-12T14:56:16.762 getAllRequestsRevFund - No data found Rows Length : 0
INFO 2023-01-12T14:56:17.042 getAllRequestsRevFund - No data found Rows Length : 0
INFO 2023-01-12T14:56:17.047 getAllRequestsCash Rows Length : 3
INFO 2023-01-12T14:56:17.882 auth - verifyToken -  Authorized. A token verified - eyJhbGciOiJIUzI1NiIsInR5cCI6IkpXVCJ9.eyJpZCI6IkFCRUw5NDAwOTA5OSIsImlhdCI6MTY3MzUwNjQ4NCwiZXhwIjoxNjczNTA3Mzg0fQ.R3vSg0HUE9NrB8V4taOvPnxmB9skBVlIAQqhWUveYlw
INFO 2023-01-12T14:56:17.884 auth - verifyToken -  Authorized. A token verified - eyJhbGciOiJIUzI1NiIsInR5cCI6IkpXVCJ9.eyJpZCI6IkFCRUw5NDAwOTA5OSIsImlhdCI6MTY3MzUwNjQ4NCwiZXhwIjoxNjczNTA3Mzg0fQ.R3vSg0HUE9NrB8V4taOvPnxmB9skBVlIAQqhWUveYlw
INFO 2023-01-12T14:56:17.976 getAllRequestsRevFund - No data found Rows Length : 0
INFO 2023-01-12T14:56:17.979 getAllRequestsCash Rows Length : 3
INFO 2023-01-12T14:56:19.061 auth - verifyToken -  Authorized. A token verified - eyJhbGciOiJIUzI1NiIsInR5cCI6IkpXVCJ9.eyJpZCI6IkFCRUw5NDAwOTA5OSIsImlhdCI6MTY3MzUwNjQ4NCwiZXhwIjoxNjczNTA3Mzg0fQ.R3vSg0HUE9NrB8V4taOvPnxmB9skBVlIAQqhWUveYlw
INFO 2023-01-12T14:56:19.063 auth - verifyToken -  Authorized. A token verified - eyJhbGciOiJIUzI1NiIsInR5cCI6IkpXVCJ9.eyJpZCI6IkFCRUw5NDAwOTA5OSIsImlhdCI6MTY3MzUwNjQ4NCwiZXhwIjoxNjczNTA3Mzg0fQ.R3vSg0HUE9NrB8V4taOvPnxmB9skBVlIAQqhWUveYlw
INFO 2023-01-12T14:56:19.149 getAllRequestsRevFund - No data found Rows Length : 0
INFO 2023-01-12T14:56:19.156 getAllRequestsCash Rows Length : 3
INFO 2023-01-12T14:56:20.253 auth - verifyToken -  Authorized. A token verified - eyJhbGciOiJIUzI1NiIsInR5cCI6IkpXVCJ9.eyJpZCI6IkFCRUw5NDAwOTA5OSIsImlhdCI6MTY3MzUwNjQ4NCwiZXhwIjoxNjczNTA3Mzg0fQ.R3vSg0HUE9NrB8V4taOvPnxmB9skBVlIAQqhWUveYlw
INFO 2023-01-12T14:56:20.254 auth - verifyToken -  Authorized. A token verified - eyJhbGciOiJIUzI1NiIsInR5cCI6IkpXVCJ9.eyJpZCI6IkFCRUw5NDAwOTA5OSIsImlhdCI6MTY3MzUwNjQ4NCwiZXhwIjoxNjczNTA3Mzg0fQ.R3vSg0HUE9NrB8V4taOvPnxmB9skBVlIAQqhWUveYlw
INFO 2023-01-12T14:56:20.341 getAllRequestsRevFund - No data found Rows Length : 0
INFO 2023-01-12T14:56:20.342 getAllRequestsCash Rows Length : 3
INFO 2023-01-12T14:56:21.479 auth - verifyToken -  Authorized. A token verified - eyJhbGciOiJIUzI1NiIsInR5cCI6IkpXVCJ9.eyJpZCI6IkFCRUw5NDAwOTA5OSIsImlhdCI6MTY3MzUwNjQ4NCwiZXhwIjoxNjczNTA3Mzg0fQ.R3vSg0HUE9NrB8V4taOvPnxmB9skBVlIAQqhWUveYlw
INFO 2023-01-12T14:56:21.482 auth - verifyToken -  Authorized. A token verified - eyJhbGciOiJIUzI1NiIsInR5cCI6IkpXVCJ9.eyJpZCI6IkFCRUw5NDAwOTA5OSIsImlhdCI6MTY3MzUwNjQ4NCwiZXhwIjoxNjczNTA3Mzg0fQ.R3vSg0HUE9NrB8V4taOvPnxmB9skBVlIAQqhWUveYlw
INFO 2023-01-12T14:56:21.572 getAllRequestsRevFund - No data found Rows Length : 0
INFO 2023-01-12T14:56:21.573 getAllRequestsCash Rows Length : 3
INFO 2023-01-12T14:56:22.691 auth - verifyToken -  Authorized. A token verified - eyJhbGciOiJIUzI1NiIsInR5cCI6IkpXVCJ9.eyJpZCI6IkFCRUw5NDAwOTA5OSIsImlhdCI6MTY3MzUwNjQ4NCwiZXhwIjoxNjczNTA3Mzg0fQ.R3vSg0HUE9NrB8V4taOvPnxmB9skBVlIAQqhWUveYlw
INFO 2023-01-12T14:56:22.693 auth - verifyToken -  Authorized. A token verified - eyJhbGciOiJIUzI1NiIsInR5cCI6IkpXVCJ9.eyJpZCI6IkFCRUw5NDAwOTA5OSIsImlhdCI6MTY3MzUwNjQ4NCwiZXhwIjoxNjczNTA3Mzg0fQ.R3vSg0HUE9NrB8V4taOvPnxmB9skBVlIAQqhWUveYlw
INFO 2023-01-12T14:56:22.782 getAllRequestsRevFund - No data found Rows Length : 0
INFO 2023-01-12T14:56:22.785 getAllRequestsCash Rows Length : 3
INFO 2023-01-12T14:56:23.915 auth - verifyToken -  Authorized. A token verified - eyJhbGciOiJIUzI1NiIsInR5cCI6IkpXVCJ9.eyJpZCI6IkFCRUw5NDAwOTA5OSIsImlhdCI6MTY3MzUwNjQ4NCwiZXhwIjoxNjczNTA3Mzg0fQ.R3vSg0HUE9NrB8V4taOvPnxmB9skBVlIAQqhWUveYlw
INFO 2023-01-12T14:56:23.918 auth - verifyToken -  Authorized. A token verified - eyJhbGciOiJIUzI1NiIsInR5cCI6IkpXVCJ9.eyJpZCI6IkFCRUw5NDAwOTA5OSIsImlhdCI6MTY3MzUwNjQ4NCwiZXhwIjoxNjczNTA3Mzg0fQ.R3vSg0HUE9NrB8V4taOvPnxmB9skBVlIAQqhWUveYlw
INFO 2023-01-12T14:56:24.003 getAllRequestsRevFund - No data found Rows Length : 0
INFO 2023-01-12T14:56:24.029 getAllRequestsCash Rows Length : 3
INFO 2023-01-12T14:56:25.083 auth - verifyToken -  Authorized. A token verified - eyJhbGciOiJIUzI1NiIsInR5cCI6IkpXVCJ9.eyJpZCI6IkFCRUw5NDAwOTA5OSIsImlhdCI6MTY3MzUwNjQ4NCwiZXhwIjoxNjczNTA3Mzg0fQ.R3vSg0HUE9NrB8V4taOvPnxmB9skBVlIAQqhWUveYlw
INFO 2023-01-12T14:56:25.084 auth - verifyToken -  Authorized. A token verified - eyJhbGciOiJIUzI1NiIsInR5cCI6IkpXVCJ9.eyJpZCI6IkFCRUw5NDAwOTA5OSIsImlhdCI6MTY3MzUwNjQ4NCwiZXhwIjoxNjczNTA3Mzg0fQ.R3vSg0HUE9NrB8V4taOvPnxmB9skBVlIAQqhWUveYlw
INFO 2023-01-12T14:56:25.171 getAllRequestsRevFund - No data found Rows Length : 0
INFO 2023-01-12T14:56:25.172 getAllRequestsCash Rows Length : 3
INFO 2023-01-12T14:56:26.026 auth - verifyToken -  Authorized. A token verified - eyJhbGciOiJIUzI1NiIsInR5cCI6IkpXVCJ9.eyJpZCI6IkFCRUw5NDAwOTA5OSIsImlhdCI6MTY3MzUwNjQ4NCwiZXhwIjoxNjczNTA3Mzg0fQ.R3vSg0HUE9NrB8V4taOvPnxmB9skBVlIAQqhWUveYlw
INFO 2023-01-12T14:56:26.029 auth - verifyToken -  Authorized. A token verified - eyJhbGciOiJIUzI1NiIsInR5cCI6IkpXVCJ9.eyJpZCI6IkFCRUw5NDAwOTA5OSIsImlhdCI6MTY3MzUwNjQ4NCwiZXhwIjoxNjczNTA3Mzg0fQ.R3vSg0HUE9NrB8V4taOvPnxmB9skBVlIAQqhWUveYlw
INFO 2023-01-12T14:56:26.112 getAllRequestsRevFund - No data found Rows Length : 0
INFO 2023-01-12T14:56:26.117 getAllRequestsCash Rows Length : 3
INFO 2023-01-12T14:56:26.406 auth - verifyToken -  Authorized. A token verified - eyJhbGciOiJIUzI1NiIsInR5cCI6IkpXVCJ9.eyJpZCI6IkFCRUw5NDAwOTA5OSIsImlhdCI6MTY3MzUwNjQ4NCwiZXhwIjoxNjczNTA3Mzg0fQ.R3vSg0HUE9NrB8V4taOvPnxmB9skBVlIAQqhWUveYlw
INFO 2023-01-12T14:56:26.410 auth - verifyToken -  Authorized. A token verified - eyJhbGciOiJIUzI1NiIsInR5cCI6IkpXVCJ9.eyJpZCI6IkFCRUw5NDAwOTA5OSIsImlhdCI6MTY3MzUwNjQ4NCwiZXhwIjoxNjczNTA3Mzg0fQ.R3vSg0HUE9NrB8V4taOvPnxmB9skBVlIAQqhWUveYlw
INFO 2023-01-12T14:56:26.494 getAllRequestsRevFund - No data found Rows Length : 0
INFO 2023-01-12T14:56:26.497 getAllRequestsCash Rows Length : 3
INFO 2023-01-12T14:56:44.479 userLogin Successfully generated a token - eyJhbGciOiJIUzI1NiIsInR5cCI6IkpXVCJ9.eyJpZCI6IkFCRUw5NDAwOTA5OSIsImlhdCI6MTY3MzUwNjYwNCwiZXhwIjoxNjczNTA3NTA0fQ.SJYTbHk5cb53mo_Pi_WzkD9KtDshK_PdHVAU43VsHtg
INFO 2023-01-12T14:56:45.966 auth - verifyToken -  Authorized. A token verified - eyJhbGciOiJIUzI1NiIsInR5cCI6IkpXVCJ9.eyJpZCI6IkFCRUw5NDAwOTA5OSIsImlhdCI6MTY3MzUwNjYwNCwiZXhwIjoxNjczNTA3NTA0fQ.SJYTbHk5cb53mo_Pi_WzkD9KtDshK_PdHVAU43VsHtg
INFO 2023-01-12T14:56:45.969 auth - verifyToken -  Authorized. A token verified - eyJhbGciOiJIUzI1NiIsInR5cCI6IkpXVCJ9.eyJpZCI6IkFCRUw5NDAwOTA5OSIsImlhdCI6MTY3MzUwNjYwNCwiZXhwIjoxNjczNTA3NTA0fQ.SJYTbHk5cb53mo_Pi_WzkD9KtDshK_PdHVAU43VsHtg
INFO 2023-01-12T14:56:46.056 getAllRequestsRevFund - No data found Rows Length : 0
INFO 2023-01-12T14:56:46.059 getAllRequestsCash Rows Length : 3
INFO 2023-01-12T14:56:57.571 auth - verifyToken -  Authorized. A token verified - eyJhbGciOiJIUzI1NiIsInR5cCI6IkpXVCJ9.eyJpZCI6IkFCRUw5NDAwOTA5OSIsImlhdCI6MTY3MzUwNjYwNCwiZXhwIjoxNjczNTA3NTA0fQ.SJYTbHk5cb53mo_Pi_WzkD9KtDshK_PdHVAU43VsHtg
INFO 2023-01-12T14:56:57.574 auth - verifyToken -  Authorized. A token verified - eyJhbGciOiJIUzI1NiIsInR5cCI6IkpXVCJ9.eyJpZCI6IkFCRUw5NDAwOTA5OSIsImlhdCI6MTY3MzUwNjYwNCwiZXhwIjoxNjczNTA3NTA0fQ.SJYTbHk5cb53mo_Pi_WzkD9KtDshK_PdHVAU43VsHtg
INFO 2023-01-12T14:56:57.665 getAllRequestsRevFund - No data found Rows Length : 0
INFO 2023-01-12T14:56:57.667 getAllRequestsCash Rows Length : 3
INFO 2023-01-12T14:57:21.938 userLogin Successfully generated a token - eyJhbGciOiJIUzI1NiIsInR5cCI6IkpXVCJ9.eyJpZCI6IkFHVUk5NDAwNjg3MSIsImlhdCI6MTY3MzUwNjY0MSwiZXhwIjoxNjczNTA3NTQxfQ.NkzSDyNM15E3RrwGe4UzeyxcTwHra0m3es6EMEZSeYo
INFO 2023-01-12T14:57:23.915 auth - verifyToken -  Authorized. A token verified - eyJhbGciOiJIUzI1NiIsInR5cCI6IkpXVCJ9.eyJpZCI6IkFHVUk5NDAwNjg3MSIsImlhdCI6MTY3MzUwNjY0MSwiZXhwIjoxNjczNTA3NTQxfQ.NkzSDyNM15E3RrwGe4UzeyxcTwHra0m3es6EMEZSeYo
INFO 2023-01-12T14:57:23.920 auth - verifyToken -  Authorized. A token verified - eyJhbGciOiJIUzI1NiIsInR5cCI6IkpXVCJ9.eyJpZCI6IkFHVUk5NDAwNjg3MSIsImlhdCI6MTY3MzUwNjY0MSwiZXhwIjoxNjczNTA3NTQxfQ.NkzSDyNM15E3RrwGe4UzeyxcTwHra0m3es6EMEZSeYo
INFO 2023-01-12T14:57:24.007 getAllRequestsRevFund - No data found Rows Length : 0
INFO 2023-01-12T14:57:24.010 getAllRequestsCash Rows Length : 1
INFO 2023-01-12T14:57:24.933 auth - verifyToken -  Authorized. A token verified - eyJhbGciOiJIUzI1NiIsInR5cCI6IkpXVCJ9.eyJpZCI6IkFHVUk5NDAwNjg3MSIsImlhdCI6MTY3MzUwNjY0MSwiZXhwIjoxNjczNTA3NTQxfQ.NkzSDyNM15E3RrwGe4UzeyxcTwHra0m3es6EMEZSeYo
INFO 2023-01-12T14:57:24.941 auth - verifyToken -  Authorized. A token verified - eyJhbGciOiJIUzI1NiIsInR5cCI6IkpXVCJ9.eyJpZCI6IkFHVUk5NDAwNjg3MSIsImlhdCI6MTY3MzUwNjY0MSwiZXhwIjoxNjczNTA3NTQxfQ.NkzSDyNM15E3RrwGe4UzeyxcTwHra0m3es6EMEZSeYo
INFO 2023-01-12T14:57:25.027 getAllRequestsForApprovalCash - regional_approver Data Retrieved : 3
INFO 2023-01-12T14:57:25.338 getAllRequestsForApprovalRevolving - rm_approver No Data Retrieved : 0
INFO 2023-01-12T15:05:46.670 userLogin Successfully generated a token - eyJhbGciOiJIUzI1NiIsInR5cCI6IkpXVCJ9.eyJpZCI6IkFCRUw5NDAwOTA5OSIsImlhdCI6MTY3MzUwNzE0NiwiZXhwIjoxNjczNTA4MDQ2fQ.ch0j6FHRBmD9hOk0E6mbRTUa77nuHrUHogEEOPNA2iA
INFO 2023-01-12T15:05:48.642 auth - verifyToken -  Authorized. A token verified - eyJhbGciOiJIUzI1NiIsInR5cCI6IkpXVCJ9.eyJpZCI6IkFCRUw5NDAwOTA5OSIsImlhdCI6MTY3MzUwNzE0NiwiZXhwIjoxNjczNTA4MDQ2fQ.ch0j6FHRBmD9hOk0E6mbRTUa77nuHrUHogEEOPNA2iA
INFO 2023-01-12T15:05:48.647 auth - verifyToken -  Authorized. A token verified - eyJhbGciOiJIUzI1NiIsInR5cCI6IkpXVCJ9.eyJpZCI6IkFCRUw5NDAwOTA5OSIsImlhdCI6MTY3MzUwNzE0NiwiZXhwIjoxNjczNTA4MDQ2fQ.ch0j6FHRBmD9hOk0E6mbRTUa77nuHrUHogEEOPNA2iA
INFO 2023-01-12T15:05:48.732 getAllRequestsRevFund - No data found Rows Length : 0
INFO 2023-01-12T15:05:48.739 getAllRequestsCash Rows Length : 3
INFO 2023-01-12T15:05:54.976 auth - verifyToken -  Authorized. A token verified - eyJhbGciOiJIUzI1NiIsInR5cCI6IkpXVCJ9.eyJpZCI6IkFCRUw5NDAwOTA5OSIsImlhdCI6MTY3MzUwNzE0NiwiZXhwIjoxNjczNTA4MDQ2fQ.ch0j6FHRBmD9hOk0E6mbRTUa77nuHrUHogEEOPNA2iA
INFO 2023-01-12T15:05:55.064 requestController - getMaxId -  row: 1
INFO 2023-01-12T15:07:40.034 auth - verifyToken -  Authorized. A token verified - eyJhbGciOiJIUzI1NiIsInR5cCI6IkpXVCJ9.eyJpZCI6IkFCRUw5NDAwOTA5OSIsImlhdCI6MTY3MzUwNzE0NiwiZXhwIjoxNjczNTA4MDQ2fQ.ch0j6FHRBmD9hOk0E6mbRTUa77nuHrUHogEEOPNA2iA
INFO 2023-01-12T15:07:40.122 requestController - getRfMaxId -  row: 1
INFO 2023-01-12T15:08:39.769 auth - verifyToken -  Authorized. A token verified - eyJhbGciOiJIUzI1NiIsInR5cCI6IkpXVCJ9.eyJpZCI6IkFCRUw5NDAwOTA5OSIsImlhdCI6MTY3MzUwNzE0NiwiZXhwIjoxNjczNTA4MDQ2fQ.ch0j6FHRBmD9hOk0E6mbRTUa77nuHrUHogEEOPNA2iA
INFO 2023-01-12T15:08:39.773 auth - verifyToken -  Authorized. A token verified - eyJhbGciOiJIUzI1NiIsInR5cCI6IkpXVCJ9.eyJpZCI6IkFCRUw5NDAwOTA5OSIsImlhdCI6MTY3MzUwNzE0NiwiZXhwIjoxNjczNTA4MDQ2fQ.ch0j6FHRBmD9hOk0E6mbRTUa77nuHrUHogEEOPNA2iA
INFO 2023-01-12T15:08:39.857 getAllRequestsRevFund - No data found Rows Length : 0
INFO 2023-01-12T15:08:39.858 getAllRequestsCash Rows Length : 3
INFO 2023-01-12T15:10:40.026 auth - verifyToken -  Authorized. A token verified - eyJhbGciOiJIUzI1NiIsInR5cCI6IkpXVCJ9.eyJpZCI6IkFCRUw5NDAwOTA5OSIsImlhdCI6MTY3MzUwNzE0NiwiZXhwIjoxNjczNTA4MDQ2fQ.ch0j6FHRBmD9hOk0E6mbRTUa77nuHrUHogEEOPNA2iA
INFO 2023-01-12T15:10:40.115 OpenRequestController - getCashRequestByControlNo  responseMesage - Success, responseCode - 0
INFO 2023-01-12T15:11:49.633 auth - verifyToken -  Authorized. A token verified - eyJhbGciOiJIUzI1NiIsInR5cCI6IkpXVCJ9.eyJpZCI6IkFCRUw5NDAwOTA5OSIsImlhdCI6MTY3MzUwNzE0NiwiZXhwIjoxNjczNTA4MDQ2fQ.ch0j6FHRBmD9hOk0E6mbRTUa77nuHrUHogEEOPNA2iA
INFO 2023-01-12T15:11:49.636 auth - verifyToken -  Authorized. A token verified - eyJhbGciOiJIUzI1NiIsInR5cCI6IkpXVCJ9.eyJpZCI6IkFCRUw5NDAwOTA5OSIsImlhdCI6MTY3MzUwNzE0NiwiZXhwIjoxNjczNTA4MDQ2fQ.ch0j6FHRBmD9hOk0E6mbRTUa77nuHrUHogEEOPNA2iA
INFO 2023-01-12T15:11:49.739 getAllRequestsRevFund - No data found Rows Length : 0
INFO 2023-01-12T15:11:49.740 getAllRequestsCash Rows Length : 3
INFO 2023-01-12T15:12:13.101 auth - verifyToken -  Authorized. A token verified - eyJhbGciOiJIUzI1NiIsInR5cCI6IkpXVCJ9.eyJpZCI6IkFCRUw5NDAwOTA5OSIsImlhdCI6MTY3MzUwNzE0NiwiZXhwIjoxNjczNTA4MDQ2fQ.ch0j6FHRBmD9hOk0E6mbRTUa77nuHrUHogEEOPNA2iA
INFO 2023-01-12T15:12:13.103 auth - verifyToken -  Authorized. A token verified - eyJhbGciOiJIUzI1NiIsInR5cCI6IkpXVCJ9.eyJpZCI6IkFCRUw5NDAwOTA5OSIsImlhdCI6MTY3MzUwNzE0NiwiZXhwIjoxNjczNTA4MDQ2fQ.ch0j6FHRBmD9hOk0E6mbRTUa77nuHrUHogEEOPNA2iA
INFO 2023-01-12T15:12:13.107 auth - verifyToken -  Authorized. A token verified - eyJhbGciOiJIUzI1NiIsInR5cCI6IkpXVCJ9.eyJpZCI6IkFCRUw5NDAwOTA5OSIsImlhdCI6MTY3MzUwNzE0NiwiZXhwIjoxNjczNTA4MDQ2fQ.ch0j6FHRBmD9hOk0E6mbRTUa77nuHrUHogEEOPNA2iA
INFO 2023-01-12T15:12:13.109 auth - verifyToken -  Authorized. A token verified - eyJhbGciOiJIUzI1NiIsInR5cCI6IkpXVCJ9.eyJpZCI6IkFCRUw5NDAwOTA5OSIsImlhdCI6MTY3MzUwNzE0NiwiZXhwIjoxNjczNTA4MDQ2fQ.ch0j6FHRBmD9hOk0E6mbRTUa77nuHrUHogEEOPNA2iA
INFO 2023-01-12T15:12:13.195 getAllRequestsCash Rows Length : 3
INFO 2023-01-12T15:12:13.196 getAllRequestsCash Rows Length : 3
INFO 2023-01-12T15:12:13.197 getAllRequestsRevFund Rows Length : 2
INFO 2023-01-12T15:12:13.198 getAllRequestsRevFund Rows Length : 1
INFO 2023-01-12T15:12:15.261 auth - verifyToken -  Authorized. A token verified - eyJhbGciOiJIUzI1NiIsInR5cCI6IkpXVCJ9.eyJpZCI6IkFCRUw5NDAwOTA5OSIsImlhdCI6MTY3MzUwNzE0NiwiZXhwIjoxNjczNTA4MDQ2fQ.ch0j6FHRBmD9hOk0E6mbRTUa77nuHrUHogEEOPNA2iA
INFO 2023-01-12T15:12:15.263 auth - verifyToken -  Authorized. A token verified - eyJhbGciOiJIUzI1NiIsInR5cCI6IkpXVCJ9.eyJpZCI6IkFCRUw5NDAwOTA5OSIsImlhdCI6MTY3MzUwNzE0NiwiZXhwIjoxNjczNTA4MDQ2fQ.ch0j6FHRBmD9hOk0E6mbRTUa77nuHrUHogEEOPNA2iA
INFO 2023-01-12T15:12:15.347 getAllRequestsRevFund - No data found Rows Length : 0
INFO 2023-01-12T15:12:15.353 getAllRequestsCash Rows Length : 3
INFO 2023-01-12T15:12:16.111 auth - verifyToken -  Authorized. A token verified - eyJhbGciOiJIUzI1NiIsInR5cCI6IkpXVCJ9.eyJpZCI6IkFCRUw5NDAwOTA5OSIsImlhdCI6MTY3MzUwNzE0NiwiZXhwIjoxNjczNTA4MDQ2fQ.ch0j6FHRBmD9hOk0E6mbRTUa77nuHrUHogEEOPNA2iA
INFO 2023-01-12T15:12:16.112 auth - verifyToken -  Authorized. A token verified - eyJhbGciOiJIUzI1NiIsInR5cCI6IkpXVCJ9.eyJpZCI6IkFCRUw5NDAwOTA5OSIsImlhdCI6MTY3MzUwNzE0NiwiZXhwIjoxNjczNTA4MDQ2fQ.ch0j6FHRBmD9hOk0E6mbRTUa77nuHrUHogEEOPNA2iA
INFO 2023-01-12T15:12:16.114 auth - verifyToken -  Authorized. A token verified - eyJhbGciOiJIUzI1NiIsInR5cCI6IkpXVCJ9.eyJpZCI6IkFCRUw5NDAwOTA5OSIsImlhdCI6MTY3MzUwNzE0NiwiZXhwIjoxNjczNTA4MDQ2fQ.ch0j6FHRBmD9hOk0E6mbRTUa77nuHrUHogEEOPNA2iA
INFO 2023-01-12T15:12:16.115 auth - verifyToken -  Authorized. A token verified - eyJhbGciOiJIUzI1NiIsInR5cCI6IkpXVCJ9.eyJpZCI6IkFCRUw5NDAwOTA5OSIsImlhdCI6MTY3MzUwNzE0NiwiZXhwIjoxNjczNTA4MDQ2fQ.ch0j6FHRBmD9hOk0E6mbRTUa77nuHrUHogEEOPNA2iA
INFO 2023-01-12T15:12:16.200 getAllRequestsCash Rows Length : 3
INFO 2023-01-12T15:12:16.205 getAllRequestsRevFund Rows Length : 2
INFO 2023-01-12T15:12:16.208 getAllRequestsCash Rows Length : 3
INFO 2023-01-12T15:12:16.294 getAllRequestsRevFund Rows Length : 1
INFO 2023-01-12T15:21:20.071 userLogin Successfully generated a token - eyJhbGciOiJIUzI1NiIsInR5cCI6IkpXVCJ9.eyJpZCI6IkFCRUw5NDAwOTA5OSIsImlhdCI6MTY3MzUwODA4MCwiZXhwIjoxNjczNTA4OTgwfQ.77DCtjlIZrg2_a1cK6flpqAqb_P_aSla89zykyTo2oY
INFO 2023-01-12T15:21:22.064 auth - verifyToken -  Authorized. A token verified - eyJhbGciOiJIUzI1NiIsInR5cCI6IkpXVCJ9.eyJpZCI6IkFCRUw5NDAwOTA5OSIsImlhdCI6MTY3MzUwODA4MCwiZXhwIjoxNjczNTA4OTgwfQ.77DCtjlIZrg2_a1cK6flpqAqb_P_aSla89zykyTo2oY
INFO 2023-01-12T15:21:22.067 auth - verifyToken -  Authorized. A token verified - eyJhbGciOiJIUzI1NiIsInR5cCI6IkpXVCJ9.eyJpZCI6IkFCRUw5NDAwOTA5OSIsImlhdCI6MTY3MzUwODA4MCwiZXhwIjoxNjczNTA4OTgwfQ.77DCtjlIZrg2_a1cK6flpqAqb_P_aSla89zykyTo2oY
INFO 2023-01-12T15:21:22.151 getAllRequestsRevFund - No data found Rows Length : 0
INFO 2023-01-12T15:21:22.156 getAllRequestsCash Rows Length : 3
INFO 2023-01-12T15:26:15.175 auth - verifyToken -  Authorized. A token verified - eyJhbGciOiJIUzI1NiIsInR5cCI6IkpXVCJ9.eyJpZCI6IkFCRUw5NDAwOTA5OSIsImlhdCI6MTY3MzUwODA4MCwiZXhwIjoxNjczNTA4OTgwfQ.77DCtjlIZrg2_a1cK6flpqAqb_P_aSla89zykyTo2oY
INFO 2023-01-12T15:26:15.176 auth - verifyToken -  Authorized. A token verified - eyJhbGciOiJIUzI1NiIsInR5cCI6IkpXVCJ9.eyJpZCI6IkFCRUw5NDAwOTA5OSIsImlhdCI6MTY3MzUwODA4MCwiZXhwIjoxNjczNTA4OTgwfQ.77DCtjlIZrg2_a1cK6flpqAqb_P_aSla89zykyTo2oY
INFO 2023-01-12T15:26:15.261 getAllRequestsRevFund - No data found Rows Length : 0
INFO 2023-01-12T15:26:15.264 getAllRequestsCash Rows Length : 3
INFO 2023-01-12T15:26:26.952 auth - verifyToken -  Authorized. A token verified - eyJhbGciOiJIUzI1NiIsInR5cCI6IkpXVCJ9.eyJpZCI6IkFCRUw5NDAwOTA5OSIsImlhdCI6MTY3MzUwODA4MCwiZXhwIjoxNjczNTA4OTgwfQ.77DCtjlIZrg2_a1cK6flpqAqb_P_aSla89zykyTo2oY
INFO 2023-01-12T15:26:27.040 requestController - getMaxId -  row: 1
INFO 2023-01-12T15:26:39.772 auth - verifyToken -  Authorized. A token verified - eyJhbGciOiJIUzI1NiIsInR5cCI6IkpXVCJ9.eyJpZCI6IkFCRUw5NDAwOTA5OSIsImlhdCI6MTY3MzUwODA4MCwiZXhwIjoxNjczNTA4OTgwfQ.77DCtjlIZrg2_a1cK6flpqAqb_P_aSla89zykyTo2oY
INFO 2023-01-12T15:26:39.856 requestController - getMaxId -  row: 1
INFO 2023-01-12T15:31:39.329 auth - verifyToken -  Authorized. A token verified - eyJhbGciOiJIUzI1NiIsInR5cCI6IkpXVCJ9.eyJpZCI6IkFCRUw5NDAwOTA5OSIsImlhdCI6MTY3MzUwODA4MCwiZXhwIjoxNjczNTA4OTgwfQ.77DCtjlIZrg2_a1cK6flpqAqb_P_aSla89zykyTo2oY
INFO 2023-01-12T15:31:39.421 requestController - getMaxId -  row: 1
INFO 2023-01-12T15:31:40.848 auth - verifyToken -  Authorized. A token verified - eyJhbGciOiJIUzI1NiIsInR5cCI6IkpXVCJ9.eyJpZCI6IkFCRUw5NDAwOTA5OSIsImlhdCI6MTY3MzUwODA4MCwiZXhwIjoxNjczNTA4OTgwfQ.77DCtjlIZrg2_a1cK6flpqAqb_P_aSla89zykyTo2oY
INFO 2023-01-12T15:31:40.852 auth - verifyToken -  Authorized. A token verified - eyJhbGciOiJIUzI1NiIsInR5cCI6IkpXVCJ9.eyJpZCI6IkFCRUw5NDAwOTA5OSIsImlhdCI6MTY3MzUwODA4MCwiZXhwIjoxNjczNTA4OTgwfQ.77DCtjlIZrg2_a1cK6flpqAqb_P_aSla89zykyTo2oY
INFO 2023-01-12T15:31:40.933 getAllRequestsRevFund - No data found Rows Length : 0
INFO 2023-01-12T15:31:40.938 getAllRequestsCash Rows Length : 3
INFO 2023-01-12T15:31:48.947 auth - verifyToken -  Authorized. A token verified - eyJhbGciOiJIUzI1NiIsInR5cCI6IkpXVCJ9.eyJpZCI6IkFCRUw5NDAwOTA5OSIsImlhdCI6MTY3MzUwODA4MCwiZXhwIjoxNjczNTA4OTgwfQ.77DCtjlIZrg2_a1cK6flpqAqb_P_aSla89zykyTo2oY
INFO 2023-01-12T15:31:48.948 auth - verifyToken -  Authorized. A token verified - eyJhbGciOiJIUzI1NiIsInR5cCI6IkpXVCJ9.eyJpZCI6IkFCRUw5NDAwOTA5OSIsImlhdCI6MTY3MzUwODA4MCwiZXhwIjoxNjczNTA4OTgwfQ.77DCtjlIZrg2_a1cK6flpqAqb_P_aSla89zykyTo2oY
INFO 2023-01-12T15:31:49.035 getAllRequestsRevFund - No data found Rows Length : 0
INFO 2023-01-12T15:31:49.036 getAllRequestsCash Rows Length : 3
INFO 2023-01-12T15:32:53.784 auth - verifyToken -  Authorized. A token verified - eyJhbGciOiJIUzI1NiIsInR5cCI6IkpXVCJ9.eyJpZCI6IkFCRUw5NDAwOTA5OSIsImlhdCI6MTY3MzUwODA4MCwiZXhwIjoxNjczNTA4OTgwfQ.77DCtjlIZrg2_a1cK6flpqAqb_P_aSla89zykyTo2oY
INFO 2023-01-12T15:32:53.786 auth - verifyToken -  Authorized. A token verified - eyJhbGciOiJIUzI1NiIsInR5cCI6IkpXVCJ9.eyJpZCI6IkFCRUw5NDAwOTA5OSIsImlhdCI6MTY3MzUwODA4MCwiZXhwIjoxNjczNTA4OTgwfQ.77DCtjlIZrg2_a1cK6flpqAqb_P_aSla89zykyTo2oY
INFO 2023-01-12T15:32:53.869 getAllRequestsRevFund - No data found Rows Length : 0
INFO 2023-01-12T15:32:53.871 getAllRequestsCash Rows Length : 3
INFO 2023-01-12T15:33:07.548 auth - verifyToken -  Authorized. A token verified - eyJhbGciOiJIUzI1NiIsInR5cCI6IkpXVCJ9.eyJpZCI6IkFCRUw5NDAwOTA5OSIsImlhdCI6MTY3MzUwODA4MCwiZXhwIjoxNjczNTA4OTgwfQ.77DCtjlIZrg2_a1cK6flpqAqb_P_aSla89zykyTo2oY
INFO 2023-01-12T15:33:07.550 auth - verifyToken -  Authorized. A token verified - eyJhbGciOiJIUzI1NiIsInR5cCI6IkpXVCJ9.eyJpZCI6IkFCRUw5NDAwOTA5OSIsImlhdCI6MTY3MzUwODA4MCwiZXhwIjoxNjczNTA4OTgwfQ.77DCtjlIZrg2_a1cK6flpqAqb_P_aSla89zykyTo2oY
INFO 2023-01-12T15:33:07.635 getAllRequestsRevFund - No data found Rows Length : 0
INFO 2023-01-12T15:33:07.636 getAllRequestsCash Rows Length : 3
INFO 2023-01-12T15:33:18.349 auth - verifyToken -  Authorized. A token verified - eyJhbGciOiJIUzI1NiIsInR5cCI6IkpXVCJ9.eyJpZCI6IkFCRUw5NDAwOTA5OSIsImlhdCI6MTY3MzUwODA4MCwiZXhwIjoxNjczNTA4OTgwfQ.77DCtjlIZrg2_a1cK6flpqAqb_P_aSla89zykyTo2oY
INFO 2023-01-12T15:33:18.439 requestController - getMaxId -  row: 1
INFO 2023-01-12T15:33:56.509 auth - verifyToken -  Authorized. A token verified - eyJhbGciOiJIUzI1NiIsInR5cCI6IkpXVCJ9.eyJpZCI6IkFCRUw5NDAwOTA5OSIsImlhdCI6MTY3MzUwODA4MCwiZXhwIjoxNjczNTA4OTgwfQ.77DCtjlIZrg2_a1cK6flpqAqb_P_aSla89zykyTo2oY
INFO 2023-01-12T15:33:56.511 auth - verifyToken -  Authorized. A token verified - eyJhbGciOiJIUzI1NiIsInR5cCI6IkpXVCJ9.eyJpZCI6IkFCRUw5NDAwOTA5OSIsImlhdCI6MTY3MzUwODA4MCwiZXhwIjoxNjczNTA4OTgwfQ.77DCtjlIZrg2_a1cK6flpqAqb_P_aSla89zykyTo2oY
INFO 2023-01-12T15:33:56.596 getAllRequestsRevFund - No data found Rows Length : 0
INFO 2023-01-12T15:33:56.599 getAllRequestsCash Rows Length : 3
INFO 2023-01-12T15:33:57.657 auth - verifyToken -  Authorized. A token verified - eyJhbGciOiJIUzI1NiIsInR5cCI6IkpXVCJ9.eyJpZCI6IkFCRUw5NDAwOTA5OSIsImlhdCI6MTY3MzUwODA4MCwiZXhwIjoxNjczNTA4OTgwfQ.77DCtjlIZrg2_a1cK6flpqAqb_P_aSla89zykyTo2oY
INFO 2023-01-12T15:33:57.747 OpenRequestController - getCashRequestByControlNo  responseMesage - Success, responseCode - 0
INFO 2023-01-12T15:34:00.529 auth - verifyToken -  Authorized. A token verified - eyJhbGciOiJIUzI1NiIsInR5cCI6IkpXVCJ9.eyJpZCI6IkFCRUw5NDAwOTA5OSIsImlhdCI6MTY3MzUwODA4MCwiZXhwIjoxNjczNTA4OTgwfQ.77DCtjlIZrg2_a1cK6flpqAqb_P_aSla89zykyTo2oY
INFO 2023-01-12T15:34:00.530 auth - verifyToken -  Authorized. A token verified - eyJhbGciOiJIUzI1NiIsInR5cCI6IkpXVCJ9.eyJpZCI6IkFCRUw5NDAwOTA5OSIsImlhdCI6MTY3MzUwODA4MCwiZXhwIjoxNjczNTA4OTgwfQ.77DCtjlIZrg2_a1cK6flpqAqb_P_aSla89zykyTo2oY
INFO 2023-01-12T15:34:00.625 getAllRequestsRevFund - No data found Rows Length : 0
INFO 2023-01-12T15:34:00.626 getAllRequestsCash Rows Length : 3
INFO 2023-01-12T15:34:02.632 auth - verifyToken -  Authorized. A token verified - eyJhbGciOiJIUzI1NiIsInR5cCI6IkpXVCJ9.eyJpZCI6IkFCRUw5NDAwOTA5OSIsImlhdCI6MTY3MzUwODA4MCwiZXhwIjoxNjczNTA4OTgwfQ.77DCtjlIZrg2_a1cK6flpqAqb_P_aSla89zykyTo2oY
INFO 2023-01-12T15:34:02.717 requestController - getMaxId -  row: 1
INFO 2023-01-12T15:35:06.561 auth - verifyToken -  Authorized. A token verified - eyJhbGciOiJIUzI1NiIsInR5cCI6IkpXVCJ9.eyJpZCI6IkFCRUw5NDAwOTA5OSIsImlhdCI6MTY3MzUwODA4MCwiZXhwIjoxNjczNTA4OTgwfQ.77DCtjlIZrg2_a1cK6flpqAqb_P_aSla89zykyTo2oY
INFO 2023-01-12T15:35:06.647 requestController - getMaxId -  row: 1
INFO 2023-01-12T15:35:12.496 auth - verifyToken -  Authorized. A token verified - eyJhbGciOiJIUzI1NiIsInR5cCI6IkpXVCJ9.eyJpZCI6IkFCRUw5NDAwOTA5OSIsImlhdCI6MTY3MzUwODA4MCwiZXhwIjoxNjczNTA4OTgwfQ.77DCtjlIZrg2_a1cK6flpqAqb_P_aSla89zykyTo2oY
INFO 2023-01-12T15:35:12.497 auth - verifyToken -  Authorized. A token verified - eyJhbGciOiJIUzI1NiIsInR5cCI6IkpXVCJ9.eyJpZCI6IkFCRUw5NDAwOTA5OSIsImlhdCI6MTY3MzUwODA4MCwiZXhwIjoxNjczNTA4OTgwfQ.77DCtjlIZrg2_a1cK6flpqAqb_P_aSla89zykyTo2oY
INFO 2023-01-12T15:35:12.585 getAllRequestsRevFund - No data found Rows Length : 0
INFO 2023-01-12T15:35:12.587 getAllRequestsCash Rows Length : 3
INFO 2023-01-12T15:35:13.674 auth - verifyToken -  Authorized. A token verified - eyJhbGciOiJIUzI1NiIsInR5cCI6IkpXVCJ9.eyJpZCI6IkFCRUw5NDAwOTA5OSIsImlhdCI6MTY3MzUwODA4MCwiZXhwIjoxNjczNTA4OTgwfQ.77DCtjlIZrg2_a1cK6flpqAqb_P_aSla89zykyTo2oY
INFO 2023-01-12T15:35:13.771 OpenRequestController - getCashRequestByControlNo  responseMesage - Success, responseCode - 0
INFO 2023-01-12T15:35:18.534 auth - verifyToken -  Authorized. A token verified - eyJhbGciOiJIUzI1NiIsInR5cCI6IkpXVCJ9.eyJpZCI6IkFCRUw5NDAwOTA5OSIsImlhdCI6MTY3MzUwODA4MCwiZXhwIjoxNjczNTA4OTgwfQ.77DCtjlIZrg2_a1cK6flpqAqb_P_aSla89zykyTo2oY
INFO 2023-01-12T15:35:18.536 auth - verifyToken -  Authorized. A token verified - eyJhbGciOiJIUzI1NiIsInR5cCI6IkpXVCJ9.eyJpZCI6IkFCRUw5NDAwOTA5OSIsImlhdCI6MTY3MzUwODA4MCwiZXhwIjoxNjczNTA4OTgwfQ.77DCtjlIZrg2_a1cK6flpqAqb_P_aSla89zykyTo2oY
INFO 2023-01-12T15:35:18.622 getAllRequestsCash Rows Length : 3
INFO 2023-01-12T15:35:18.623 getAllRequestsRevFund - No data found Rows Length : 0
INFO 2023-01-12T15:35:20.762 auth - verifyToken -  Authorized. A token verified - eyJhbGciOiJIUzI1NiIsInR5cCI6IkpXVCJ9.eyJpZCI6IkFCRUw5NDAwOTA5OSIsImlhdCI6MTY3MzUwODA4MCwiZXhwIjoxNjczNTA4OTgwfQ.77DCtjlIZrg2_a1cK6flpqAqb_P_aSla89zykyTo2oY
INFO 2023-01-12T15:35:20.850 requestController - getMaxId -  row: 1
INFO 2023-01-12T15:35:58.609 auth - verifyToken -  Authorized. A token verified - eyJhbGciOiJIUzI1NiIsInR5cCI6IkpXVCJ9.eyJpZCI6IkFCRUw5NDAwOTA5OSIsImlhdCI6MTY3MzUwODA4MCwiZXhwIjoxNjczNTA4OTgwfQ.77DCtjlIZrg2_a1cK6flpqAqb_P_aSla89zykyTo2oY
INFO 2023-01-12T15:35:58.717 requestController - getMaxId -  row: 1
INFO 2023-01-12T15:36:03.217 auth - verifyToken -  Authorized. A token verified - eyJhbGciOiJIUzI1NiIsInR5cCI6IkpXVCJ9.eyJpZCI6IkFCRUw5NDAwOTA5OSIsImlhdCI6MTY3MzUwODA4MCwiZXhwIjoxNjczNTA4OTgwfQ.77DCtjlIZrg2_a1cK6flpqAqb_P_aSla89zykyTo2oY
INFO 2023-01-12T15:36:03.303 requestController - getMaxId -  row: 1
INFO 2023-01-12T15:36:04.715 auth - verifyToken -  Authorized. A token verified - eyJhbGciOiJIUzI1NiIsInR5cCI6IkpXVCJ9.eyJpZCI6IkFCRUw5NDAwOTA5OSIsImlhdCI6MTY3MzUwODA4MCwiZXhwIjoxNjczNTA4OTgwfQ.77DCtjlIZrg2_a1cK6flpqAqb_P_aSla89zykyTo2oY
INFO 2023-01-12T15:36:04.722 auth - verifyToken -  Authorized. A token verified - eyJhbGciOiJIUzI1NiIsInR5cCI6IkpXVCJ9.eyJpZCI6IkFCRUw5NDAwOTA5OSIsImlhdCI6MTY3MzUwODA4MCwiZXhwIjoxNjczNTA4OTgwfQ.77DCtjlIZrg2_a1cK6flpqAqb_P_aSla89zykyTo2oY
INFO 2023-01-12T15:36:04.804 getAllRequestsRevFund - No data found Rows Length : 0
INFO 2023-01-12T15:36:04.810 getAllRequestsCash Rows Length : 3
INFO 2023-01-12T15:36:08.451 auth - verifyToken -  Authorized. A token verified - eyJhbGciOiJIUzI1NiIsInR5cCI6IkpXVCJ9.eyJpZCI6IkFCRUw5NDAwOTA5OSIsImlhdCI6MTY3MzUwODA4MCwiZXhwIjoxNjczNTA4OTgwfQ.77DCtjlIZrg2_a1cK6flpqAqb_P_aSla89zykyTo2oY
INFO 2023-01-12T15:36:08.537 requestController - getMaxId -  row: 1
FATAL 2023-01-12T15:38:50.048 auth - verifyToken -  Unauthorized. Invalid Token - eyJhbGciOiJIUzI1NiIsInR5cCI6IkpXVCJ9.eyJpZCI6IkFCRUw5NDAwOTA5OSIsImlhdCI6MTY3MzUwODA4MCwiZXhwIjoxNjczNTA4OTgwfQ.77DCtjlIZrg2_a1cK6flpqAqb_P_aSla89zykyTo2oY
INFO 2023-01-12T15:39:05.757 userLogin Successfully generated a token - eyJhbGciOiJIUzI1NiIsInR5cCI6IkpXVCJ9.eyJpZCI6IkFCRUw5NDAwOTA5OSIsImlhdCI6MTY3MzUwOTE0NSwiZXhwIjoxNjczNTEwMDQ1fQ.GFgAs32wGRx1HATwpQp_v1j5eA0YJWKdJqHY9v4bqtI
INFO 2023-01-12T15:39:09.014 auth - verifyToken -  Authorized. A token verified - eyJhbGciOiJIUzI1NiIsInR5cCI6IkpXVCJ9.eyJpZCI6IkFCRUw5NDAwOTA5OSIsImlhdCI6MTY3MzUwOTE0NSwiZXhwIjoxNjczNTEwMDQ1fQ.GFgAs32wGRx1HATwpQp_v1j5eA0YJWKdJqHY9v4bqtI
INFO 2023-01-12T15:39:09.020 auth - verifyToken -  Authorized. A token verified - eyJhbGciOiJIUzI1NiIsInR5cCI6IkpXVCJ9.eyJpZCI6IkFCRUw5NDAwOTA5OSIsImlhdCI6MTY3MzUwOTE0NSwiZXhwIjoxNjczNTEwMDQ1fQ.GFgAs32wGRx1HATwpQp_v1j5eA0YJWKdJqHY9v4bqtI
INFO 2023-01-12T15:39:09.104 getAllRequestsRevFund - No data found Rows Length : 0
INFO 2023-01-12T15:39:09.107 getAllRequestsCash Rows Length : 3
INFO 2023-01-12T15:39:12.593 auth - verifyToken -  Authorized. A token verified - eyJhbGciOiJIUzI1NiIsInR5cCI6IkpXVCJ9.eyJpZCI6IkFCRUw5NDAwOTA5OSIsImlhdCI6MTY3MzUwOTE0NSwiZXhwIjoxNjczNTEwMDQ1fQ.GFgAs32wGRx1HATwpQp_v1j5eA0YJWKdJqHY9v4bqtI
INFO 2023-01-12T15:39:12.678 requestController - getMaxId -  row: 1
INFO 2023-01-12T15:39:31.837 auth - verifyToken -  Authorized. A token verified - eyJhbGciOiJIUzI1NiIsInR5cCI6IkpXVCJ9.eyJpZCI6IkFCRUw5NDAwOTA5OSIsImlhdCI6MTY3MzUwOTE0NSwiZXhwIjoxNjczNTEwMDQ1fQ.GFgAs32wGRx1HATwpQp_v1j5eA0YJWKdJqHY9v4bqtI
INFO 2023-01-12T15:39:31.926 requestController - getMaxId -  row: 1
INFO 2023-01-12T15:40:00.133 auth - verifyToken -  Authorized. A token verified - eyJhbGciOiJIUzI1NiIsInR5cCI6IkpXVCJ9.eyJpZCI6IkFCRUw5NDAwOTA5OSIsImlhdCI6MTY3MzUwOTE0NSwiZXhwIjoxNjczNTEwMDQ1fQ.GFgAs32wGRx1HATwpQp_v1j5eA0YJWKdJqHY9v4bqtI
INFO 2023-01-12T15:40:00.218 requestController - getMaxId -  row: 1
INFO 2023-01-12T15:43:29.828 auth - verifyToken -  Authorized. A token verified - eyJhbGciOiJIUzI1NiIsInR5cCI6IkpXVCJ9.eyJpZCI6IkFCRUw5NDAwOTA5OSIsImlhdCI6MTY3MzUwOTE0NSwiZXhwIjoxNjczNTEwMDQ1fQ.GFgAs32wGRx1HATwpQp_v1j5eA0YJWKdJqHY9v4bqtI
INFO 2023-01-12T15:43:29.916 requestController - getMaxId -  row: 1
INFO 2023-01-12T15:44:20.407 auth - verifyToken -  Authorized. A token verified - eyJhbGciOiJIUzI1NiIsInR5cCI6IkpXVCJ9.eyJpZCI6IkFCRUw5NDAwOTA5OSIsImlhdCI6MTY3MzUwOTE0NSwiZXhwIjoxNjczNTEwMDQ1fQ.GFgAs32wGRx1HATwpQp_v1j5eA0YJWKdJqHY9v4bqtI
INFO 2023-01-12T15:44:20.492 requestController - getMaxId -  row: 1
INFO 2023-01-12T15:45:00.781 auth - verifyToken -  Authorized. A token verified - eyJhbGciOiJIUzI1NiIsInR5cCI6IkpXVCJ9.eyJpZCI6IkFCRUw5NDAwOTA5OSIsImlhdCI6MTY3MzUwOTE0NSwiZXhwIjoxNjczNTEwMDQ1fQ.GFgAs32wGRx1HATwpQp_v1j5eA0YJWKdJqHY9v4bqtI
INFO 2023-01-12T15:45:00.870 requestController - getMaxId -  row: 1
INFO 2023-01-12T15:46:54.587 auth - verifyToken -  Authorized. A token verified - eyJhbGciOiJIUzI1NiIsInR5cCI6IkpXVCJ9.eyJpZCI6IkFCRUw5NDAwOTA5OSIsImlhdCI6MTY3MzUwOTE0NSwiZXhwIjoxNjczNTEwMDQ1fQ.GFgAs32wGRx1HATwpQp_v1j5eA0YJWKdJqHY9v4bqtI
INFO 2023-01-12T15:46:54.678 requestController - getMaxId -  row: 1
INFO 2023-01-12T15:46:54.762 auth - verifyToken -  Authorized. A token verified - eyJhbGciOiJIUzI1NiIsInR5cCI6IkpXVCJ9.eyJpZCI6IkFCRUw5NDAwOTA5OSIsImlhdCI6MTY3MzUwOTE0NSwiZXhwIjoxNjczNTEwMDQ1fQ.GFgAs32wGRx1HATwpQp_v1j5eA0YJWKdJqHY9v4bqtI
INFO 2023-01-12T15:46:54.848 requestController - getMaxId -  row: 1
INFO 2023-01-12T15:46:56.099 auth - verifyToken -  Authorized. A token verified - eyJhbGciOiJIUzI1NiIsInR5cCI6IkpXVCJ9.eyJpZCI6IkFCRUw5NDAwOTA5OSIsImlhdCI6MTY3MzUwOTE0NSwiZXhwIjoxNjczNTEwMDQ1fQ.GFgAs32wGRx1HATwpQp_v1j5eA0YJWKdJqHY9v4bqtI
INFO 2023-01-12T15:46:56.102 auth - verifyToken -  Authorized. A token verified - eyJhbGciOiJIUzI1NiIsInR5cCI6IkpXVCJ9.eyJpZCI6IkFCRUw5NDAwOTA5OSIsImlhdCI6MTY3MzUwOTE0NSwiZXhwIjoxNjczNTEwMDQ1fQ.GFgAs32wGRx1HATwpQp_v1j5eA0YJWKdJqHY9v4bqtI
INFO 2023-01-12T15:46:56.185 getAllRequestsRevFund - No data found Rows Length : 0
INFO 2023-01-12T15:46:56.188 getAllRequestsCash Rows Length : 3
INFO 2023-01-12T15:47:55.727 auth - verifyToken -  Authorized. A token verified - eyJhbGciOiJIUzI1NiIsInR5cCI6IkpXVCJ9.eyJpZCI6IkFCRUw5NDAwOTA5OSIsImlhdCI6MTY3MzUwOTE0NSwiZXhwIjoxNjczNTEwMDQ1fQ.GFgAs32wGRx1HATwpQp_v1j5eA0YJWKdJqHY9v4bqtI
INFO 2023-01-12T15:47:55.731 auth - verifyToken -  Authorized. A token verified - eyJhbGciOiJIUzI1NiIsInR5cCI6IkpXVCJ9.eyJpZCI6IkFCRUw5NDAwOTA5OSIsImlhdCI6MTY3MzUwOTE0NSwiZXhwIjoxNjczNTEwMDQ1fQ.GFgAs32wGRx1HATwpQp_v1j5eA0YJWKdJqHY9v4bqtI
INFO 2023-01-12T15:47:55.817 getAllRequestsCash Rows Length : 3
INFO 2023-01-12T15:47:55.827 getAllRequestsRevFund - No data found Rows Length : 0
INFO 2023-01-12T15:48:12.874 auth - verifyToken -  Authorized. A token verified - eyJhbGciOiJIUzI1NiIsInR5cCI6IkpXVCJ9.eyJpZCI6IkFCRUw5NDAwOTA5OSIsImlhdCI6MTY3MzUwOTE0NSwiZXhwIjoxNjczNTEwMDQ1fQ.GFgAs32wGRx1HATwpQp_v1j5eA0YJWKdJqHY9v4bqtI
INFO 2023-01-12T15:48:12.877 auth - verifyToken -  Authorized. A token verified - eyJhbGciOiJIUzI1NiIsInR5cCI6IkpXVCJ9.eyJpZCI6IkFCRUw5NDAwOTA5OSIsImlhdCI6MTY3MzUwOTE0NSwiZXhwIjoxNjczNTEwMDQ1fQ.GFgAs32wGRx1HATwpQp_v1j5eA0YJWKdJqHY9v4bqtI
INFO 2023-01-12T15:48:12.961 getAllRequestsRevFund - No data found Rows Length : 0
INFO 2023-01-12T15:48:12.962 getAllRequestsCash Rows Length : 3
INFO 2023-01-12T15:48:39.783 auth - verifyToken -  Authorized. A token verified - eyJhbGciOiJIUzI1NiIsInR5cCI6IkpXVCJ9.eyJpZCI6IkFCRUw5NDAwOTA5OSIsImlhdCI6MTY3MzUwOTE0NSwiZXhwIjoxNjczNTEwMDQ1fQ.GFgAs32wGRx1HATwpQp_v1j5eA0YJWKdJqHY9v4bqtI
INFO 2023-01-12T15:48:39.787 auth - verifyToken -  Authorized. A token verified - eyJhbGciOiJIUzI1NiIsInR5cCI6IkpXVCJ9.eyJpZCI6IkFCRUw5NDAwOTA5OSIsImlhdCI6MTY3MzUwOTE0NSwiZXhwIjoxNjczNTEwMDQ1fQ.GFgAs32wGRx1HATwpQp_v1j5eA0YJWKdJqHY9v4bqtI
INFO 2023-01-12T15:48:39.876 getAllRequestsRevFund - No data found Rows Length : 0
INFO 2023-01-12T15:48:39.878 getAllRequestsCash Rows Length : 3
INFO 2023-01-12T15:48:39.931 auth - verifyToken -  Authorized. A token verified - eyJhbGciOiJIUzI1NiIsInR5cCI6IkpXVCJ9.eyJpZCI6IkFCRUw5NDAwOTA5OSIsImlhdCI6MTY3MzUwOTE0NSwiZXhwIjoxNjczNTEwMDQ1fQ.GFgAs32wGRx1HATwpQp_v1j5eA0YJWKdJqHY9v4bqtI
INFO 2023-01-12T15:48:39.933 auth - verifyToken -  Authorized. A token verified - eyJhbGciOiJIUzI1NiIsInR5cCI6IkpXVCJ9.eyJpZCI6IkFCRUw5NDAwOTA5OSIsImlhdCI6MTY3MzUwOTE0NSwiZXhwIjoxNjczNTEwMDQ1fQ.GFgAs32wGRx1HATwpQp_v1j5eA0YJWKdJqHY9v4bqtI
INFO 2023-01-12T15:48:40.016 getAllRequestsRevFund - No data found Rows Length : 0
INFO 2023-01-12T15:48:40.020 getAllRequestsCash Rows Length : 3
INFO 2023-01-12T15:48:51.253 auth - verifyToken -  Authorized. A token verified - eyJhbGciOiJIUzI1NiIsInR5cCI6IkpXVCJ9.eyJpZCI6IkFCRUw5NDAwOTA5OSIsImlhdCI6MTY3MzUwOTE0NSwiZXhwIjoxNjczNTEwMDQ1fQ.GFgAs32wGRx1HATwpQp_v1j5eA0YJWKdJqHY9v4bqtI
INFO 2023-01-12T15:48:51.256 auth - verifyToken -  Authorized. A token verified - eyJhbGciOiJIUzI1NiIsInR5cCI6IkpXVCJ9.eyJpZCI6IkFCRUw5NDAwOTA5OSIsImlhdCI6MTY3MzUwOTE0NSwiZXhwIjoxNjczNTEwMDQ1fQ.GFgAs32wGRx1HATwpQp_v1j5eA0YJWKdJqHY9v4bqtI
INFO 2023-01-12T15:48:51.338 getAllRequestsRevFund - No data found Rows Length : 0
INFO 2023-01-12T15:48:51.344 getAllRequestsCash Rows Length : 3
INFO 2023-01-12T15:49:06.096 auth - verifyToken -  Authorized. A token verified - eyJhbGciOiJIUzI1NiIsInR5cCI6IkpXVCJ9.eyJpZCI6IkFCRUw5NDAwOTA5OSIsImlhdCI6MTY3MzUwOTE0NSwiZXhwIjoxNjczNTEwMDQ1fQ.GFgAs32wGRx1HATwpQp_v1j5eA0YJWKdJqHY9v4bqtI
INFO 2023-01-12T15:49:06.098 auth - verifyToken -  Authorized. A token verified - eyJhbGciOiJIUzI1NiIsInR5cCI6IkpXVCJ9.eyJpZCI6IkFCRUw5NDAwOTA5OSIsImlhdCI6MTY3MzUwOTE0NSwiZXhwIjoxNjczNTEwMDQ1fQ.GFgAs32wGRx1HATwpQp_v1j5eA0YJWKdJqHY9v4bqtI
INFO 2023-01-12T15:49:06.179 getAllRequestsRevFund - No data found Rows Length : 0
INFO 2023-01-12T15:49:06.182 getAllRequestsCash Rows Length : 3
INFO 2023-01-12T15:49:20.242 auth - verifyToken -  Authorized. A token verified - eyJhbGciOiJIUzI1NiIsInR5cCI6IkpXVCJ9.eyJpZCI6IkFCRUw5NDAwOTA5OSIsImlhdCI6MTY3MzUwOTE0NSwiZXhwIjoxNjczNTEwMDQ1fQ.GFgAs32wGRx1HATwpQp_v1j5eA0YJWKdJqHY9v4bqtI
INFO 2023-01-12T15:49:20.245 auth - verifyToken -  Authorized. A token verified - eyJhbGciOiJIUzI1NiIsInR5cCI6IkpXVCJ9.eyJpZCI6IkFCRUw5NDAwOTA5OSIsImlhdCI6MTY3MzUwOTE0NSwiZXhwIjoxNjczNTEwMDQ1fQ.GFgAs32wGRx1HATwpQp_v1j5eA0YJWKdJqHY9v4bqtI
INFO 2023-01-12T15:49:20.327 getAllRequestsRevFund - No data found Rows Length : 0
INFO 2023-01-12T15:49:20.335 getAllRequestsCash Rows Length : 3
INFO 2023-01-12T15:49:38.461 auth - verifyToken -  Authorized. A token verified - eyJhbGciOiJIUzI1NiIsInR5cCI6IkpXVCJ9.eyJpZCI6IkFCRUw5NDAwOTA5OSIsImlhdCI6MTY3MzUwOTE0NSwiZXhwIjoxNjczNTEwMDQ1fQ.GFgAs32wGRx1HATwpQp_v1j5eA0YJWKdJqHY9v4bqtI
INFO 2023-01-12T15:49:38.545 requestController - getMaxId -  row: 1
INFO 2023-01-12T15:51:20.927 auth - verifyToken -  Authorized. A token verified - eyJhbGciOiJIUzI1NiIsInR5cCI6IkpXVCJ9.eyJpZCI6IkFCRUw5NDAwOTA5OSIsImlhdCI6MTY3MzUwOTE0NSwiZXhwIjoxNjczNTEwMDQ1fQ.GFgAs32wGRx1HATwpQp_v1j5eA0YJWKdJqHY9v4bqtI
INFO 2023-01-12T15:51:21.016 requestController - getMaxId -  row: 1
INFO 2023-01-12T15:51:54.469 auth - verifyToken -  Authorized. A token verified - eyJhbGciOiJIUzI1NiIsInR5cCI6IkpXVCJ9.eyJpZCI6IkFCRUw5NDAwOTA5OSIsImlhdCI6MTY3MzUwOTE0NSwiZXhwIjoxNjczNTEwMDQ1fQ.GFgAs32wGRx1HATwpQp_v1j5eA0YJWKdJqHY9v4bqtI
INFO 2023-01-12T15:51:54.558 requestController - getMaxId -  row: 1
FATAL 2023-01-12T16:30:07.947 auth - verifyToken -  Unauthorized. Invalid Token - eyJhbGciOiJIUzI1NiIsInR5cCI6IkpXVCJ9.eyJpZCI6IkFCRUw5NDAwOTA5OSIsImlhdCI6MTY3MzUwOTE0NSwiZXhwIjoxNjczNTEwMDQ1fQ.GFgAs32wGRx1HATwpQp_v1j5eA0YJWKdJqHY9v4bqtI
