INFO 2023-01-10T08:38:46.175 server.js -  Server listening to port: 3000
FATAL 2023-01-10T08:38:46.183 10.0.11.65 - kpusers - Connection Failed. Error: connect ETIMEDOUT
FATAL 2023-01-10T08:38:46.184 10.4.9.186 - branch_request - Branch Connection Failed. Error: connect ETIMEDOUT
INFO 2023-01-10T10:35:47.684 server.js -  Server listening to port: 3000
INFO 2023-01-10T10:35:48.004 10.0.11.65 - kpusers - Kp Connected.
INFO 2023-01-10T10:35:48.218 10.4.9.186 - branch_request - Branch Connected.
INFO 2023-01-10T10:39:17.605 getAllRequestsRevFund - No data found Rows Length : 0
INFO 2023-01-10T10:39:17.610 getAllRequestsCash - No data found Rows Length : 0
INFO 2023-01-10T10:40:01.265 getAllRequestsCash Rows Length : 3
INFO 2023-01-10T10:40:01.266 getAllRequestsRevFund Rows Length : 1
INFO 2023-01-10T10:40:01.634 getAllRequestsCash Rows Length : 1
INFO 2023-01-10T10:40:01.636 getAllRequestsRevFund Rows Length : 1
INFO 2023-01-10T10:40:02.676 getAllRequestsRevFund - No data found Rows Length : 0
INFO 2023-01-10T10:40:02.677 getAllRequestsCash - No data found Rows Length : 0
INFO 2023-01-10T10:40:05.889 getAllRequestsCash Rows Length : 3
INFO 2023-01-10T10:40:05.890 getAllRequestsCash Rows Length : 1
INFO 2023-01-10T10:40:05.891 getAllRequestsRevFund Rows Length : 1
INFO 2023-01-10T10:40:05.922 getAllRequestsRevFund Rows Length : 1
INFO 2023-01-10T10:44:24.104 getAllRequestsCash Rows Length : 3
INFO 2023-01-10T10:44:24.107 getAllRequestsRevFund Rows Length : 1
INFO 2023-01-10T10:44:24.110 getAllRequestsCash Rows Length : 1
INFO 2023-01-10T10:44:24.113 getAllRequestsRevFund Rows Length : 1
INFO 2023-01-10T10:46:28.973 server.js -  Server listening to port: 3000
INFO 2023-01-10T10:46:29.011 10.0.11.65 - kpusers - Kp Connected.
INFO 2023-01-10T10:46:32.648 server.js -  Server listening to port: 3000
INFO 2023-01-10T10:46:32.793 10.0.11.65 - kpusers - Kp Connected.
INFO 2023-01-10T10:46:33.067 10.4.9.186 - branch_request - Branch Connected.
INFO 2023-01-10T10:47:32.737 server.js -  Server listening to port: 3000
INFO 2023-01-10T10:47:32.775 10.0.11.65 - kpusers - Kp Connected.
INFO 2023-01-10T10:47:33.135 10.4.9.186 - branch_request - Branch Connected.
INFO 2023-01-10T10:49:00.042 server.js -  Server listening to port: 3000
INFO 2023-01-10T10:49:00.076 10.0.11.65 - kpusers - Kp Connected.
INFO 2023-01-10T10:49:00.411 10.4.9.186 - branch_request - Branch Connected.
INFO 2023-01-10T10:49:06.311 server.js -  Server listening to port: 3000
INFO 2023-01-10T10:49:06.346 10.0.11.65 - kpusers - Kp Connected.
INFO 2023-01-10T10:49:06.682 10.4.9.186 - branch_request - Branch Connected.
INFO 2023-01-10T10:54:12.981 server.js -  Server listening to port: 3000
INFO 2023-01-10T10:54:13.427 10.4.9.186 - branch_request - Branch Connected.
INFO 2023-01-10T10:54:24.973 getAllRequestsCash Rows Length : 1
INFO 2023-01-10T10:54:24.976 getAllRequestsCash Rows Length : 3
INFO 2023-01-10T10:54:24.979 getAllRequestsRevFund Rows Length : 1
INFO 2023-01-10T10:54:24.981 getAllRequestsRevFund Rows Length : 1
INFO 2023-01-10T10:54:44.312 OpenRequestController - getCashRequestByControlNo  responseMesage - Success, responseCode - 0
INFO 2023-01-10T10:54:48.746 getAllRequestsCash Rows Length : 3
INFO 2023-01-10T10:54:48.752 getAllRequestsCash Rows Length : 1
INFO 2023-01-10T10:54:48.755 getAllRequestsRevFund Rows Length : 1
INFO 2023-01-10T10:54:48.757 getAllRequestsRevFund Rows Length : 1
INFO 2023-01-10T10:54:50.670 getAllRequestsRevFund - No data found Rows Length : 0
INFO 2023-01-10T10:54:50.673 getAllRequestsCash - No data found Rows Length : 0
INFO 2023-01-10T10:54:52.532 getAllRequestsCash Rows Length : 3
INFO 2023-01-10T10:54:52.533 getAllRequestsRevFund Rows Length : 1
INFO 2023-01-10T10:54:52.534 getAllRequestsCash Rows Length : 1
INFO 2023-01-10T10:54:52.535 getAllRequestsRevFund Rows Length : 1
INFO 2023-01-10T10:55:27.241 getAllRequestsCash Rows Length : 3
INFO 2023-01-10T10:55:27.242 getAllRequestsRevFund Rows Length : 1
INFO 2023-01-10T10:55:27.246 getAllRequestsCash Rows Length : 1
INFO 2023-01-10T10:55:27.264 getAllRequestsRevFund Rows Length : 1
INFO 2023-01-10T10:56:00.957 getAllRequestsCash Rows Length : 3
INFO 2023-01-10T10:56:00.965 getAllRequestsRevFund Rows Length : 1
INFO 2023-01-10T10:56:00.971 getAllRequestsCash Rows Length : 1
INFO 2023-01-10T10:56:00.976 getAllRequestsRevFund Rows Length : 1
INFO 2023-01-10T10:56:50.769 getAllRequestsCash Rows Length : 3
INFO 2023-01-10T10:56:50.777 getAllRequestsRevFund Rows Length : 1
INFO 2023-01-10T10:56:50.779 getAllRequestsCash Rows Length : 1
INFO 2023-01-10T10:56:50.787 getAllRequestsRevFund Rows Length : 1
INFO 2023-01-10T10:56:52.739 getAllRequestsCash Rows Length : 3
INFO 2023-01-10T10:56:52.743 getAllRequestsRevFund Rows Length : 1
INFO 2023-01-10T10:56:52.745 getAllRequestsCash Rows Length : 1
INFO 2023-01-10T10:56:52.753 getAllRequestsRevFund Rows Length : 1
INFO 2023-01-10T10:57:07.780 getAllRequestsCash Rows Length : 3
INFO 2023-01-10T10:57:07.782 getAllRequestsRevFund Rows Length : 1
INFO 2023-01-10T10:57:07.786 getAllRequestsCash Rows Length : 1
INFO 2023-01-10T10:57:07.800 getAllRequestsRevFund Rows Length : 1
INFO 2023-01-10T11:34:21.677 server.js -  Server listening to port: 3000
INFO 2023-01-10T11:34:22.144 10.4.9.186 - branch_request - Branch Connected.
INFO 2023-01-10T11:34:26.943 server.js -  Server listening to port: 3000
INFO 2023-01-10T11:34:27.344 10.4.9.186 - branch_request - Branch Connected.
INFO 2023-01-10T14:11:33.191 server.js -  Server listening to port: 3000
INFO 2023-01-10T14:11:33.680 10.4.9.186 - branch_request - Branch Connected.
INFO 2023-01-10T14:11:40.039 server.js -  Server listening to port: 3000
INFO 2023-01-10T14:11:40.412 10.4.9.186 - branch_request - Branch Connected.
INFO 2023-01-10T14:11:44.573 server.js -  Server listening to port: 3000
INFO 2023-01-10T14:11:44.962 10.4.9.186 - branch_request - Branch Connected.
INFO 2023-01-10T14:13:35.981 server.js -  Server listening to port: 3000
INFO 2023-01-10T14:13:36.360 10.4.9.186 - branch_request - Branch Connected.
INFO 2023-01-10T14:50:31.753 getAllRequestsCash - No data found Rows Length : 0
INFO 2023-01-10T14:50:31.764 getAllRequestsRevFund - No data found Rows Length : 0
INFO 2023-01-10T14:50:33.541 OpenRequestController - getCashRequestByControlNo  responseMesage - Success, responseCode - 0
INFO 2023-01-10T14:51:26.253 OpenRequestController - getCashRequestByControlNo  responseMesage - Success, responseCode - 0
INFO 2023-01-10T14:53:00.596 OpenRequestController - getCashRequestByControlNo  responseMesage - Success, responseCode - 0
INFO 2023-01-10T14:53:35.101 OpenRequestController - getCashRequestByControlNo  responseMesage - Success, responseCode - 0
INFO 2023-01-10T14:53:35.186 OpenRequestController - getCashRequestByControlNo  responseMesage - Success, responseCode - 0
INFO 2023-01-10T14:54:11.983 OpenRequestController - getCashRequestByControlNo  responseMesage - Success, responseCode - 0
INFO 2023-01-10T14:55:10.434 OpenRequestController - getCashRequestByControlNo  responseMesage - Success, responseCode - 0
INFO 2023-01-10T14:58:39.599 OpenRequestController - getCashRequestByControlNo  responseMesage - Success, responseCode - 0
INFO 2023-01-10T14:58:59.122 OpenRequestController - getCashRequestByControlNo  responseMesage - Success, responseCode - 0
INFO 2023-01-10T14:59:42.730 OpenRequestController - getCashRequestByControlNo  responseMesage - Success, responseCode - 0
INFO 2023-01-10T15:01:42.765 OpenRequestController - getCashRequestByControlNo  responseMesage - Success, responseCode - 0
INFO 2023-01-10T15:03:57.289 OpenRequestController - getCashRequestByControlNo  responseMesage - Success, responseCode - 0
INFO 2023-01-10T15:04:49.786 OpenRequestController - getCashRequestByControlNo  responseMesage - Success, responseCode - 0
INFO 2023-01-10T15:04:49.852 OpenRequestController - getCashRequestByControlNo  responseMesage - Success, responseCode - 0
INFO 2023-01-10T15:05:17.445 OpenRequestController - getCashRequestByControlNo  responseMesage - Success, responseCode - 0
INFO 2023-01-10T15:14:26.826 getAllRequestsRevFund - No data found Rows Length : 0
INFO 2023-01-10T15:14:26.827 getAllRequestsCash - No data found Rows Length : 0
INFO 2023-01-10T15:14:28.797 OpenRequestController - getCashRequestByControlNo  responseMesage - Success, responseCode - 0
INFO 2023-01-10T15:15:46.289 getAllRequestsRevFund - No data found Rows Length : 0
INFO 2023-01-10T15:15:46.290 getAllRequestsCash Rows Length : 1
INFO 2023-01-10T15:15:49.730 OpenRequestController - getCashRequestByControlNo  responseMesage - Success, responseCode - 0
INFO 2023-01-10T15:16:25.715 getAllRequestsRevFund - No data found Rows Length : 0
INFO 2023-01-10T15:16:25.716 getAllRequestsCash Rows Length : 1
INFO 2023-01-10T15:16:29.167 getAllRequestsCash Rows Length : 3
INFO 2023-01-10T15:16:29.169 getAllRequestsRevFund Rows Length : 1
INFO 2023-01-10T15:16:29.511 getAllRequestsCash Rows Length : 2
INFO 2023-01-10T15:16:29.514 getAllRequestsRevFund Rows Length : 1
INFO 2023-01-10T15:16:30.831 getAllRequestsCash Rows Length : 1
INFO 2023-01-10T15:16:30.832 getAllRequestsRevFund - No data found Rows Length : 0
INFO 2023-01-10T15:16:35.726 OpenRequestController - getCashRequestByControlNo  responseMesage - Success, responseCode - 0
INFO 2023-01-10T15:17:18.089 getAllRequestsCash Rows Length : 3
INFO 2023-01-10T15:17:18.090 getAllRequestsCash Rows Length : 2
INFO 2023-01-10T15:17:18.093 getAllRequestsRevFund Rows Length : 1
INFO 2023-01-10T15:17:18.094 getAllRequestsRevFund Rows Length : 1
INFO 2023-01-10T15:17:23.878 OpenRequestController - getCashRequestByControlNo  responseMesage - Success, responseCode - 0
INFO 2023-01-10T15:17:27.310 getAllRequestsCash Rows Length : 3
INFO 2023-01-10T15:17:27.321 getAllRequestsRevFund Rows Length : 1
INFO 2023-01-10T15:17:27.328 getAllRequestsCash Rows Length : 2
INFO 2023-01-10T15:17:27.329 getAllRequestsRevFund Rows Length : 1
INFO 2023-01-10T15:18:04.831 CASH ADVANCE APPROVED - updateRequestStatus -  Approver Status Updating - CA-230110-000030
INFO 2023-01-10T15:18:04.941 CASH ADVANCE APPROVED - updateApproverStatus -  Approver Status Updated - area_approver
INFO 2023-01-10T15:18:09.054 OpenRequestController - getCashRequestByControlNo  responseMesage - Success, responseCode - 0
INFO 2023-01-10T15:18:59.435 getAllRequestsRevFund - No data found Rows Length : 0
INFO 2023-01-10T15:18:59.440 getAllRequestsCash Rows Length : 2
INFO 2023-01-10T15:19:01.828 OpenRequestController - getCashRequestByControlNo  responseMesage - Success, responseCode - 0
INFO 2023-01-10T15:21:37.458 OpenRequestController - getCashRequestByControlNo  responseMesage - Success, responseCode - 0
INFO 2023-01-10T15:21:56.027 OpenRequestController - getCashRequestByControlNo  responseMesage - Success, responseCode - 0
INFO 2023-01-10T15:22:31.407 OpenRequestController - getCashRequestByControlNo  responseMesage - Success, responseCode - 0
INFO 2023-01-10T15:23:19.226 OpenRequestController - getCashRequestByControlNo  responseMesage - Success, responseCode - 0
INFO 2023-01-10T15:23:28.583 OpenRequestController - getCashRequestByControlNo  responseMesage - Success, responseCode - 0
INFO 2023-01-10T15:24:04.855 OpenRequestController - getCashRequestByControlNo  responseMesage - Success, responseCode - 0
INFO 2023-01-10T15:24:27.451 OpenRequestController - getCashRequestByControlNo  responseMesage - Success, responseCode - 0
INFO 2023-01-10T15:24:44.948 OpenRequestController - getCashRequestByControlNo  responseMesage - Success, responseCode - 0
INFO 2023-01-10T15:26:25.118 OpenRequestController - getCashRequestByControlNo  responseMesage - Success, responseCode - 0
INFO 2023-01-10T15:26:40.251 OpenRequestController - getCashRequestByControlNo  responseMesage - Success, responseCode - 0
INFO 2023-01-10T15:27:50.651 OpenRequestController - getCashRequestByControlNo  responseMesage - Success, responseCode - 0
INFO 2023-01-10T15:28:11.159 OpenRequestController - getCashRequestByControlNo  responseMesage - Success, responseCode - 0
INFO 2023-01-10T15:28:24.124 OpenRequestController - getCashRequestByControlNo  responseMesage - Success, responseCode - 0
INFO 2023-01-10T15:28:53.122 OpenRequestController - getCashRequestByControlNo  responseMesage - Success, responseCode - 0
INFO 2023-01-10T15:30:08.583 OpenRequestController - getCashRequestByControlNo  responseMesage - Success, responseCode - 0
INFO 2023-01-10T15:30:29.819 OpenRequestController - getCashRequestByControlNo  responseMesage - Success, responseCode - 0
INFO 2023-01-10T15:31:12.610 getAllRequestsRevFund - No data found Rows Length : 0
INFO 2023-01-10T15:31:12.616 getAllRequestsCash Rows Length : 2
INFO 2023-01-10T15:31:15.377 OpenRequestController - getCashRequestByControlNo  responseMesage - Success, responseCode - 0
INFO 2023-01-10T15:31:56.139 OpenRequestController - getCashRequestByControlNo  responseMesage - Success, responseCode - 0
INFO 2023-01-10T15:32:03.341 OpenRequestController - getCashRequestByControlNo  responseMesage - Success, responseCode - 0
INFO 2023-01-10T15:32:49.915 OpenRequestController - getCashRequestByControlNo  responseMesage - Success, responseCode - 0
INFO 2023-01-10T15:33:19.083 OpenRequestController - getCashRequestByControlNo  responseMesage - Success, responseCode - 0
INFO 2023-01-10T15:33:43.185 OpenRequestController - getCashRequestByControlNo  responseMesage - Success, responseCode - 0
INFO 2023-01-10T15:35:04.531 OpenRequestController - getCashRequestByControlNo  responseMesage - Success, responseCode - 0
INFO 2023-01-10T15:35:04.681 OpenRequestController - getCashRequestByControlNo  responseMesage - Success, responseCode - 0
INFO 2023-01-10T15:35:13.917 getAllRequestsRevFund - No data found Rows Length : 0
INFO 2023-01-10T15:35:13.918 getAllRequestsCash Rows Length : 2
INFO 2023-01-10T15:35:15.352 OpenRequestController - getCashRequestByControlNo  responseMesage - Success, responseCode - 0
INFO 2023-01-10T15:36:13.980 OpenRequestController - getCashRequestByControlNo  responseMesage - Success, responseCode - 0
INFO 2023-01-10T15:36:23.948 OpenRequestController - getCashRequestByControlNo  responseMesage - Success, responseCode - 0
INFO 2023-01-10T15:36:34.743 OpenRequestController - getCashRequestByControlNo  responseMesage - Success, responseCode - 0
INFO 2023-01-10T15:37:11.627 OpenRequestController - getCashRequestByControlNo  responseMesage - Success, responseCode - 0
INFO 2023-01-10T15:37:15.792 OpenRequestController - getCashRequestByControlNo  responseMesage - Success, responseCode - 0
INFO 2023-01-10T15:37:29.519 OpenRequestController - getCashRequestByControlNo  responseMesage - Success, responseCode - 0
INFO 2023-01-10T15:37:38.954 OpenRequestController - getCashRequestByControlNo  responseMesage - Success, responseCode - 0
INFO 2023-01-10T15:38:02.910 OpenRequestController - getCashRequestByControlNo  responseMesage - Success, responseCode - 0
INFO 2023-01-10T15:39:10.353 OpenRequestController - getCashRequestByControlNo  responseMesage - Success, responseCode - 0
INFO 2023-01-10T15:39:59.084 OpenRequestController - getCashRequestByControlNo  responseMesage - Success, responseCode - 0
INFO 2023-01-10T15:39:59.167 OpenRequestController - getCashRequestByControlNo  responseMesage - Success, responseCode - 0
INFO 2023-01-10T15:40:10.881 OpenRequestController - getCashRequestByControlNo  responseMesage - Success, responseCode - 0
INFO 2023-01-10T15:40:23.819 OpenRequestController - getCashRequestByControlNo  responseMesage - Success, responseCode - 0
INFO 2023-01-10T15:42:31.962 OpenRequestController - getCashRequestByControlNo  responseMesage - Success, responseCode - 0
INFO 2023-01-10T15:43:20.640 OpenRequestController - getCashRequestByControlNo  responseMesage - Success, responseCode - 0
INFO 2023-01-10T15:43:20.736 OpenRequestController - getCashRequestByControlNo  responseMesage - Success, responseCode - 0
INFO 2023-01-10T15:43:47.970 OpenRequestController - getCashRequestByControlNo  responseMesage - Success, responseCode - 0
INFO 2023-01-10T15:44:03.278 OpenRequestController - getCashRequestByControlNo  responseMesage - Success, responseCode - 0
INFO 2023-01-10T15:44:47.585 OpenRequestController - getCashRequestByControlNo  responseMesage - Success, responseCode - 0
INFO 2023-01-10T15:44:47.660 OpenRequestController - getCashRequestByControlNo  responseMesage - Success, responseCode - 0
INFO 2023-01-10T15:45:30.529 OpenRequestController - getCashRequestByControlNo  responseMesage - Success, responseCode - 0
INFO 2023-01-10T15:45:30.665 OpenRequestController - getCashRequestByControlNo  responseMesage - Success, responseCode - 0
INFO 2023-01-10T15:45:59.728 OpenRequestController - getCashRequestByControlNo  responseMesage - Success, responseCode - 0
INFO 2023-01-10T15:46:57.393 getAllRequestsRevFund - No data found Rows Length : 0
INFO 2023-01-10T15:46:57.394 getAllRequestsCash Rows Length : 2
INFO 2023-01-10T15:46:59.822 OpenRequestController - getCashRequestByControlNo  responseMesage - Success, responseCode - 0
INFO 2023-01-10T15:47:32.599 OpenRequestController - getCashRequestByControlNo  responseMesage - Success, responseCode - 0
INFO 2023-01-10T15:47:43.376 OpenRequestController - getCashRequestByControlNo  responseMesage - Success, responseCode - 0
INFO 2023-01-10T15:48:17.628 OpenRequestController - getCashRequestByControlNo  responseMesage - Success, responseCode - 0
INFO 2023-01-10T15:48:17.809 OpenRequestController - getCashRequestByControlNo  responseMesage - Success, responseCode - 0
INFO 2023-01-10T15:49:44.829 OpenRequestController - getCashRequestByControlNo  responseMesage - Success, responseCode - 0
INFO 2023-01-10T15:49:44.904 OpenRequestController - getCashRequestByControlNo  responseMesage - Success, responseCode - 0
INFO 2023-01-10T15:50:12.145 OpenRequestController - getCashRequestByControlNo  responseMesage - Success, responseCode - 0
INFO 2023-01-10T15:50:12.229 OpenRequestController - getCashRequestByControlNo  responseMesage - Success, responseCode - 0
INFO 2023-01-10T15:50:26.026 getAllRequestsRevFund - No data found Rows Length : 0
INFO 2023-01-10T15:50:26.028 getAllRequestsCash Rows Length : 2
INFO 2023-01-10T15:50:28.409 OpenRequestController - getCashRequestByControlNo  responseMesage - Success, responseCode - 0
INFO 2023-01-10T15:51:09.687 getAllRequestsRevFund - No data found Rows Length : 0
INFO 2023-01-10T15:51:09.688 getAllRequestsCash Rows Length : 2
INFO 2023-01-10T15:51:13.755 OpenRequestController - getCashRequestByControlNo  responseMesage - Success, responseCode - 0
INFO 2023-01-10T15:52:18.409 OpenRequestController - getCashRequestByControlNo  responseMesage - Success, responseCode - 0
INFO 2023-01-10T15:52:48.555 getAllRequestsRevFund - No data found Rows Length : 0
INFO 2023-01-10T15:52:48.556 getAllRequestsCash Rows Length : 2
INFO 2023-01-10T15:52:52.515 OpenRequestController - getCashRequestByControlNo  responseMesage - Success, responseCode - 0
INFO 2023-01-10T15:53:29.865 getAllRequestsRevFund - No data found Rows Length : 0
INFO 2023-01-10T15:53:29.866 getAllRequestsCash Rows Length : 2
INFO 2023-01-10T15:53:32.221 getAllRequestsCash Rows Length : 3
INFO 2023-01-10T15:53:32.222 getAllRequestsRevFund Rows Length : 1
INFO 2023-01-10T15:53:32.226 getAllRequestsCash Rows Length : 1
INFO 2023-01-10T15:53:32.231 getAllRequestsRevFund Rows Length : 1
INFO 2023-01-10T15:53:36.113 OpenRequestController - getRfRequestByControlNo  responseMesage - Success, responseCode - 0
INFO 2023-01-10T15:53:39.632 getAllRequestsCash Rows Length : 3
INFO 2023-01-10T15:53:39.632 getAllRequestsCash Rows Length : 1
INFO 2023-01-10T15:53:39.634 getAllRequestsRevFund Rows Length : 1
INFO 2023-01-10T15:53:39.634 getAllRequestsRevFund Rows Length : 1
INFO 2023-01-10T15:54:02.739 getAllRequestsRevFund Rows Length : 1
INFO 2023-01-10T15:54:02.756 getAllRequestsCash Rows Length : 2
INFO 2023-01-10T15:54:03.908 OpenRequestController - getRfRequestByControlNo  responseMesage - Success, responseCode - 0
INFO 2023-01-10T15:55:57.459 OpenRequestController - getRfRequestByControlNo  responseMesage - Success, responseCode - 0
INFO 2023-01-10T15:56:30.635 OpenRequestController - getRfRequestByControlNo  responseMesage - Success, responseCode - 0
INFO 2023-01-10T15:56:57.247 OpenRequestController - getRfRequestByControlNo  responseMesage - Success, responseCode - 0
INFO 2023-01-10T15:57:36.396 OpenRequestController - getRfRequestByControlNo  responseMesage - Success, responseCode - 0
INFO 2023-01-10T15:57:36.547 OpenRequestController - getRfRequestByControlNo  responseMesage - Success, responseCode - 0
INFO 2023-01-10T15:58:34.259 OpenRequestController - getRfRequestByControlNo  responseMesage - Success, responseCode - 0
INFO 2023-01-10T15:58:45.219 OpenRequestController - getRfRequestByControlNo  responseMesage - Success, responseCode - 0
INFO 2023-01-10T15:59:04.549 OpenRequestController - getRfRequestByControlNo  responseMesage - Success, responseCode - 0
INFO 2023-01-10T15:59:14.615 getAllRequestsRevFund Rows Length : 1
INFO 2023-01-10T15:59:14.617 getAllRequestsCash Rows Length : 2
INFO 2023-01-10T15:59:16.569 OpenRequestController - getRfRequestByControlNo  responseMesage - Success, responseCode - 0
INFO 2023-01-10T15:59:19.580 getAllRequestsRevFund Rows Length : 1
INFO 2023-01-10T15:59:19.581 getAllRequestsCash Rows Length : 2
INFO 2023-01-10T15:59:21.647 requestController - getRfMaxId -  row: 1
INFO 2023-01-10T15:59:34.871 OpenRequestController - postRfRequest  responseMesage - Success, responseCode - 0
INFO 2023-01-10T15:59:39.023 OpenRequestController - getRfRequestByControlNo  responseMesage - Success, responseCode - 0
INFO 2023-01-10T15:59:45.934 getAllRequestsRevFund Rows Length : 2
INFO 2023-01-10T15:59:45.935 getAllRequestsCash Rows Length : 2
INFO 2023-01-10T15:59:49.325 OpenRequestController - getRfRequestByControlNo  responseMesage - Success, responseCode - 0
INFO 2023-01-10T16:00:18.901 getAllRequestsRevFund - No data found Rows Length : 0
INFO 2023-01-10T16:00:18.902 getAllRequestsCash - No data found Rows Length : 0
INFO 2023-01-10T16:00:21.193 OpenRequestController - getRfRequestByControlNo  responseMesage - Success, responseCode - 0
INFO 2023-01-10T16:00:25.814 REVOLVING FUND APPROVED - updateRequestStatus -  Approver Status Updating - RF-230110-000011
INFO 2023-01-10T16:00:25.899 REVOLVING FUND APPROVED - updateApproverStatus -  Approver Status Updated - am_approver
INFO 2023-01-10T16:00:29.620 OpenRequestController - getRfRequestByControlNo  responseMesage - Success, responseCode - 0
INFO 2023-01-10T16:00:37.501 getAllRequestsRevFund Rows Length : 2
INFO 2023-01-10T16:00:37.501 getAllRequestsCash Rows Length : 2
INFO 2023-01-10T16:00:38.919 OpenRequestController - getRfRequestByControlNo  responseMesage - Success, responseCode - 0
INFO 2023-01-10T16:00:45.870 getAllRequestsRevFund Rows Length : 2
INFO 2023-01-10T16:00:45.871 getAllRequestsCash Rows Length : 2
INFO 2023-01-10T16:02:10.124 OpenRequestController - getRfRequestByControlNo  responseMesage - Success, responseCode - 0
INFO 2023-01-10T16:02:10.314 OpenRequestController - getRfRequestByControlNo  responseMesage - Success, responseCode - 0
INFO 2023-01-10T16:02:26.255 OpenRequestController - getRfRequestByControlNo  responseMesage - Success, responseCode - 0
INFO 2023-01-10T16:02:57.159 OpenRequestController - getRfRequestByControlNo  responseMesage - Success, responseCode - 0
INFO 2023-01-10T16:03:55.960 OpenRequestController - getRfRequestByControlNo  responseMesage - Success, responseCode - 0
INFO 2023-01-10T16:04:00.657 OpenRequestController - getRfRequestByControlNo  responseMesage - Success, responseCode - 0
INFO 2023-01-10T16:04:14.071 OpenRequestController - getRfRequestByControlNo  responseMesage - Success, responseCode - 0
INFO 2023-01-10T16:04:40.035 OpenRequestController - getRfRequestByControlNo  responseMesage - Success, responseCode - 0
INFO 2023-01-10T16:05:10.000 OpenRequestController - getRfRequestByControlNo  responseMesage - Success, responseCode - 0
INFO 2023-01-10T16:05:46.289 OpenRequestController - getRfRequestByControlNo  responseMesage - Success, responseCode - 0
INFO 2023-01-10T16:06:03.785 getAllRequestsRevFund - No data found Rows Length : 0
INFO 2023-01-10T16:06:03.786 getAllRequestsCash - No data found Rows Length : 0
INFO 2023-01-10T16:06:28.127 getAllRequestsRevFund Rows Length : 2
INFO 2023-01-10T16:06:28.131 getAllRequestsCash Rows Length : 2
INFO 2023-01-10T16:06:36.342 OpenRequestController - getCashRequestByControlNo  responseMesage - Success, responseCode - 0
INFO 2023-01-10T16:06:57.958 getAllRequestsRevFund - No data found Rows Length : 0
INFO 2023-01-10T16:06:57.958 getAllRequestsCash - No data found Rows Length : 0
INFO 2023-01-10T16:07:01.268 OpenRequestController - getCashRequestByControlNo  responseMesage - Success, responseCode - 0
INFO 2023-01-10T16:07:56.047 OpenRequestController - getCashRequestByControlNo  responseMesage - Success, responseCode - 0
INFO 2023-01-10T16:08:30.573 OpenRequestController - getCashRequestByControlNo  responseMesage - Success, responseCode - 0
INFO 2023-01-10T16:08:30.642 OpenRequestController - getCashRequestByControlNo  responseMesage - Success, responseCode - 0
INFO 2023-01-10T16:08:49.528 OpenRequestController - getCashRequestByControlNo  responseMesage - Success, responseCode - 0
INFO 2023-01-10T16:09:09.220 OpenRequestController - getCashRequestByControlNo  responseMesage - Success, responseCode - 0
INFO 2023-01-10T16:09:25.388 OpenRequestController - getCashRequestByControlNo  responseMesage - Success, responseCode - 0
INFO 2023-01-10T16:10:21.242 OpenRequestController - getCashRequestByControlNo  responseMesage - Success, responseCode - 0
INFO 2023-01-10T16:10:35.902 OpenRequestController - getCashRequestByControlNo  responseMesage - Success, responseCode - 0
INFO 2023-01-10T16:10:53.733 OpenRequestController - getCashRequestByControlNo  responseMesage - Success, responseCode - 0
INFO 2023-01-10T16:11:22.699 CASH ADVANCE APPROVED - updateRequestStatus -  Approver Status Updating - CA-230110-000030
INFO 2023-01-10T16:11:22.793 CASH ADVANCE APPROVED - updateApproverStatus -  Approver Status Updated - regional_approver
INFO 2023-01-10T16:11:26.777 OpenRequestController - getCashRequestByControlNo  responseMesage - Success, responseCode - 0
INFO 2023-01-10T16:12:14.442 OpenRequestController - getCashRequestByControlNo  responseMesage - Success, responseCode - 0
INFO 2023-01-10T16:12:19.809 OpenRequestController - getCashRequestByControlNo  responseMesage - Success, responseCode - 0
INFO 2023-01-10T16:38:52.225 getAllRequestsRevFund - No data found Rows Length : 0
INFO 2023-01-10T16:38:52.242 getAllRequestsCash - No data found Rows Length : 0
INFO 2023-01-10T16:39:41.451 getAllRequestsRevFund - No data found Rows Length : 0
INFO 2023-01-10T16:39:41.452 getAllRequestsCash - No data found Rows Length : 0
INFO 2023-01-10T16:39:43.610 OpenRequestController - getCashRequestByControlNo  responseMesage - Success, responseCode - 0
INFO 2023-01-10T16:40:38.375 getAllRequestsRevFund Rows Length : 2
INFO 2023-01-10T16:40:38.378 getAllRequestsCash Rows Length : 2
INFO 2023-01-10T16:40:40.976 OpenRequestController - getCashRequestByControlNo  responseMesage - Success, responseCode - 0
INFO 2023-01-10T16:40:46.890 getAllRequestsRevFund Rows Length : 2
INFO 2023-01-10T16:40:46.891 getAllRequestsCash Rows Length : 2
INFO 2023-01-10T16:40:48.069 getAllRequestsCash Rows Length : 3
INFO 2023-01-10T16:40:48.070 getAllRequestsRevFund Rows Length : 1
INFO 2023-01-10T16:40:48.074 getAllRequestsCash Rows Length : 1
INFO 2023-01-10T16:40:48.080 getAllRequestsRevFund - No data found Rows Length : 0
INFO 2023-01-10T16:40:50.420 OpenRequestController - getCashRequestByControlNo  responseMesage - Success, responseCode - 0
INFO 2023-01-10T16:41:49.867 OpenRequestController - getCashRequestByControlNo  responseMesage - Success, responseCode - 0
INFO 2023-01-10T16:42:08.861 OpenRequestController - getCashRequestByControlNo  responseMesage - Success, responseCode - 0
INFO 2023-01-10T16:43:19.764 OpenRequestController - getCashRequestByControlNo  responseMesage - Success, responseCode - 0
INFO 2023-01-10T16:44:25.374 getAllRequestsCash Rows Length : 3
INFO 2023-01-10T16:44:25.377 getAllRequestsRevFund Rows Length : 1
INFO 2023-01-10T16:44:25.379 getAllRequestsCash Rows Length : 1
INFO 2023-01-10T16:44:25.390 getAllRequestsRevFund - No data found Rows Length : 0
INFO 2023-01-10T16:44:28.723 OpenRequestController - getCashRequestByControlNo  responseMesage - Success, responseCode - 0
INFO 2023-01-10T16:44:34.179 getAllRequestsCash Rows Length : 3
INFO 2023-01-10T16:44:34.180 getAllRequestsRevFund Rows Length : 1
INFO 2023-01-10T16:44:34.180 getAllRequestsCash Rows Length : 1
INFO 2023-01-10T16:44:34.181 getAllRequestsRevFund - No data found Rows Length : 0
INFO 2023-01-10T16:44:36.183 OpenRequestController - getRfRequestByControlNo  responseMesage - Success, responseCode - 0
INFO 2023-01-10T16:46:49.074 OpenRequestController - getRfRequestByControlNo  responseMesage - Success, responseCode - 0
INFO 2023-01-10T16:47:02.574 getAllRequestsCash Rows Length : 3
INFO 2023-01-10T16:47:02.576 getAllRequestsCash Rows Length : 1
INFO 2023-01-10T16:47:02.577 getAllRequestsRevFund Rows Length : 1
INFO 2023-01-10T16:47:02.580 getAllRequestsRevFund - No data found Rows Length : 0
INFO 2023-01-10T16:48:05.598 getAllRequestsRevFund Rows Length : 1
INFO 2023-01-10T16:48:05.601 getAllRequestsCash Rows Length : 1
INFO 2023-01-10T16:48:07.620 OpenRequestController - getCashRequestByControlNo  responseMesage - Success, responseCode - 0
INFO 2023-01-10T16:48:15.334 getAllRequestsRevFund Rows Length : 1
INFO 2023-01-10T16:48:15.335 getAllRequestsCash Rows Length : 1
INFO 2023-01-10T16:48:16.856 OpenRequestController - getRfRequestByControlNo  responseMesage - Success, responseCode - 0
INFO 2023-01-10T16:48:20.259 getAllRequestsRevFund Rows Length : 1
INFO 2023-01-10T16:48:20.263 getAllRequestsCash Rows Length : 1
INFO 2023-01-10T16:48:21.356 getAllRequestsCash Rows Length : 3
INFO 2023-01-10T16:48:21.362 getAllRequestsRevFund Rows Length : 1
INFO 2023-01-10T16:48:21.365 getAllRequestsCash Rows Length : 2
INFO 2023-01-10T16:48:21.368 getAllRequestsRevFund Rows Length : 1
INFO 2023-01-10T16:48:22.797 OpenRequestController - getRfRequestByControlNo  responseMesage - Success, responseCode - 0
INFO 2023-01-10T16:48:57.822 getAllRequestsCash Rows Length : 3
INFO 2023-01-10T16:48:57.822 getAllRequestsRevFund Rows Length : 1
INFO 2023-01-10T16:48:57.823 getAllRequestsCash Rows Length : 2
INFO 2023-01-10T16:48:57.823 getAllRequestsRevFund Rows Length : 1
INFO 2023-01-10T16:49:24.624 getAllRequestsRevFund - No data found Rows Length : 0
INFO 2023-01-10T16:49:24.627 getAllRequestsCash - No data found Rows Length : 0
INFO 2023-01-10T16:49:26.967 OpenRequestController - getRfRequestByControlNo  responseMesage - Success, responseCode - 0
INFO 2023-01-10T16:51:02.030 OpenRequestController - getRfRequestByControlNo  responseMesage - Success, responseCode - 0
INFO 2023-01-10T16:51:02.234 OpenRequestController - getRfRequestByControlNo  responseMesage - Success, responseCode - 0
INFO 2023-01-10T16:51:22.970 OpenRequestController - getRfRequestByControlNo  responseMesage - Success, responseCode - 0
INFO 2023-01-10T16:51:34.240 REVOLVING FUND DISAPPROVED - updateRequestStatus -  Request Status Updated - RF-230110-000011
INFO 2023-01-10T16:51:34.331 REVOLVING FUND APPROVED - updateApproverStatus -  Approver Status Updated - rm_approver
INFO 2023-01-10T16:51:38.229 OpenRequestController - getRfRequestByControlNo  responseMesage - Success, responseCode - 0
INFO 2023-01-10T16:52:11.313 getAllRequestsRevFund - No data found Rows Length : 0
INFO 2023-01-10T16:52:11.314 getAllRequestsCash - No data found Rows Length : 0
INFO 2023-01-10T16:52:39.966 getAllRequestsRevFund - No data found Rows Length : 0
INFO 2023-01-10T16:52:39.967 getAllRequestsCash Rows Length : 1
INFO 2023-01-10T16:52:44.218 getAllRequestsCash Rows Length : 3
INFO 2023-01-10T16:52:44.219 getAllRequestsRevFund Rows Length : 2
INFO 2023-01-10T16:52:44.223 getAllRequestsCash Rows Length : 2
INFO 2023-01-10T16:52:44.226 getAllRequestsRevFund Rows Length : 1
INFO 2023-01-10T16:53:04.175 OpenRequestController - getRfRequestByControlNo  responseMesage - Success, responseCode - 0
INFO 2023-01-10T16:53:15.032 getAllRequestsCash Rows Length : 3
INFO 2023-01-10T16:53:15.034 getAllRequestsCash Rows Length : 2
INFO 2023-01-10T16:53:15.038 getAllRequestsRevFund Rows Length : 2
INFO 2023-01-10T16:53:15.040 getAllRequestsRevFund Rows Length : 1
INFO 2023-01-10T16:53:20.055 getAllRequestsCash Rows Length : 1
INFO 2023-01-10T16:53:20.057 getAllRequestsRevFund - No data found Rows Length : 0
INFO 2023-01-10T16:53:21.713 OpenRequestController - getCashRequestByControlNo  responseMesage - Success, responseCode - 0
INFO 2023-01-10T16:53:28.336 getAllRequestsRevFund - No data found Rows Length : 0
INFO 2023-01-10T16:53:28.337 getAllRequestsCash Rows Length : 1
