FATAL 2023-01-09T08:44:36.972 10.0.11.65 - kpusers - Connection Failed. Error: connect ETIMEDOUT
INFO 2023-01-09T08:44:36.963 server.js -  Server listening to port: 3000
FATAL 2023-01-09T08:44:36.974 10.4.9.186 - branch_request - Branch Connection Failed. Error: connect ETIMEDOUT
INFO 2023-01-09T08:55:20.867 requestController - getMaxId -  row: 1
INFO 2023-01-09T08:55:22.950 getAllRequestsRevFund - No data found Rows Length : 0
INFO 2023-01-09T08:55:23.296 getAllRequestsCash Rows Length : 1
INFO 2023-01-09T08:55:35.463 OpenRequestController - getCashRequestByControlNo  responseMesage - Success, responseCode - 0
INFO 2023-01-09T08:55:47.500 getAllRequestsRevFund - No data found Rows Length : 0
INFO 2023-01-09T08:55:47.508 getAllRequestsCash Rows Length : 1
INFO 2023-01-09T08:55:50.211 getAllRequestsCash - No data found Rows Length : 0
INFO 2023-01-09T08:55:50.219 getAllRequestsRevFund Rows Length : 1
INFO 2023-01-09T08:55:50.551 getAllRequestsCash - No data found Rows Length : 0
INFO 2023-01-09T08:55:50.553 getAllRequestsRevFund - No data found Rows Length : 0
INFO 2023-01-09T08:55:51.789 OpenRequestController - getRfRequestByControlNo  responseMesage - Success, responseCode - 0
INFO 2023-01-09T08:55:56.489 getAllRequestsCash - No data found Rows Length : 0
INFO 2023-01-09T08:55:56.489 getAllRequestsCash - No data found Rows Length : 0
INFO 2023-01-09T08:55:56.490 getAllRequestsRevFund Rows Length : 1
INFO 2023-01-09T08:55:56.491 getAllRequestsRevFund - No data found Rows Length : 0
INFO 2023-01-09T08:56:33.765 getAllRequestsRevFund - No data found Rows Length : 0
INFO 2023-01-09T08:56:33.767 getAllRequestsCash Rows Length : 1
INFO 2023-01-09T09:03:20.612 server.js -  Server listening to port: 3000
FATAL 2023-01-09T09:03:20.617 10.0.11.65 - kpusers - Connection Failed. Error: connect ETIMEDOUT
FATAL 2023-01-09T09:03:20.619 10.4.9.186 - branch_request - Branch Connection Failed. Error: connect ETIMEDOUT
INFO 2023-01-09T09:03:59.646 server.js -  Server listening to port: 3000
INFO 2023-01-09T09:03:59.679 10.0.11.65 - kpusers - Kp Connected.
INFO 2023-01-09T09:03:59.989 10.4.9.186 - branch_request - Branch Connected.
INFO 2023-01-09T10:16:35.570 server.js -  Server listening to port: 3000
INFO 2023-01-09T10:16:35.832 10.0.11.65 - kpusers - Kp Connected.
INFO 2023-01-09T10:16:36.041 10.4.9.186 - branch_request - Branch Connected.
INFO 2023-01-09T10:16:58.260 requestController - getMaxId -  row: 1
INFO 2023-01-09T10:17:27.091 getAllRequestsRevFund - No data found Rows Length : 0
INFO 2023-01-09T10:17:27.545 getAllRequestsCash - No data found Rows Length : 0
INFO 2023-01-09T10:17:41.365 OpenRequestController - getCashRequestByControlNo  responseMesage - Success, responseCode - 0
INFO 2023-01-09T10:17:46.672 getAllRequestsRevFund - No data found Rows Length : 0
INFO 2023-01-09T10:17:46.679 getAllRequestsCash - No data found Rows Length : 0
INFO 2023-01-09T10:17:48.360 getAllRequestsCash - No data found Rows Length : 0
INFO 2023-01-09T10:17:48.361 getAllRequestsRevFund - No data found Rows Length : 0
INFO 2023-01-09T10:17:48.719 getAllRequestsCash - No data found Rows Length : 0
INFO 2023-01-09T10:17:48.725 getAllRequestsRevFund - No data found Rows Length : 0
INFO 2023-01-09T10:17:49.539 getAllRequestsRevFund - No data found Rows Length : 0
INFO 2023-01-09T10:17:49.546 getAllRequestsCash - No data found Rows Length : 0
INFO 2023-01-09T10:18:42.497 OpenRequestController - getCashRequestByControlNo  responseMesage - Success, responseCode - 0
INFO 2023-01-09T10:18:46.741 CASH ADVANCE APPROVED - updateRequestStatus -  Request Status Updated - CA-221207-000020
INFO 2023-01-09T10:18:46.870 CASH ADVANCE APPROVED - updateApproverStatus -  Approver Status Updated - vpo_approver
INFO 2023-01-09T10:18:51.134 OpenRequestController - getCashRequestByControlNo  responseMesage - Success, responseCode - 0
INFO 2023-01-09T10:18:58.556 getAllRequestsRevFund - No data found Rows Length : 0
INFO 2023-01-09T10:18:58.557 getAllRequestsCash - No data found Rows Length : 0
INFO 2023-01-09T10:19:01.007 getAllRequestsCash - No data found Rows Length : 0
INFO 2023-01-09T10:19:01.008 getAllRequestsRevFund - No data found Rows Length : 0
INFO 2023-01-09T10:19:01.014 getAllRequestsCash - No data found Rows Length : 0
INFO 2023-01-09T10:19:01.014 getAllRequestsRevFund - No data found Rows Length : 0
INFO 2023-01-09T10:19:02.792 getAllRequestsRevFund - No data found Rows Length : 0
INFO 2023-01-09T10:19:02.793 getAllRequestsCash - No data found Rows Length : 0
INFO 2023-01-09T10:20:26.472 server.js -  Server listening to port: 3000
INFO 2023-01-09T10:20:26.511 10.0.11.65 - kpusers - Kp Connected.
INFO 2023-01-09T10:20:26.870 10.4.9.186 - branch_request - Branch Connected.
INFO 2023-01-09T10:20:57.225 getAllRequestsRevFund Rows Length : 1
INFO 2023-01-09T10:20:57.244 getAllRequestsCash - No data found Rows Length : 0
INFO 2023-01-09T10:21:00.325 OpenRequestController - getRfRequestByControlNo  responseMesage - Success, responseCode - 0
INFO 2023-01-09T10:21:04.033 getAllRequestsRevFund Rows Length : 1
INFO 2023-01-09T10:21:04.036 getAllRequestsCash - No data found Rows Length : 0
INFO 2023-01-09T10:21:05.408 getAllRequestsCash Rows Length : 3
INFO 2023-01-09T10:21:05.413 getAllRequestsRevFund Rows Length : 1
INFO 2023-01-09T10:21:05.761 getAllRequestsCash Rows Length : 1
INFO 2023-01-09T10:21:05.776 getAllRequestsRevFund - No data found Rows Length : 0
INFO 2023-01-09T10:21:07.747 OpenRequestController - getCashRequestByControlNo  responseMesage - Success, responseCode - 0
INFO 2023-01-09T10:24:02.191 OpenRequestController - getCashRequestByControlNo  responseMesage - Success, responseCode - 0
INFO 2023-01-09T10:25:26.977 OpenRequestController - getCashRequestByControlNo  responseMesage - Success, responseCode - 0
INFO 2023-01-09T10:26:06.383 getAllRequestsCash Rows Length : 3
INFO 2023-01-09T10:26:06.384 getAllRequestsCash Rows Length : 1
INFO 2023-01-09T10:26:06.388 getAllRequestsRevFund Rows Length : 1
INFO 2023-01-09T10:26:06.389 getAllRequestsRevFund - No data found Rows Length : 0
INFO 2023-01-09T10:26:27.313 getAllRequestsRevFund Rows Length : 1
INFO 2023-01-09T10:26:27.314 getAllRequestsCash - No data found Rows Length : 0
INFO 2023-01-09T10:26:29.237 OpenRequestController - getRfRequestByControlNo  responseMesage - Success, responseCode - 0
INFO 2023-01-09T10:26:59.685 getAllRequestsRevFund - No data found Rows Length : 0
INFO 2023-01-09T10:26:59.686 getAllRequestsCash - No data found Rows Length : 0
INFO 2023-01-09T10:27:02.371 OpenRequestController - getRfRequestByControlNo  responseMesage - Success, responseCode - 0
INFO 2023-01-09T10:27:06.972 REVOLVING FUND APPROVED - updateRequestStatus -  Approver Status Updating - RF-221208-000005
INFO 2023-01-09T10:27:07.087 REVOLVING FUND APPROVED - updateApproverStatus -  Approver Status Updated - ass_vpo_approver
INFO 2023-01-09T10:27:10.406 OpenRequestController - getRfRequestByControlNo  responseMesage - Success, responseCode - 0
INFO 2023-01-09T10:27:24.580 getAllRequestsRevFund - No data found Rows Length : 0
INFO 2023-01-09T10:27:24.581 getAllRequestsCash - No data found Rows Length : 0
INFO 2023-01-09T10:27:31.064 OpenRequestController - getRfRequestByControlNo  responseMesage - Success, responseCode - 0
INFO 2023-01-09T10:27:34.719 REVOLVING FUND APPROVED - updateRequestStatus -  Request Status Updated - RF-221208-000005
INFO 2023-01-09T10:27:34.808 REVOLVING FUND APPROVED - updateApproverStatus -  Approver Status Updated - vpo_approver
INFO 2023-01-09T10:27:39.098 OpenRequestController - getRfRequestByControlNo  responseMesage - Success, responseCode - 0
INFO 2023-01-09T10:27:50.670 getAllRequestsRevFund - No data found Rows Length : 0
INFO 2023-01-09T10:27:50.673 getAllRequestsCash - No data found Rows Length : 0
INFO 2023-01-09T10:27:53.501 getAllRequestsCash - No data found Rows Length : 0
INFO 2023-01-09T10:27:53.502 getAllRequestsRevFund - No data found Rows Length : 0
INFO 2023-01-09T10:27:53.502 getAllRequestsCash - No data found Rows Length : 0
INFO 2023-01-09T10:27:53.503 getAllRequestsRevFund - No data found Rows Length : 0
INFO 2023-01-09T10:27:54.320 getAllRequestsRevFund - No data found Rows Length : 0
INFO 2023-01-09T10:27:54.322 getAllRequestsCash - No data found Rows Length : 0
INFO 2023-01-09T10:28:02.516 getAllRequestsRevFund - No data found Rows Length : 0
INFO 2023-01-09T10:28:02.521 getAllRequestsCash - No data found Rows Length : 0
INFO 2023-01-09T10:28:28.238 getAllRequestsRevFund - No data found Rows Length : 0
INFO 2023-01-09T10:28:28.239 getAllRequestsCash - No data found Rows Length : 0
INFO 2023-01-09T10:28:32.669 getAllRequestsCash Rows Length : 3
INFO 2023-01-09T10:28:32.670 getAllRequestsRevFund Rows Length : 1
INFO 2023-01-09T10:28:32.676 getAllRequestsCash Rows Length : 1
INFO 2023-01-09T10:28:32.677 getAllRequestsRevFund Rows Length : 1
INFO 2023-01-09T10:28:36.977 OpenRequestController - getRfRequestByControlNo  responseMesage - Success, responseCode - 0
INFO 2023-01-09T10:30:15.080 OpenRequestController - getRfRequestByControlNo  responseMesage - Success, responseCode - 0
INFO 2023-01-09T10:31:16.764 getAllRequestsCash Rows Length : 3
INFO 2023-01-09T10:31:16.765 getAllRequestsCash Rows Length : 1
INFO 2023-01-09T10:31:16.766 getAllRequestsRevFund Rows Length : 1
INFO 2023-01-09T10:31:16.767 getAllRequestsRevFund Rows Length : 1
INFO 2023-01-09T10:31:18.813 OpenRequestController - getRfRequestByControlNo  responseMesage - Success, responseCode - 0
INFO 2023-01-09T10:31:22.885 getAllRequestsCash Rows Length : 3
INFO 2023-01-09T10:31:22.894 getAllRequestsCash Rows Length : 1
INFO 2023-01-09T10:31:22.897 getAllRequestsRevFund Rows Length : 1
INFO 2023-01-09T10:31:22.901 getAllRequestsRevFund Rows Length : 1
