INFO 2023-01-06T08:08:16.198 server.js -  Server listening to port: 3000
INFO 2023-01-06T08:08:16.322 10.0.11.65 - kpusers - Kp Connected.
INFO 2023-01-06T08:08:16.589 10.4.9.186 - branch_request - Branch Connected.
INFO 2023-01-06T08:18:23.044 getAllRequestsCash Rows Length : 3
INFO 2023-01-06T08:18:23.047 getAllRequestsRevFund - No data found Rows Length : 0
INFO 2023-01-06T08:18:23.049 getAllRequestsCash - No data found Rows Length : 0
INFO 2023-01-06T08:18:23.050 getAllRequestsRevFund - No data found Rows Length : 0
INFO 2023-01-06T08:18:24.751 OpenRequestController - getCashRequestByControlNo  responseMesage - Success, responseCode - 0
INFO 2023-01-06T08:18:28.457 getAllRequestsCash Rows Length : 3
INFO 2023-01-06T08:18:28.466 getAllRequestsCash - No data found Rows Length : 0
INFO 2023-01-06T08:18:28.468 getAllRequestsRevFund - No data found Rows Length : 0
INFO 2023-01-06T08:18:28.469 getAllRequestsRevFund - No data found Rows Length : 0
INFO 2023-01-06T08:18:30.788 OpenRequestController - getCashRequestByControlNo  responseMesage - Success, responseCode - 0
INFO 2023-01-06T08:18:43.878 getAllRequestsCash Rows Length : 3
INFO 2023-01-06T08:18:43.879 getAllRequestsRevFund - No data found Rows Length : 0
INFO 2023-01-06T08:18:43.885 getAllRequestsCash - No data found Rows Length : 0
INFO 2023-01-06T08:18:43.886 getAllRequestsRevFund - No data found Rows Length : 0
INFO 2023-01-06T08:18:55.112 getAllRequestsRevFund Rows Length : 2
INFO 2023-01-06T08:18:55.121 getAllRequestsCash Rows Length : 1
INFO 2023-01-06T08:18:58.567 OpenRequestController - getCashRequestByControlNo  responseMesage - Success, responseCode - 0
INFO 2023-01-06T08:19:05.020 getAllRequestsRevFund Rows Length : 2
INFO 2023-01-06T08:19:05.021 getAllRequestsCash Rows Length : 1
INFO 2023-01-06T08:19:06.521 OpenRequestController - getRfRequestByControlNo  responseMesage - Success, responseCode - 0
INFO 2023-01-06T08:19:09.804 getAllRequestsRevFund Rows Length : 2
INFO 2023-01-06T08:19:09.808 getAllRequestsCash Rows Length : 1
INFO 2023-01-06T08:19:21.710 requestController - getMaxId -  row: 1
INFO 2023-01-06T14:51:35.493 getAllRequestsRevFund Rows Length : 2
INFO 2023-01-06T14:51:35.494 getAllRequestsCash Rows Length : 1
INFO 2023-01-06T14:51:37.366 OpenRequestController - getCashRequestByControlNo  responseMesage - Success, responseCode - 0
INFO 2023-01-06T14:51:40.512 getAllRequestsCash Rows Length : 1
INFO 2023-01-06T14:51:40.513 getAllRequestsRevFund Rows Length : 2
INFO 2023-01-06T14:51:41.495 OpenRequestController - getRfRequestByControlNo  responseMesage - Success, responseCode - 0
INFO 2023-01-06T14:52:11.120 getAllRequestsRevFund - No data found Rows Length : 0
INFO 2023-01-06T14:52:11.121 getAllRequestsCash - No data found Rows Length : 0
INFO 2023-01-06T14:52:13.754 OpenRequestController - getRfRequestByControlNo  responseMesage - Success, responseCode - 0
INFO 2023-01-06T14:52:18.046 getAllRequestsRevFund - No data found Rows Length : 0
INFO 2023-01-06T14:52:18.047 getAllRequestsCash - No data found Rows Length : 0
INFO 2023-01-06T14:52:20.400 OpenRequestController - getRfRequestByControlNo  responseMesage - Success, responseCode - 0
INFO 2023-01-06T14:52:23.382 getAllRequestsRevFund - No data found Rows Length : 0
INFO 2023-01-06T14:52:23.382 getAllRequestsCash - No data found Rows Length : 0
INFO 2023-01-06T14:52:24.991 getAllRequestsCash - No data found Rows Length : 0
INFO 2023-01-06T14:52:24.996 getAllRequestsRevFund - No data found Rows Length : 0
INFO 2023-01-06T14:52:24.999 getAllRequestsCash - No data found Rows Length : 0
INFO 2023-01-06T14:52:25.001 getAllRequestsRevFund - No data found Rows Length : 0
INFO 2023-01-06T14:52:26.269 getAllRequestsRevFund - No data found Rows Length : 0
INFO 2023-01-06T14:52:26.270 getAllRequestsCash - No data found Rows Length : 0
INFO 2023-01-06T14:55:21.516 server.js -  Server listening to port: 3000
FATAL 2023-01-06T14:55:21.520 10.0.11.65 - kpusers - Connection Failed. Error: connect ETIMEDOUT
FATAL 2023-01-06T14:55:21.521 10.4.9.186 - branch_request - Branch Connection Failed. Error: connect ETIMEDOUT
INFO 2023-01-06T14:56:03.045 server.js -  Server listening to port: 3000
INFO 2023-01-06T14:56:03.245 10.0.11.65 - kpusers - Kp Connected.
INFO 2023-01-06T14:56:03.445 10.4.9.186 - branch_request - Branch Connected.
INFO 2023-01-06T14:57:18.625 server.js -  Server listening to port: 3000
INFO 2023-01-06T14:57:18.658 10.0.11.65 - kpusers - Kp Connected.
INFO 2023-01-06T14:57:18.974 10.4.9.186 - branch_request - Branch Connected.
INFO 2023-01-06T14:59:17.437 server.js -  Server listening to port: 3000
INFO 2023-01-06T14:59:17.467 10.0.11.65 - kpusers - Kp Connected.
INFO 2023-01-06T14:59:17.785 10.4.9.186 - branch_request - Branch Connected.
INFO 2023-01-06T15:15:15.397 server.js -  Server listening to port: 3000
INFO 2023-01-06T15:15:15.441 10.0.11.65 - kpusers - Kp Connected.
INFO 2023-01-06T15:15:15.753 10.4.9.186 - branch_request - Branch Connected.
INFO 2023-01-06T15:15:26.855 OpenRequestController - getRfRequestByControlNo  responseMesage - Success, responseCode - 0
INFO 2023-01-06T15:16:39.127 OpenRequestController - getRfRequestByControlNo  responseMesage - Success, responseCode - 0
INFO 2023-01-06T15:16:39.506 OpenRequestController - getRfRequestByControlNo  responseMesage - Success, responseCode - 0
INFO 2023-01-06T15:16:39.509 getAllRequestsRevFund - No data found Rows Length : 0
INFO 2023-01-06T15:16:39.512 getAllRequestsCash - No data found Rows Length : 0
INFO 2023-01-06T15:16:41.425 OpenRequestController - getRfRequestByControlNo  responseMesage - Success, responseCode - 0
INFO 2023-01-06T15:17:22.907 server.js -  Server listening to port: 3000
INFO 2023-01-06T15:17:23.158 10.0.11.65 - kpusers - Kp Connected.
INFO 2023-01-06T15:17:23.335 10.4.9.186 - branch_request - Branch Connected.
INFO 2023-01-06T15:18:20.685 OpenRequestController - getRfRequestByControlNo  responseMesage - Success, responseCode - 0
INFO 2023-01-06T15:18:20.691 OpenRequestController - getRfRequestByControlNo  responseMesage - Success, responseCode - 0
INFO 2023-01-06T15:19:00.384 OpenRequestController - getRfRequestByControlNo  responseMesage - Success, responseCode - 0
INFO 2023-01-06T15:31:20.864 OpenRequestController - getRfRequestByControlNo  responseMesage - Success, responseCode - 0
INFO 2023-01-06T15:32:40.050 OpenRequestController - getRfRequestByControlNo  responseMesage - Success, responseCode - 0
INFO 2023-01-06T15:35:44.127 OpenRequestController - getRfRequestByControlNo  responseMesage - Success, responseCode - 0
INFO 2023-01-06T15:36:03.861 OpenRequestController - getRfRequestByControlNo  responseMesage - Success, responseCode - 0
INFO 2023-01-06T15:37:21.612 OpenRequestController - getRfRequestByControlNo  responseMesage - Success, responseCode - 0
INFO 2023-01-06T15:38:00.762 getAllRequestsRevFund - No data found Rows Length : 0
INFO 2023-01-06T15:38:00.768 getAllRequestsCash - No data found Rows Length : 0
INFO 2023-01-06T15:38:03.676 OpenRequestController - getRfRequestByControlNo  responseMesage - Success, responseCode - 0
INFO 2023-01-06T15:42:14.190 OpenRequestController - getRfRequestByControlNo  responseMesage - Success, responseCode - 0
INFO 2023-01-06T15:42:14.191 OpenRequestController - getRfRequestByControlNo  responseMesage - Success, responseCode - 0
INFO 2023-01-06T15:43:25.222 OpenRequestController - getRfRequestByControlNo  responseMesage - Success, responseCode - 0
INFO 2023-01-06T15:43:28.864 OpenRequestController - getRfRequestByControlNo  responseMesage - Success, responseCode - 0
INFO 2023-01-06T15:43:49.675 OpenRequestController - getRfRequestByControlNo  responseMesage - Success, responseCode - 0
INFO 2023-01-06T15:44:44.548 server.js -  Server listening to port: 3000
INFO 2023-01-06T15:44:44.644 10.0.11.65 - kpusers - Kp Connected.
INFO 2023-01-06T15:44:44.923 10.4.9.186 - branch_request - Branch Connected.
INFO 2023-01-06T15:44:47.693 REVOLVING FUND APPROVED - updateRequestStatus -  Approver Status Updating - RF-221207-000004
INFO 2023-01-06T15:44:47.805 REVOLVING FUND APPROVED - updateApproverStatus -  Approver Status Updated - am_approver
INFO 2023-01-06T15:44:52.587 OpenRequestController - getRfRequestByControlNo  responseMesage - Success, responseCode - 0
INFO 2023-01-06T15:44:59.178 getAllRequestsRevFund - No data found Rows Length : 0
INFO 2023-01-06T15:44:59.519 getAllRequestsCash - No data found Rows Length : 0
INFO 2023-01-06T15:45:01.247 OpenRequestController - getRfRequestByControlNo  responseMesage - Success, responseCode - 0
INFO 2023-01-06T15:45:05.453 REVOLVING FUND APPROVED - updateRequestStatus -  Approver Status Updating - RF-221208-000005
INFO 2023-01-06T15:45:05.541 REVOLVING FUND APPROVED - updateApproverStatus -  Approver Status Updated - am_approver
INFO 2023-01-06T15:45:09.835 OpenRequestController - getRfRequestByControlNo  responseMesage - Success, responseCode - 0
INFO 2023-01-06T15:45:23.034 OpenRequestController - getRfRequestByControlNo  responseMesage - Success, responseCode - 0
INFO 2023-01-06T15:49:19.382 OpenRequestController - getRfRequestByControlNo  responseMesage - Success, responseCode - 0
INFO 2023-01-06T15:49:19.834 OpenRequestController - getRfRequestByControlNo  responseMesage - Success, responseCode - 0
INFO 2023-01-06T15:49:49.046 OpenRequestController - getRfRequestByControlNo  responseMesage - Success, responseCode - 0
INFO 2023-01-06T15:49:49.373 OpenRequestController - getRfRequestByControlNo  responseMesage - Success, responseCode - 0
INFO 2023-01-06T15:52:34.696 OpenRequestController - getRfRequestByControlNo  responseMesage - Success, responseCode - 0
INFO 2023-01-06T15:52:51.797 OpenRequestController - getRfRequestByControlNo  responseMesage - Success, responseCode - 0
INFO 2023-01-06T15:53:00.216 OpenRequestController - getRfRequestByControlNo  responseMesage - Success, responseCode - 0
INFO 2023-01-06T15:53:11.815 getAllRequestsRevFund - No data found Rows Length : 0
INFO 2023-01-06T15:53:11.818 getAllRequestsCash - No data found Rows Length : 0
INFO 2023-01-06T16:57:39.331 getAllRequestsCash - No data found Rows Length : 0
INFO 2023-01-06T16:57:39.333 getAllRequestsCash - No data found Rows Length : 0
INFO 2023-01-06T16:57:39.686 getAllRequestsRevFund - No data found Rows Length : 0
INFO 2023-01-06T16:57:39.689 getAllRequestsRevFund - No data found Rows Length : 0
INFO 2023-01-06T16:58:11.126 getAllRequestsRevFund Rows Length : 2
INFO 2023-01-06T16:58:11.132 getAllRequestsCash Rows Length : 1
INFO 2023-01-06T16:58:14.800 OpenRequestController - getRfRequestByControlNo  responseMesage - Success, responseCode - 0
INFO 2023-01-06T16:58:22.106 getAllRequestsRevFund Rows Length : 2
INFO 2023-01-06T16:58:22.111 getAllRequestsCash Rows Length : 1
INFO 2023-01-06T16:58:23.085 OpenRequestController - getRfRequestByControlNo  responseMesage - Success, responseCode - 0
INFO 2023-01-06T16:58:25.922 getAllRequestsRevFund Rows Length : 2
INFO 2023-01-06T16:58:25.922 getAllRequestsCash Rows Length : 1
INFO 2023-01-06T16:58:26.881 OpenRequestController - getRfRequestByControlNo  responseMesage - Success, responseCode - 0
