INFO 2023-01-07T08:37:21.012 server.js -  Server listening to port: 3000
FATAL 2023-01-07T08:37:21.017 10.0.11.65 - kpusers - Connection Failed. Error: connect ETIMEDOUT
FATAL 2023-01-07T08:37:21.018 10.4.9.186 - branch_request - Branch Connection Failed. Error: connect ETIMEDOUT
INFO 2023-01-07T08:52:03.784 getAllRequestsCash Rows Length : 1
INFO 2023-01-07T08:52:03.787 getAllRequestsRevFund Rows Length : 2
INFO 2023-01-07T08:52:08.583 OpenRequestController - getCashRequestByControlNo  responseMesage - Success, responseCode - 0
INFO 2023-01-07T08:52:44.526 getAllRequestsRevFund Rows Length : 2
INFO 2023-01-07T08:52:44.530 getAllRequestsCash Rows Length : 1
INFO 2023-01-07T08:52:45.717 OpenRequestController - getRfRequestByControlNo  responseMesage - Success, responseCode - 0
INFO 2023-01-07T09:04:13.188 getAllRequestsRevFund - No data found Rows Length : 0
INFO 2023-01-07T09:04:13.189 getAllRequestsCash - No data found Rows Length : 0
INFO 2023-01-07T09:04:16.694 OpenRequestController - getRfRequestByControlNo  responseMesage - Success, responseCode - 0
INFO 2023-01-07T09:05:02.130 REVOLVING FUND APPROVED - updateRequestStatus -  Approver Status Updating - RF-221208-000005
INFO 2023-01-07T09:05:02.259 REVOLVING FUND APPROVED - updateApproverStatus -  Approver Status Updated - rm_approver
INFO 2023-01-07T09:05:05.632 OpenRequestController - getRfRequestByControlNo  responseMesage - Success, responseCode - 0
INFO 2023-01-07T09:05:27.303 getAllRequestsRevFund Rows Length : 2
INFO 2023-01-07T09:05:27.305 getAllRequestsCash Rows Length : 1
INFO 2023-01-07T09:05:28.757 OpenRequestController - getRfRequestByControlNo  responseMesage - Success, responseCode - 0
INFO 2023-01-07T09:05:34.850 getAllRequestsRevFund Rows Length : 2
INFO 2023-01-07T09:05:34.855 getAllRequestsCash Rows Length : 1
INFO 2023-01-07T09:05:35.907 OpenRequestController - getRfRequestByControlNo  responseMesage - Success, responseCode - 0
INFO 2023-01-07T09:05:41.140 getAllRequestsRevFund - No data found Rows Length : 0
INFO 2023-01-07T09:05:41.147 getAllRequestsCash - No data found Rows Length : 0
INFO 2023-01-07T09:05:44.139 OpenRequestController - getRfRequestByControlNo  responseMesage - Success, responseCode - 0
INFO 2023-01-07T09:05:50.397 REVOLVING FUND DISAPPROVED - updateRequestStatus -  Request Status Updated - RF-221207-000004
INFO 2023-01-07T09:05:50.483 REVOLVING FUND APPROVED - updateApproverStatus -  Approver Status Updated - rm_approver
INFO 2023-01-07T09:05:54.050 OpenRequestController - getRfRequestByControlNo  responseMesage - Success, responseCode - 0
INFO 2023-01-07T09:06:01.422 getAllRequestsRevFund Rows Length : 1
INFO 2023-01-07T09:06:01.423 getAllRequestsCash Rows Length : 1
INFO 2023-01-07T09:06:02.767 OpenRequestController - getRfRequestByControlNo  responseMesage - Success, responseCode - 0
INFO 2023-01-07T09:06:08.451 getAllRequestsRevFund Rows Length : 1
INFO 2023-01-07T09:06:08.452 getAllRequestsCash Rows Length : 1
INFO 2023-01-07T09:06:09.272 getAllRequestsCash Rows Length : 3
INFO 2023-01-07T09:06:09.273 getAllRequestsRevFund Rows Length : 1
INFO 2023-01-07T09:06:09.607 getAllRequestsRevFund - No data found Rows Length : 0
INFO 2023-01-07T09:06:09.608 getAllRequestsCash - No data found Rows Length : 0
INFO 2023-01-07T09:06:11.053 OpenRequestController - getRfRequestByControlNo  responseMesage - Success, responseCode - 0
INFO 2023-01-07T09:06:15.580 getAllRequestsCash Rows Length : 3
INFO 2023-01-07T09:06:15.588 getAllRequestsRevFund Rows Length : 1
INFO 2023-01-07T09:06:15.590 getAllRequestsCash - No data found Rows Length : 0
INFO 2023-01-07T09:06:15.591 getAllRequestsRevFund - No data found Rows Length : 0
INFO 2023-01-07T09:06:17.667 OpenRequestController - getRfRequestByControlNo  responseMesage - Success, responseCode - 0
INFO 2023-01-07T09:18:51.001 OpenRequestController - getRfRequestByControlNo  responseMesage - Success, responseCode - 0
INFO 2023-01-07T09:19:16.787 OpenRequestController - getRfRequestByControlNo  responseMesage - Success, responseCode - 0
INFO 2023-01-07T09:19:27.500 OpenRequestController - getRfRequestByControlNo  responseMesage - Success, responseCode - 0
INFO 2023-01-07T09:41:59.525 getAllRequestsRevFund - No data found Rows Length : 0
INFO 2023-01-07T09:41:59.527 getAllRequestsRevFund Rows Length : 1
INFO 2023-01-07T09:41:59.530 getAllRequestsCash - No data found Rows Length : 0
INFO 2023-01-07T09:41:59.533 getAllRequestsCash Rows Length : 3
INFO 2023-01-07T09:42:01.108 OpenRequestController - getRfRequestByControlNo  responseMesage - Success, responseCode - 0
INFO 2023-01-07T09:42:06.373 getAllRequestsCash Rows Length : 3
INFO 2023-01-07T09:42:06.384 getAllRequestsRevFund Rows Length : 1
INFO 2023-01-07T09:42:06.384 getAllRequestsCash - No data found Rows Length : 0
INFO 2023-01-07T09:42:06.386 getAllRequestsRevFund - No data found Rows Length : 0
INFO 2023-01-07T09:42:07.602 OpenRequestController - getCashRequestByControlNo  responseMesage - Success, responseCode - 0
INFO 2023-01-07T09:42:11.033 getAllRequestsCash Rows Length : 3
INFO 2023-01-07T09:42:11.036 getAllRequestsRevFund Rows Length : 1
INFO 2023-01-07T09:42:11.048 getAllRequestsCash - No data found Rows Length : 0
INFO 2023-01-07T09:42:11.049 getAllRequestsRevFund - No data found Rows Length : 0
INFO 2023-01-07T09:42:14.653 requestController - getMaxId -  row: 1
INFO 2023-01-07T09:42:31.497 OpenRequestController - postRequest  responseMesage - Success, responseCode - 0
INFO 2023-01-07T09:42:35.127 OpenRequestController - getCashRequestByControlNo  responseMesage - Success, responseCode - 0
INFO 2023-01-07T09:42:46.135 getAllRequestsRevFund - No data found Rows Length : 0
INFO 2023-01-07T09:42:46.138 getAllRequestsCash Rows Length : 1
INFO 2023-01-07T09:42:47.972 OpenRequestController - getCashRequestByControlNo  responseMesage - Success, responseCode - 0
INFO 2023-01-07T09:43:52.244 getAllRequestsRevFund - No data found Rows Length : 0
INFO 2023-01-07T09:43:52.244 getAllRequestsCash - No data found Rows Length : 0
INFO 2023-01-07T09:43:54.820 OpenRequestController - getRfRequestByControlNo  responseMesage - Success, responseCode - 0
INFO 2023-01-07T09:44:03.120 getAllRequestsRevFund - No data found Rows Length : 0
INFO 2023-01-07T09:44:03.125 getAllRequestsCash - No data found Rows Length : 0
INFO 2023-01-07T09:44:11.583 getAllRequestsCash - No data found Rows Length : 0
INFO 2023-01-07T09:44:11.592 getAllRequestsCash - No data found Rows Length : 0
INFO 2023-01-07T09:44:11.593 getAllRequestsRevFund - No data found Rows Length : 0
INFO 2023-01-07T09:44:11.598 getAllRequestsRevFund - No data found Rows Length : 0
INFO 2023-01-07T09:44:13.169 getAllRequestsRevFund - No data found Rows Length : 0
INFO 2023-01-07T09:44:13.176 getAllRequestsCash - No data found Rows Length : 0
INFO 2023-01-07T09:44:16.141 OpenRequestController - getRfRequestByControlNo  responseMesage - Success, responseCode - 0
INFO 2023-01-07T09:44:19.451 getAllRequestsRevFund - No data found Rows Length : 0
INFO 2023-01-07T09:44:19.460 getAllRequestsCash - No data found Rows Length : 0
INFO 2023-01-07T09:46:28.492 getAllRequestsRevFund - No data found Rows Length : 0
INFO 2023-01-07T09:46:28.495 getAllRequestsCash - No data found Rows Length : 0
INFO 2023-01-07T09:50:41.009 OpenRequestController - getRfRequestByControlNo  responseMesage - Success, responseCode - 0
INFO 2023-01-07T09:50:44.216 getAllRequestsRevFund - No data found Rows Length : 0
INFO 2023-01-07T09:50:44.232 getAllRequestsCash - No data found Rows Length : 0
INFO 2023-01-07T09:53:49.971 getAllRequestsRevFund - No data found Rows Length : 0
INFO 2023-01-07T09:53:49.971 getAllRequestsCash - No data found Rows Length : 0
INFO 2023-01-07T09:54:33.384 getAllRequestsCash - No data found Rows Length : 0
INFO 2023-01-07T09:54:33.385 getAllRequestsRevFund - No data found Rows Length : 0
INFO 2023-01-07T09:54:33.536 getAllRequestsRevFund - No data found Rows Length : 0
INFO 2023-01-07T09:54:33.537 getAllRequestsCash - No data found Rows Length : 0
INFO 2023-01-07T09:57:34.146 getAllRequestsRevFund - No data found Rows Length : 0
INFO 2023-01-07T09:57:34.149 getAllRequestsCash - No data found Rows Length : 0
INFO 2023-01-07T09:57:34.844 OpenRequestController - getCashRequestByControlNo  responseMesage - Success, responseCode - 0
INFO 2023-01-07T09:58:08.295 getAllRequestsRevFund - No data found Rows Length : 0
INFO 2023-01-07T09:58:08.299 getAllRequestsCash - No data found Rows Length : 0
INFO 2023-01-07T09:58:10.355 OpenRequestController - getCashRequestByControlNo  responseMesage - Success, responseCode - 0
INFO 2023-01-07T10:00:07.078 server.js -  Server listening to port: 3000
INFO 2023-01-07T10:00:07.179 10.0.11.65 - kpusers - Kp Connected.
INFO 2023-01-07T10:00:07.454 10.4.9.186 - branch_request - Branch Connected.
INFO 2023-01-07T10:00:18.990 OpenRequestController - getCashRequestByControlNo  responseMesage - Success, responseCode - 0
INFO 2023-01-07T10:00:19.315 getAllRequestsRevFund - No data found Rows Length : 0
INFO 2023-01-07T10:00:19.370 getAllRequestsCash - No data found Rows Length : 0
INFO 2023-01-07T10:01:29.524 server.js -  Server listening to port: 3000
INFO 2023-01-07T10:01:29.564 10.0.11.65 - kpusers - Kp Connected.
INFO 2023-01-07T10:01:29.936 10.4.9.186 - branch_request - Branch Connected.
INFO 2023-01-07T10:02:00.928 getAllRequestsRevFund - No data found Rows Length : 0
INFO 2023-01-07T10:02:00.950 getAllRequestsCash - No data found Rows Length : 0
INFO 2023-01-07T10:02:00.958 OpenRequestController - getCashRequestByControlNo  responseMesage - Success, responseCode - 0
INFO 2023-01-07T10:03:03.340 server.js -  Server listening to port: 3000
INFO 2023-01-07T10:03:03.377 10.0.11.65 - kpusers - Kp Connected.
INFO 2023-01-07T10:03:03.682 10.4.9.186 - branch_request - Branch Connected.
INFO 2023-01-07T10:03:28.143 getAllRequestsRevFund - No data found Rows Length : 0
INFO 2023-01-07T10:03:28.149 getAllRequestsCash - No data found Rows Length : 0
INFO 2023-01-07T10:03:28.532 OpenRequestController - getCashRequestByControlNo  responseMesage - Success, responseCode - 0
INFO 2023-01-07T10:03:35.910 OpenRequestController - getCashRequestByControlNo  responseMesage - Success, responseCode - 0
INFO 2023-01-07T10:03:40.687 getAllRequestsRevFund - No data found Rows Length : 0
INFO 2023-01-07T10:03:40.690 getAllRequestsCash - No data found Rows Length : 0
INFO 2023-01-07T10:04:46.297 server.js -  Server listening to port: 3000
INFO 2023-01-07T10:04:46.331 10.0.11.65 - kpusers - Kp Connected.
INFO 2023-01-07T10:04:46.641 10.4.9.186 - branch_request - Branch Connected.
INFO 2023-01-07T10:04:55.468 server.js -  Server listening to port: 3000
INFO 2023-01-07T10:04:55.508 10.0.11.65 - kpusers - Kp Connected.
INFO 2023-01-07T10:04:55.806 10.4.9.186 - branch_request - Branch Connected.
INFO 2023-01-07T10:04:58.780 getAllRequestsRevFund - No data found Rows Length : 0
INFO 2023-01-07T10:04:58.804 getAllRequestsCash - No data found Rows Length : 0
INFO 2023-01-07T10:05:00.667 OpenRequestController - getCashRequestByControlNo  responseMesage - Success, responseCode - 0
INFO 2023-01-07T10:05:02.639 getAllRequestsRevFund - No data found Rows Length : 0
INFO 2023-01-07T10:05:02.644 getAllRequestsCash - No data found Rows Length : 0
INFO 2023-01-07T10:05:04.323 OpenRequestController - getCashRequestByControlNo  responseMesage - Success, responseCode - 0
INFO 2023-01-07T10:06:15.486 server.js -  Server listening to port: 3000
INFO 2023-01-07T10:06:15.521 10.0.11.65 - kpusers - Kp Connected.
INFO 2023-01-07T10:06:15.844 10.4.9.186 - branch_request - Branch Connected.
INFO 2023-01-07T10:06:27.281 getAllRequestsRevFund - No data found Rows Length : 0
INFO 2023-01-07T10:06:27.286 getAllRequestsCash - No data found Rows Length : 0
INFO 2023-01-07T10:07:21.493 OpenRequestController - getCashRequestByControlNo  responseMesage - Success, responseCode - 0
INFO 2023-01-07T10:07:26.296 CASH ADVANCE APPROVED - updateRequestStatus -  Approver Status Updating - CA-230107-000023
INFO 2023-01-07T10:07:26.400 CASH ADVANCE APPROVED - updateApproverStatus -  Approver Status Updated - ram_approver
INFO 2023-01-07T10:07:30.642 OpenRequestController - getCashRequestByControlNo  responseMesage - Success, responseCode - 0
INFO 2023-01-07T10:07:44.023 getAllRequestsRevFund - No data found Rows Length : 0
INFO 2023-01-07T10:07:44.030 getAllRequestsCash Rows Length : 1
INFO 2023-01-07T10:07:45.503 OpenRequestController - getCashRequestByControlNo  responseMesage - Success, responseCode - 0
INFO 2023-01-07T10:07:54.790 requestController - getRfMaxId -  row: 1
ERROR 2023-01-07T10:08:13.564 OpenRequestController - postRequest responseMesage - Failed, responseCode - 2
INFO 2023-01-07T10:10:14.755 server.js -  Server listening to port: 3000
INFO 2023-01-07T10:10:14.808 10.0.11.65 - kpusers - Kp Connected.
INFO 2023-01-07T10:10:15.113 10.4.9.186 - branch_request - Branch Connected.
INFO 2023-01-07T10:10:20.373 server.js -  Server listening to port: 3000
INFO 2023-01-07T10:10:20.428 10.0.11.65 - kpusers - Kp Connected.
INFO 2023-01-07T10:10:20.711 10.4.9.186 - branch_request - Branch Connected.
ERROR 2023-01-07T10:10:27.027 OpenRequestController - postRequest responseMesage - Failed, responseCode - 2
ERROR 2023-01-07T10:11:10.029 OpenRequestController - postRequest responseMesage - Failed, responseCode - 2
INFO 2023-01-07T10:11:13.214 server.js -  Server listening to port: 3000
INFO 2023-01-07T10:11:13.249 10.0.11.65 - kpusers - Kp Connected.
INFO 2023-01-07T10:11:13.570 10.4.9.186 - branch_request - Branch Connected.
INFO 2023-01-07T10:12:49.123 server.js -  Server listening to port: 3000
INFO 2023-01-07T10:12:49.182 10.0.11.65 - kpusers - Kp Connected.
INFO 2023-01-07T10:12:49.573 10.4.9.186 - branch_request - Branch Connected.
INFO 2023-01-07T10:15:09.584 requestController - getRfMaxId -  row: 1
INFO 2023-01-07T10:15:24.120 server.js -  Server listening to port: 3000
INFO 2023-01-07T10:15:24.183 10.0.11.65 - kpusers - Kp Connected.
INFO 2023-01-07T10:15:24.493 10.4.9.186 - branch_request - Branch Connected.
INFO 2023-01-07T10:16:10.854 server.js -  Server listening to port: 3000
INFO 2023-01-07T10:16:10.888 10.0.11.65 - kpusers - Kp Connected.
INFO 2023-01-07T10:16:11.223 10.4.9.186 - branch_request - Branch Connected.
ERROR 2023-01-07T10:16:24.768 OpenRequestController - postRequest responseMesage - Failed, responseCode - 2
INFO 2023-01-07T10:29:00.388 server.js -  Server listening to port: 3000
INFO 2023-01-07T10:29:00.418 10.0.11.65 - kpusers - Kp Connected.
INFO 2023-01-07T10:29:00.731 10.4.9.186 - branch_request - Branch Connected.
INFO 2023-01-07T10:29:30.814 server.js -  Server listening to port: 3000
INFO 2023-01-07T10:29:30.845 10.0.11.65 - kpusers - Kp Connected.
INFO 2023-01-07T10:29:31.159 10.4.9.186 - branch_request - Branch Connected.
ERROR 2023-01-07T10:29:43.088 OpenRequestController - postRequest responseMesage - Failed, responseCode - 2
INFO 2023-01-07T10:30:47.813 server.js -  Server listening to port: 3000
INFO 2023-01-07T10:30:47.857 10.0.11.65 - kpusers - Kp Connected.
INFO 2023-01-07T10:30:48.176 10.4.9.186 - branch_request - Branch Connected.
INFO 2023-01-07T10:30:48.534 requestController - getRfMaxId -  row: 1
ERROR 2023-01-07T10:31:00.090 OpenRequestController - postRequest responseMesage - Failed, responseCode - 2
INFO 2023-01-07T10:31:53.406 OpenRequestController - postRequest  responseMesage - Success, responseCode - 0
INFO 2023-01-07T10:31:57.547 OpenRequestController - getRfRequestByControlNo  responseMesage - Success, responseCode - 0
INFO 2023-01-07T10:32:18.278 getAllRequestsRevFund Rows Length : 1
INFO 2023-01-07T10:32:18.624 getAllRequestsCash Rows Length : 1
INFO 2023-01-07T10:32:20.092 OpenRequestController - getRfRequestByControlNo  responseMesage - Success, responseCode - 0
INFO 2023-01-07T10:32:25.312 getAllRequestsRevFund - No data found Rows Length : 0
INFO 2023-01-07T10:32:25.318 getAllRequestsCash - No data found Rows Length : 0
INFO 2023-01-07T10:32:30.025 OpenRequestController - getRfRequestByControlNo  responseMesage - Success, responseCode - 0
INFO 2023-01-07T10:32:32.237 getAllRequestsRevFund - No data found Rows Length : 0
INFO 2023-01-07T10:32:32.243 getAllRequestsCash - No data found Rows Length : 0
INFO 2023-01-07T10:32:33.922 OpenRequestController - getRfRequestByControlNo  responseMesage - Success, responseCode - 0
INFO 2023-01-07T10:32:36.665 getAllRequestsRevFund - No data found Rows Length : 0
INFO 2023-01-07T10:32:36.666 getAllRequestsCash - No data found Rows Length : 0
INFO 2023-01-07T10:32:38.609 OpenRequestController - getRfRequestByControlNo  responseMesage - Success, responseCode - 0
INFO 2023-01-07T10:32:43.915 REVOLVING FUND DISAPPROVED - updateRequestStatus -  Request Status Updated - RF-230107-000006
INFO 2023-01-07T10:32:44.020 REVOLVING FUND APPROVED - updateApproverStatus -  Approver Status Updated - ram_approver
INFO 2023-01-07T10:32:48.372 OpenRequestController - getRfRequestByControlNo  responseMesage - Success, responseCode - 0
INFO 2023-01-07T10:32:53.412 getAllRequestsRevFund - No data found Rows Length : 0
INFO 2023-01-07T10:32:53.413 getAllRequestsCash Rows Length : 1
INFO 2023-01-07T10:32:54.609 OpenRequestController - getCashRequestByControlNo  responseMesage - Success, responseCode - 0
INFO 2023-01-07T10:32:59.957 getAllRequestsRevFund - No data found Rows Length : 0
INFO 2023-01-07T10:32:59.964 getAllRequestsCash Rows Length : 1
INFO 2023-01-07T10:33:10.840 getAllRequestsCash - No data found Rows Length : 0
INFO 2023-01-07T10:33:10.849 getAllRequestsRevFund Rows Length : 1
INFO 2023-01-07T10:33:11.215 getAllRequestsRevFund - No data found Rows Length : 0
INFO 2023-01-07T10:33:11.217 getAllRequestsCash - No data found Rows Length : 0
INFO 2023-01-07T10:33:12.480 OpenRequestController - getRfRequestByControlNo  responseMesage - Success, responseCode - 0
INFO 2023-01-07T10:33:19.241 getAllRequestsCash - No data found Rows Length : 0
INFO 2023-01-07T10:33:19.249 getAllRequestsRevFund Rows Length : 1
INFO 2023-01-07T10:33:19.252 getAllRequestsCash - No data found Rows Length : 0
INFO 2023-01-07T10:33:19.254 getAllRequestsRevFund - No data found Rows Length : 0
INFO 2023-01-07T10:33:20.848 OpenRequestController - getRfRequestByControlNo  responseMesage - Success, responseCode - 0
INFO 2023-01-07T10:33:24.439 getAllRequestsCash - No data found Rows Length : 0
INFO 2023-01-07T10:33:24.449 getAllRequestsRevFund Rows Length : 1
INFO 2023-01-07T10:33:24.453 getAllRequestsCash - No data found Rows Length : 0
INFO 2023-01-07T10:33:24.453 getAllRequestsRevFund - No data found Rows Length : 0
INFO 2023-01-07T10:33:25.664 getAllRequestsRevFund - No data found Rows Length : 0
INFO 2023-01-07T10:33:25.670 getAllRequestsCash Rows Length : 1
INFO 2023-01-07T10:33:26.765 OpenRequestController - getCashRequestByControlNo  responseMesage - Success, responseCode - 0
INFO 2023-01-07T10:33:31.881 getAllRequestsRevFund - No data found Rows Length : 0
INFO 2023-01-07T10:33:31.884 getAllRequestsCash - No data found Rows Length : 0
INFO 2023-01-07T10:33:33.725 OpenRequestController - getRfRequestByControlNo  responseMesage - Success, responseCode - 0
INFO 2023-01-07T10:33:43.030 REVOLVING FUND APPROVED - updateRequestStatus -  Approver Status Updating - RF-221208-000005
INFO 2023-01-07T10:33:43.117 REVOLVING FUND APPROVED - updateApproverStatus -  Approver Status Updated - ram_approver
INFO 2023-01-07T10:33:47.399 OpenRequestController - getRfRequestByControlNo  responseMesage - Success, responseCode - 0
INFO 2023-01-07T10:33:54.901 getAllRequestsRevFund - No data found Rows Length : 0
INFO 2023-01-07T10:33:54.904 getAllRequestsCash - No data found Rows Length : 0
INFO 2023-01-07T10:33:56.847 getAllRequestsCash - No data found Rows Length : 0
INFO 2023-01-07T10:33:56.849 getAllRequestsRevFund - No data found Rows Length : 0
INFO 2023-01-07T10:33:56.850 getAllRequestsCash - No data found Rows Length : 0
INFO 2023-01-07T10:33:56.851 getAllRequestsRevFund - No data found Rows Length : 0
INFO 2023-01-07T10:33:57.625 getAllRequestsRevFund - No data found Rows Length : 0
INFO 2023-01-07T10:33:57.626 getAllRequestsCash - No data found Rows Length : 0
INFO 2023-01-07T10:33:58.485 getAllRequestsCash - No data found Rows Length : 0
INFO 2023-01-07T10:33:58.493 getAllRequestsRevFund Rows Length : 1
INFO 2023-01-07T10:33:58.496 getAllRequestsCash - No data found Rows Length : 0
INFO 2023-01-07T10:33:58.515 getAllRequestsRevFund - No data found Rows Length : 0
INFO 2023-01-07T10:34:00.689 getAllRequestsRevFund - No data found Rows Length : 0
INFO 2023-01-07T10:34:00.690 getAllRequestsCash Rows Length : 1
INFO 2023-01-07T10:34:03.285 requestController - getMaxId -  row: 1
INFO 2023-01-07T10:35:29.289 getAllRequestsRevFund Rows Length : 1
INFO 2023-01-07T10:35:29.290 getAllRequestsCash Rows Length : 1
INFO 2023-01-07T10:35:32.097 OpenRequestController - getCashRequestByControlNo  responseMesage - Success, responseCode - 0
INFO 2023-01-07T10:35:36.233 getAllRequestsRevFund Rows Length : 1
INFO 2023-01-07T10:35:36.239 getAllRequestsCash Rows Length : 1
INFO 2023-01-07T10:35:37.666 OpenRequestController - getRfRequestByControlNo  responseMesage - Success, responseCode - 0
INFO 2023-01-07T10:35:46.040 getAllRequestsRevFund Rows Length : 1
INFO 2023-01-07T10:35:46.045 getAllRequestsCash Rows Length : 1
INFO 2023-01-07T10:35:46.822 getAllRequestsCash Rows Length : 3
INFO 2023-01-07T10:35:46.831 getAllRequestsRevFund Rows Length : 1
INFO 2023-01-07T10:35:46.832 getAllRequestsCash - No data found Rows Length : 0
INFO 2023-01-07T10:35:46.833 getAllRequestsRevFund - No data found Rows Length : 0
INFO 2023-01-07T10:35:48.880 OpenRequestController - getRfRequestByControlNo  responseMesage - Success, responseCode - 0
INFO 2023-01-07T10:35:56.527 getAllRequestsCash Rows Length : 3
INFO 2023-01-07T10:35:56.531 getAllRequestsRevFund Rows Length : 1
INFO 2023-01-07T10:35:56.534 getAllRequestsCash - No data found Rows Length : 0
INFO 2023-01-07T10:35:56.539 getAllRequestsRevFund - No data found Rows Length : 0
INFO 2023-01-07T14:15:43.537 OpenRequestController - getRfRequestByControlNo  responseMesage - Success, responseCode - 0
INFO 2023-01-07T14:15:49.256 getAllRequestsRevFund Rows Length : 1
INFO 2023-01-07T14:15:49.257 getAllRequestsCash - No data found Rows Length : 0
INFO 2023-01-07T14:15:49.258 getAllRequestsRevFund - No data found Rows Length : 0
INFO 2023-01-07T14:15:49.259 getAllRequestsCash Rows Length : 3
