FATAL 2023-01-05T08:56:12.624 10.0.11.65 - kpusers - Connection Failed. Error: connect ETIMEDOUT
INFO 2023-01-05T08:56:12.620 server.js -  Server listening to port: 3000
FATAL 2023-01-05T08:56:12.625 10.4.9.186 - branch_request - Branch Connection Failed. Error: connect ETIMEDOUT
INFO 2023-01-05T08:59:05.166 requestController - getMaxId -  row: 1
INFO 2023-01-05T09:03:50.114 getAllRequestsCash - No data found Rows Length : 0
INFO 2023-01-05T09:03:50.203 getAllRequestsCash - No data found Rows Length : 0
INFO 2023-01-05T09:03:50.528 getAllRequestsRevFund - No data found Rows Length : 0
INFO 2023-01-05T09:03:50.540 getAllRequestsRevFund - No data found Rows Length : 0
INFO 2023-01-05T09:03:50.562 getAllRequestsRevFund Rows Length : 2
INFO 2023-01-05T09:03:50.567 getAllRequestsCash Rows Length : 3
INFO 2023-01-05T09:04:00.531 server.js -  Server listening to port: 3000
INFO 2023-01-05T09:04:00.576 10.0.11.65 - kpusers - Kp Connected.
INFO 2023-01-05T09:04:00.896 10.4.9.186 - branch_request - Branch Connected.
INFO 2023-01-05T09:49:36.354 server.js -  Server listening to port: 3000
INFO 2023-01-05T09:49:36.437 10.0.11.65 - kpusers - Kp Connected.
INFO 2023-01-05T09:49:36.716 10.4.9.186 - branch_request - Branch Connected.
INFO 2023-01-05T09:52:29.228 requestController - getMaxId -  row: 1
INFO 2023-01-05T09:52:51.604 requestController - getMaxId -  row: 1
INFO 2023-01-05T09:53:41.224 requestController - getMaxId -  row: 1
INFO 2023-01-05T09:53:46.328 getAllRequestsCash - No data found Rows Length : 0
INFO 2023-01-05T09:53:46.672 getAllRequestsRevFund - No data found Rows Length : 0
INFO 2023-01-05T09:53:46.677 getAllRequestsCash - No data found Rows Length : 0
INFO 2023-01-05T09:53:46.681 getAllRequestsRevFund - No data found Rows Length : 0
INFO 2023-01-05T09:53:49.091 getAllRequestsRevFund Rows Length : 2
INFO 2023-01-05T09:53:49.099 getAllRequestsCash Rows Length : 3
INFO 2023-01-05T09:54:06.168 getAllRequestsCash - No data found Rows Length : 0
INFO 2023-01-05T09:54:06.175 getAllRequestsRevFund - No data found Rows Length : 0
INFO 2023-01-05T09:54:06.176 getAllRequestsCash - No data found Rows Length : 0
INFO 2023-01-05T09:54:06.179 getAllRequestsRevFund - No data found Rows Length : 0
INFO 2023-01-05T09:54:07.108 getAllRequestsRevFund Rows Length : 2
INFO 2023-01-05T09:54:07.109 getAllRequestsCash Rows Length : 3
INFO 2023-01-05T09:54:24.182 getAllRequestsRevFund Rows Length : 2
INFO 2023-01-05T09:54:24.188 getAllRequestsCash Rows Length : 3
INFO 2023-01-05T09:55:14.051 getAllRequestsCash - No data found Rows Length : 0
INFO 2023-01-05T09:55:14.052 getAllRequestsRevFund - No data found Rows Length : 0
INFO 2023-01-05T09:55:14.057 getAllRequestsCash - No data found Rows Length : 0
INFO 2023-01-05T09:55:14.063 getAllRequestsRevFund - No data found Rows Length : 0
INFO 2023-01-05T09:55:15.747 getAllRequestsRevFund - No data found Rows Length : 0
INFO 2023-01-05T09:55:15.748 getAllRequestsCash - No data found Rows Length : 0
INFO 2023-01-05T09:55:24.823 getAllRequestsCash - No data found Rows Length : 0
INFO 2023-01-05T09:55:24.829 getAllRequestsRevFund - No data found Rows Length : 0
INFO 2023-01-05T09:55:24.833 getAllRequestsCash - No data found Rows Length : 0
INFO 2023-01-05T09:55:24.835 getAllRequestsRevFund - No data found Rows Length : 0
INFO 2023-01-05T09:55:25.638 getAllRequestsRevFund - No data found Rows Length : 0
INFO 2023-01-05T09:55:25.641 getAllRequestsCash - No data found Rows Length : 0
INFO 2023-01-05T09:56:46.878 getAllRequestsCash - No data found Rows Length : 0
INFO 2023-01-05T09:56:46.884 getAllRequestsCash - No data found Rows Length : 0
INFO 2023-01-05T09:56:46.885 getAllRequestsRevFund - No data found Rows Length : 0
INFO 2023-01-05T09:56:46.891 getAllRequestsRevFund - No data found Rows Length : 0
INFO 2023-01-05T09:56:54.029 requestController - getMaxId -  row: 1
INFO 2023-01-05T09:56:56.793 requestController - getRfMaxId -  row: 1
INFO 2023-01-05T09:57:12.002 getAllRequestsRevFund - No data found Rows Length : 0
INFO 2023-01-05T09:57:12.007 getAllRequestsCash - No data found Rows Length : 0
INFO 2023-01-05T09:58:31.342 requestController - getMaxId -  row: 1
INFO 2023-01-05T09:59:16.329 getAllRequestsCash - No data found Rows Length : 0
INFO 2023-01-05T09:59:16.342 getAllRequestsRevFund - No data found Rows Length : 0
INFO 2023-01-05T09:59:16.343 getAllRequestsCash - No data found Rows Length : 0
INFO 2023-01-05T09:59:16.345 getAllRequestsRevFund - No data found Rows Length : 0
INFO 2023-01-05T09:59:21.581 getAllRequestsRevFund Rows Length : 2
INFO 2023-01-05T09:59:21.584 getAllRequestsCash Rows Length : 3
INFO 2023-01-05T09:59:23.074 getAllRequestsCash - No data found Rows Length : 0
INFO 2023-01-05T09:59:23.076 getAllRequestsRevFund - No data found Rows Length : 0
INFO 2023-01-05T09:59:23.079 getAllRequestsCash - No data found Rows Length : 0
INFO 2023-01-05T09:59:23.083 getAllRequestsRevFund - No data found Rows Length : 0
INFO 2023-01-05T09:59:31.544 getAllRequestsRevFund Rows Length : 2
INFO 2023-01-05T09:59:31.545 getAllRequestsCash Rows Length : 3
INFO 2023-01-05T09:59:32.902 getAllRequestsCash - No data found Rows Length : 0
INFO 2023-01-05T09:59:32.908 getAllRequestsRevFund - No data found Rows Length : 0
INFO 2023-01-05T09:59:32.910 getAllRequestsCash - No data found Rows Length : 0
INFO 2023-01-05T09:59:32.911 getAllRequestsRevFund - No data found Rows Length : 0
INFO 2023-01-05T09:59:42.235 getAllRequestsCash - No data found Rows Length : 0
INFO 2023-01-05T09:59:42.254 getAllRequestsRevFund - No data found Rows Length : 0
INFO 2023-01-05T09:59:42.255 getAllRequestsCash - No data found Rows Length : 0
INFO 2023-01-05T09:59:42.264 getAllRequestsRevFund - No data found Rows Length : 0
INFO 2023-01-05T09:59:48.305 getAllRequestsRevFund Rows Length : 2
INFO 2023-01-05T09:59:48.308 getAllRequestsCash Rows Length : 3
INFO 2023-01-05T09:59:49.496 getAllRequestsRevFund Rows Length : 2
INFO 2023-01-05T09:59:49.501 getAllRequestsCash Rows Length : 3
INFO 2023-01-05T09:59:51.000 getAllRequestsRevFund Rows Length : 2
INFO 2023-01-05T09:59:51.003 getAllRequestsCash Rows Length : 3
INFO 2023-01-05T09:59:52.527 getAllRequestsRevFund Rows Length : 2
INFO 2023-01-05T09:59:52.529 getAllRequestsCash Rows Length : 3
INFO 2023-01-05T09:59:54.090 getAllRequestsRevFund Rows Length : 2
INFO 2023-01-05T09:59:54.095 getAllRequestsCash Rows Length : 3
INFO 2023-01-05T09:59:55.528 getAllRequestsRevFund Rows Length : 2
INFO 2023-01-05T09:59:55.534 getAllRequestsCash Rows Length : 3
INFO 2023-01-05T10:00:08.192 getAllRequestsRevFund Rows Length : 2
INFO 2023-01-05T10:00:08.201 getAllRequestsCash Rows Length : 3
INFO 2023-01-05T10:00:14.754 OpenRequestController - getCashRequestByControlNo  responseMesage - Success, responseCode - 0
INFO 2023-01-05T10:04:09.053 OpenRequestController - getCashRequestByControlNo  responseMesage - Success, responseCode - 0
INFO 2023-01-05T10:10:07.199 getAllRequestsCash - No data found Rows Length : 0
INFO 2023-01-05T10:10:07.203 getAllRequestsRevFund - No data found Rows Length : 0
INFO 2023-01-05T10:10:07.207 getAllRequestsCash - No data found Rows Length : 0
INFO 2023-01-05T10:10:07.211 getAllRequestsRevFund - No data found Rows Length : 0
INFO 2023-01-05T10:10:08.276 getAllRequestsRevFund Rows Length : 2
INFO 2023-01-05T10:10:08.277 getAllRequestsCash Rows Length : 3
INFO 2023-01-05T10:10:09.896 OpenRequestController - getCashRequestByControlNo  responseMesage - Success, responseCode - 0
INFO 2023-01-05T10:14:52.034 getAllRequestsCash - No data found Rows Length : 0
INFO 2023-01-05T10:14:52.038 getAllRequestsCash - No data found Rows Length : 0
INFO 2023-01-05T10:14:52.039 getAllRequestsRevFund - No data found Rows Length : 0
INFO 2023-01-05T10:14:52.045 getAllRequestsRevFund - No data found Rows Length : 0
INFO 2023-01-05T10:14:53.337 getAllRequestsRevFund - No data found Rows Length : 0
INFO 2023-01-05T10:14:53.338 getAllRequestsCash - No data found Rows Length : 0
INFO 2023-01-05T10:15:00.045 OpenRequestController - getCashRequestByControlNo  responseMesage - Success, responseCode - 0
INFO 2023-01-05T10:15:09.915 CASH ADVANCE APPROVED - updateRequestStatus -  Approver Status Updating - CA-221207-000020
INFO 2023-01-05T10:15:10.023 CASH ADVANCE APPROVED - updateApproverStatus -  Approver Status Updated - ram_approver
INFO 2023-01-05T10:15:13.343 OpenRequestController - getCashRequestByControlNo  responseMesage - Success, responseCode - 0
INFO 2023-01-05T10:15:22.010 getAllRequestsRevFund - No data found Rows Length : 0
INFO 2023-01-05T10:15:22.014 getAllRequestsCash - No data found Rows Length : 0
INFO 2023-01-05T10:15:24.324 OpenRequestController - getCashRequestByControlNo  responseMesage - Success, responseCode - 0
INFO 2023-01-05T10:16:06.168 getAllRequestsRevFund Rows Length : 2
INFO 2023-01-05T10:16:06.168 getAllRequestsCash Rows Length : 3
INFO 2023-01-05T10:16:08.139 OpenRequestController - getCashRequestByControlNo  responseMesage - Success, responseCode - 0
INFO 2023-01-05T10:16:16.026 getAllRequestsRevFund Rows Length : 2
INFO 2023-01-05T10:16:16.042 getAllRequestsCash Rows Length : 3
INFO 2023-01-05T10:16:17.539 OpenRequestController - getCashRequestByControlNo  responseMesage - Success, responseCode - 0
INFO 2023-01-05T10:16:21.242 getAllRequestsRevFund Rows Length : 2
INFO 2023-01-05T10:16:21.247 getAllRequestsCash Rows Length : 3
INFO 2023-01-05T10:16:22.460 OpenRequestController - getCashRequestByControlNo  responseMesage - Success, responseCode - 0
INFO 2023-01-05T10:16:29.418 getAllRequestsRevFund Rows Length : 2
INFO 2023-01-05T10:16:29.423 getAllRequestsCash Rows Length : 3
INFO 2023-01-05T10:16:33.002 OpenRequestController - getRfRequestByControlNo  responseMesage - Success, responseCode - 0
INFO 2023-01-05T10:16:36.238 getAllRequestsRevFund Rows Length : 2
INFO 2023-01-05T10:16:36.249 getAllRequestsCash Rows Length : 3
INFO 2023-01-05T10:16:37.298 OpenRequestController - getRfRequestByControlNo  responseMesage - Success, responseCode - 0
INFO 2023-01-05T10:16:40.442 getAllRequestsRevFund Rows Length : 2
INFO 2023-01-05T10:16:40.443 getAllRequestsCash Rows Length : 3
INFO 2023-01-05T10:17:55.119 OpenRequestController - getCashRequestByControlNo  responseMesage - Success, responseCode - 0
INFO 2023-01-05T10:19:58.388 getAllRequestsRevFund - No data found Rows Length : 0
INFO 2023-01-05T10:19:58.389 getAllRequestsCash - No data found Rows Length : 0
INFO 2023-01-05T10:20:01.364 OpenRequestController - getCashRequestByControlNo  responseMesage - Success, responseCode - 0
INFO 2023-01-05T10:20:08.161 CASH ADVANCE APPROVED - updateRequestStatus -  Approver Status Updating - CA-221207-000020
INFO 2023-01-05T10:20:08.246 CASH ADVANCE APPROVED - updateApproverStatus -  Approver Status Updated - ass_vpo_approver
INFO 2023-01-05T10:20:11.534 OpenRequestController - getCashRequestByControlNo  responseMesage - Success, responseCode - 0
INFO 2023-01-05T10:20:17.657 getAllRequestsRevFund - No data found Rows Length : 0
INFO 2023-01-05T10:20:17.658 getAllRequestsCash - No data found Rows Length : 0
INFO 2023-01-05T10:20:21.048 OpenRequestController - getCashRequestByControlNo  responseMesage - Success, responseCode - 0
INFO 2023-01-05T10:20:25.033 getAllRequestsRevFund - No data found Rows Length : 0
INFO 2023-01-05T10:20:25.034 getAllRequestsCash - No data found Rows Length : 0
INFO 2023-01-05T10:20:28.086 getAllRequestsRevFund Rows Length : 2
INFO 2023-01-05T10:20:28.094 getAllRequestsCash Rows Length : 3
INFO 2023-01-05T10:20:29.746 OpenRequestController - getCashRequestByControlNo  responseMesage - Success, responseCode - 0
INFO 2023-01-05T10:20:33.784 getAllRequestsRevFund Rows Length : 2
INFO 2023-01-05T10:20:33.784 getAllRequestsCash Rows Length : 3
INFO 2023-01-05T10:20:35.012 OpenRequestController - getCashRequestByControlNo  responseMesage - Success, responseCode - 0
INFO 2023-01-05T10:48:49.231 getAllRequestsCash - No data found Rows Length : 0
INFO 2023-01-05T10:48:49.237 getAllRequestsRevFund - No data found Rows Length : 0
INFO 2023-01-05T10:48:49.240 getAllRequestsCash - No data found Rows Length : 0
INFO 2023-01-05T10:48:49.242 getAllRequestsRevFund - No data found Rows Length : 0
INFO 2023-01-05T14:27:04.687 getAllRequestsRevFund Rows Length : 2
INFO 2023-01-05T14:27:04.711 getAllRequestsCash Rows Length : 3
INFO 2023-01-05T14:27:06.802 OpenRequestController - getCashRequestByControlNo  responseMesage - Success, responseCode - 0
FATAL 2023-01-05T14:32:16.166 10.0.11.65 - kpusers - Connection Failed. Error: connect ETIMEDOUT
INFO 2023-01-05T14:32:16.161 server.js -  Server listening to port: 3000
FATAL 2023-01-05T14:32:16.167 10.4.9.186 - branch_request - Branch Connection Failed. Error: connect ETIMEDOUT
INFO 2023-01-05T14:57:59.313 server.js -  Server listening to port: 3000
INFO 2023-01-05T14:57:59.474 10.0.11.65 - kpusers - Kp Connected.
INFO 2023-01-05T14:57:59.693 10.4.9.186 - branch_request - Branch Connected.
INFO 2023-01-05T14:58:00.546 getAllRequestsRevFund Rows Length : 2
INFO 2023-01-05T14:58:00.550 getAllRequestsCash Rows Length : 3
INFO 2023-01-05T14:58:54.587 requestController - getMaxId -  row: 1
INFO 2023-01-05T14:58:56.639 getAllRequestsRevFund - No data found Rows Length : 0
INFO 2023-01-05T14:58:56.642 getAllRequestsCash - No data found Rows Length : 0
INFO 2023-01-05T14:58:58.733 OpenRequestController - getCashRequestByControlNo  responseMesage - Success, responseCode - 0
INFO 2023-01-05T14:59:03.370 CASH ADVANCE APPROVED - updateRequestStatus -  Approver Status Updating - CA-221207-000021
INFO 2023-01-05T14:59:03.388 CASH ADVANCE APPROVED - updateApproverStatus -  Not Found - rm_approver
INFO 2023-01-05T15:04:07.512 OpenRequestController - getCashRequestByControlNo  responseMesage - Success, responseCode - 0
INFO 2023-01-05T15:04:07.528 requestController - getMaxId -  row: 1
INFO 2023-01-05T15:04:10.774 getAllRequestsRevFund - No data found Rows Length : 0
INFO 2023-01-05T15:04:10.778 getAllRequestsCash - No data found Rows Length : 0
INFO 2023-01-05T15:04:14.044 getAllRequestsCash - No data found Rows Length : 0
INFO 2023-01-05T15:04:14.056 getAllRequestsRevFund - No data found Rows Length : 0
INFO 2023-01-05T15:04:14.389 getAllRequestsRevFund - No data found Rows Length : 0
INFO 2023-01-05T15:04:14.390 getAllRequestsCash - No data found Rows Length : 0
INFO 2023-01-05T15:04:15.174 getAllRequestsRevFund - No data found Rows Length : 0
INFO 2023-01-05T15:04:15.178 getAllRequestsCash - No data found Rows Length : 0
INFO 2023-01-05T15:04:17.158 OpenRequestController - getCashRequestByControlNo  responseMesage - Success, responseCode - 0
INFO 2023-01-05T15:04:26.434 getAllRequestsCash - No data found Rows Length : 0
INFO 2023-01-05T15:04:26.436 getAllRequestsRevFund - No data found Rows Length : 0
INFO 2023-01-05T15:06:29.911 server.js -  Server listening to port: 3000
INFO 2023-01-05T15:06:29.942 10.0.11.65 - kpusers - Kp Connected.
INFO 2023-01-05T15:06:30.248 10.4.9.186 - branch_request - Branch Connected.
INFO 2023-01-05T15:06:33.594 getAllRequestsRevFund - No data found Rows Length : 0
INFO 2023-01-05T15:06:33.599 getAllRequestsCash - No data found Rows Length : 0
INFO 2023-01-05T15:07:40.804 getAllRequestsCash - No data found Rows Length : 0
INFO 2023-01-05T15:07:40.806 getAllRequestsRevFund - No data found Rows Length : 0
INFO 2023-01-05T15:07:41.139 getAllRequestsRevFund - No data found Rows Length : 0
INFO 2023-01-05T15:07:41.140 getAllRequestsCash - No data found Rows Length : 0
INFO 2023-01-05T15:13:08.248 getAllRequestsRevFund - No data found Rows Length : 0
INFO 2023-01-05T15:13:08.256 getAllRequestsCash - No data found Rows Length : 0
INFO 2023-01-05T15:13:59.232 server.js -  Server listening to port: 3000
INFO 2023-01-05T15:13:59.267 10.0.11.65 - kpusers - Kp Connected.
INFO 2023-01-05T15:13:59.572 10.4.9.186 - branch_request - Branch Connected.
INFO 2023-01-05T15:13:59.745 OpenRequestController - getCashRequestByControlNo  responseMesage - Success, responseCode - 0
INFO 2023-01-05T15:14:11.866 getAllRequestsRevFund - No data found Rows Length : 0
INFO 2023-01-05T15:14:12.248 getAllRequestsCash - No data found Rows Length : 0
INFO 2023-01-05T15:14:14.171 OpenRequestController - getCashRequestByControlNo  responseMesage - Success, responseCode - 0
INFO 2023-01-05T15:14:20.234 CASH ADVANCE APPROVED - updateRequestStatus -  Approver Status Updating - CA-221207-000021
INFO 2023-01-05T15:14:20.253 CASH ADVANCE APPROVED - updateApproverStatus -  Not Found - rm_approver
INFO 2023-01-05T15:36:47.804 OpenRequestController - getCashRequestByControlNo  responseMesage - Success, responseCode - 0
INFO 2023-01-05T15:36:47.825 getAllRequestsRevFund - No data found Rows Length : 0
INFO 2023-01-05T15:36:48.169 getAllRequestsCash - No data found Rows Length : 0
INFO 2023-01-05T15:36:51.866 OpenRequestController - getCashRequestByControlNo  responseMesage - Success, responseCode - 0
INFO 2023-01-05T15:36:57.792 CASH ADVANCE APPROVED - updateRequestStatus -  Approver Status Updating - CA-221207-000021
INFO 2023-01-05T15:36:57.883 CASH ADVANCE APPROVED - updateApproverStatus -  Approver Status Updated - ram_approver
INFO 2023-01-05T15:37:02.197 OpenRequestController - getCashRequestByControlNo  responseMesage - Success, responseCode - 0
INFO 2023-01-05T15:37:46.900 getAllRequestsRevFund - No data found Rows Length : 0
INFO 2023-01-05T15:37:46.905 getAllRequestsCash - No data found Rows Length : 0
INFO 2023-01-05T15:37:52.961 getAllRequestsCash - No data found Rows Length : 0
INFO 2023-01-05T15:37:52.964 getAllRequestsRevFund - No data found Rows Length : 0
INFO 2023-01-05T15:37:52.966 getAllRequestsRevFund - No data found Rows Length : 0
INFO 2023-01-05T15:37:52.970 getAllRequestsCash - No data found Rows Length : 0
INFO 2023-01-05T15:37:53.854 getAllRequestsRevFund - No data found Rows Length : 0
INFO 2023-01-05T15:37:53.857 getAllRequestsCash - No data found Rows Length : 0
INFO 2023-01-05T15:38:56.982 OpenRequestController - getCashRequestByControlNo  responseMesage - Success, responseCode - 0
INFO 2023-01-05T15:39:02.971 getAllRequestsRevFund Rows Length : 2
INFO 2023-01-05T15:39:02.977 getAllRequestsCash Rows Length : 3
INFO 2023-01-05T15:39:04.601 OpenRequestController - getCashRequestByControlNo  responseMesage - Success, responseCode - 0
INFO 2023-01-05T15:39:08.937 getAllRequestsRevFund Rows Length : 2
INFO 2023-01-05T15:39:08.942 getAllRequestsCash Rows Length : 3
INFO 2023-01-05T15:39:10.270 OpenRequestController - getCashRequestByControlNo  responseMesage - Success, responseCode - 0
INFO 2023-01-05T15:39:14.937 getAllRequestsRevFund Rows Length : 2
INFO 2023-01-05T15:39:14.938 getAllRequestsCash Rows Length : 3
INFO 2023-01-05T15:42:22.651 getAllRequestsRevFund - No data found Rows Length : 0
INFO 2023-01-05T15:42:22.654 getAllRequestsCash - No data found Rows Length : 0
INFO 2023-01-05T15:42:26.980 OpenRequestController - getCashRequestByControlNo  responseMesage - Success, responseCode - 0
INFO 2023-01-05T15:42:33.254 CASH ADVANCE APPROVED - updateRequestStatus -  Approver Status Updating - CA-221207-000019
INFO 2023-01-05T15:42:33.344 CASH ADVANCE APPROVED - updateApproverStatus -  Approver Status Updated - ass_vpo_approver
INFO 2023-01-05T15:42:37.402 OpenRequestController - getCashRequestByControlNo  responseMesage - Success, responseCode - 0
INFO 2023-01-05T15:42:50.370 getAllRequestsRevFund - No data found Rows Length : 0
INFO 2023-01-05T15:42:50.371 getAllRequestsCash - No data found Rows Length : 0
INFO 2023-01-05T15:42:54.338 OpenRequestController - getCashRequestByControlNo  responseMesage - Success, responseCode - 0
INFO 2023-01-05T15:42:59.185 CASH ADVANCE APPROVED - updateRequestStatus -  Approver Status Updating - CA-221207-000021
INFO 2023-01-05T15:42:59.272 CASH ADVANCE APPROVED - updateApproverStatus -  Approver Status Updated - ass_vpo_approver
INFO 2023-01-05T15:43:03.274 OpenRequestController - getCashRequestByControlNo  responseMesage - Success, responseCode - 0
INFO 2023-01-05T15:43:10.240 getAllRequestsRevFund - No data found Rows Length : 0
INFO 2023-01-05T15:43:10.241 getAllRequestsCash - No data found Rows Length : 0
INFO 2023-01-05T15:43:11.871 getAllRequestsCash - No data found Rows Length : 0
INFO 2023-01-05T15:43:11.871 getAllRequestsRevFund - No data found Rows Length : 0
INFO 2023-01-05T15:43:11.872 getAllRequestsCash - No data found Rows Length : 0
INFO 2023-01-05T15:43:11.878 getAllRequestsRevFund - No data found Rows Length : 0
INFO 2023-01-05T15:43:12.623 getAllRequestsRevFund - No data found Rows Length : 0
INFO 2023-01-05T15:43:12.625 getAllRequestsCash - No data found Rows Length : 0
INFO 2023-01-05T15:43:19.230 getAllRequestsCash - No data found Rows Length : 0
INFO 2023-01-05T15:43:19.233 getAllRequestsRevFund - No data found Rows Length : 0
INFO 2023-01-05T15:43:19.235 getAllRequestsCash - No data found Rows Length : 0
INFO 2023-01-05T15:43:19.243 getAllRequestsRevFund - No data found Rows Length : 0
INFO 2023-01-05T15:43:22.622 getAllRequestsRevFund Rows Length : 2
INFO 2023-01-05T15:43:22.623 getAllRequestsCash Rows Length : 3
INFO 2023-01-05T15:43:25.555 OpenRequestController - getCashRequestByControlNo  responseMesage - Success, responseCode - 0
INFO 2023-01-05T15:47:35.319 server.js -  Server listening to port: 3000
INFO 2023-01-05T15:47:35.412 10.0.11.65 - kpusers - Kp Connected.
INFO 2023-01-05T15:47:35.716 10.4.9.186 - branch_request - Branch Connected.
INFO 2023-01-05T16:07:12.700 server.js -  Server listening to port: 3000
INFO 2023-01-05T16:07:12.753 10.0.11.65 - kpusers - Kp Connected.
INFO 2023-01-05T16:07:13.043 10.4.9.186 - branch_request - Branch Connected.
INFO 2023-01-05T16:08:09.485 getAllRequestsRevFund Rows Length : 2
INFO 2023-01-05T16:08:09.493 getAllRequestsCash Rows Length : 3
INFO 2023-01-05T16:08:12.617 OpenRequestController - getCashRequestByControlNo  responseMesage - Success, responseCode - 0
INFO 2023-01-05T16:08:44.258 OpenRequestController - getCashRequestByControlNo  responseMesage - Success, responseCode - 0
INFO 2023-01-05T16:08:49.808 getAllRequestsRevFund Rows Length : 2
INFO 2023-01-05T16:08:49.811 getAllRequestsCash Rows Length : 1
INFO 2023-01-05T16:08:51.791 OpenRequestController - getCashRequestByControlNo  responseMesage - Success, responseCode - 0
INFO 2023-01-05T16:08:53.528 getAllRequestsCash Rows Length : 2
INFO 2023-01-05T16:08:53.535 getAllRequestsRevFund - No data found Rows Length : 0
INFO 2023-01-05T16:08:53.901 getAllRequestsCash - No data found Rows Length : 0
INFO 2023-01-05T16:08:53.904 getAllRequestsRevFund - No data found Rows Length : 0
INFO 2023-01-05T16:08:55.625 OpenRequestController - getCashRequestByControlNo  responseMesage - Success, responseCode - 0
INFO 2023-01-05T16:09:01.151 getAllRequestsCash Rows Length : 2
INFO 2023-01-05T16:09:01.155 getAllRequestsCash - No data found Rows Length : 0
INFO 2023-01-05T16:09:01.156 getAllRequestsRevFund - No data found Rows Length : 0
INFO 2023-01-05T16:09:01.158 getAllRequestsRevFund - No data found Rows Length : 0
INFO 2023-01-05T16:09:02.542 OpenRequestController - getCashRequestByControlNo  responseMesage - Success, responseCode - 0
INFO 2023-01-05T16:11:37.972 getAllRequestsCash Rows Length : 2
INFO 2023-01-05T16:11:37.982 getAllRequestsRevFund - No data found Rows Length : 0
INFO 2023-01-05T16:11:37.982 getAllRequestsCash - No data found Rows Length : 0
INFO 2023-01-05T16:11:37.984 getAllRequestsRevFund - No data found Rows Length : 0
INFO 2023-01-05T16:11:57.274 OpenRequestController - getCashRequestByControlNo  responseMesage - Success, responseCode - 0
INFO 2023-01-05T16:12:01.726 getAllRequestsCash Rows Length : 2
INFO 2023-01-05T16:12:01.740 getAllRequestsRevFund - No data found Rows Length : 0
INFO 2023-01-05T16:12:01.741 getAllRequestsCash - No data found Rows Length : 0
INFO 2023-01-05T16:12:01.742 getAllRequestsRevFund - No data found Rows Length : 0
INFO 2023-01-05T16:12:02.519 OpenRequestController - getCashRequestByControlNo  responseMesage - Success, responseCode - 0
INFO 2023-01-05T16:12:17.340 getAllRequestsCash Rows Length : 2
INFO 2023-01-05T16:12:17.345 getAllRequestsCash - No data found Rows Length : 0
INFO 2023-01-05T16:12:17.352 getAllRequestsRevFund - No data found Rows Length : 0
INFO 2023-01-05T16:12:17.352 getAllRequestsRevFund - No data found Rows Length : 0
INFO 2023-01-05T16:12:19.010 getAllRequestsRevFund Rows Length : 2
INFO 2023-01-05T16:12:19.013 getAllRequestsCash Rows Length : 1
INFO 2023-01-05T16:12:20.288 OpenRequestController - getCashRequestByControlNo  responseMesage - Success, responseCode - 0
INFO 2023-01-05T16:17:44.433 getAllRequestsRevFund Rows Length : 2
INFO 2023-01-05T16:17:44.441 getAllRequestsCash Rows Length : 1
INFO 2023-01-05T16:17:48.038 requestController - getMaxId -  row: 1
INFO 2023-01-05T16:18:08.795 OpenRequestController - postRequest  responseMesage - Success, responseCode - 0
INFO 2023-01-05T16:18:12.416 OpenRequestController - getCashRequestByControlNo  responseMesage - Success, responseCode - 0
INFO 2023-01-05T16:19:25.492 OpenRequestController - getCashRequestByControlNo  responseMesage - Success, responseCode - 0
INFO 2023-01-05T16:19:40.732 getAllRequestsRevFund Rows Length : 2
INFO 2023-01-05T16:19:40.739 getAllRequestsCash Rows Length : 2
INFO 2023-01-05T16:19:42.569 OpenRequestController - getCashRequestByControlNo  responseMesage - Success, responseCode - 0
INFO 2023-01-05T16:20:27.213 getAllRequestsRevFund - No data found Rows Length : 0
INFO 2023-01-05T16:20:27.219 getAllRequestsCash - No data found Rows Length : 0
INFO 2023-01-05T16:20:30.831 OpenRequestController - getCashRequestByControlNo  responseMesage - Success, responseCode - 0
INFO 2023-01-05T16:20:55.360 CASH ADVANCE APPROVED - updateRequestStatus -  Approver Status Updating - CA-230105-000022
INFO 2023-01-05T16:20:55.465 CASH ADVANCE APPROVED - updateApproverStatus -  Approver Status Updated - area_approver
INFO 2023-01-05T16:20:59.444 OpenRequestController - getCashRequestByControlNo  responseMesage - Success, responseCode - 0
INFO 2023-01-05T16:21:10.039 getAllRequestsRevFund - No data found Rows Length : 0
INFO 2023-01-05T16:21:10.044 getAllRequestsCash - No data found Rows Length : 0
INFO 2023-01-05T16:21:12.807 OpenRequestController - getRfRequestByControlNo  responseMesage - Success, responseCode - 0
INFO 2023-01-05T16:21:16.059 getAllRequestsRevFund - No data found Rows Length : 0
INFO 2023-01-05T16:21:16.062 getAllRequestsCash - No data found Rows Length : 0
INFO 2023-01-05T16:21:16.729 getAllRequestsCash - No data found Rows Length : 0
INFO 2023-01-05T16:21:16.732 getAllRequestsRevFund - No data found Rows Length : 0
INFO 2023-01-05T16:21:16.751 getAllRequestsCash - No data found Rows Length : 0
INFO 2023-01-05T16:21:16.752 getAllRequestsRevFund - No data found Rows Length : 0
INFO 2023-01-05T16:21:20.758 getAllRequestsRevFund Rows Length : 2
INFO 2023-01-05T16:21:20.761 getAllRequestsCash Rows Length : 2
INFO 2023-01-05T16:21:22.249 OpenRequestController - getCashRequestByControlNo  responseMesage - Success, responseCode - 0
INFO 2023-01-05T16:22:25.377 getAllRequestsRevFund - No data found Rows Length : 0
INFO 2023-01-05T16:22:25.382 getAllRequestsCash - No data found Rows Length : 0
INFO 2023-01-05T16:22:51.518 getAllRequestsRevFund - No data found Rows Length : 0
INFO 2023-01-05T16:22:51.519 getAllRequestsCash - No data found Rows Length : 0
INFO 2023-01-05T16:22:54.304 OpenRequestController - getCashRequestByControlNo  responseMesage - Success, responseCode - 0
INFO 2023-01-05T16:23:00.243 CASH ADVANCE APPROVED - updateRequestStatus -  Approver Status Updating - CA-230105-000022
INFO 2023-01-05T16:23:00.336 CASH ADVANCE APPROVED - updateApproverStatus -  Approver Status Updated - regional_approver
INFO 2023-01-05T16:23:04.202 OpenRequestController - getCashRequestByControlNo  responseMesage - Success, responseCode - 0
INFO 2023-01-05T16:23:10.341 getAllRequestsRevFund - No data found Rows Length : 0
INFO 2023-01-05T16:23:10.344 getAllRequestsCash - No data found Rows Length : 0
INFO 2023-01-05T16:23:38.616 getAllRequestsRevFund - No data found Rows Length : 0
INFO 2023-01-05T16:23:38.617 getAllRequestsCash - No data found Rows Length : 0
INFO 2023-01-05T16:23:40.929 OpenRequestController - getCashRequestByControlNo  responseMesage - Success, responseCode - 0
INFO 2023-01-05T16:23:47.764 CASH ADVANCE APPROVED - updateRequestStatus -  Request Status Updated - CA-230105-000022
INFO 2023-01-05T16:23:47.851 CASH ADVANCE APPROVED - updateApproverStatus -  Approver Status Updated - ram_approver
INFO 2023-01-05T16:23:51.779 OpenRequestController - getCashRequestByControlNo  responseMesage - Success, responseCode - 0
INFO 2023-01-05T16:23:58.395 getAllRequestsRevFund - No data found Rows Length : 0
INFO 2023-01-05T16:23:58.398 getAllRequestsCash - No data found Rows Length : 0
INFO 2023-01-05T16:24:02.346 getAllRequestsRevFund Rows Length : 2
INFO 2023-01-05T16:24:02.349 getAllRequestsCash Rows Length : 1
INFO 2023-01-05T16:24:04.090 OpenRequestController - getCashRequestByControlNo  responseMesage - Success, responseCode - 0
INFO 2023-01-05T16:24:07.520 getAllRequestsCash Rows Length : 3
INFO 2023-01-05T16:24:07.520 getAllRequestsRevFund - No data found Rows Length : 0
INFO 2023-01-05T16:24:07.522 getAllRequestsCash - No data found Rows Length : 0
INFO 2023-01-05T16:24:07.523 getAllRequestsRevFund - No data found Rows Length : 0
INFO 2023-01-05T16:24:13.440 OpenRequestController - getCashRequestByControlNo  responseMesage - Success, responseCode - 0
INFO 2023-01-05T16:24:25.707 getAllRequestsCash Rows Length : 3
INFO 2023-01-05T16:24:25.708 getAllRequestsCash - No data found Rows Length : 0
INFO 2023-01-05T16:24:25.713 getAllRequestsRevFund - No data found Rows Length : 0
INFO 2023-01-05T16:24:25.713 getAllRequestsRevFund - No data found Rows Length : 0
INFO 2023-01-05T16:36:42.925 getAllRequestsCash Rows Length : 3
INFO 2023-01-05T16:36:42.931 getAllRequestsRevFund - No data found Rows Length : 0
INFO 2023-01-05T16:36:42.942 getAllRequestsCash - No data found Rows Length : 0
INFO 2023-01-05T16:36:42.943 getAllRequestsRevFund - No data found Rows Length : 0
INFO 2023-01-05T16:36:45.387 getAllRequestsRevFund - No data found Rows Length : 0
INFO 2023-01-05T16:36:45.398 getAllRequestsCash - No data found Rows Length : 0
INFO 2023-01-05T16:37:14.797 getAllRequestsRevFund Rows Length : 2
INFO 2023-01-05T16:37:14.804 getAllRequestsCash Rows Length : 1
INFO 2023-01-05T16:37:15.861 getAllRequestsCash Rows Length : 3
INFO 2023-01-05T16:37:15.864 getAllRequestsRevFund - No data found Rows Length : 0
INFO 2023-01-05T16:37:15.870 getAllRequestsCash - No data found Rows Length : 0
INFO 2023-01-05T16:37:15.878 getAllRequestsRevFund - No data found Rows Length : 0
INFO 2023-01-05T16:37:18.183 OpenRequestController - getCashRequestByControlNo  responseMesage - Success, responseCode - 0
INFO 2023-01-05T16:37:23.346 requestController - getMaxId -  row: 1
INFO 2023-01-05T16:37:25.609 getAllRequestsRevFund Rows Length : 2
INFO 2023-01-05T16:37:25.615 getAllRequestsCash Rows Length : 1
INFO 2023-01-05T16:37:28.102 OpenRequestController - getRfRequestByControlNo  responseMesage - Success, responseCode - 0
INFO 2023-01-05T16:37:32.988 getAllRequestsCash Rows Length : 3
INFO 2023-01-05T16:37:32.995 getAllRequestsRevFund - No data found Rows Length : 0
INFO 2023-01-05T16:37:32.998 getAllRequestsCash - No data found Rows Length : 0
INFO 2023-01-05T16:37:32.999 getAllRequestsRevFund - No data found Rows Length : 0
INFO 2023-01-05T16:45:03.639 server.js -  Server listening to port: 3000
INFO 2023-01-05T16:45:03.759 10.0.11.65 - kpusers - Kp Connected.
INFO 2023-01-05T16:45:04.001 10.4.9.186 - branch_request - Branch Connected.
INFO 2023-01-05T16:45:16.965 server.js -  Server listening to port: 3000
INFO 2023-01-05T16:45:17.000 10.0.11.65 - kpusers - Kp Connected.
INFO 2023-01-05T16:45:17.293 10.4.9.186 - branch_request - Branch Connected.
INFO 2023-01-05T16:45:41.492 server.js -  Server listening to port: 3000
INFO 2023-01-05T16:45:41.541 10.0.11.65 - kpusers - Kp Connected.
INFO 2023-01-05T16:45:41.829 10.4.9.186 - branch_request - Branch Connected.
