FATAL 2022-11-25T08:25:08.047 10.0.11.65 - kpusers - Connection Failed. Error: connect ETIMEDOUT
INFO 2022-11-25T08:25:08.042 server.js -  Server listening to port: 3000
INFO 2022-11-25T08:25:08.750 10.4.9.186 - branch_request - Branch Connected.
INFO 2022-11-25T11:39:00.829 google signin authenticate /auth/google/signin
INFO 2022-11-25T11:39:00.833 google signin authenticate /auth/google/signin - generateUrl : https://accounts.google.com/o/oauth2/v2/auth?access_type=offline&scope=https%3A%2F%2Fwww.googleapis.com%2Fauth%2Fuserinfo.email%20https%3A%2F%2Fwww.googleapis.com%2Fauth%2Fuserinfo.profile&include_granted_scopes=true&prompt=consent&response_type=code&client_id=200170048978-bieukaht3l5tifus8m483t7mnq44bp0t.apps.googleusercontent.com&redirect_uri=http%3A%2F%2F127.0.0.1%3A3000%2Fauth%2Fgoogle%2Fcallback
INFO 2022-11-25T11:39:03.564 google authenticate callback /auth/google/callback
INFO 2022-11-25T11:39:03.940 google authenticate callback  - /auth/google/callback getToken: ya29.a0AeTM1idKtPkfdcxN0OdcOHK1MhosP1zQt9aM9HuKQcAc59RNc84dys-ZK7GZDOiR7Y2-mt3d3ilz0K6RemzAX5I8LQD4GhVpY-BUXsttCdTa2xUpmUHSkv8hw1a3IJrrAvAT0mKm3XQ46fAAczr6MWB6jsWyaCgYKARESAQ4SFQHWtWOmrcdR0BRqSLB3iss396ZyEg0163
INFO 2022-11-25T11:39:04.295 google authenticate callback  - /auth/google/callback getUserInfo: {"id":"104263715304225609924","email":"jonalyn.mobilla@mlhuillier.com","verified_email":true,"name":"Jonalyn Mobilla","given_name":"Jonalyn","family_name":"Mobilla","picture":"https://lh3.googleusercontent.com/a/ALm5wu1aTFYB2CgbvuN0YKMzkpaxlKPQd6vo-hVClGxCpw=s96-c","locale":"en","hd":"mlhuillier.com"}
INFO 2022-11-25T11:39:04.333 redirect after callback  -  /auth/google/success
INFO 2022-11-25T11:39:09.809 LOG OUT  -  Logging out...
INFO 2022-11-25T11:39:09.979 LOG OUT  -  Requesting - headers: Fri, 25 Nov 2022 03:39:09 GMT, statusCode: 400
INFO 2022-11-25T11:39:09.980 LOG OUT  -  postReq on data: {
  "error": "invalid_token"
}, SESSION: {"cookie":{"originalMaxAge":null,"expires":null,"httpOnly":true,"path":"/"}}
INFO 2022-11-25T11:39:09.980 LOG OUT  -  postReq on data: {
  "error": "invalid_token"
}, statusCode: 400
INFO 2022-11-25T11:39:14.091 google signin authenticate /auth/google/signin
INFO 2022-11-25T11:39:14.092 google signin authenticate /auth/google/signin - generateUrl : https://accounts.google.com/o/oauth2/v2/auth?access_type=offline&scope=https%3A%2F%2Fwww.googleapis.com%2Fauth%2Fuserinfo.email%20https%3A%2F%2Fwww.googleapis.com%2Fauth%2Fuserinfo.profile&include_granted_scopes=true&prompt=consent&response_type=code&client_id=200170048978-bieukaht3l5tifus8m483t7mnq44bp0t.apps.googleusercontent.com&redirect_uri=http%3A%2F%2F127.0.0.1%3A3000%2Fauth%2Fgoogle%2Fcallback
INFO 2022-11-25T11:39:16.796 google authenticate callback /auth/google/callback
INFO 2022-11-25T11:39:17.015 google authenticate callback  - /auth/google/callback getToken: ya29.a0AeTM1ifecMKstpJTd1ufiT3QryE9VGwtniQiNoL_p35SbJiz_tZLA0Co_tpMW0KNeFKBVu_E1hBMbTjtTQdPZEMALNHWQuJRQdIGseumlv5vp5tqYh_Sz1UQD2fNBBjw4HLy1d_Q5odKmF_0ygnpiQVlPd0gaCgYKAVYSAQ4SFQHWtWOmcBHLYguPvMCVUNhhsExxxQ0163
INFO 2022-11-25T11:39:17.224 google authenticate callback  - /auth/google/callback getUserInfo: {"id":"104263715304225609924","email":"jonalyn.mobilla@mlhuillier.com","verified_email":true,"name":"Jonalyn Mobilla","given_name":"Jonalyn","family_name":"Mobilla","picture":"https://lh3.googleusercontent.com/a/ALm5wu1aTFYB2CgbvuN0YKMzkpaxlKPQd6vo-hVClGxCpw=s96-c","locale":"en","hd":"mlhuillier.com"}
INFO 2022-11-25T11:39:17.237 redirect after callback  -  /auth/google/success
INFO 2022-11-25T11:39:17.858 USERS CONTROLLER - getUserByEmail 200: SUCCESSFULLY RETRIEVED DATA
INFO 2022-11-25T11:39:28.253 getAllRequestsCash Rows Length : 4
INFO 2022-11-25T11:39:40.017 getAllRequestsCash Rows Length : 4
INFO 2022-11-25T11:40:07.853 getAllRequestsCash Rows Length : 4
INFO 2022-11-25T11:40:13.464 getAllRequestsCash Rows Length : 4
INFO 2022-11-25T11:40:15.389 getAllRequestsCash Rows Length : 1
INFO 2022-11-25T11:40:15.862 getAllRequestsCash Rows Length : 1
INFO 2022-11-25T11:40:15.866 getAllRequestsCash - No data found Rows Length : 0
INFO 2022-11-25T11:40:22.179 getAllRequestsCash Rows Length : 1
INFO 2022-11-25T11:40:22.180 getAllRequestsCash - No data found Rows Length : 0
INFO 2022-11-25T11:40:22.182 getAllRequestsCash Rows Length : 1
INFO 2022-11-25T15:40:03.758 LOG OUT  -  Logging out...
INFO 2022-11-25T15:40:03.948 LOG OUT  -  Requesting - headers: Fri, 25 Nov 2022 07:40:03 GMT, statusCode: 400
INFO 2022-11-25T15:40:03.948 LOG OUT  -  postReq on data: {
  "error": "invalid_token"
}, SESSION: {"cookie":{"originalMaxAge":null,"expires":null,"httpOnly":true,"path":"/"}}
INFO 2022-11-25T15:40:03.948 LOG OUT  -  postReq on data: {
  "error": "invalid_token"
}, statusCode: 400
INFO 2022-11-25T16:22:36.562 google authenticate callback /auth/google/callback
ERROR 2022-11-25T16:22:36.933 google authenticate callback  - /auth/google/callback getToken ERROR: {"response":{"config":{"method":"POST","url":"https://oauth2.googleapis.com/token","data":"code=4%2F0AfgeXvuOxFr3CrSgyXP_e3NDD3L4KauZMarYaKynZCAn2WDwVIfLFhxjT1xql8pMb2Pb5A&client_id=200170048978-bieukaht3l5tifus8m483t7mnq44bp0t.apps.googleusercontent.com&client_secret=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&redirect_uri=http%3A%2F%2F127.0.0.1%3A3000%2Fauth%2Fgoogle%2Fcallback&grant_type=authorization_code&code_verifier=","headers":{"Content-Type":"application/x-www-form-urlencoded","User-Agent":"google-api-nodejs-client/8.0.3","x-goog-api-client":"gl-node/16.14.2 auth/8.0.3","Accept":"application/json"},"body":"code=4%2F0AfgeXvuOxFr3CrSgyXP_e3NDD3L4KauZMarYaKynZCAn2WDwVIfLFhxjT1xql8pMb2Pb5A&client_id=200170048978-bieukaht3l5tifus8m483t7mnq44bp0t.apps.googleusercontent.com&client_secret=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&redirect_uri=http%3A%2F%2F127.0.0.1%3A3000%2Fauth%2Fgoogle%2Fcallback&grant_type=authorization_code&code_verifier=","responseType":"json"},"data":{"error":"invalid_grant","error_description":"Bad Request"},"headers":{"alt-svc":"h3=\":443\"; ma=2592000,h3-29=\":443\"; ma=2592000,h3-Q050=\":443\"; ma=2592000,h3-Q046=\":443\"; ma=2592000,h3-Q043=\":443\"; ma=2592000,quic=\":443\"; ma=2592000; v=\"46,43\"","cache-control":"no-cache, no-store, max-age=0, must-revalidate","connection":"close","content-encoding":"gzip","content-type":"application/json; charset=utf-8","date":"Fri, 25 Nov 2022 08:22:36 GMT","expires":"Mon, 01 Jan 1990 00:00:00 GMT","pragma":"no-cache","server":"scaffolding on HTTPServer2","transfer-encoding":"chunked","vary":"Origin, X-Origin, Referer","x-content-type-options":"nosniff","x-frame-options":"SAMEORIGIN","x-xss-protection":"0"},"status":400,"statusText":"Bad Request","request":{"responseURL":"https://oauth2.googleapis.com/token"}},"config":{"method":"POST","url":"https://oauth2.googleapis.com/token","data":"code=4%2F0AfgeXvuOxFr3CrSgyXP_e3NDD3L4KauZMarYaKynZCAn2WDwVIfLFhxjT1xql8pMb2Pb5A&client_id=200170048978-bieukaht3l5tifus8m483t7mnq44bp0t.apps.googleusercontent.com&client_secret=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&redirect_uri=http%3A%2F%2F127.0.0.1%3A3000%2Fauth%2Fgoogle%2Fcallback&grant_type=authorization_code&code_verifier=","headers":{"Content-Type":"application/x-www-form-urlencoded","User-Agent":"google-api-nodejs-client/8.0.3","x-goog-api-client":"gl-node/16.14.2 auth/8.0.3","Accept":"application/json"},"body":"code=4%2F0AfgeXvuOxFr3CrSgyXP_e3NDD3L4KauZMarYaKynZCAn2WDwVIfLFhxjT1xql8pMb2Pb5A&client_id=200170048978-bieukaht3l5tifus8m483t7mnq44bp0t.apps.googleusercontent.com&client_secret=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&redirect_uri=http%3A%2F%2F127.0.0.1%3A3000%2Fauth%2Fgoogle%2Fcallback&grant_type=authorization_code&code_verifier=","responseType":"json"},"code":"400"}
INFO 2022-11-25T16:22:45.528 google signin authenticate /auth/google/signin
INFO 2022-11-25T16:22:45.528 google signin authenticate /auth/google/signin - generateUrl : https://accounts.google.com/o/oauth2/v2/auth?access_type=offline&scope=https%3A%2F%2Fwww.googleapis.com%2Fauth%2Fuserinfo.email%20https%3A%2F%2Fwww.googleapis.com%2Fauth%2Fuserinfo.profile&include_granted_scopes=true&prompt=consent&response_type=code&client_id=200170048978-bieukaht3l5tifus8m483t7mnq44bp0t.apps.googleusercontent.com&redirect_uri=http%3A%2F%2F127.0.0.1%3A3000%2Fauth%2Fgoogle%2Fcallback
INFO 2022-11-25T16:22:48.251 google authenticate callback /auth/google/callback
INFO 2022-11-25T16:22:48.536 google authenticate callback  - /auth/google/callback getToken: ya29.a0AeTM1idy1L7i6OLn131GbtvQIB0DwcE0BCrASxYLioRLzXddseQiX8utaK7mu2ezhZrjU0mQf2abMYT4Szn2xz_JWJBBiJZvZfg5iEcITLjp1w_zJe0xfor_W-lcD0A6q4jv1o_H7GCCwnlDiYSbXaGqOuxsaCgYKAU0SAQ4SFQHWtWOmyTMLQNMWzJQWbVGHsQ0vNw0163
INFO 2022-11-25T16:22:48.735 google authenticate callback  - /auth/google/callback getUserInfo: {"id":"104263715304225609924","email":"jonalyn.mobilla@mlhuillier.com","verified_email":true,"name":"Jonalyn Mobilla","given_name":"Jonalyn","family_name":"Mobilla","picture":"https://lh3.googleusercontent.com/a/ALm5wu1aTFYB2CgbvuN0YKMzkpaxlKPQd6vo-hVClGxCpw=s96-c","locale":"en","hd":"mlhuillier.com"}
INFO 2022-11-25T16:22:48.754 redirect after callback  -  /auth/google/success
INFO 2022-11-25T16:22:49.443 USERS CONTROLLER - getUserByEmail 200: SUCCESSFULLY RETRIEVED DATA
INFO 2022-11-25T16:22:53.843 requestController - getMaxId -  row: 1
INFO 2022-11-25T16:23:22.536 requestController - getRfMaxId -  row: 1
