FATAL 2022-12-14T09:02:28.492 10.0.11.65 - kpusers - Connection Failed. Error: connect ETIMEDOUT
INFO 2022-12-14T09:02:28.487 server.js -  Server listening to port: 3000
INFO 2022-12-14T09:02:29.129 10.4.9.186 - branch_request - Branch Connected.
INFO 2022-12-14T09:03:45.148 getAllRequestsRevFund Rows Length : 2
INFO 2022-12-14T09:03:45.159 getAllRequestsCash Rows Length : 3
INFO 2022-12-14T09:03:53.418 requestController - getMaxId -  row: 1
INFO 2022-12-14T09:03:55.182 getAllRequestsCash Rows Length : 3
INFO 2022-12-14T09:03:55.184 getAllRequestsRevFund Rows Length : 2
INFO 2022-12-14T09:03:58.452 OpenRequestController - getRfRequestByControlNo  responseMesage - Success, responseCode - 0
INFO 2022-12-14T09:04:03.078 getAllRequestsCash Rows Length : 3
INFO 2022-12-14T09:04:03.079 getAllRequestsRevFund Rows Length : 2
INFO 2022-12-14T09:04:27.680 OpenRequestController - getCashRequestByControlNo  responseMesage - Success, responseCode - 0
INFO 2022-12-14T09:04:48.133 requestController - getRfMaxId -  row: 1
INFO 2022-12-14T09:04:56.692 getAllRequestsRevFund Rows Length : 2
INFO 2022-12-14T09:04:56.694 getAllRequestsCash Rows Length : 3
INFO 2022-12-14T09:06:48.742 requestController - getRfMaxId -  row: 1
INFO 2022-12-14T09:07:07.175 requestController - getRfMaxId -  row: 1
INFO 2022-12-14T09:07:20.686 getAllRequestsRevFund Rows Length : 2
INFO 2022-12-14T09:07:20.687 getAllRequestsCash Rows Length : 3
INFO 2022-12-14T09:08:37.918 getAllRequestsRevFund Rows Length : 2
INFO 2022-12-14T09:08:37.919 getAllRequestsCash Rows Length : 3
INFO 2022-12-14T09:08:38.035 getAllRequestsRevFund Rows Length : 2
INFO 2022-12-14T09:08:38.036 getAllRequestsCash Rows Length : 3
INFO 2022-12-14T09:09:31.353 getAllRequestsRevFund Rows Length : 2
INFO 2022-12-14T09:09:31.355 getAllRequestsCash Rows Length : 3
INFO 2022-12-14T09:09:40.038 getAllRequestsRevFund Rows Length : 2
INFO 2022-12-14T09:09:40.041 getAllRequestsCash Rows Length : 3
INFO 2022-12-14T09:12:13.227 OpenRequestController - getRfRequestByControlNo  responseMesage - Success, responseCode - 0
INFO 2022-12-14T09:12:56.768 OpenRequestController - getRfRequestByControlNo  responseMesage - Success, responseCode - 0
INFO 2022-12-14T09:13:25.348 getAllRequestsRevFund Rows Length : 2
INFO 2022-12-14T09:13:25.349 getAllRequestsCash Rows Length : 3
INFO 2022-12-14T09:13:27.157 OpenRequestController - getCashRequestByControlNo  responseMesage - Success, responseCode - 0
INFO 2022-12-14T09:13:58.823 OpenRequestController - getCashRequestByControlNo  responseMesage - Success, responseCode - 0
INFO 2022-12-14T09:14:40.234 OpenRequestController - getCashRequestByControlNo  responseMesage - Success, responseCode - 0
INFO 2022-12-14T09:15:04.421 OpenRequestController - getCashRequestByControlNo  responseMesage - Success, responseCode - 0
INFO 2022-12-14T09:15:27.770 OpenRequestController - getCashRequestByControlNo  responseMesage - Success, responseCode - 0
INFO 2022-12-14T09:19:37.994 server.js -  Server listening to port: 3000
INFO 2022-12-14T09:19:38.109 10.0.11.65 - kpusers - Kp Connected.
INFO 2022-12-14T09:19:38.474 10.4.9.186 - branch_request - Branch Connected.
INFO 2022-12-14T09:20:15.138 server.js -  Server listening to port: 3000
INFO 2022-12-14T09:20:15.197 10.0.11.65 - kpusers - Kp Connected.
INFO 2022-12-14T09:20:15.576 10.4.9.186 - branch_request - Branch Connected.
INFO 2022-12-14T09:20:17.646 OpenRequestController - getCashRequestByControlNo  responseMesage - Success, responseCode - 0
INFO 2022-12-14T09:22:24.732 server.js -  Server listening to port: 3000
INFO 2022-12-14T09:22:24.777 10.0.11.65 - kpusers - Kp Connected.
INFO 2022-12-14T09:22:25.185 10.4.9.186 - branch_request - Branch Connected.
INFO 2022-12-14T09:22:36.795 OpenRequestController - getCashRequestByControlNo  responseMesage - Success, responseCode - 0
INFO 2022-12-14T09:24:12.133 server.js -  Server listening to port: 3000
INFO 2022-12-14T09:24:12.180 10.0.11.65 - kpusers - Kp Connected.
INFO 2022-12-14T09:24:12.799 10.4.9.186 - branch_request - Branch Connected.
INFO 2022-12-14T09:25:39.764 getAllRequestsRevFund Rows Length : 2
INFO 2022-12-14T09:25:39.770 getAllRequestsCash Rows Length : 3
INFO 2022-12-14T09:25:41.183 OpenRequestController - getRfRequestByControlNo  responseMesage - Success, responseCode - 0
INFO 2022-12-14T09:30:30.483 getAllRequestsRevFund Rows Length : 2
INFO 2022-12-14T09:30:30.486 getAllRequestsCash Rows Length : 3
INFO 2022-12-14T09:30:32.124 OpenRequestController - getCashRequestByControlNo  responseMesage - Success, responseCode - 0
INFO 2022-12-14T09:31:13.517 OpenRequestController - getCashRequestByControlNo  responseMesage - Success, responseCode - 0
INFO 2022-12-14T09:31:25.168 OpenRequestController - getCashRequestByControlNo  responseMesage - Success, responseCode - 0
INFO 2022-12-14T09:32:42.673 OpenRequestController - getCashRequestByControlNo  responseMesage - Success, responseCode - 0
INFO 2022-12-14T09:32:49.225 OpenRequestController - getCashRequestByControlNo  responseMesage - Success, responseCode - 0
INFO 2022-12-14T09:32:57.192 getAllRequestsRevFund Rows Length : 2
INFO 2022-12-14T09:32:57.195 getAllRequestsCash Rows Length : 3
INFO 2022-12-14T09:33:00.671 OpenRequestController - getRfRequestByControlNo  responseMesage - Success, responseCode - 0
INFO 2022-12-14T09:34:33.305 OpenRequestController - getRfRequestByControlNo  responseMesage - Success, responseCode - 0
INFO 2022-12-14T09:36:05.807 OpenRequestController - getRfRequestByControlNo  responseMesage - Success, responseCode - 0
INFO 2022-12-14T09:36:24.714 OpenRequestController - getRfRequestByControlNo  responseMesage - Success, responseCode - 0
INFO 2022-12-14T09:36:58.136 OpenRequestController - getRfRequestByControlNo  responseMesage - Success, responseCode - 0
INFO 2022-12-14T09:38:06.759 OpenRequestController - getRfRequestByControlNo  responseMesage - Success, responseCode - 0
INFO 2022-12-14T09:38:20.280 getAllRequestsRevFund Rows Length : 2
INFO 2022-12-14T09:38:20.283 getAllRequestsCash Rows Length : 3
INFO 2022-12-14T09:38:21.724 OpenRequestController - getCashRequestByControlNo  responseMesage - Success, responseCode - 0
INFO 2022-12-14T09:38:25.400 getAllRequestsRevFund Rows Length : 2
INFO 2022-12-14T09:38:25.400 getAllRequestsCash Rows Length : 3
INFO 2022-12-14T09:41:10.343 getAllRequestsRevFund Rows Length : 2
INFO 2022-12-14T09:41:10.346 getAllRequestsCash Rows Length : 3
INFO 2022-12-14T09:41:28.610 getAllRequestsRevFund Rows Length : 2
INFO 2022-12-14T09:41:28.619 getAllRequestsCash Rows Length : 3
INFO 2022-12-14T09:41:42.743 getAllRequestsRevFund Rows Length : 2
INFO 2022-12-14T09:41:42.753 getAllRequestsCash Rows Length : 3
INFO 2022-12-14T09:41:54.473 getAllRequestsRevFund Rows Length : 2
INFO 2022-12-14T09:41:54.474 getAllRequestsCash Rows Length : 3
INFO 2022-12-14T09:42:04.846 getAllRequestsRevFund Rows Length : 2
INFO 2022-12-14T09:42:04.850 getAllRequestsCash Rows Length : 3
INFO 2022-12-14T09:42:36.431 getAllRequestsRevFund Rows Length : 2
INFO 2022-12-14T09:42:36.432 getAllRequestsCash Rows Length : 3
INFO 2022-12-14T09:42:36.546 getAllRequestsRevFund Rows Length : 2
INFO 2022-12-14T09:42:36.554 getAllRequestsCash Rows Length : 3
INFO 2022-12-14T09:42:46.967 getAllRequestsRevFund Rows Length : 2
INFO 2022-12-14T09:42:46.968 getAllRequestsCash Rows Length : 3
INFO 2022-12-14T09:43:18.757 getAllRequestsRevFund Rows Length : 2
INFO 2022-12-14T09:43:18.758 getAllRequestsCash Rows Length : 3
INFO 2022-12-14T09:43:28.561 getAllRequestsRevFund Rows Length : 2
INFO 2022-12-14T09:43:28.561 getAllRequestsCash Rows Length : 3
INFO 2022-12-14T09:44:10.825 getAllRequestsRevFund Rows Length : 2
INFO 2022-12-14T09:44:10.829 getAllRequestsCash Rows Length : 3
INFO 2022-12-14T09:44:18.451 getAllRequestsRevFund Rows Length : 2
INFO 2022-12-14T09:44:18.453 getAllRequestsCash Rows Length : 3
INFO 2022-12-14T09:44:54.052 getAllRequestsRevFund Rows Length : 2
INFO 2022-12-14T09:44:54.055 getAllRequestsCash Rows Length : 3
INFO 2022-12-14T09:46:58.722 requestController - getMaxId -  row: 1
INFO 2022-12-14T09:47:30.283 requestController - getMaxId -  row: 1
INFO 2022-12-14T09:47:37.162 getAllRequestsRevFund Rows Length : 2
INFO 2022-12-14T09:47:37.165 getAllRequestsCash Rows Length : 3
INFO 2022-12-14T09:49:55.219 server.js -  Server listening to port: 3000
INFO 2022-12-14T09:49:55.399 10.0.11.65 - kpusers - Kp Connected.
INFO 2022-12-14T09:49:55.738 10.4.9.186 - branch_request - Branch Connected.
INFO 2022-12-14T09:50:26.427 getAllRequestsRevFund Rows Length : 2
INFO 2022-12-14T09:50:26.431 getAllRequestsCash Rows Length : 3
INFO 2022-12-14T09:50:27.855 OpenRequestController - getCashRequestByControlNo  responseMesage - Success, responseCode - 0
INFO 2022-12-14T09:51:49.818 server.js -  Server listening to port: 3000
INFO 2022-12-14T09:51:49.851 10.0.11.65 - kpusers - Kp Connected.
INFO 2022-12-14T09:51:50.275 10.4.9.186 - branch_request - Branch Connected.
INFO 2022-12-14T09:52:13.596 OpenRequestController - getCashRequestByControlNo  responseMesage - Success, responseCode - 0
INFO 2022-12-14T09:52:44.953 server.js -  Server listening to port: 3000
INFO 2022-12-14T09:52:45.010 10.0.11.65 - kpusers - Kp Connected.
INFO 2022-12-14T09:52:45.387 10.4.9.186 - branch_request - Branch Connected.
INFO 2022-12-14T09:52:54.864 server.js -  Server listening to port: 3000
INFO 2022-12-14T09:52:54.912 10.0.11.65 - kpusers - Kp Connected.
INFO 2022-12-14T09:52:55.365 10.4.9.186 - branch_request - Branch Connected.
INFO 2022-12-14T09:52:55.700 OpenRequestController - getCashRequestByControlNo  responseMesage - Success, responseCode - 0
INFO 2022-12-14T09:54:58.172 getAllRequestsRevFund Rows Length : 2
INFO 2022-12-14T09:54:58.607 getAllRequestsCash Rows Length : 2
INFO 2022-12-14T09:57:50.107 getAllRequestsCash - No data found Rows Length : 0
INFO 2022-12-14T09:57:52.356 getAllRequestsRevFund Rows Length : 2
INFO 2022-12-14T09:57:52.357 getAllRequestsCash Rows Length : 2
INFO 2022-12-14T09:57:53.067 getAllRequestsCash - No data found Rows Length : 0
INFO 2022-12-14T09:58:11.137 getAllRequestsCash - No data found Rows Length : 0
INFO 2022-12-14T09:58:41.197 getAllRequestsCash - No data found Rows Length : 0
INFO 2022-12-14T09:59:37.929 getAllRequestsCash - No data found Rows Length : 0
INFO 2022-12-14T10:00:17.961 getAllRequestsCash - No data found Rows Length : 0
INFO 2022-12-14T10:00:41.490 getAllRequestsCash - No data found Rows Length : 0
INFO 2022-12-14T10:01:04.391 getAllRequestsCash - No data found Rows Length : 0
INFO 2022-12-14T10:01:27.847 getAllRequestsCash Rows Length : 1
INFO 2022-12-14T10:01:32.436 getAllRequestsCash Rows Length : 1
INFO 2022-12-14T10:02:23.256 getAllRequestsRevFund - No data found Rows Length : 0
INFO 2022-12-14T10:02:23.257 getAllRequestsCash Rows Length : 1
INFO 2022-12-14T10:02:26.420 getAllRequestsCash Rows Length : 1
INFO 2022-12-14T10:02:26.432 getAllRequestsRevFund - No data found Rows Length : 0
INFO 2022-12-14T10:02:37.240 OpenRequestController - getCashRequestByControlNo  responseMesage - Success, responseCode - 0
INFO 2022-12-14T10:03:36.005 OpenRequestController - getCashRequestByControlNo  responseMesage - Success, responseCode - 0
INFO 2022-12-14T10:03:58.168 OpenRequestController - getCashRequestByControlNo  responseMesage - Success, responseCode - 0
INFO 2022-12-14T10:04:25.364 OpenRequestController - getCashRequestByControlNo  responseMesage - Success, responseCode - 0
INFO 2022-12-14T10:04:33.627 OpenRequestController - getCashRequestByControlNo  responseMesage - Success, responseCode - 0
INFO 2022-12-14T10:04:37.608 OpenRequestController - getCashRequestByControlNo  responseMesage - Success, responseCode - 0
INFO 2022-12-14T10:05:36.504 OpenRequestController - getCashRequestByControlNo  responseMesage - Success, responseCode - 0
INFO 2022-12-14T10:05:58.196 OpenRequestController - getCashRequestByControlNo  responseMesage - Success, responseCode - 0
INFO 2022-12-14T10:06:27.251 getAllRequestsRevFund Rows Length : 2
INFO 2022-12-14T10:06:27.252 getAllRequestsCash Rows Length : 2
INFO 2022-12-14T10:06:29.560 OpenRequestController - getCashRequestByControlNo  responseMesage - Success, responseCode - 0
INFO 2022-12-14T10:06:33.279 getAllRequestsRevFund Rows Length : 2
INFO 2022-12-14T10:06:33.281 getAllRequestsCash Rows Length : 2
INFO 2022-12-14T10:06:40.232 getAllRequestsCash - No data found Rows Length : 0
INFO 2022-12-14T10:06:40.235 getAllRequestsRevFund - No data found Rows Length : 0
INFO 2022-12-14T10:06:42.860 getAllRequestsRevFund Rows Length : 2
INFO 2022-12-14T10:06:42.861 getAllRequestsCash Rows Length : 2
INFO 2022-12-14T10:06:43.555 getAllRequestsCash - No data found Rows Length : 0
INFO 2022-12-14T10:06:43.556 getAllRequestsRevFund - No data found Rows Length : 0
INFO 2022-12-14T10:06:48.380 getAllRequestsRevFund Rows Length : 2
INFO 2022-12-14T10:06:48.381 getAllRequestsCash Rows Length : 2
INFO 2022-12-14T10:06:55.809 getAllRequestsCash - No data found Rows Length : 0
INFO 2022-12-14T10:06:55.828 getAllRequestsRevFund - No data found Rows Length : 0
INFO 2022-12-14T10:07:07.949 getAllRequestsCash - No data found Rows Length : 0
INFO 2022-12-14T10:07:07.961 getAllRequestsRevFund - No data found Rows Length : 0
INFO 2022-12-14T10:08:15.092 getAllRequestsCash - No data found Rows Length : 0
INFO 2022-12-14T10:08:15.097 getAllRequestsRevFund - No data found Rows Length : 0
INFO 2022-12-14T10:08:51.092 requestController - getMaxId -  row: 1
INFO 2022-12-14T10:08:53.052 getAllRequestsRevFund Rows Length : 2
INFO 2022-12-14T10:08:53.056 getAllRequestsCash Rows Length : 2
INFO 2022-12-14T10:08:54.897 getAllRequestsCash - No data found Rows Length : 0
INFO 2022-12-14T10:08:54.908 getAllRequestsRevFund - No data found Rows Length : 0
INFO 2022-12-14T10:10:03.746 getAllRequestsCash - No data found Rows Length : 0
INFO 2022-12-14T10:10:03.753 getAllRequestsRevFund - No data found Rows Length : 0
INFO 2022-12-14T10:10:03.853 getAllRequestsCash - No data found Rows Length : 0
INFO 2022-12-14T10:10:03.866 getAllRequestsRevFund - No data found Rows Length : 0
INFO 2022-12-14T10:10:33.084 getAllRequestsCash - No data found Rows Length : 0
INFO 2022-12-14T10:10:33.085 getAllRequestsRevFund - No data found Rows Length : 0
INFO 2022-12-14T10:10:49.237 getAllRequestsCash - No data found Rows Length : 0
INFO 2022-12-14T10:10:49.243 getAllRequestsRevFund - No data found Rows Length : 0
INFO 2022-12-14T10:11:09.522 getAllRequestsCash Rows Length : 1
INFO 2022-12-14T10:11:09.523 getAllRequestsCash - No data found Rows Length : 0
INFO 2022-12-14T10:11:10.051 getAllRequestsRevFund - No data found Rows Length : 0
INFO 2022-12-14T10:11:11.706 OpenRequestController - getCashRequestByControlNo  responseMesage - Success, responseCode - 0
INFO 2022-12-14T10:11:16.324 getAllRequestsCash - No data found Rows Length : 0
INFO 2022-12-14T10:11:16.339 getAllRequestsCash Rows Length : 1
INFO 2022-12-14T10:11:16.340 getAllRequestsRevFund - No data found Rows Length : 0
