INFO 2023-01-14T09:00:05.864 server.js -  Server listening to port: 3000
FATAL 2023-01-14T09:00:05.870 10.4.9.186 - branch_request - Branch Connection Failed. Error: connect ETIMEDOUT
INFO 2023-01-14T09:06:43.881 userLogin Successfully generated a token - eyJhbGciOiJIUzI1NiIsInR5cCI6IkpXVCJ9.eyJpZCI6IkFCRUw5NDAwOTA5OSIsImlhdCI6MTY3MzY1ODQwMywiZXhwIjoxNjczNjU5MzAzfQ.rvSREmYA66aqh8MuPB0uDeu1nsIvB3duWYphV5gbFxI
INFO 2023-01-14T09:06:46.009 auth - verifyToken -  Authorized. A token verified - eyJhbGciOiJIUzI1NiIsInR5cCI6IkpXVCJ9.eyJpZCI6IkFCRUw5NDAwOTA5OSIsImlhdCI6MTY3MzY1ODQwMywiZXhwIjoxNjczNjU5MzAzfQ.rvSREmYA66aqh8MuPB0uDeu1nsIvB3duWYphV5gbFxI
INFO 2023-01-14T09:06:46.014 auth - verifyToken -  Authorized. A token verified - eyJhbGciOiJIUzI1NiIsInR5cCI6IkpXVCJ9.eyJpZCI6IkFCRUw5NDAwOTA5OSIsImlhdCI6MTY3MzY1ODQwMywiZXhwIjoxNjczNjU5MzAzfQ.rvSREmYA66aqh8MuPB0uDeu1nsIvB3duWYphV5gbFxI
INFO 2023-01-14T09:06:46.621 getAllRequestsRevFund - No data found Rows Length : 0
INFO 2023-01-14T09:06:46.624 getAllRequestsCash Rows Length : 3
INFO 2023-01-14T09:06:48.974 auth - verifyToken -  Authorized. A token verified - eyJhbGciOiJIUzI1NiIsInR5cCI6IkpXVCJ9.eyJpZCI6IkFCRUw5NDAwOTA5OSIsImlhdCI6MTY3MzY1ODQwMywiZXhwIjoxNjczNjU5MzAzfQ.rvSREmYA66aqh8MuPB0uDeu1nsIvB3duWYphV5gbFxI
INFO 2023-01-14T09:06:48.977 auth - verifyToken -  Authorized. A token verified - eyJhbGciOiJIUzI1NiIsInR5cCI6IkpXVCJ9.eyJpZCI6IkFCRUw5NDAwOTA5OSIsImlhdCI6MTY3MzY1ODQwMywiZXhwIjoxNjczNjU5MzAzfQ.rvSREmYA66aqh8MuPB0uDeu1nsIvB3duWYphV5gbFxI
INFO 2023-01-14T09:06:48.982 auth - verifyToken -  Authorized. A token verified - eyJhbGciOiJIUzI1NiIsInR5cCI6IkpXVCJ9.eyJpZCI6IkFCRUw5NDAwOTA5OSIsImlhdCI6MTY3MzY1ODQwMywiZXhwIjoxNjczNjU5MzAzfQ.rvSREmYA66aqh8MuPB0uDeu1nsIvB3duWYphV5gbFxI
INFO 2023-01-14T09:06:48.985 auth - verifyToken -  Authorized. A token verified - eyJhbGciOiJIUzI1NiIsInR5cCI6IkpXVCJ9.eyJpZCI6IkFCRUw5NDAwOTA5OSIsImlhdCI6MTY3MzY1ODQwMywiZXhwIjoxNjczNjU5MzAzfQ.rvSREmYA66aqh8MuPB0uDeu1nsIvB3duWYphV5gbFxI
INFO 2023-01-14T09:06:49.060 getAllRequestsCash Rows Length : 3
INFO 2023-01-14T09:06:49.062 getAllRequestsRevFund Rows Length : 2
INFO 2023-01-14T09:06:49.411 getAllRequestsRevFund Rows Length : 1
INFO 2023-01-14T09:06:49.438 getAllRequestsCash Rows Length : 3
INFO 2023-01-14T09:06:58.071 auth - verifyToken -  Authorized. A token verified - eyJhbGciOiJIUzI1NiIsInR5cCI6IkpXVCJ9.eyJpZCI6IkFCRUw5NDAwOTA5OSIsImlhdCI6MTY3MzY1ODQwMywiZXhwIjoxNjczNjU5MzAzfQ.rvSREmYA66aqh8MuPB0uDeu1nsIvB3duWYphV5gbFxI
INFO 2023-01-14T09:06:58.161 OpenRequestController - getCashRequestByControlNo  responseMesage - Success, responseCode - 0
INFO 2023-01-14T09:06:59.905 auth - verifyToken -  Authorized. A token verified - eyJhbGciOiJIUzI1NiIsInR5cCI6IkpXVCJ9.eyJpZCI6IkFCRUw5NDAwOTA5OSIsImlhdCI6MTY3MzY1ODQwMywiZXhwIjoxNjczNjU5MzAzfQ.rvSREmYA66aqh8MuPB0uDeu1nsIvB3duWYphV5gbFxI
INFO 2023-01-14T09:06:59.907 auth - verifyToken -  Authorized. A token verified - eyJhbGciOiJIUzI1NiIsInR5cCI6IkpXVCJ9.eyJpZCI6IkFCRUw5NDAwOTA5OSIsImlhdCI6MTY3MzY1ODQwMywiZXhwIjoxNjczNjU5MzAzfQ.rvSREmYA66aqh8MuPB0uDeu1nsIvB3duWYphV5gbFxI
INFO 2023-01-14T09:06:59.909 auth - verifyToken -  Authorized. A token verified - eyJhbGciOiJIUzI1NiIsInR5cCI6IkpXVCJ9.eyJpZCI6IkFCRUw5NDAwOTA5OSIsImlhdCI6MTY3MzY1ODQwMywiZXhwIjoxNjczNjU5MzAzfQ.rvSREmYA66aqh8MuPB0uDeu1nsIvB3duWYphV5gbFxI
INFO 2023-01-14T09:06:59.911 auth - verifyToken -  Authorized. A token verified - eyJhbGciOiJIUzI1NiIsInR5cCI6IkpXVCJ9.eyJpZCI6IkFCRUw5NDAwOTA5OSIsImlhdCI6MTY3MzY1ODQwMywiZXhwIjoxNjczNjU5MzAzfQ.rvSREmYA66aqh8MuPB0uDeu1nsIvB3duWYphV5gbFxI
INFO 2023-01-14T09:07:00.011 getAllRequestsCash Rows Length : 3
INFO 2023-01-14T09:07:00.013 getAllRequestsRevFund Rows Length : 2
INFO 2023-01-14T09:07:00.014 getAllRequestsCash Rows Length : 3
INFO 2023-01-14T09:07:00.015 getAllRequestsRevFund Rows Length : 1
INFO 2023-01-14T09:07:02.571 auth - verifyToken -  Authorized. A token verified - eyJhbGciOiJIUzI1NiIsInR5cCI6IkpXVCJ9.eyJpZCI6IkFCRUw5NDAwOTA5OSIsImlhdCI6MTY3MzY1ODQwMywiZXhwIjoxNjczNjU5MzAzfQ.rvSREmYA66aqh8MuPB0uDeu1nsIvB3duWYphV5gbFxI
INFO 2023-01-14T09:07:02.657 OpenRequestController - getCashRequestByControlNo  responseMesage - Success, responseCode - 0
INFO 2023-01-14T09:22:08.810 userLogin Successfully generated a token - eyJhbGciOiJIUzI1NiIsInR5cCI6IkpXVCJ9.eyJpZCI6IkFCRUw5NDAwOTA5OSIsImlhdCI6MTY3MzY1OTMyOCwiZXhwIjoxNjczNjYwMjI4fQ.fYVF0o9M_JJLk0Qvv5OJcoGLeANZsttO5CJ0P2wGBdI
INFO 2023-01-14T09:22:10.821 auth - verifyToken -  Authorized. A token verified - eyJhbGciOiJIUzI1NiIsInR5cCI6IkpXVCJ9.eyJpZCI6IkFCRUw5NDAwOTA5OSIsImlhdCI6MTY3MzY1OTMyOCwiZXhwIjoxNjczNjYwMjI4fQ.fYVF0o9M_JJLk0Qvv5OJcoGLeANZsttO5CJ0P2wGBdI
INFO 2023-01-14T09:22:10.824 auth - verifyToken -  Authorized. A token verified - eyJhbGciOiJIUzI1NiIsInR5cCI6IkpXVCJ9.eyJpZCI6IkFCRUw5NDAwOTA5OSIsImlhdCI6MTY3MzY1OTMyOCwiZXhwIjoxNjczNjYwMjI4fQ.fYVF0o9M_JJLk0Qvv5OJcoGLeANZsttO5CJ0P2wGBdI
INFO 2023-01-14T09:22:10.920 getAllRequestsRevFund - No data found Rows Length : 0
INFO 2023-01-14T09:22:10.921 getAllRequestsCash Rows Length : 3
INFO 2023-01-14T09:22:13.587 auth - verifyToken -  Authorized. A token verified - eyJhbGciOiJIUzI1NiIsInR5cCI6IkpXVCJ9.eyJpZCI6IkFCRUw5NDAwOTA5OSIsImlhdCI6MTY3MzY1OTMyOCwiZXhwIjoxNjczNjYwMjI4fQ.fYVF0o9M_JJLk0Qvv5OJcoGLeANZsttO5CJ0P2wGBdI
INFO 2023-01-14T09:22:13.590 auth - verifyToken -  Authorized. A token verified - eyJhbGciOiJIUzI1NiIsInR5cCI6IkpXVCJ9.eyJpZCI6IkFCRUw5NDAwOTA5OSIsImlhdCI6MTY3MzY1OTMyOCwiZXhwIjoxNjczNjYwMjI4fQ.fYVF0o9M_JJLk0Qvv5OJcoGLeANZsttO5CJ0P2wGBdI
INFO 2023-01-14T09:22:13.592 auth - verifyToken -  Authorized. A token verified - eyJhbGciOiJIUzI1NiIsInR5cCI6IkpXVCJ9.eyJpZCI6IkFCRUw5NDAwOTA5OSIsImlhdCI6MTY3MzY1OTMyOCwiZXhwIjoxNjczNjYwMjI4fQ.fYVF0o9M_JJLk0Qvv5OJcoGLeANZsttO5CJ0P2wGBdI
INFO 2023-01-14T09:22:13.593 auth - verifyToken -  Authorized. A token verified - eyJhbGciOiJIUzI1NiIsInR5cCI6IkpXVCJ9.eyJpZCI6IkFCRUw5NDAwOTA5OSIsImlhdCI6MTY3MzY1OTMyOCwiZXhwIjoxNjczNjYwMjI4fQ.fYVF0o9M_JJLk0Qvv5OJcoGLeANZsttO5CJ0P2wGBdI
INFO 2023-01-14T09:22:13.681 getAllRequestsCash Rows Length : 3
INFO 2023-01-14T09:22:13.681 getAllRequestsRevFund Rows Length : 2
INFO 2023-01-14T09:22:13.683 getAllRequestsCash Rows Length : 3
INFO 2023-01-14T09:22:13.683 getAllRequestsRevFund Rows Length : 1
INFO 2023-01-14T09:22:16.213 auth - verifyToken -  Authorized. A token verified - eyJhbGciOiJIUzI1NiIsInR5cCI6IkpXVCJ9.eyJpZCI6IkFCRUw5NDAwOTA5OSIsImlhdCI6MTY3MzY1OTMyOCwiZXhwIjoxNjczNjYwMjI4fQ.fYVF0o9M_JJLk0Qvv5OJcoGLeANZsttO5CJ0P2wGBdI
INFO 2023-01-14T09:22:16.310 OpenRequestController - getCashRequestByControlNo  responseMesage - Success, responseCode - 0
INFO 2023-01-14T09:38:18.226 userLogin Successfully generated a token - eyJhbGciOiJIUzI1NiIsInR5cCI6IkpXVCJ9.eyJpZCI6IkFCRUw5NDAwOTA5OSIsImlhdCI6MTY3MzY2MDI5OCwiZXhwIjoxNjczNjYxMTk4fQ.hSYbA7zk6CCNeJI6LH9u0tfK2alcegb9jx-aUzXSf6c
INFO 2023-01-14T09:38:20.372 auth - verifyToken -  Authorized. A token verified - eyJhbGciOiJIUzI1NiIsInR5cCI6IkpXVCJ9.eyJpZCI6IkFCRUw5NDAwOTA5OSIsImlhdCI6MTY3MzY2MDI5OCwiZXhwIjoxNjczNjYxMTk4fQ.hSYbA7zk6CCNeJI6LH9u0tfK2alcegb9jx-aUzXSf6c
INFO 2023-01-14T09:38:20.384 auth - verifyToken -  Authorized. A token verified - eyJhbGciOiJIUzI1NiIsInR5cCI6IkpXVCJ9.eyJpZCI6IkFCRUw5NDAwOTA5OSIsImlhdCI6MTY3MzY2MDI5OCwiZXhwIjoxNjczNjYxMTk4fQ.hSYbA7zk6CCNeJI6LH9u0tfK2alcegb9jx-aUzXSf6c
INFO 2023-01-14T09:38:20.464 getAllRequestsRevFund - No data found Rows Length : 0
INFO 2023-01-14T09:38:20.471 getAllRequestsCash Rows Length : 3
INFO 2023-01-14T09:38:23.454 auth - verifyToken -  Authorized. A token verified - eyJhbGciOiJIUzI1NiIsInR5cCI6IkpXVCJ9.eyJpZCI6IkFCRUw5NDAwOTA5OSIsImlhdCI6MTY3MzY2MDI5OCwiZXhwIjoxNjczNjYxMTk4fQ.hSYbA7zk6CCNeJI6LH9u0tfK2alcegb9jx-aUzXSf6c
INFO 2023-01-14T09:38:23.455 auth - verifyToken -  Authorized. A token verified - eyJhbGciOiJIUzI1NiIsInR5cCI6IkpXVCJ9.eyJpZCI6IkFCRUw5NDAwOTA5OSIsImlhdCI6MTY3MzY2MDI5OCwiZXhwIjoxNjczNjYxMTk4fQ.hSYbA7zk6CCNeJI6LH9u0tfK2alcegb9jx-aUzXSf6c
INFO 2023-01-14T09:38:23.458 auth - verifyToken -  Authorized. A token verified - eyJhbGciOiJIUzI1NiIsInR5cCI6IkpXVCJ9.eyJpZCI6IkFCRUw5NDAwOTA5OSIsImlhdCI6MTY3MzY2MDI5OCwiZXhwIjoxNjczNjYxMTk4fQ.hSYbA7zk6CCNeJI6LH9u0tfK2alcegb9jx-aUzXSf6c
INFO 2023-01-14T09:38:23.460 auth - verifyToken -  Authorized. A token verified - eyJhbGciOiJIUzI1NiIsInR5cCI6IkpXVCJ9.eyJpZCI6IkFCRUw5NDAwOTA5OSIsImlhdCI6MTY3MzY2MDI5OCwiZXhwIjoxNjczNjYxMTk4fQ.hSYbA7zk6CCNeJI6LH9u0tfK2alcegb9jx-aUzXSf6c
INFO 2023-01-14T09:38:23.539 getAllRequestsCash Rows Length : 3
INFO 2023-01-14T09:38:23.539 getAllRequestsRevFund Rows Length : 2
INFO 2023-01-14T09:38:23.544 getAllRequestsCash Rows Length : 3
INFO 2023-01-14T09:38:23.545 getAllRequestsRevFund Rows Length : 1
INFO 2023-01-14T09:38:26.376 auth - verifyToken -  Authorized. A token verified - eyJhbGciOiJIUzI1NiIsInR5cCI6IkpXVCJ9.eyJpZCI6IkFCRUw5NDAwOTA5OSIsImlhdCI6MTY3MzY2MDI5OCwiZXhwIjoxNjczNjYxMTk4fQ.hSYbA7zk6CCNeJI6LH9u0tfK2alcegb9jx-aUzXSf6c
INFO 2023-01-14T09:38:26.480 OpenRequestController - getCashRequestByControlNo  responseMesage - Success, responseCode - 0
INFO 2023-01-14T09:41:05.232 auth - verifyToken -  Authorized. A token verified - eyJhbGciOiJIUzI1NiIsInR5cCI6IkpXVCJ9.eyJpZCI6IkFCRUw5NDAwOTA5OSIsImlhdCI6MTY3MzY2MDI5OCwiZXhwIjoxNjczNjYxMTk4fQ.hSYbA7zk6CCNeJI6LH9u0tfK2alcegb9jx-aUzXSf6c
INFO 2023-01-14T09:41:05.327 OpenRequestController - getCashRequestByControlNo  responseMesage - Success, responseCode - 0
INFO 2023-01-14T09:41:07.684 auth - verifyToken -  Authorized. A token verified - eyJhbGciOiJIUzI1NiIsInR5cCI6IkpXVCJ9.eyJpZCI6IkFCRUw5NDAwOTA5OSIsImlhdCI6MTY3MzY2MDI5OCwiZXhwIjoxNjczNjYxMTk4fQ.hSYbA7zk6CCNeJI6LH9u0tfK2alcegb9jx-aUzXSf6c
INFO 2023-01-14T09:41:07.697 auth - verifyToken -  Authorized. A token verified - eyJhbGciOiJIUzI1NiIsInR5cCI6IkpXVCJ9.eyJpZCI6IkFCRUw5NDAwOTA5OSIsImlhdCI6MTY3MzY2MDI5OCwiZXhwIjoxNjczNjYxMTk4fQ.hSYbA7zk6CCNeJI6LH9u0tfK2alcegb9jx-aUzXSf6c
INFO 2023-01-14T09:41:07.772 getAllRequestsRevFund - No data found Rows Length : 0
INFO 2023-01-14T09:41:07.787 getAllRequestsCash Rows Length : 3
INFO 2023-01-14T09:41:43.448 auth - verifyToken -  Authorized. A token verified - eyJhbGciOiJIUzI1NiIsInR5cCI6IkpXVCJ9.eyJpZCI6IkFCRUw5NDAwOTA5OSIsImlhdCI6MTY3MzY2MDI5OCwiZXhwIjoxNjczNjYxMTk4fQ.hSYbA7zk6CCNeJI6LH9u0tfK2alcegb9jx-aUzXSf6c
INFO 2023-01-14T09:41:43.450 auth - verifyToken -  Authorized. A token verified - eyJhbGciOiJIUzI1NiIsInR5cCI6IkpXVCJ9.eyJpZCI6IkFCRUw5NDAwOTA5OSIsImlhdCI6MTY3MzY2MDI5OCwiZXhwIjoxNjczNjYxMTk4fQ.hSYbA7zk6CCNeJI6LH9u0tfK2alcegb9jx-aUzXSf6c
INFO 2023-01-14T09:41:43.451 auth - verifyToken -  Authorized. A token verified - eyJhbGciOiJIUzI1NiIsInR5cCI6IkpXVCJ9.eyJpZCI6IkFCRUw5NDAwOTA5OSIsImlhdCI6MTY3MzY2MDI5OCwiZXhwIjoxNjczNjYxMTk4fQ.hSYbA7zk6CCNeJI6LH9u0tfK2alcegb9jx-aUzXSf6c
INFO 2023-01-14T09:41:43.452 auth - verifyToken -  Authorized. A token verified - eyJhbGciOiJIUzI1NiIsInR5cCI6IkpXVCJ9.eyJpZCI6IkFCRUw5NDAwOTA5OSIsImlhdCI6MTY3MzY2MDI5OCwiZXhwIjoxNjczNjYxMTk4fQ.hSYbA7zk6CCNeJI6LH9u0tfK2alcegb9jx-aUzXSf6c
INFO 2023-01-14T09:41:43.534 getAllRequestsRevFund Rows Length : 2
INFO 2023-01-14T09:41:43.538 getAllRequestsCash Rows Length : 3
INFO 2023-01-14T09:41:43.539 getAllRequestsCash Rows Length : 3
INFO 2023-01-14T09:41:43.540 getAllRequestsRevFund Rows Length : 1
INFO 2023-01-14T09:41:46.057 auth - verifyToken -  Authorized. A token verified - eyJhbGciOiJIUzI1NiIsInR5cCI6IkpXVCJ9.eyJpZCI6IkFCRUw5NDAwOTA5OSIsImlhdCI6MTY3MzY2MDI5OCwiZXhwIjoxNjczNjYxMTk4fQ.hSYbA7zk6CCNeJI6LH9u0tfK2alcegb9jx-aUzXSf6c
INFO 2023-01-14T09:41:46.143 OpenRequestController - getCashRequestByControlNo  responseMesage - Success, responseCode - 0
INFO 2023-01-14T09:45:31.902 auth - verifyToken -  Authorized. A token verified - eyJhbGciOiJIUzI1NiIsInR5cCI6IkpXVCJ9.eyJpZCI6IkFCRUw5NDAwOTA5OSIsImlhdCI6MTY3MzY2MDI5OCwiZXhwIjoxNjczNjYxMTk4fQ.hSYbA7zk6CCNeJI6LH9u0tfK2alcegb9jx-aUzXSf6c
INFO 2023-01-14T09:45:31.991 OpenRequestController - getCashRequestByControlNo  responseMesage - Success, responseCode - 0
INFO 2023-01-14T09:45:33.384 auth - verifyToken -  Authorized. A token verified - eyJhbGciOiJIUzI1NiIsInR5cCI6IkpXVCJ9.eyJpZCI6IkFCRUw5NDAwOTA5OSIsImlhdCI6MTY3MzY2MDI5OCwiZXhwIjoxNjczNjYxMTk4fQ.hSYbA7zk6CCNeJI6LH9u0tfK2alcegb9jx-aUzXSf6c
INFO 2023-01-14T09:45:33.388 auth - verifyToken -  Authorized. A token verified - eyJhbGciOiJIUzI1NiIsInR5cCI6IkpXVCJ9.eyJpZCI6IkFCRUw5NDAwOTA5OSIsImlhdCI6MTY3MzY2MDI5OCwiZXhwIjoxNjczNjYxMTk4fQ.hSYbA7zk6CCNeJI6LH9u0tfK2alcegb9jx-aUzXSf6c
INFO 2023-01-14T09:45:33.472 getAllRequestsRevFund - No data found Rows Length : 0
INFO 2023-01-14T09:45:33.479 getAllRequestsCash Rows Length : 3
INFO 2023-01-14T09:45:36.127 auth - verifyToken -  Authorized. A token verified - eyJhbGciOiJIUzI1NiIsInR5cCI6IkpXVCJ9.eyJpZCI6IkFCRUw5NDAwOTA5OSIsImlhdCI6MTY3MzY2MDI5OCwiZXhwIjoxNjczNjYxMTk4fQ.hSYbA7zk6CCNeJI6LH9u0tfK2alcegb9jx-aUzXSf6c
INFO 2023-01-14T09:45:36.128 auth - verifyToken -  Authorized. A token verified - eyJhbGciOiJIUzI1NiIsInR5cCI6IkpXVCJ9.eyJpZCI6IkFCRUw5NDAwOTA5OSIsImlhdCI6MTY3MzY2MDI5OCwiZXhwIjoxNjczNjYxMTk4fQ.hSYbA7zk6CCNeJI6LH9u0tfK2alcegb9jx-aUzXSf6c
INFO 2023-01-14T09:45:36.134 auth - verifyToken -  Authorized. A token verified - eyJhbGciOiJIUzI1NiIsInR5cCI6IkpXVCJ9.eyJpZCI6IkFCRUw5NDAwOTA5OSIsImlhdCI6MTY3MzY2MDI5OCwiZXhwIjoxNjczNjYxMTk4fQ.hSYbA7zk6CCNeJI6LH9u0tfK2alcegb9jx-aUzXSf6c
INFO 2023-01-14T09:45:36.136 auth - verifyToken -  Authorized. A token verified - eyJhbGciOiJIUzI1NiIsInR5cCI6IkpXVCJ9.eyJpZCI6IkFCRUw5NDAwOTA5OSIsImlhdCI6MTY3MzY2MDI5OCwiZXhwIjoxNjczNjYxMTk4fQ.hSYbA7zk6CCNeJI6LH9u0tfK2alcegb9jx-aUzXSf6c
INFO 2023-01-14T09:45:36.212 getAllRequestsCash Rows Length : 3
INFO 2023-01-14T09:45:36.213 getAllRequestsRevFund Rows Length : 2
INFO 2023-01-14T09:45:36.219 getAllRequestsCash Rows Length : 3
INFO 2023-01-14T09:45:36.222 getAllRequestsRevFund Rows Length : 1
INFO 2023-01-14T09:45:42.767 auth - verifyToken -  Authorized. A token verified - eyJhbGciOiJIUzI1NiIsInR5cCI6IkpXVCJ9.eyJpZCI6IkFCRUw5NDAwOTA5OSIsImlhdCI6MTY3MzY2MDI5OCwiZXhwIjoxNjczNjYxMTk4fQ.hSYbA7zk6CCNeJI6LH9u0tfK2alcegb9jx-aUzXSf6c
INFO 2023-01-14T09:45:42.864 OpenRequestController - getCashRequestByControlNo  responseMesage - Success, responseCode - 0
INFO 2023-01-14T09:49:38.947 auth - verifyToken -  Authorized. A token verified - eyJhbGciOiJIUzI1NiIsInR5cCI6IkpXVCJ9.eyJpZCI6IkFCRUw5NDAwOTA5OSIsImlhdCI6MTY3MzY2MDI5OCwiZXhwIjoxNjczNjYxMTk4fQ.hSYbA7zk6CCNeJI6LH9u0tfK2alcegb9jx-aUzXSf6c
INFO 2023-01-14T09:49:38.950 auth - verifyToken -  Authorized. A token verified - eyJhbGciOiJIUzI1NiIsInR5cCI6IkpXVCJ9.eyJpZCI6IkFCRUw5NDAwOTA5OSIsImlhdCI6MTY3MzY2MDI5OCwiZXhwIjoxNjczNjYxMTk4fQ.hSYbA7zk6CCNeJI6LH9u0tfK2alcegb9jx-aUzXSf6c
INFO 2023-01-14T09:49:38.952 auth - verifyToken -  Authorized. A token verified - eyJhbGciOiJIUzI1NiIsInR5cCI6IkpXVCJ9.eyJpZCI6IkFCRUw5NDAwOTA5OSIsImlhdCI6MTY3MzY2MDI5OCwiZXhwIjoxNjczNjYxMTk4fQ.hSYbA7zk6CCNeJI6LH9u0tfK2alcegb9jx-aUzXSf6c
INFO 2023-01-14T09:49:38.957 auth - verifyToken -  Authorized. A token verified - eyJhbGciOiJIUzI1NiIsInR5cCI6IkpXVCJ9.eyJpZCI6IkFCRUw5NDAwOTA5OSIsImlhdCI6MTY3MzY2MDI5OCwiZXhwIjoxNjczNjYxMTk4fQ.hSYbA7zk6CCNeJI6LH9u0tfK2alcegb9jx-aUzXSf6c
INFO 2023-01-14T09:49:39.033 getAllRequestsCash Rows Length : 3
INFO 2023-01-14T09:49:39.037 getAllRequestsRevFund Rows Length : 2
INFO 2023-01-14T09:49:39.038 getAllRequestsCash Rows Length : 3
INFO 2023-01-14T09:49:39.044 getAllRequestsRevFund Rows Length : 1
INFO 2023-01-14T09:49:44.383 auth - verifyToken -  Authorized. A token verified - eyJhbGciOiJIUzI1NiIsInR5cCI6IkpXVCJ9.eyJpZCI6IkFCRUw5NDAwOTA5OSIsImlhdCI6MTY3MzY2MDI5OCwiZXhwIjoxNjczNjYxMTk4fQ.hSYbA7zk6CCNeJI6LH9u0tfK2alcegb9jx-aUzXSf6c
INFO 2023-01-14T09:49:44.469 OpenRequestController - getCashRequestByControlNo  responseMesage - Success, responseCode - 0
FATAL 2023-01-14T10:03:57.911 auth - verifyToken -  Unauthorized. Invalid Token - eyJhbGciOiJIUzI1NiIsInR5cCI6IkpXVCJ9.eyJpZCI6IkFCRUw5NDAwOTA5OSIsImlhdCI6MTY3MzY2MDI5OCwiZXhwIjoxNjczNjYxMTk4fQ.hSYbA7zk6CCNeJI6LH9u0tfK2alcegb9jx-aUzXSf6c
INFO 2023-01-14T10:04:27.691 userLogin Successfully generated a token - eyJhbGciOiJIUzI1NiIsInR5cCI6IkpXVCJ9.eyJpZCI6IkFCRUw5NDAwOTA5OSIsImlhdCI6MTY3MzY2MTg2NywiZXhwIjoxNjczNjYyNzY3fQ.9STRukYRGWYvgNRDY3Dy-ylhHEEDhY-i1K1jf85cM0g
INFO 2023-01-14T10:04:29.818 auth - verifyToken -  Authorized. A token verified - eyJhbGciOiJIUzI1NiIsInR5cCI6IkpXVCJ9.eyJpZCI6IkFCRUw5NDAwOTA5OSIsImlhdCI6MTY3MzY2MTg2NywiZXhwIjoxNjczNjYyNzY3fQ.9STRukYRGWYvgNRDY3Dy-ylhHEEDhY-i1K1jf85cM0g
INFO 2023-01-14T10:04:29.823 auth - verifyToken -  Authorized. A token verified - eyJhbGciOiJIUzI1NiIsInR5cCI6IkpXVCJ9.eyJpZCI6IkFCRUw5NDAwOTA5OSIsImlhdCI6MTY3MzY2MTg2NywiZXhwIjoxNjczNjYyNzY3fQ.9STRukYRGWYvgNRDY3Dy-ylhHEEDhY-i1K1jf85cM0g
INFO 2023-01-14T10:04:29.903 getAllRequestsRevFund - No data found Rows Length : 0
INFO 2023-01-14T10:04:29.908 getAllRequestsCash Rows Length : 3
INFO 2023-01-14T10:04:33.148 auth - verifyToken -  Authorized. A token verified - eyJhbGciOiJIUzI1NiIsInR5cCI6IkpXVCJ9.eyJpZCI6IkFCRUw5NDAwOTA5OSIsImlhdCI6MTY3MzY2MTg2NywiZXhwIjoxNjczNjYyNzY3fQ.9STRukYRGWYvgNRDY3Dy-ylhHEEDhY-i1K1jf85cM0g
INFO 2023-01-14T10:04:33.151 auth - verifyToken -  Authorized. A token verified - eyJhbGciOiJIUzI1NiIsInR5cCI6IkpXVCJ9.eyJpZCI6IkFCRUw5NDAwOTA5OSIsImlhdCI6MTY3MzY2MTg2NywiZXhwIjoxNjczNjYyNzY3fQ.9STRukYRGWYvgNRDY3Dy-ylhHEEDhY-i1K1jf85cM0g
INFO 2023-01-14T10:04:33.153 auth - verifyToken -  Authorized. A token verified - eyJhbGciOiJIUzI1NiIsInR5cCI6IkpXVCJ9.eyJpZCI6IkFCRUw5NDAwOTA5OSIsImlhdCI6MTY3MzY2MTg2NywiZXhwIjoxNjczNjYyNzY3fQ.9STRukYRGWYvgNRDY3Dy-ylhHEEDhY-i1K1jf85cM0g
INFO 2023-01-14T10:04:33.155 auth - verifyToken -  Authorized. A token verified - eyJhbGciOiJIUzI1NiIsInR5cCI6IkpXVCJ9.eyJpZCI6IkFCRUw5NDAwOTA5OSIsImlhdCI6MTY3MzY2MTg2NywiZXhwIjoxNjczNjYyNzY3fQ.9STRukYRGWYvgNRDY3Dy-ylhHEEDhY-i1K1jf85cM0g
INFO 2023-01-14T10:04:33.237 getAllRequestsCash Rows Length : 3
INFO 2023-01-14T10:04:33.238 getAllRequestsRevFund Rows Length : 2
INFO 2023-01-14T10:04:33.239 getAllRequestsCash Rows Length : 3
INFO 2023-01-14T10:04:33.245 getAllRequestsRevFund Rows Length : 1
INFO 2023-01-14T10:04:36.408 auth - verifyToken -  Authorized. A token verified - eyJhbGciOiJIUzI1NiIsInR5cCI6IkpXVCJ9.eyJpZCI6IkFCRUw5NDAwOTA5OSIsImlhdCI6MTY3MzY2MTg2NywiZXhwIjoxNjczNjYyNzY3fQ.9STRukYRGWYvgNRDY3Dy-ylhHEEDhY-i1K1jf85cM0g
INFO 2023-01-14T10:04:36.496 OpenRequestController - getCashRequestByControlNo  responseMesage - Success, responseCode - 0
INFO 2023-01-14T10:15:31.079 auth - verifyToken -  Authorized. A token verified - eyJhbGciOiJIUzI1NiIsInR5cCI6IkpXVCJ9.eyJpZCI6IkFCRUw5NDAwOTA5OSIsImlhdCI6MTY3MzY2MTg2NywiZXhwIjoxNjczNjYyNzY3fQ.9STRukYRGWYvgNRDY3Dy-ylhHEEDhY-i1K1jf85cM0g
INFO 2023-01-14T10:15:31.081 auth - verifyToken -  Authorized. A token verified - eyJhbGciOiJIUzI1NiIsInR5cCI6IkpXVCJ9.eyJpZCI6IkFCRUw5NDAwOTA5OSIsImlhdCI6MTY3MzY2MTg2NywiZXhwIjoxNjczNjYyNzY3fQ.9STRukYRGWYvgNRDY3Dy-ylhHEEDhY-i1K1jf85cM0g
INFO 2023-01-14T10:15:31.082 auth - verifyToken -  Authorized. A token verified - eyJhbGciOiJIUzI1NiIsInR5cCI6IkpXVCJ9.eyJpZCI6IkFCRUw5NDAwOTA5OSIsImlhdCI6MTY3MzY2MTg2NywiZXhwIjoxNjczNjYyNzY3fQ.9STRukYRGWYvgNRDY3Dy-ylhHEEDhY-i1K1jf85cM0g
INFO 2023-01-14T10:15:31.086 auth - verifyToken -  Authorized. A token verified - eyJhbGciOiJIUzI1NiIsInR5cCI6IkpXVCJ9.eyJpZCI6IkFCRUw5NDAwOTA5OSIsImlhdCI6MTY3MzY2MTg2NywiZXhwIjoxNjczNjYyNzY3fQ.9STRukYRGWYvgNRDY3Dy-ylhHEEDhY-i1K1jf85cM0g
INFO 2023-01-14T10:15:31.164 getAllRequestsCash Rows Length : 3
INFO 2023-01-14T10:15:31.165 getAllRequestsCash Rows Length : 3
INFO 2023-01-14T10:15:31.166 getAllRequestsRevFund Rows Length : 2
INFO 2023-01-14T10:15:31.172 getAllRequestsRevFund Rows Length : 1
INFO 2023-01-14T10:15:33.401 auth - verifyToken -  Authorized. A token verified - eyJhbGciOiJIUzI1NiIsInR5cCI6IkpXVCJ9.eyJpZCI6IkFCRUw5NDAwOTA5OSIsImlhdCI6MTY3MzY2MTg2NywiZXhwIjoxNjczNjYyNzY3fQ.9STRukYRGWYvgNRDY3Dy-ylhHEEDhY-i1K1jf85cM0g
INFO 2023-01-14T10:15:33.486 OpenRequestController - getCashRequestByControlNo  responseMesage - Success, responseCode - 0
INFO 2023-01-14T10:16:19.396 auth - verifyToken -  Authorized. A token verified - eyJhbGciOiJIUzI1NiIsInR5cCI6IkpXVCJ9.eyJpZCI6IkFCRUw5NDAwOTA5OSIsImlhdCI6MTY3MzY2MTg2NywiZXhwIjoxNjczNjYyNzY3fQ.9STRukYRGWYvgNRDY3Dy-ylhHEEDhY-i1K1jf85cM0g
INFO 2023-01-14T10:16:19.398 auth - verifyToken -  Authorized. A token verified - eyJhbGciOiJIUzI1NiIsInR5cCI6IkpXVCJ9.eyJpZCI6IkFCRUw5NDAwOTA5OSIsImlhdCI6MTY3MzY2MTg2NywiZXhwIjoxNjczNjYyNzY3fQ.9STRukYRGWYvgNRDY3Dy-ylhHEEDhY-i1K1jf85cM0g
INFO 2023-01-14T10:16:19.399 auth - verifyToken -  Authorized. A token verified - eyJhbGciOiJIUzI1NiIsInR5cCI6IkpXVCJ9.eyJpZCI6IkFCRUw5NDAwOTA5OSIsImlhdCI6MTY3MzY2MTg2NywiZXhwIjoxNjczNjYyNzY3fQ.9STRukYRGWYvgNRDY3Dy-ylhHEEDhY-i1K1jf85cM0g
INFO 2023-01-14T10:16:19.400 auth - verifyToken -  Authorized. A token verified - eyJhbGciOiJIUzI1NiIsInR5cCI6IkpXVCJ9.eyJpZCI6IkFCRUw5NDAwOTA5OSIsImlhdCI6MTY3MzY2MTg2NywiZXhwIjoxNjczNjYyNzY3fQ.9STRukYRGWYvgNRDY3Dy-ylhHEEDhY-i1K1jf85cM0g
INFO 2023-01-14T10:16:19.490 getAllRequestsCash Rows Length : 3
INFO 2023-01-14T10:16:19.491 getAllRequestsRevFund Rows Length : 2
INFO 2023-01-14T10:16:19.492 getAllRequestsCash Rows Length : 3
INFO 2023-01-14T10:16:19.493 getAllRequestsRevFund Rows Length : 1
INFO 2023-01-14T10:16:22.047 auth - verifyToken -  Authorized. A token verified - eyJhbGciOiJIUzI1NiIsInR5cCI6IkpXVCJ9.eyJpZCI6IkFCRUw5NDAwOTA5OSIsImlhdCI6MTY3MzY2MTg2NywiZXhwIjoxNjczNjYyNzY3fQ.9STRukYRGWYvgNRDY3Dy-ylhHEEDhY-i1K1jf85cM0g
INFO 2023-01-14T10:16:22.132 OpenRequestController - getCashRequestByControlNo  responseMesage - Success, responseCode - 0
INFO 2023-01-14T10:17:09.417 auth - verifyToken -  Authorized. A token verified - eyJhbGciOiJIUzI1NiIsInR5cCI6IkpXVCJ9.eyJpZCI6IkFCRUw5NDAwOTA5OSIsImlhdCI6MTY3MzY2MTg2NywiZXhwIjoxNjczNjYyNzY3fQ.9STRukYRGWYvgNRDY3Dy-ylhHEEDhY-i1K1jf85cM0g
INFO 2023-01-14T10:17:09.503 OpenRequestController - getCashRequestByControlNo  responseMesage - Success, responseCode - 0
INFO 2023-01-14T10:18:25.162 auth - verifyToken -  Authorized. A token verified - eyJhbGciOiJIUzI1NiIsInR5cCI6IkpXVCJ9.eyJpZCI6IkFCRUw5NDAwOTA5OSIsImlhdCI6MTY3MzY2MTg2NywiZXhwIjoxNjczNjYyNzY3fQ.9STRukYRGWYvgNRDY3Dy-ylhHEEDhY-i1K1jf85cM0g
INFO 2023-01-14T10:18:25.262 auth - verifyToken -  Authorized. A token verified - eyJhbGciOiJIUzI1NiIsInR5cCI6IkpXVCJ9.eyJpZCI6IkFCRUw5NDAwOTA5OSIsImlhdCI6MTY3MzY2MTg2NywiZXhwIjoxNjczNjYyNzY3fQ.9STRukYRGWYvgNRDY3Dy-ylhHEEDhY-i1K1jf85cM0g
INFO 2023-01-14T10:18:25.295 OpenRequestController - getCashRequestByControlNo  responseMesage - Success, responseCode - 0
INFO 2023-01-14T10:18:25.377 OpenRequestController - getCashRequestByControlNo  responseMesage - Success, responseCode - 0
INFO 2023-01-14T10:18:37.863 auth - verifyToken -  Authorized. A token verified - eyJhbGciOiJIUzI1NiIsInR5cCI6IkpXVCJ9.eyJpZCI6IkFCRUw5NDAwOTA5OSIsImlhdCI6MTY3MzY2MTg2NywiZXhwIjoxNjczNjYyNzY3fQ.9STRukYRGWYvgNRDY3Dy-ylhHEEDhY-i1K1jf85cM0g
INFO 2023-01-14T10:18:37.950 OpenRequestController - getCashRequestByControlNo  responseMesage - Success, responseCode - 0
FATAL 2023-01-14T10:23:06.744 auth - verifyToken -  Unauthorized. Invalid Token - eyJhbGciOiJIUzI1NiIsInR5cCI6IkpXVCJ9.eyJpZCI6IkFCRUw5NDAwOTA5OSIsImlhdCI6MTY3MzY2MTg2NywiZXhwIjoxNjczNjYyNzY3fQ.9STRukYRGWYvgNRDY3Dy-ylhHEEDhY-i1K1jf85cM0g
INFO 2023-01-14T10:23:18.900 userLogin Successfully generated a token - eyJhbGciOiJIUzI1NiIsInR5cCI6IkpXVCJ9.eyJpZCI6IkFCRUw5NDAwOTA5OSIsImlhdCI6MTY3MzY2Mjk5OCwiZXhwIjoxNjczNjYzODk4fQ.kOySStZWjBwOGLxZZLA4Nu2u9yIj2ERFrMbiojCW3Yw
INFO 2023-01-14T10:23:21.006 auth - verifyToken -  Authorized. A token verified - eyJhbGciOiJIUzI1NiIsInR5cCI6IkpXVCJ9.eyJpZCI6IkFCRUw5NDAwOTA5OSIsImlhdCI6MTY3MzY2Mjk5OCwiZXhwIjoxNjczNjYzODk4fQ.kOySStZWjBwOGLxZZLA4Nu2u9yIj2ERFrMbiojCW3Yw
INFO 2023-01-14T10:23:21.011 auth - verifyToken -  Authorized. A token verified - eyJhbGciOiJIUzI1NiIsInR5cCI6IkpXVCJ9.eyJpZCI6IkFCRUw5NDAwOTA5OSIsImlhdCI6MTY3MzY2Mjk5OCwiZXhwIjoxNjczNjYzODk4fQ.kOySStZWjBwOGLxZZLA4Nu2u9yIj2ERFrMbiojCW3Yw
INFO 2023-01-14T10:23:21.091 getAllRequestsRevFund - No data found Rows Length : 0
INFO 2023-01-14T10:23:21.095 getAllRequestsCash Rows Length : 3
INFO 2023-01-14T10:23:23.626 auth - verifyToken -  Authorized. A token verified - eyJhbGciOiJIUzI1NiIsInR5cCI6IkpXVCJ9.eyJpZCI6IkFCRUw5NDAwOTA5OSIsImlhdCI6MTY3MzY2Mjk5OCwiZXhwIjoxNjczNjYzODk4fQ.kOySStZWjBwOGLxZZLA4Nu2u9yIj2ERFrMbiojCW3Yw
INFO 2023-01-14T10:23:23.629 auth - verifyToken -  Authorized. A token verified - eyJhbGciOiJIUzI1NiIsInR5cCI6IkpXVCJ9.eyJpZCI6IkFCRUw5NDAwOTA5OSIsImlhdCI6MTY3MzY2Mjk5OCwiZXhwIjoxNjczNjYzODk4fQ.kOySStZWjBwOGLxZZLA4Nu2u9yIj2ERFrMbiojCW3Yw
INFO 2023-01-14T10:23:23.631 auth - verifyToken -  Authorized. A token verified - eyJhbGciOiJIUzI1NiIsInR5cCI6IkpXVCJ9.eyJpZCI6IkFCRUw5NDAwOTA5OSIsImlhdCI6MTY3MzY2Mjk5OCwiZXhwIjoxNjczNjYzODk4fQ.kOySStZWjBwOGLxZZLA4Nu2u9yIj2ERFrMbiojCW3Yw
INFO 2023-01-14T10:23:23.635 auth - verifyToken -  Authorized. A token verified - eyJhbGciOiJIUzI1NiIsInR5cCI6IkpXVCJ9.eyJpZCI6IkFCRUw5NDAwOTA5OSIsImlhdCI6MTY3MzY2Mjk5OCwiZXhwIjoxNjczNjYzODk4fQ.kOySStZWjBwOGLxZZLA4Nu2u9yIj2ERFrMbiojCW3Yw
INFO 2023-01-14T10:23:23.710 getAllRequestsCash Rows Length : 3
INFO 2023-01-14T10:23:23.714 getAllRequestsRevFund Rows Length : 2
INFO 2023-01-14T10:23:23.715 getAllRequestsCash Rows Length : 3
INFO 2023-01-14T10:23:23.726 getAllRequestsRevFund Rows Length : 1
INFO 2023-01-14T10:23:26.311 auth - verifyToken -  Authorized. A token verified - eyJhbGciOiJIUzI1NiIsInR5cCI6IkpXVCJ9.eyJpZCI6IkFCRUw5NDAwOTA5OSIsImlhdCI6MTY3MzY2Mjk5OCwiZXhwIjoxNjczNjYzODk4fQ.kOySStZWjBwOGLxZZLA4Nu2u9yIj2ERFrMbiojCW3Yw
INFO 2023-01-14T10:23:26.396 OpenRequestController - getCashRequestByControlNo  responseMesage - Success, responseCode - 0
INFO 2023-01-14T10:25:53.748 auth - verifyToken -  Authorized. A token verified - eyJhbGciOiJIUzI1NiIsInR5cCI6IkpXVCJ9.eyJpZCI6IkFCRUw5NDAwOTA5OSIsImlhdCI6MTY3MzY2Mjk5OCwiZXhwIjoxNjczNjYzODk4fQ.kOySStZWjBwOGLxZZLA4Nu2u9yIj2ERFrMbiojCW3Yw
INFO 2023-01-14T10:25:53.757 auth - verifyToken -  Authorized. A token verified - eyJhbGciOiJIUzI1NiIsInR5cCI6IkpXVCJ9.eyJpZCI6IkFCRUw5NDAwOTA5OSIsImlhdCI6MTY3MzY2Mjk5OCwiZXhwIjoxNjczNjYzODk4fQ.kOySStZWjBwOGLxZZLA4Nu2u9yIj2ERFrMbiojCW3Yw
INFO 2023-01-14T10:25:53.761 auth - verifyToken -  Authorized. A token verified - eyJhbGciOiJIUzI1NiIsInR5cCI6IkpXVCJ9.eyJpZCI6IkFCRUw5NDAwOTA5OSIsImlhdCI6MTY3MzY2Mjk5OCwiZXhwIjoxNjczNjYzODk4fQ.kOySStZWjBwOGLxZZLA4Nu2u9yIj2ERFrMbiojCW3Yw
INFO 2023-01-14T10:25:53.762 auth - verifyToken -  Authorized. A token verified - eyJhbGciOiJIUzI1NiIsInR5cCI6IkpXVCJ9.eyJpZCI6IkFCRUw5NDAwOTA5OSIsImlhdCI6MTY3MzY2Mjk5OCwiZXhwIjoxNjczNjYzODk4fQ.kOySStZWjBwOGLxZZLA4Nu2u9yIj2ERFrMbiojCW3Yw
INFO 2023-01-14T10:25:53.841 getAllRequestsCash Rows Length : 3
INFO 2023-01-14T10:25:53.842 getAllRequestsRevFund Rows Length : 2
INFO 2023-01-14T10:25:53.845 getAllRequestsCash Rows Length : 3
INFO 2023-01-14T10:25:53.846 getAllRequestsRevFund Rows Length : 1
INFO 2023-01-14T10:25:56.764 auth - verifyToken -  Authorized. A token verified - eyJhbGciOiJIUzI1NiIsInR5cCI6IkpXVCJ9.eyJpZCI6IkFCRUw5NDAwOTA5OSIsImlhdCI6MTY3MzY2Mjk5OCwiZXhwIjoxNjczNjYzODk4fQ.kOySStZWjBwOGLxZZLA4Nu2u9yIj2ERFrMbiojCW3Yw
INFO 2023-01-14T10:25:56.859 OpenRequestController - getCashRequestByControlNo  responseMesage - Success, responseCode - 0
INFO 2023-01-14T10:27:14.673 auth - verifyToken -  Authorized. A token verified - eyJhbGciOiJIUzI1NiIsInR5cCI6IkpXVCJ9.eyJpZCI6IkFCRUw5NDAwOTA5OSIsImlhdCI6MTY3MzY2Mjk5OCwiZXhwIjoxNjczNjYzODk4fQ.kOySStZWjBwOGLxZZLA4Nu2u9yIj2ERFrMbiojCW3Yw
INFO 2023-01-14T10:27:14.675 auth - verifyToken -  Authorized. A token verified - eyJhbGciOiJIUzI1NiIsInR5cCI6IkpXVCJ9.eyJpZCI6IkFCRUw5NDAwOTA5OSIsImlhdCI6MTY3MzY2Mjk5OCwiZXhwIjoxNjczNjYzODk4fQ.kOySStZWjBwOGLxZZLA4Nu2u9yIj2ERFrMbiojCW3Yw
INFO 2023-01-14T10:27:14.677 auth - verifyToken -  Authorized. A token verified - eyJhbGciOiJIUzI1NiIsInR5cCI6IkpXVCJ9.eyJpZCI6IkFCRUw5NDAwOTA5OSIsImlhdCI6MTY3MzY2Mjk5OCwiZXhwIjoxNjczNjYzODk4fQ.kOySStZWjBwOGLxZZLA4Nu2u9yIj2ERFrMbiojCW3Yw
INFO 2023-01-14T10:27:14.678 auth - verifyToken -  Authorized. A token verified - eyJhbGciOiJIUzI1NiIsInR5cCI6IkpXVCJ9.eyJpZCI6IkFCRUw5NDAwOTA5OSIsImlhdCI6MTY3MzY2Mjk5OCwiZXhwIjoxNjczNjYzODk4fQ.kOySStZWjBwOGLxZZLA4Nu2u9yIj2ERFrMbiojCW3Yw
INFO 2023-01-14T10:27:14.761 getAllRequestsCash Rows Length : 3
INFO 2023-01-14T10:27:14.762 getAllRequestsCash Rows Length : 3
INFO 2023-01-14T10:27:14.768 getAllRequestsRevFund Rows Length : 1
INFO 2023-01-14T10:27:14.769 getAllRequestsRevFund Rows Length : 2
INFO 2023-01-14T10:27:16.932 auth - verifyToken -  Authorized. A token verified - eyJhbGciOiJIUzI1NiIsInR5cCI6IkpXVCJ9.eyJpZCI6IkFCRUw5NDAwOTA5OSIsImlhdCI6MTY3MzY2Mjk5OCwiZXhwIjoxNjczNjYzODk4fQ.kOySStZWjBwOGLxZZLA4Nu2u9yIj2ERFrMbiojCW3Yw
INFO 2023-01-14T10:27:17.018 OpenRequestController - getCashRequestByControlNo  responseMesage - Success, responseCode - 0
INFO 2023-01-14T10:46:44.310 userLogin Successfully generated a token - eyJhbGciOiJIUzI1NiIsInR5cCI6IkpXVCJ9.eyJpZCI6IkFCRUw5NDAwOTA5OSIsImlhdCI6MTY3MzY2NDQwNCwiZXhwIjoxNjczNjY1MzA0fQ.aAyeOS7eu4GB5ajOzdvvaHxfkWlUWMPTU0ZtQcQxRj0
INFO 2023-01-14T10:46:47.106 auth - verifyToken -  Authorized. A token verified - eyJhbGciOiJIUzI1NiIsInR5cCI6IkpXVCJ9.eyJpZCI6IkFCRUw5NDAwOTA5OSIsImlhdCI6MTY3MzY2NDQwNCwiZXhwIjoxNjczNjY1MzA0fQ.aAyeOS7eu4GB5ajOzdvvaHxfkWlUWMPTU0ZtQcQxRj0
INFO 2023-01-14T10:46:47.111 auth - verifyToken -  Authorized. A token verified - eyJhbGciOiJIUzI1NiIsInR5cCI6IkpXVCJ9.eyJpZCI6IkFCRUw5NDAwOTA5OSIsImlhdCI6MTY3MzY2NDQwNCwiZXhwIjoxNjczNjY1MzA0fQ.aAyeOS7eu4GB5ajOzdvvaHxfkWlUWMPTU0ZtQcQxRj0
INFO 2023-01-14T10:46:47.194 getAllRequestsRevFund - No data found Rows Length : 0
INFO 2023-01-14T10:46:47.200 getAllRequestsCash Rows Length : 3
INFO 2023-01-14T10:46:49.804 auth - verifyToken -  Authorized. A token verified - eyJhbGciOiJIUzI1NiIsInR5cCI6IkpXVCJ9.eyJpZCI6IkFCRUw5NDAwOTA5OSIsImlhdCI6MTY3MzY2NDQwNCwiZXhwIjoxNjczNjY1MzA0fQ.aAyeOS7eu4GB5ajOzdvvaHxfkWlUWMPTU0ZtQcQxRj0
INFO 2023-01-14T10:46:49.807 auth - verifyToken -  Authorized. A token verified - eyJhbGciOiJIUzI1NiIsInR5cCI6IkpXVCJ9.eyJpZCI6IkFCRUw5NDAwOTA5OSIsImlhdCI6MTY3MzY2NDQwNCwiZXhwIjoxNjczNjY1MzA0fQ.aAyeOS7eu4GB5ajOzdvvaHxfkWlUWMPTU0ZtQcQxRj0
INFO 2023-01-14T10:46:49.810 auth - verifyToken -  Authorized. A token verified - eyJhbGciOiJIUzI1NiIsInR5cCI6IkpXVCJ9.eyJpZCI6IkFCRUw5NDAwOTA5OSIsImlhdCI6MTY3MzY2NDQwNCwiZXhwIjoxNjczNjY1MzA0fQ.aAyeOS7eu4GB5ajOzdvvaHxfkWlUWMPTU0ZtQcQxRj0
INFO 2023-01-14T10:46:49.814 auth - verifyToken -  Authorized. A token verified - eyJhbGciOiJIUzI1NiIsInR5cCI6IkpXVCJ9.eyJpZCI6IkFCRUw5NDAwOTA5OSIsImlhdCI6MTY3MzY2NDQwNCwiZXhwIjoxNjczNjY1MzA0fQ.aAyeOS7eu4GB5ajOzdvvaHxfkWlUWMPTU0ZtQcQxRj0
INFO 2023-01-14T10:46:49.890 getAllRequestsCash Rows Length : 3
INFO 2023-01-14T10:46:49.891 getAllRequestsRevFund Rows Length : 2
INFO 2023-01-14T10:46:49.895 getAllRequestsCash Rows Length : 3
INFO 2023-01-14T10:46:49.899 getAllRequestsRevFund Rows Length : 1
INFO 2023-01-14T10:46:52.943 auth - verifyToken -  Authorized. A token verified - eyJhbGciOiJIUzI1NiIsInR5cCI6IkpXVCJ9.eyJpZCI6IkFCRUw5NDAwOTA5OSIsImlhdCI6MTY3MzY2NDQwNCwiZXhwIjoxNjczNjY1MzA0fQ.aAyeOS7eu4GB5ajOzdvvaHxfkWlUWMPTU0ZtQcQxRj0
INFO 2023-01-14T10:46:53.031 OpenRequestController - getCashRequestByControlNo  responseMesage - Success, responseCode - 0
INFO 2023-01-14T10:47:32.178 auth - verifyToken -  Authorized. A token verified - eyJhbGciOiJIUzI1NiIsInR5cCI6IkpXVCJ9.eyJpZCI6IkFCRUw5NDAwOTA5OSIsImlhdCI6MTY3MzY2NDQwNCwiZXhwIjoxNjczNjY1MzA0fQ.aAyeOS7eu4GB5ajOzdvvaHxfkWlUWMPTU0ZtQcQxRj0
INFO 2023-01-14T10:47:32.263 OpenRequestController - getCashRequestByControlNo  responseMesage - Success, responseCode - 0
FATAL 2023-01-14T11:38:41.913 auth - verifyToken -  Unauthorized. Invalid Token - eyJhbGciOiJIUzI1NiIsInR5cCI6IkpXVCJ9.eyJpZCI6IkFCRUw5NDAwOTA5OSIsImlhdCI6MTY3MzY2NDQwNCwiZXhwIjoxNjczNjY1MzA0fQ.aAyeOS7eu4GB5ajOzdvvaHxfkWlUWMPTU0ZtQcQxRj0
INFO 2023-01-14T11:38:57.362 userLogin Successfully generated a token - eyJhbGciOiJIUzI1NiIsInR5cCI6IkpXVCJ9.eyJpZCI6IkFCRUw5NDAwOTA5OSIsImlhdCI6MTY3MzY2NzUzNywiZXhwIjoxNjczNjY4NDM3fQ.S_j9oytfzyCftumidNjUqMbRdyo1G2t39aIMPcCdQBI
INFO 2023-01-14T11:39:00.093 auth - verifyToken -  Authorized. A token verified - eyJhbGciOiJIUzI1NiIsInR5cCI6IkpXVCJ9.eyJpZCI6IkFCRUw5NDAwOTA5OSIsImlhdCI6MTY3MzY2NzUzNywiZXhwIjoxNjczNjY4NDM3fQ.S_j9oytfzyCftumidNjUqMbRdyo1G2t39aIMPcCdQBI
INFO 2023-01-14T11:39:00.100 auth - verifyToken -  Authorized. A token verified - eyJhbGciOiJIUzI1NiIsInR5cCI6IkpXVCJ9.eyJpZCI6IkFCRUw5NDAwOTA5OSIsImlhdCI6MTY3MzY2NzUzNywiZXhwIjoxNjczNjY4NDM3fQ.S_j9oytfzyCftumidNjUqMbRdyo1G2t39aIMPcCdQBI
INFO 2023-01-14T11:39:00.179 getAllRequestsRevFund - No data found Rows Length : 0
INFO 2023-01-14T11:39:00.183 getAllRequestsCash Rows Length : 3
INFO 2023-01-14T11:39:03.878 auth - verifyToken -  Authorized. A token verified - eyJhbGciOiJIUzI1NiIsInR5cCI6IkpXVCJ9.eyJpZCI6IkFCRUw5NDAwOTA5OSIsImlhdCI6MTY3MzY2NzUzNywiZXhwIjoxNjczNjY4NDM3fQ.S_j9oytfzyCftumidNjUqMbRdyo1G2t39aIMPcCdQBI
INFO 2023-01-14T11:39:03.879 auth - verifyToken -  Authorized. A token verified - eyJhbGciOiJIUzI1NiIsInR5cCI6IkpXVCJ9.eyJpZCI6IkFCRUw5NDAwOTA5OSIsImlhdCI6MTY3MzY2NzUzNywiZXhwIjoxNjczNjY4NDM3fQ.S_j9oytfzyCftumidNjUqMbRdyo1G2t39aIMPcCdQBI
INFO 2023-01-14T11:39:03.883 auth - verifyToken -  Authorized. A token verified - eyJhbGciOiJIUzI1NiIsInR5cCI6IkpXVCJ9.eyJpZCI6IkFCRUw5NDAwOTA5OSIsImlhdCI6MTY3MzY2NzUzNywiZXhwIjoxNjczNjY4NDM3fQ.S_j9oytfzyCftumidNjUqMbRdyo1G2t39aIMPcCdQBI
INFO 2023-01-14T11:39:03.885 auth - verifyToken -  Authorized. A token verified - eyJhbGciOiJIUzI1NiIsInR5cCI6IkpXVCJ9.eyJpZCI6IkFCRUw5NDAwOTA5OSIsImlhdCI6MTY3MzY2NzUzNywiZXhwIjoxNjczNjY4NDM3fQ.S_j9oytfzyCftumidNjUqMbRdyo1G2t39aIMPcCdQBI
INFO 2023-01-14T11:39:03.963 getAllRequestsCash Rows Length : 3
INFO 2023-01-14T11:39:03.964 getAllRequestsRevFund Rows Length : 2
INFO 2023-01-14T11:39:03.970 getAllRequestsCash Rows Length : 3
INFO 2023-01-14T11:39:03.971 getAllRequestsRevFund Rows Length : 1
INFO 2023-01-14T11:39:07.502 auth - verifyToken -  Authorized. A token verified - eyJhbGciOiJIUzI1NiIsInR5cCI6IkpXVCJ9.eyJpZCI6IkFCRUw5NDAwOTA5OSIsImlhdCI6MTY3MzY2NzUzNywiZXhwIjoxNjczNjY4NDM3fQ.S_j9oytfzyCftumidNjUqMbRdyo1G2t39aIMPcCdQBI
INFO 2023-01-14T11:39:07.586 OpenRequestController - getCashRequestByControlNo  responseMesage - Success, responseCode - 0
INFO 2023-01-14T11:45:04.873 auth - verifyToken -  Authorized. A token verified - eyJhbGciOiJIUzI1NiIsInR5cCI6IkpXVCJ9.eyJpZCI6IkFCRUw5NDAwOTA5OSIsImlhdCI6MTY3MzY2NzUzNywiZXhwIjoxNjczNjY4NDM3fQ.S_j9oytfzyCftumidNjUqMbRdyo1G2t39aIMPcCdQBI
INFO 2023-01-14T11:45:04.878 auth - verifyToken -  Authorized. A token verified - eyJhbGciOiJIUzI1NiIsInR5cCI6IkpXVCJ9.eyJpZCI6IkFCRUw5NDAwOTA5OSIsImlhdCI6MTY3MzY2NzUzNywiZXhwIjoxNjczNjY4NDM3fQ.S_j9oytfzyCftumidNjUqMbRdyo1G2t39aIMPcCdQBI
INFO 2023-01-14T11:45:04.883 auth - verifyToken -  Authorized. A token verified - eyJhbGciOiJIUzI1NiIsInR5cCI6IkpXVCJ9.eyJpZCI6IkFCRUw5NDAwOTA5OSIsImlhdCI6MTY3MzY2NzUzNywiZXhwIjoxNjczNjY4NDM3fQ.S_j9oytfzyCftumidNjUqMbRdyo1G2t39aIMPcCdQBI
INFO 2023-01-14T11:45:04.886 auth - verifyToken -  Authorized. A token verified - eyJhbGciOiJIUzI1NiIsInR5cCI6IkpXVCJ9.eyJpZCI6IkFCRUw5NDAwOTA5OSIsImlhdCI6MTY3MzY2NzUzNywiZXhwIjoxNjczNjY4NDM3fQ.S_j9oytfzyCftumidNjUqMbRdyo1G2t39aIMPcCdQBI
INFO 2023-01-14T11:45:04.957 getAllRequestsCash Rows Length : 3
INFO 2023-01-14T11:45:04.962 getAllRequestsRevFund Rows Length : 2
INFO 2023-01-14T11:45:04.966 getAllRequestsCash Rows Length : 3
INFO 2023-01-14T11:45:04.972 getAllRequestsRevFund Rows Length : 1
INFO 2023-01-14T11:45:07.581 auth - verifyToken -  Authorized. A token verified - eyJhbGciOiJIUzI1NiIsInR5cCI6IkpXVCJ9.eyJpZCI6IkFCRUw5NDAwOTA5OSIsImlhdCI6MTY3MzY2NzUzNywiZXhwIjoxNjczNjY4NDM3fQ.S_j9oytfzyCftumidNjUqMbRdyo1G2t39aIMPcCdQBI
INFO 2023-01-14T11:45:07.670 OpenRequestController - getCashRequestByControlNo  responseMesage - Success, responseCode - 0
INFO 2023-01-14T11:49:54.861 auth - verifyToken -  Authorized. A token verified - eyJhbGciOiJIUzI1NiIsInR5cCI6IkpXVCJ9.eyJpZCI6IkFCRUw5NDAwOTA5OSIsImlhdCI6MTY3MzY2NzUzNywiZXhwIjoxNjczNjY4NDM3fQ.S_j9oytfzyCftumidNjUqMbRdyo1G2t39aIMPcCdQBI
INFO 2023-01-14T11:49:54.864 auth - verifyToken -  Authorized. A token verified - eyJhbGciOiJIUzI1NiIsInR5cCI6IkpXVCJ9.eyJpZCI6IkFCRUw5NDAwOTA5OSIsImlhdCI6MTY3MzY2NzUzNywiZXhwIjoxNjczNjY4NDM3fQ.S_j9oytfzyCftumidNjUqMbRdyo1G2t39aIMPcCdQBI
INFO 2023-01-14T11:49:54.867 auth - verifyToken -  Authorized. A token verified - eyJhbGciOiJIUzI1NiIsInR5cCI6IkpXVCJ9.eyJpZCI6IkFCRUw5NDAwOTA5OSIsImlhdCI6MTY3MzY2NzUzNywiZXhwIjoxNjczNjY4NDM3fQ.S_j9oytfzyCftumidNjUqMbRdyo1G2t39aIMPcCdQBI
INFO 2023-01-14T11:49:54.871 auth - verifyToken -  Authorized. A token verified - eyJhbGciOiJIUzI1NiIsInR5cCI6IkpXVCJ9.eyJpZCI6IkFCRUw5NDAwOTA5OSIsImlhdCI6MTY3MzY2NzUzNywiZXhwIjoxNjczNjY4NDM3fQ.S_j9oytfzyCftumidNjUqMbRdyo1G2t39aIMPcCdQBI
INFO 2023-01-14T11:49:54.948 getAllRequestsCash Rows Length : 3
INFO 2023-01-14T11:49:54.959 getAllRequestsRevFund Rows Length : 2
INFO 2023-01-14T11:49:54.960 getAllRequestsCash Rows Length : 3
INFO 2023-01-14T11:49:54.965 getAllRequestsRevFund Rows Length : 1
INFO 2023-01-14T11:49:59.764 auth - verifyToken -  Authorized. A token verified - eyJhbGciOiJIUzI1NiIsInR5cCI6IkpXVCJ9.eyJpZCI6IkFCRUw5NDAwOTA5OSIsImlhdCI6MTY3MzY2NzUzNywiZXhwIjoxNjczNjY4NDM3fQ.S_j9oytfzyCftumidNjUqMbRdyo1G2t39aIMPcCdQBI
INFO 2023-01-14T11:49:59.852 OpenRequestController - getCashRequestByControlNo  responseMesage - Success, responseCode - 0
INFO 2023-01-14T11:50:42.643 auth - verifyToken -  Authorized. A token verified - eyJhbGciOiJIUzI1NiIsInR5cCI6IkpXVCJ9.eyJpZCI6IkFCRUw5NDAwOTA5OSIsImlhdCI6MTY3MzY2NzUzNywiZXhwIjoxNjczNjY4NDM3fQ.S_j9oytfzyCftumidNjUqMbRdyo1G2t39aIMPcCdQBI
INFO 2023-01-14T11:50:42.648 auth - verifyToken -  Authorized. A token verified - eyJhbGciOiJIUzI1NiIsInR5cCI6IkpXVCJ9.eyJpZCI6IkFCRUw5NDAwOTA5OSIsImlhdCI6MTY3MzY2NzUzNywiZXhwIjoxNjczNjY4NDM3fQ.S_j9oytfzyCftumidNjUqMbRdyo1G2t39aIMPcCdQBI
INFO 2023-01-14T11:50:42.650 auth - verifyToken -  Authorized. A token verified - eyJhbGciOiJIUzI1NiIsInR5cCI6IkpXVCJ9.eyJpZCI6IkFCRUw5NDAwOTA5OSIsImlhdCI6MTY3MzY2NzUzNywiZXhwIjoxNjczNjY4NDM3fQ.S_j9oytfzyCftumidNjUqMbRdyo1G2t39aIMPcCdQBI
INFO 2023-01-14T11:50:42.652 auth - verifyToken -  Authorized. A token verified - eyJhbGciOiJIUzI1NiIsInR5cCI6IkpXVCJ9.eyJpZCI6IkFCRUw5NDAwOTA5OSIsImlhdCI6MTY3MzY2NzUzNywiZXhwIjoxNjczNjY4NDM3fQ.S_j9oytfzyCftumidNjUqMbRdyo1G2t39aIMPcCdQBI
INFO 2023-01-14T11:50:42.769 getAllRequestsRevFund Rows Length : 2
INFO 2023-01-14T11:50:42.771 getAllRequestsCash Rows Length : 3
INFO 2023-01-14T11:50:42.772 getAllRequestsCash Rows Length : 3
INFO 2023-01-14T11:50:42.773 getAllRequestsRevFund Rows Length : 1
INFO 2023-01-14T11:50:47.573 auth - verifyToken -  Authorized. A token verified - eyJhbGciOiJIUzI1NiIsInR5cCI6IkpXVCJ9.eyJpZCI6IkFCRUw5NDAwOTA5OSIsImlhdCI6MTY3MzY2NzUzNywiZXhwIjoxNjczNjY4NDM3fQ.S_j9oytfzyCftumidNjUqMbRdyo1G2t39aIMPcCdQBI
INFO 2023-01-14T11:50:47.685 OpenRequestController - getCashRequestByControlNo  responseMesage - Success, responseCode - 0
INFO 2023-01-14T11:53:09.948 auth - verifyToken -  Authorized. A token verified - eyJhbGciOiJIUzI1NiIsInR5cCI6IkpXVCJ9.eyJpZCI6IkFCRUw5NDAwOTA5OSIsImlhdCI6MTY3MzY2NzUzNywiZXhwIjoxNjczNjY4NDM3fQ.S_j9oytfzyCftumidNjUqMbRdyo1G2t39aIMPcCdQBI
INFO 2023-01-14T11:53:09.955 auth - verifyToken -  Authorized. A token verified - eyJhbGciOiJIUzI1NiIsInR5cCI6IkpXVCJ9.eyJpZCI6IkFCRUw5NDAwOTA5OSIsImlhdCI6MTY3MzY2NzUzNywiZXhwIjoxNjczNjY4NDM3fQ.S_j9oytfzyCftumidNjUqMbRdyo1G2t39aIMPcCdQBI
INFO 2023-01-14T11:53:09.957 auth - verifyToken -  Authorized. A token verified - eyJhbGciOiJIUzI1NiIsInR5cCI6IkpXVCJ9.eyJpZCI6IkFCRUw5NDAwOTA5OSIsImlhdCI6MTY3MzY2NzUzNywiZXhwIjoxNjczNjY4NDM3fQ.S_j9oytfzyCftumidNjUqMbRdyo1G2t39aIMPcCdQBI
INFO 2023-01-14T11:53:09.958 auth - verifyToken -  Authorized. A token verified - eyJhbGciOiJIUzI1NiIsInR5cCI6IkpXVCJ9.eyJpZCI6IkFCRUw5NDAwOTA5OSIsImlhdCI6MTY3MzY2NzUzNywiZXhwIjoxNjczNjY4NDM3fQ.S_j9oytfzyCftumidNjUqMbRdyo1G2t39aIMPcCdQBI
INFO 2023-01-14T11:53:10.035 getAllRequestsCash Rows Length : 3
INFO 2023-01-14T11:53:10.041 getAllRequestsRevFund Rows Length : 2
INFO 2023-01-14T11:53:10.042 getAllRequestsCash Rows Length : 3
INFO 2023-01-14T11:53:10.043 getAllRequestsRevFund Rows Length : 1
INFO 2023-01-14T11:53:12.395 auth - verifyToken -  Authorized. A token verified - eyJhbGciOiJIUzI1NiIsInR5cCI6IkpXVCJ9.eyJpZCI6IkFCRUw5NDAwOTA5OSIsImlhdCI6MTY3MzY2NzUzNywiZXhwIjoxNjczNjY4NDM3fQ.S_j9oytfzyCftumidNjUqMbRdyo1G2t39aIMPcCdQBI
INFO 2023-01-14T11:53:12.503 OpenRequestController - getCashRequestByControlNo  responseMesage - Success, responseCode - 0
INFO 2023-01-14T11:53:51.100 auth - verifyToken -  Authorized. A token verified - eyJhbGciOiJIUzI1NiIsInR5cCI6IkpXVCJ9.eyJpZCI6IkFCRUw5NDAwOTA5OSIsImlhdCI6MTY3MzY2NzUzNywiZXhwIjoxNjczNjY4NDM3fQ.S_j9oytfzyCftumidNjUqMbRdyo1G2t39aIMPcCdQBI
INFO 2023-01-14T11:53:51.104 auth - verifyToken -  Authorized. A token verified - eyJhbGciOiJIUzI1NiIsInR5cCI6IkpXVCJ9.eyJpZCI6IkFCRUw5NDAwOTA5OSIsImlhdCI6MTY3MzY2NzUzNywiZXhwIjoxNjczNjY4NDM3fQ.S_j9oytfzyCftumidNjUqMbRdyo1G2t39aIMPcCdQBI
INFO 2023-01-14T11:53:51.107 auth - verifyToken -  Authorized. A token verified - eyJhbGciOiJIUzI1NiIsInR5cCI6IkpXVCJ9.eyJpZCI6IkFCRUw5NDAwOTA5OSIsImlhdCI6MTY3MzY2NzUzNywiZXhwIjoxNjczNjY4NDM3fQ.S_j9oytfzyCftumidNjUqMbRdyo1G2t39aIMPcCdQBI
INFO 2023-01-14T11:53:51.116 auth - verifyToken -  Authorized. A token verified - eyJhbGciOiJIUzI1NiIsInR5cCI6IkpXVCJ9.eyJpZCI6IkFCRUw5NDAwOTA5OSIsImlhdCI6MTY3MzY2NzUzNywiZXhwIjoxNjczNjY4NDM3fQ.S_j9oytfzyCftumidNjUqMbRdyo1G2t39aIMPcCdQBI
INFO 2023-01-14T11:53:51.185 getAllRequestsCash Rows Length : 3
INFO 2023-01-14T11:53:51.200 getAllRequestsRevFund Rows Length : 2
INFO 2023-01-14T11:53:51.200 getAllRequestsCash Rows Length : 3
INFO 2023-01-14T11:53:51.201 getAllRequestsRevFund Rows Length : 1
INFO 2023-01-14T11:53:53.410 auth - verifyToken -  Authorized. A token verified - eyJhbGciOiJIUzI1NiIsInR5cCI6IkpXVCJ9.eyJpZCI6IkFCRUw5NDAwOTA5OSIsImlhdCI6MTY3MzY2NzUzNywiZXhwIjoxNjczNjY4NDM3fQ.S_j9oytfzyCftumidNjUqMbRdyo1G2t39aIMPcCdQBI
INFO 2023-01-14T11:53:53.510 OpenRequestController - getCashRequestByControlNo  responseMesage - Success, responseCode - 0
INFO 2023-01-14T11:55:35.914 userLogin Successfully generated a token - eyJhbGciOiJIUzI1NiIsInR5cCI6IkpXVCJ9.eyJpZCI6IkFCRUw5NDAwOTA5OSIsImlhdCI6MTY3MzY2ODUzNSwiZXhwIjoxNjczNjY5NDM1fQ.nwD79sKiotYuicwJp9kj6T4EofalBKgI8c-8o7inJ8w
INFO 2023-01-14T11:55:38.914 auth - verifyToken -  Authorized. A token verified - eyJhbGciOiJIUzI1NiIsInR5cCI6IkpXVCJ9.eyJpZCI6IkFCRUw5NDAwOTA5OSIsImlhdCI6MTY3MzY2ODUzNSwiZXhwIjoxNjczNjY5NDM1fQ.nwD79sKiotYuicwJp9kj6T4EofalBKgI8c-8o7inJ8w
INFO 2023-01-14T11:55:38.923 auth - verifyToken -  Authorized. A token verified - eyJhbGciOiJIUzI1NiIsInR5cCI6IkpXVCJ9.eyJpZCI6IkFCRUw5NDAwOTA5OSIsImlhdCI6MTY3MzY2ODUzNSwiZXhwIjoxNjczNjY5NDM1fQ.nwD79sKiotYuicwJp9kj6T4EofalBKgI8c-8o7inJ8w
INFO 2023-01-14T11:55:38.999 getAllRequestsRevFund - No data found Rows Length : 0
INFO 2023-01-14T11:55:39.006 getAllRequestsCash Rows Length : 3
INFO 2023-01-14T11:55:41.284 auth - verifyToken -  Authorized. A token verified - eyJhbGciOiJIUzI1NiIsInR5cCI6IkpXVCJ9.eyJpZCI6IkFCRUw5NDAwOTA5OSIsImlhdCI6MTY3MzY2ODUzNSwiZXhwIjoxNjczNjY5NDM1fQ.nwD79sKiotYuicwJp9kj6T4EofalBKgI8c-8o7inJ8w
INFO 2023-01-14T11:55:41.287 auth - verifyToken -  Authorized. A token verified - eyJhbGciOiJIUzI1NiIsInR5cCI6IkpXVCJ9.eyJpZCI6IkFCRUw5NDAwOTA5OSIsImlhdCI6MTY3MzY2ODUzNSwiZXhwIjoxNjczNjY5NDM1fQ.nwD79sKiotYuicwJp9kj6T4EofalBKgI8c-8o7inJ8w
INFO 2023-01-14T11:55:41.288 auth - verifyToken -  Authorized. A token verified - eyJhbGciOiJIUzI1NiIsInR5cCI6IkpXVCJ9.eyJpZCI6IkFCRUw5NDAwOTA5OSIsImlhdCI6MTY3MzY2ODUzNSwiZXhwIjoxNjczNjY5NDM1fQ.nwD79sKiotYuicwJp9kj6T4EofalBKgI8c-8o7inJ8w
INFO 2023-01-14T11:55:41.295 auth - verifyToken -  Authorized. A token verified - eyJhbGciOiJIUzI1NiIsInR5cCI6IkpXVCJ9.eyJpZCI6IkFCRUw5NDAwOTA5OSIsImlhdCI6MTY3MzY2ODUzNSwiZXhwIjoxNjczNjY5NDM1fQ.nwD79sKiotYuicwJp9kj6T4EofalBKgI8c-8o7inJ8w
INFO 2023-01-14T11:55:41.374 getAllRequestsRevFund Rows Length : 2
INFO 2023-01-14T11:55:41.374 getAllRequestsCash Rows Length : 3
INFO 2023-01-14T11:55:41.375 getAllRequestsCash Rows Length : 3
INFO 2023-01-14T11:55:41.401 getAllRequestsRevFund Rows Length : 1
INFO 2023-01-14T11:55:43.515 auth - verifyToken -  Authorized. A token verified - eyJhbGciOiJIUzI1NiIsInR5cCI6IkpXVCJ9.eyJpZCI6IkFCRUw5NDAwOTA5OSIsImlhdCI6MTY3MzY2ODUzNSwiZXhwIjoxNjczNjY5NDM1fQ.nwD79sKiotYuicwJp9kj6T4EofalBKgI8c-8o7inJ8w
INFO 2023-01-14T11:55:43.605 OpenRequestController - getCashRequestByControlNo  responseMesage - Success, responseCode - 0
INFO 2023-01-14T13:48:29.832 userLogin Successfully generated a token - eyJhbGciOiJIUzI1NiIsInR5cCI6IkpXVCJ9.eyJpZCI6IkFCRUw5NDAwOTA5OSIsImlhdCI6MTY3MzY3NTMwOSwiZXhwIjoxNjczNjc2MjA5fQ.m0trdSrwU9apmmhBqVT7JIGthAltU9LxhSCFMfuNXzI
INFO 2023-01-14T13:48:32.780 auth - verifyToken -  Authorized. A token verified - eyJhbGciOiJIUzI1NiIsInR5cCI6IkpXVCJ9.eyJpZCI6IkFCRUw5NDAwOTA5OSIsImlhdCI6MTY3MzY3NTMwOSwiZXhwIjoxNjczNjc2MjA5fQ.m0trdSrwU9apmmhBqVT7JIGthAltU9LxhSCFMfuNXzI
INFO 2023-01-14T13:48:32.787 auth - verifyToken -  Authorized. A token verified - eyJhbGciOiJIUzI1NiIsInR5cCI6IkpXVCJ9.eyJpZCI6IkFCRUw5NDAwOTA5OSIsImlhdCI6MTY3MzY3NTMwOSwiZXhwIjoxNjczNjc2MjA5fQ.m0trdSrwU9apmmhBqVT7JIGthAltU9LxhSCFMfuNXzI
INFO 2023-01-14T13:48:32.865 getAllRequestsRevFund - No data found Rows Length : 0
INFO 2023-01-14T13:48:32.878 getAllRequestsCash Rows Length : 3
INFO 2023-01-14T13:48:37.754 auth - verifyToken -  Authorized. A token verified - eyJhbGciOiJIUzI1NiIsInR5cCI6IkpXVCJ9.eyJpZCI6IkFCRUw5NDAwOTA5OSIsImlhdCI6MTY3MzY3NTMwOSwiZXhwIjoxNjczNjc2MjA5fQ.m0trdSrwU9apmmhBqVT7JIGthAltU9LxhSCFMfuNXzI
INFO 2023-01-14T13:48:37.756 auth - verifyToken -  Authorized. A token verified - eyJhbGciOiJIUzI1NiIsInR5cCI6IkpXVCJ9.eyJpZCI6IkFCRUw5NDAwOTA5OSIsImlhdCI6MTY3MzY3NTMwOSwiZXhwIjoxNjczNjc2MjA5fQ.m0trdSrwU9apmmhBqVT7JIGthAltU9LxhSCFMfuNXzI
INFO 2023-01-14T13:48:37.760 auth - verifyToken -  Authorized. A token verified - eyJhbGciOiJIUzI1NiIsInR5cCI6IkpXVCJ9.eyJpZCI6IkFCRUw5NDAwOTA5OSIsImlhdCI6MTY3MzY3NTMwOSwiZXhwIjoxNjczNjc2MjA5fQ.m0trdSrwU9apmmhBqVT7JIGthAltU9LxhSCFMfuNXzI
INFO 2023-01-14T13:48:37.764 auth - verifyToken -  Authorized. A token verified - eyJhbGciOiJIUzI1NiIsInR5cCI6IkpXVCJ9.eyJpZCI6IkFCRUw5NDAwOTA5OSIsImlhdCI6MTY3MzY3NTMwOSwiZXhwIjoxNjczNjc2MjA5fQ.m0trdSrwU9apmmhBqVT7JIGthAltU9LxhSCFMfuNXzI
INFO 2023-01-14T13:48:37.845 getAllRequestsCash Rows Length : 3
INFO 2023-01-14T13:48:37.850 getAllRequestsRevFund Rows Length : 2
INFO 2023-01-14T13:48:37.851 getAllRequestsCash Rows Length : 3
INFO 2023-01-14T13:48:37.851 getAllRequestsRevFund Rows Length : 1
INFO 2023-01-14T13:48:44.669 auth - verifyToken -  Authorized. A token verified - eyJhbGciOiJIUzI1NiIsInR5cCI6IkpXVCJ9.eyJpZCI6IkFCRUw5NDAwOTA5OSIsImlhdCI6MTY3MzY3NTMwOSwiZXhwIjoxNjczNjc2MjA5fQ.m0trdSrwU9apmmhBqVT7JIGthAltU9LxhSCFMfuNXzI
INFO 2023-01-14T13:48:44.763 OpenRequestController - getRfRequestByControlNo  responseMesage - Success, responseCode - 0
INFO 2023-01-14T13:49:33.330 auth - verifyToken -  Authorized. A token verified - eyJhbGciOiJIUzI1NiIsInR5cCI6IkpXVCJ9.eyJpZCI6IkFCRUw5NDAwOTA5OSIsImlhdCI6MTY3MzY3NTMwOSwiZXhwIjoxNjczNjc2MjA5fQ.m0trdSrwU9apmmhBqVT7JIGthAltU9LxhSCFMfuNXzI
INFO 2023-01-14T13:49:33.417 OpenRequestController - getRfRequestByControlNo  responseMesage - Success, responseCode - 0
INFO 2023-01-14T14:44:52.301 userLogin Successfully generated a token - eyJhbGciOiJIUzI1NiIsInR5cCI6IkpXVCJ9.eyJpZCI6IkFCRUw5NDAwOTA5OSIsImlhdCI6MTY3MzY3ODY5MiwiZXhwIjoxNjczNjc5NTkyfQ.gtA4hTJ23_Pt4dsp-8kiZB8yY04OavNbkMzhrEuLQfY
INFO 2023-01-14T14:44:55.063 auth - verifyToken -  Authorized. A token verified - eyJhbGciOiJIUzI1NiIsInR5cCI6IkpXVCJ9.eyJpZCI6IkFCRUw5NDAwOTA5OSIsImlhdCI6MTY3MzY3ODY5MiwiZXhwIjoxNjczNjc5NTkyfQ.gtA4hTJ23_Pt4dsp-8kiZB8yY04OavNbkMzhrEuLQfY
INFO 2023-01-14T14:44:55.067 auth - verifyToken -  Authorized. A token verified - eyJhbGciOiJIUzI1NiIsInR5cCI6IkpXVCJ9.eyJpZCI6IkFCRUw5NDAwOTA5OSIsImlhdCI6MTY3MzY3ODY5MiwiZXhwIjoxNjczNjc5NTkyfQ.gtA4hTJ23_Pt4dsp-8kiZB8yY04OavNbkMzhrEuLQfY
INFO 2023-01-14T14:44:55.173 getAllRequestsRevFund - No data found Rows Length : 0
INFO 2023-01-14T14:44:55.174 getAllRequestsCash Rows Length : 3
INFO 2023-01-14T14:44:57.280 auth - verifyToken -  Authorized. A token verified - eyJhbGciOiJIUzI1NiIsInR5cCI6IkpXVCJ9.eyJpZCI6IkFCRUw5NDAwOTA5OSIsImlhdCI6MTY3MzY3ODY5MiwiZXhwIjoxNjczNjc5NTkyfQ.gtA4hTJ23_Pt4dsp-8kiZB8yY04OavNbkMzhrEuLQfY
INFO 2023-01-14T14:44:57.282 auth - verifyToken -  Authorized. A token verified - eyJhbGciOiJIUzI1NiIsInR5cCI6IkpXVCJ9.eyJpZCI6IkFCRUw5NDAwOTA5OSIsImlhdCI6MTY3MzY3ODY5MiwiZXhwIjoxNjczNjc5NTkyfQ.gtA4hTJ23_Pt4dsp-8kiZB8yY04OavNbkMzhrEuLQfY
INFO 2023-01-14T14:44:57.286 auth - verifyToken -  Authorized. A token verified - eyJhbGciOiJIUzI1NiIsInR5cCI6IkpXVCJ9.eyJpZCI6IkFCRUw5NDAwOTA5OSIsImlhdCI6MTY3MzY3ODY5MiwiZXhwIjoxNjczNjc5NTkyfQ.gtA4hTJ23_Pt4dsp-8kiZB8yY04OavNbkMzhrEuLQfY
INFO 2023-01-14T14:44:57.289 auth - verifyToken -  Authorized. A token verified - eyJhbGciOiJIUzI1NiIsInR5cCI6IkpXVCJ9.eyJpZCI6IkFCRUw5NDAwOTA5OSIsImlhdCI6MTY3MzY3ODY5MiwiZXhwIjoxNjczNjc5NTkyfQ.gtA4hTJ23_Pt4dsp-8kiZB8yY04OavNbkMzhrEuLQfY
INFO 2023-01-14T14:44:57.370 getAllRequestsCash Rows Length : 3
INFO 2023-01-14T14:44:57.371 getAllRequestsRevFund Rows Length : 2
INFO 2023-01-14T14:44:57.375 getAllRequestsCash Rows Length : 3
INFO 2023-01-14T14:44:57.376 getAllRequestsRevFund Rows Length : 1
INFO 2023-01-14T14:45:00.749 auth - verifyToken -  Authorized. A token verified - eyJhbGciOiJIUzI1NiIsInR5cCI6IkpXVCJ9.eyJpZCI6IkFCRUw5NDAwOTA5OSIsImlhdCI6MTY3MzY3ODY5MiwiZXhwIjoxNjczNjc5NTkyfQ.gtA4hTJ23_Pt4dsp-8kiZB8yY04OavNbkMzhrEuLQfY
INFO 2023-01-14T14:45:00.836 OpenRequestController - getRfRequestByControlNo  responseMesage - Success, responseCode - 0
INFO 2023-01-14T14:48:11.415 auth - verifyToken -  Authorized. A token verified - eyJhbGciOiJIUzI1NiIsInR5cCI6IkpXVCJ9.eyJpZCI6IkFCRUw5NDAwOTA5OSIsImlhdCI6MTY3MzY3ODY5MiwiZXhwIjoxNjczNjc5NTkyfQ.gtA4hTJ23_Pt4dsp-8kiZB8yY04OavNbkMzhrEuLQfY
INFO 2023-01-14T14:48:11.420 auth - verifyToken -  Authorized. A token verified - eyJhbGciOiJIUzI1NiIsInR5cCI6IkpXVCJ9.eyJpZCI6IkFCRUw5NDAwOTA5OSIsImlhdCI6MTY3MzY3ODY5MiwiZXhwIjoxNjczNjc5NTkyfQ.gtA4hTJ23_Pt4dsp-8kiZB8yY04OavNbkMzhrEuLQfY
INFO 2023-01-14T14:48:11.423 auth - verifyToken -  Authorized. A token verified - eyJhbGciOiJIUzI1NiIsInR5cCI6IkpXVCJ9.eyJpZCI6IkFCRUw5NDAwOTA5OSIsImlhdCI6MTY3MzY3ODY5MiwiZXhwIjoxNjczNjc5NTkyfQ.gtA4hTJ23_Pt4dsp-8kiZB8yY04OavNbkMzhrEuLQfY
INFO 2023-01-14T14:48:11.426 auth - verifyToken -  Authorized. A token verified - eyJhbGciOiJIUzI1NiIsInR5cCI6IkpXVCJ9.eyJpZCI6IkFCRUw5NDAwOTA5OSIsImlhdCI6MTY3MzY3ODY5MiwiZXhwIjoxNjczNjc5NTkyfQ.gtA4hTJ23_Pt4dsp-8kiZB8yY04OavNbkMzhrEuLQfY
INFO 2023-01-14T14:48:11.502 getAllRequestsCash Rows Length : 3
INFO 2023-01-14T14:48:11.507 getAllRequestsRevFund Rows Length : 2
INFO 2023-01-14T14:48:11.512 getAllRequestsCash Rows Length : 3
INFO 2023-01-14T14:48:11.516 getAllRequestsRevFund Rows Length : 1
INFO 2023-01-14T14:48:14.844 auth - verifyToken -  Authorized. A token verified - eyJhbGciOiJIUzI1NiIsInR5cCI6IkpXVCJ9.eyJpZCI6IkFCRUw5NDAwOTA5OSIsImlhdCI6MTY3MzY3ODY5MiwiZXhwIjoxNjczNjc5NTkyfQ.gtA4hTJ23_Pt4dsp-8kiZB8yY04OavNbkMzhrEuLQfY
INFO 2023-01-14T14:48:14.934 OpenRequestController - getRfRequestByControlNo  responseMesage - Success, responseCode - 0
INFO 2023-01-14T14:52:42.748 auth - verifyToken -  Authorized. A token verified - eyJhbGciOiJIUzI1NiIsInR5cCI6IkpXVCJ9.eyJpZCI6IkFCRUw5NDAwOTA5OSIsImlhdCI6MTY3MzY3ODY5MiwiZXhwIjoxNjczNjc5NTkyfQ.gtA4hTJ23_Pt4dsp-8kiZB8yY04OavNbkMzhrEuLQfY
INFO 2023-01-14T14:52:42.843 OpenRequestController - getRfRequestByControlNo  responseMesage - Success, responseCode - 0
INFO 2023-01-14T14:56:50.427 auth - verifyToken -  Authorized. A token verified - eyJhbGciOiJIUzI1NiIsInR5cCI6IkpXVCJ9.eyJpZCI6IkFCRUw5NDAwOTA5OSIsImlhdCI6MTY3MzY3ODY5MiwiZXhwIjoxNjczNjc5NTkyfQ.gtA4hTJ23_Pt4dsp-8kiZB8yY04OavNbkMzhrEuLQfY
INFO 2023-01-14T14:56:50.513 OpenRequestController - getRfRequestByControlNo  responseMesage - Success, responseCode - 0
INFO 2023-01-14T14:57:20.936 auth - verifyToken -  Authorized. A token verified - eyJhbGciOiJIUzI1NiIsInR5cCI6IkpXVCJ9.eyJpZCI6IkFCRUw5NDAwOTA5OSIsImlhdCI6MTY3MzY3ODY5MiwiZXhwIjoxNjczNjc5NTkyfQ.gtA4hTJ23_Pt4dsp-8kiZB8yY04OavNbkMzhrEuLQfY
INFO 2023-01-14T14:57:21.022 OpenRequestController - getRfRequestByControlNo  responseMesage - Success, responseCode - 0
INFO 2023-01-14T14:57:22.419 auth - verifyToken -  Authorized. A token verified - eyJhbGciOiJIUzI1NiIsInR5cCI6IkpXVCJ9.eyJpZCI6IkFCRUw5NDAwOTA5OSIsImlhdCI6MTY3MzY3ODY5MiwiZXhwIjoxNjczNjc5NTkyfQ.gtA4hTJ23_Pt4dsp-8kiZB8yY04OavNbkMzhrEuLQfY
INFO 2023-01-14T14:57:22.439 auth - verifyToken -  Authorized. A token verified - eyJhbGciOiJIUzI1NiIsInR5cCI6IkpXVCJ9.eyJpZCI6IkFCRUw5NDAwOTA5OSIsImlhdCI6MTY3MzY3ODY5MiwiZXhwIjoxNjczNjc5NTkyfQ.gtA4hTJ23_Pt4dsp-8kiZB8yY04OavNbkMzhrEuLQfY
INFO 2023-01-14T14:57:22.512 getAllRequestsRevFund - No data found Rows Length : 0
INFO 2023-01-14T14:57:22.522 getAllRequestsCash Rows Length : 3
INFO 2023-01-14T14:58:07.936 auth - verifyToken -  Authorized. A token verified - eyJhbGciOiJIUzI1NiIsInR5cCI6IkpXVCJ9.eyJpZCI6IkFCRUw5NDAwOTA5OSIsImlhdCI6MTY3MzY3ODY5MiwiZXhwIjoxNjczNjc5NTkyfQ.gtA4hTJ23_Pt4dsp-8kiZB8yY04OavNbkMzhrEuLQfY
INFO 2023-01-14T14:58:07.943 auth - verifyToken -  Authorized. A token verified - eyJhbGciOiJIUzI1NiIsInR5cCI6IkpXVCJ9.eyJpZCI6IkFCRUw5NDAwOTA5OSIsImlhdCI6MTY3MzY3ODY5MiwiZXhwIjoxNjczNjc5NTkyfQ.gtA4hTJ23_Pt4dsp-8kiZB8yY04OavNbkMzhrEuLQfY
INFO 2023-01-14T14:58:08.021 getAllRequestsRevFund - No data found Rows Length : 0
INFO 2023-01-14T14:58:08.028 getAllRequestsCash Rows Length : 3
INFO 2023-01-14T14:58:13.720 auth - verifyToken -  Authorized. A token verified - eyJhbGciOiJIUzI1NiIsInR5cCI6IkpXVCJ9.eyJpZCI6IkFCRUw5NDAwOTA5OSIsImlhdCI6MTY3MzY3ODY5MiwiZXhwIjoxNjczNjc5NTkyfQ.gtA4hTJ23_Pt4dsp-8kiZB8yY04OavNbkMzhrEuLQfY
INFO 2023-01-14T14:58:13.726 auth - verifyToken -  Authorized. A token verified - eyJhbGciOiJIUzI1NiIsInR5cCI6IkpXVCJ9.eyJpZCI6IkFCRUw5NDAwOTA5OSIsImlhdCI6MTY3MzY3ODY5MiwiZXhwIjoxNjczNjc5NTkyfQ.gtA4hTJ23_Pt4dsp-8kiZB8yY04OavNbkMzhrEuLQfY
INFO 2023-01-14T14:58:13.728 auth - verifyToken -  Authorized. A token verified - eyJhbGciOiJIUzI1NiIsInR5cCI6IkpXVCJ9.eyJpZCI6IkFCRUw5NDAwOTA5OSIsImlhdCI6MTY3MzY3ODY5MiwiZXhwIjoxNjczNjc5NTkyfQ.gtA4hTJ23_Pt4dsp-8kiZB8yY04OavNbkMzhrEuLQfY
INFO 2023-01-14T14:58:13.731 auth - verifyToken -  Authorized. A token verified - eyJhbGciOiJIUzI1NiIsInR5cCI6IkpXVCJ9.eyJpZCI6IkFCRUw5NDAwOTA5OSIsImlhdCI6MTY3MzY3ODY5MiwiZXhwIjoxNjczNjc5NTkyfQ.gtA4hTJ23_Pt4dsp-8kiZB8yY04OavNbkMzhrEuLQfY
INFO 2023-01-14T14:58:13.807 getAllRequestsCash Rows Length : 3
INFO 2023-01-14T14:58:13.815 getAllRequestsRevFund Rows Length : 2
INFO 2023-01-14T14:58:13.816 getAllRequestsCash Rows Length : 3
INFO 2023-01-14T14:58:13.819 getAllRequestsRevFund Rows Length : 1
INFO 2023-01-14T14:58:17.690 auth - verifyToken -  Authorized. A token verified - eyJhbGciOiJIUzI1NiIsInR5cCI6IkpXVCJ9.eyJpZCI6IkFCRUw5NDAwOTA5OSIsImlhdCI6MTY3MzY3ODY5MiwiZXhwIjoxNjczNjc5NTkyfQ.gtA4hTJ23_Pt4dsp-8kiZB8yY04OavNbkMzhrEuLQfY
INFO 2023-01-14T14:58:17.778 OpenRequestController - getRfRequestByControlNo  responseMesage - Success, responseCode - 0
INFO 2023-01-14T14:58:36.106 auth - verifyToken -  Authorized. A token verified - eyJhbGciOiJIUzI1NiIsInR5cCI6IkpXVCJ9.eyJpZCI6IkFCRUw5NDAwOTA5OSIsImlhdCI6MTY3MzY3ODY5MiwiZXhwIjoxNjczNjc5NTkyfQ.gtA4hTJ23_Pt4dsp-8kiZB8yY04OavNbkMzhrEuLQfY
INFO 2023-01-14T14:58:36.191 OpenRequestController - getRfRequestByControlNo  responseMesage - Success, responseCode - 0
INFO 2023-01-14T14:59:14.335 auth - verifyToken -  Authorized. A token verified - eyJhbGciOiJIUzI1NiIsInR5cCI6IkpXVCJ9.eyJpZCI6IkFCRUw5NDAwOTA5OSIsImlhdCI6MTY3MzY3ODY5MiwiZXhwIjoxNjczNjc5NTkyfQ.gtA4hTJ23_Pt4dsp-8kiZB8yY04OavNbkMzhrEuLQfY
INFO 2023-01-14T14:59:14.432 OpenRequestController - getRfRequestByControlNo  responseMesage - Success, responseCode - 0
INFO 2023-01-14T14:59:32.163 auth - verifyToken -  Authorized. A token verified - eyJhbGciOiJIUzI1NiIsInR5cCI6IkpXVCJ9.eyJpZCI6IkFCRUw5NDAwOTA5OSIsImlhdCI6MTY3MzY3ODY5MiwiZXhwIjoxNjczNjc5NTkyfQ.gtA4hTJ23_Pt4dsp-8kiZB8yY04OavNbkMzhrEuLQfY
INFO 2023-01-14T14:59:32.250 OpenRequestController - getRfRequestByControlNo  responseMesage - Success, responseCode - 0
INFO 2023-01-14T14:59:33.675 auth - verifyToken -  Authorized. A token verified - eyJhbGciOiJIUzI1NiIsInR5cCI6IkpXVCJ9.eyJpZCI6IkFCRUw5NDAwOTA5OSIsImlhdCI6MTY3MzY3ODY5MiwiZXhwIjoxNjczNjc5NTkyfQ.gtA4hTJ23_Pt4dsp-8kiZB8yY04OavNbkMzhrEuLQfY
INFO 2023-01-14T14:59:33.677 auth - verifyToken -  Authorized. A token verified - eyJhbGciOiJIUzI1NiIsInR5cCI6IkpXVCJ9.eyJpZCI6IkFCRUw5NDAwOTA5OSIsImlhdCI6MTY3MzY3ODY5MiwiZXhwIjoxNjczNjc5NTkyfQ.gtA4hTJ23_Pt4dsp-8kiZB8yY04OavNbkMzhrEuLQfY
INFO 2023-01-14T14:59:33.766 getAllRequestsRevFund - No data found Rows Length : 0
INFO 2023-01-14T14:59:33.767 getAllRequestsCash Rows Length : 3
INFO 2023-01-14T14:59:50.697 auth - verifyToken -  Authorized. A token verified - eyJhbGciOiJIUzI1NiIsInR5cCI6IkpXVCJ9.eyJpZCI6IkFCRUw5NDAwOTA5OSIsImlhdCI6MTY3MzY3ODY5MiwiZXhwIjoxNjczNjc5NTkyfQ.gtA4hTJ23_Pt4dsp-8kiZB8yY04OavNbkMzhrEuLQfY
INFO 2023-01-14T14:59:50.702 auth - verifyToken -  Authorized. A token verified - eyJhbGciOiJIUzI1NiIsInR5cCI6IkpXVCJ9.eyJpZCI6IkFCRUw5NDAwOTA5OSIsImlhdCI6MTY3MzY3ODY5MiwiZXhwIjoxNjczNjc5NTkyfQ.gtA4hTJ23_Pt4dsp-8kiZB8yY04OavNbkMzhrEuLQfY
INFO 2023-01-14T14:59:50.706 auth - verifyToken -  Authorized. A token verified - eyJhbGciOiJIUzI1NiIsInR5cCI6IkpXVCJ9.eyJpZCI6IkFCRUw5NDAwOTA5OSIsImlhdCI6MTY3MzY3ODY5MiwiZXhwIjoxNjczNjc5NTkyfQ.gtA4hTJ23_Pt4dsp-8kiZB8yY04OavNbkMzhrEuLQfY
INFO 2023-01-14T14:59:50.709 auth - verifyToken -  Authorized. A token verified - eyJhbGciOiJIUzI1NiIsInR5cCI6IkpXVCJ9.eyJpZCI6IkFCRUw5NDAwOTA5OSIsImlhdCI6MTY3MzY3ODY5MiwiZXhwIjoxNjczNjc5NTkyfQ.gtA4hTJ23_Pt4dsp-8kiZB8yY04OavNbkMzhrEuLQfY
INFO 2023-01-14T14:59:50.781 getAllRequestsCash Rows Length : 3
INFO 2023-01-14T14:59:50.786 getAllRequestsRevFund Rows Length : 2
INFO 2023-01-14T14:59:50.789 getAllRequestsCash Rows Length : 3
INFO 2023-01-14T14:59:50.793 getAllRequestsRevFund Rows Length : 1
FATAL 2023-01-14T14:59:53.953 auth - verifyToken -  Unauthorized. Invalid Token - eyJhbGciOiJIUzI1NiIsInR5cCI6IkpXVCJ9.eyJpZCI6IkFCRUw5NDAwOTA5OSIsImlhdCI6MTY3MzY3ODY5MiwiZXhwIjoxNjczNjc5NTkyfQ.gtA4hTJ23_Pt4dsp-8kiZB8yY04OavNbkMzhrEuLQfY
INFO 2023-01-14T15:00:09.420 userLogin Successfully generated a token - eyJhbGciOiJIUzI1NiIsInR5cCI6IkpXVCJ9.eyJpZCI6IkFCRUw5NDAwOTA5OSIsImlhdCI6MTY3MzY3OTYwOSwiZXhwIjoxNjczNjgwNTA5fQ.wjmvBlCnmXT_9hTM_5jCJBMSY8eFWh72a7Dxb7u7fk4
INFO 2023-01-14T15:00:12.240 auth - verifyToken -  Authorized. A token verified - eyJhbGciOiJIUzI1NiIsInR5cCI6IkpXVCJ9.eyJpZCI6IkFCRUw5NDAwOTA5OSIsImlhdCI6MTY3MzY3OTYwOSwiZXhwIjoxNjczNjgwNTA5fQ.wjmvBlCnmXT_9hTM_5jCJBMSY8eFWh72a7Dxb7u7fk4
INFO 2023-01-14T15:00:12.243 auth - verifyToken -  Authorized. A token verified - eyJhbGciOiJIUzI1NiIsInR5cCI6IkpXVCJ9.eyJpZCI6IkFCRUw5NDAwOTA5OSIsImlhdCI6MTY3MzY3OTYwOSwiZXhwIjoxNjczNjgwNTA5fQ.wjmvBlCnmXT_9hTM_5jCJBMSY8eFWh72a7Dxb7u7fk4
INFO 2023-01-14T15:00:12.324 getAllRequestsRevFund - No data found Rows Length : 0
INFO 2023-01-14T15:00:12.327 getAllRequestsCash Rows Length : 3
INFO 2023-01-14T15:00:15.701 auth - verifyToken -  Authorized. A token verified - eyJhbGciOiJIUzI1NiIsInR5cCI6IkpXVCJ9.eyJpZCI6IkFCRUw5NDAwOTA5OSIsImlhdCI6MTY3MzY3OTYwOSwiZXhwIjoxNjczNjgwNTA5fQ.wjmvBlCnmXT_9hTM_5jCJBMSY8eFWh72a7Dxb7u7fk4
INFO 2023-01-14T15:00:15.702 auth - verifyToken -  Authorized. A token verified - eyJhbGciOiJIUzI1NiIsInR5cCI6IkpXVCJ9.eyJpZCI6IkFCRUw5NDAwOTA5OSIsImlhdCI6MTY3MzY3OTYwOSwiZXhwIjoxNjczNjgwNTA5fQ.wjmvBlCnmXT_9hTM_5jCJBMSY8eFWh72a7Dxb7u7fk4
INFO 2023-01-14T15:00:15.707 auth - verifyToken -  Authorized. A token verified - eyJhbGciOiJIUzI1NiIsInR5cCI6IkpXVCJ9.eyJpZCI6IkFCRUw5NDAwOTA5OSIsImlhdCI6MTY3MzY3OTYwOSwiZXhwIjoxNjczNjgwNTA5fQ.wjmvBlCnmXT_9hTM_5jCJBMSY8eFWh72a7Dxb7u7fk4
INFO 2023-01-14T15:00:15.713 auth - verifyToken -  Authorized. A token verified - eyJhbGciOiJIUzI1NiIsInR5cCI6IkpXVCJ9.eyJpZCI6IkFCRUw5NDAwOTA5OSIsImlhdCI6MTY3MzY3OTYwOSwiZXhwIjoxNjczNjgwNTA5fQ.wjmvBlCnmXT_9hTM_5jCJBMSY8eFWh72a7Dxb7u7fk4
INFO 2023-01-14T15:00:15.784 getAllRequestsCash Rows Length : 3
INFO 2023-01-14T15:00:15.792 getAllRequestsRevFund Rows Length : 2
INFO 2023-01-14T15:00:15.792 getAllRequestsCash Rows Length : 3
INFO 2023-01-14T15:00:15.796 getAllRequestsRevFund Rows Length : 1
INFO 2023-01-14T15:00:18.362 auth - verifyToken -  Authorized. A token verified - eyJhbGciOiJIUzI1NiIsInR5cCI6IkpXVCJ9.eyJpZCI6IkFCRUw5NDAwOTA5OSIsImlhdCI6MTY3MzY3OTYwOSwiZXhwIjoxNjczNjgwNTA5fQ.wjmvBlCnmXT_9hTM_5jCJBMSY8eFWh72a7Dxb7u7fk4
INFO 2023-01-14T15:00:18.453 OpenRequestController - getRfRequestByControlNo  responseMesage - Success, responseCode - 0
INFO 2023-01-14T15:01:19.872 auth - verifyToken -  Authorized. A token verified - eyJhbGciOiJIUzI1NiIsInR5cCI6IkpXVCJ9.eyJpZCI6IkFCRUw5NDAwOTA5OSIsImlhdCI6MTY3MzY3OTYwOSwiZXhwIjoxNjczNjgwNTA5fQ.wjmvBlCnmXT_9hTM_5jCJBMSY8eFWh72a7Dxb7u7fk4
INFO 2023-01-14T15:01:19.973 OpenRequestController - getRfRequestByControlNo  responseMesage - Success, responseCode - 0
INFO 2023-01-14T15:02:01.331 auth - verifyToken -  Authorized. A token verified - eyJhbGciOiJIUzI1NiIsInR5cCI6IkpXVCJ9.eyJpZCI6IkFCRUw5NDAwOTA5OSIsImlhdCI6MTY3MzY3OTYwOSwiZXhwIjoxNjczNjgwNTA5fQ.wjmvBlCnmXT_9hTM_5jCJBMSY8eFWh72a7Dxb7u7fk4
INFO 2023-01-14T15:02:01.419 OpenRequestController - getRfRequestByControlNo  responseMesage - Success, responseCode - 0
INFO 2023-01-14T15:02:02.826 auth - verifyToken -  Authorized. A token verified - eyJhbGciOiJIUzI1NiIsInR5cCI6IkpXVCJ9.eyJpZCI6IkFCRUw5NDAwOTA5OSIsImlhdCI6MTY3MzY3OTYwOSwiZXhwIjoxNjczNjgwNTA5fQ.wjmvBlCnmXT_9hTM_5jCJBMSY8eFWh72a7Dxb7u7fk4
INFO 2023-01-14T15:02:02.830 auth - verifyToken -  Authorized. A token verified - eyJhbGciOiJIUzI1NiIsInR5cCI6IkpXVCJ9.eyJpZCI6IkFCRUw5NDAwOTA5OSIsImlhdCI6MTY3MzY3OTYwOSwiZXhwIjoxNjczNjgwNTA5fQ.wjmvBlCnmXT_9hTM_5jCJBMSY8eFWh72a7Dxb7u7fk4
INFO 2023-01-14T15:02:02.910 getAllRequestsRevFund - No data found Rows Length : 0
INFO 2023-01-14T15:02:02.913 getAllRequestsCash Rows Length : 3
INFO 2023-01-14T15:02:06.883 auth - verifyToken -  Authorized. A token verified - eyJhbGciOiJIUzI1NiIsInR5cCI6IkpXVCJ9.eyJpZCI6IkFCRUw5NDAwOTA5OSIsImlhdCI6MTY3MzY3OTYwOSwiZXhwIjoxNjczNjgwNTA5fQ.wjmvBlCnmXT_9hTM_5jCJBMSY8eFWh72a7Dxb7u7fk4
INFO 2023-01-14T15:02:06.891 auth - verifyToken -  Authorized. A token verified - eyJhbGciOiJIUzI1NiIsInR5cCI6IkpXVCJ9.eyJpZCI6IkFCRUw5NDAwOTA5OSIsImlhdCI6MTY3MzY3OTYwOSwiZXhwIjoxNjczNjgwNTA5fQ.wjmvBlCnmXT_9hTM_5jCJBMSY8eFWh72a7Dxb7u7fk4
INFO 2023-01-14T15:02:06.901 auth - verifyToken -  Authorized. A token verified - eyJhbGciOiJIUzI1NiIsInR5cCI6IkpXVCJ9.eyJpZCI6IkFCRUw5NDAwOTA5OSIsImlhdCI6MTY3MzY3OTYwOSwiZXhwIjoxNjczNjgwNTA5fQ.wjmvBlCnmXT_9hTM_5jCJBMSY8eFWh72a7Dxb7u7fk4
INFO 2023-01-14T15:02:06.912 auth - verifyToken -  Authorized. A token verified - eyJhbGciOiJIUzI1NiIsInR5cCI6IkpXVCJ9.eyJpZCI6IkFCRUw5NDAwOTA5OSIsImlhdCI6MTY3MzY3OTYwOSwiZXhwIjoxNjczNjgwNTA5fQ.wjmvBlCnmXT_9hTM_5jCJBMSY8eFWh72a7Dxb7u7fk4
INFO 2023-01-14T15:02:06.975 getAllRequestsCash Rows Length : 3
INFO 2023-01-14T15:02:06.976 getAllRequestsRevFund Rows Length : 2
INFO 2023-01-14T15:02:06.985 getAllRequestsCash Rows Length : 3
INFO 2023-01-14T15:02:06.996 getAllRequestsRevFund Rows Length : 1
INFO 2023-01-14T15:02:09.537 auth - verifyToken -  Authorized. A token verified - eyJhbGciOiJIUzI1NiIsInR5cCI6IkpXVCJ9.eyJpZCI6IkFCRUw5NDAwOTA5OSIsImlhdCI6MTY3MzY3OTYwOSwiZXhwIjoxNjczNjgwNTA5fQ.wjmvBlCnmXT_9hTM_5jCJBMSY8eFWh72a7Dxb7u7fk4
INFO 2023-01-14T15:02:09.627 OpenRequestController - getRfRequestByControlNo  responseMesage - Success, responseCode - 0
INFO 2023-01-14T15:04:59.476 auth - verifyToken -  Authorized. A token verified - eyJhbGciOiJIUzI1NiIsInR5cCI6IkpXVCJ9.eyJpZCI6IkFCRUw5NDAwOTA5OSIsImlhdCI6MTY3MzY3OTYwOSwiZXhwIjoxNjczNjgwNTA5fQ.wjmvBlCnmXT_9hTM_5jCJBMSY8eFWh72a7Dxb7u7fk4
INFO 2023-01-14T15:04:59.561 OpenRequestController - getRfRequestByControlNo  responseMesage - Success, responseCode - 0
INFO 2023-01-14T15:05:00.973 auth - verifyToken -  Authorized. A token verified - eyJhbGciOiJIUzI1NiIsInR5cCI6IkpXVCJ9.eyJpZCI6IkFCRUw5NDAwOTA5OSIsImlhdCI6MTY3MzY3OTYwOSwiZXhwIjoxNjczNjgwNTA5fQ.wjmvBlCnmXT_9hTM_5jCJBMSY8eFWh72a7Dxb7u7fk4
INFO 2023-01-14T15:05:00.979 auth - verifyToken -  Authorized. A token verified - eyJhbGciOiJIUzI1NiIsInR5cCI6IkpXVCJ9.eyJpZCI6IkFCRUw5NDAwOTA5OSIsImlhdCI6MTY3MzY3OTYwOSwiZXhwIjoxNjczNjgwNTA5fQ.wjmvBlCnmXT_9hTM_5jCJBMSY8eFWh72a7Dxb7u7fk4
INFO 2023-01-14T15:05:01.059 getAllRequestsRevFund - No data found Rows Length : 0
INFO 2023-01-14T15:05:01.063 getAllRequestsCash Rows Length : 3
INFO 2023-01-14T15:05:04.507 auth - verifyToken -  Authorized. A token verified - eyJhbGciOiJIUzI1NiIsInR5cCI6IkpXVCJ9.eyJpZCI6IkFCRUw5NDAwOTA5OSIsImlhdCI6MTY3MzY3OTYwOSwiZXhwIjoxNjczNjgwNTA5fQ.wjmvBlCnmXT_9hTM_5jCJBMSY8eFWh72a7Dxb7u7fk4
INFO 2023-01-14T15:05:04.511 auth - verifyToken -  Authorized. A token verified - eyJhbGciOiJIUzI1NiIsInR5cCI6IkpXVCJ9.eyJpZCI6IkFCRUw5NDAwOTA5OSIsImlhdCI6MTY3MzY3OTYwOSwiZXhwIjoxNjczNjgwNTA5fQ.wjmvBlCnmXT_9hTM_5jCJBMSY8eFWh72a7Dxb7u7fk4
INFO 2023-01-14T15:05:04.514 auth - verifyToken -  Authorized. A token verified - eyJhbGciOiJIUzI1NiIsInR5cCI6IkpXVCJ9.eyJpZCI6IkFCRUw5NDAwOTA5OSIsImlhdCI6MTY3MzY3OTYwOSwiZXhwIjoxNjczNjgwNTA5fQ.wjmvBlCnmXT_9hTM_5jCJBMSY8eFWh72a7Dxb7u7fk4
INFO 2023-01-14T15:05:04.517 auth - verifyToken -  Authorized. A token verified - eyJhbGciOiJIUzI1NiIsInR5cCI6IkpXVCJ9.eyJpZCI6IkFCRUw5NDAwOTA5OSIsImlhdCI6MTY3MzY3OTYwOSwiZXhwIjoxNjczNjgwNTA5fQ.wjmvBlCnmXT_9hTM_5jCJBMSY8eFWh72a7Dxb7u7fk4
INFO 2023-01-14T15:05:04.592 getAllRequestsCash Rows Length : 3
INFO 2023-01-14T15:05:04.594 getAllRequestsRevFund Rows Length : 2
INFO 2023-01-14T15:05:04.603 getAllRequestsRevFund Rows Length : 1
INFO 2023-01-14T15:05:04.604 getAllRequestsCash Rows Length : 3
INFO 2023-01-14T15:05:07.317 auth - verifyToken -  Authorized. A token verified - eyJhbGciOiJIUzI1NiIsInR5cCI6IkpXVCJ9.eyJpZCI6IkFCRUw5NDAwOTA5OSIsImlhdCI6MTY3MzY3OTYwOSwiZXhwIjoxNjczNjgwNTA5fQ.wjmvBlCnmXT_9hTM_5jCJBMSY8eFWh72a7Dxb7u7fk4
INFO 2023-01-14T15:05:07.414 OpenRequestController - getRfRequestByControlNo  responseMesage - Success, responseCode - 0
INFO 2023-01-14T15:07:37.158 auth - verifyToken -  Authorized. A token verified - eyJhbGciOiJIUzI1NiIsInR5cCI6IkpXVCJ9.eyJpZCI6IkFCRUw5NDAwOTA5OSIsImlhdCI6MTY3MzY3OTYwOSwiZXhwIjoxNjczNjgwNTA5fQ.wjmvBlCnmXT_9hTM_5jCJBMSY8eFWh72a7Dxb7u7fk4
INFO 2023-01-14T15:07:37.243 OpenRequestController - getRfRequestByControlNo  responseMesage - Success, responseCode - 0
INFO 2023-01-14T15:07:38.631 auth - verifyToken -  Authorized. A token verified - eyJhbGciOiJIUzI1NiIsInR5cCI6IkpXVCJ9.eyJpZCI6IkFCRUw5NDAwOTA5OSIsImlhdCI6MTY3MzY3OTYwOSwiZXhwIjoxNjczNjgwNTA5fQ.wjmvBlCnmXT_9hTM_5jCJBMSY8eFWh72a7Dxb7u7fk4
INFO 2023-01-14T15:07:38.637 auth - verifyToken -  Authorized. A token verified - eyJhbGciOiJIUzI1NiIsInR5cCI6IkpXVCJ9.eyJpZCI6IkFCRUw5NDAwOTA5OSIsImlhdCI6MTY3MzY3OTYwOSwiZXhwIjoxNjczNjgwNTA5fQ.wjmvBlCnmXT_9hTM_5jCJBMSY8eFWh72a7Dxb7u7fk4
INFO 2023-01-14T15:07:38.715 getAllRequestsRevFund - No data found Rows Length : 0
INFO 2023-01-14T15:07:38.722 getAllRequestsCash Rows Length : 3
INFO 2023-01-14T15:07:44.207 auth - verifyToken -  Authorized. A token verified - eyJhbGciOiJIUzI1NiIsInR5cCI6IkpXVCJ9.eyJpZCI6IkFCRUw5NDAwOTA5OSIsImlhdCI6MTY3MzY3OTYwOSwiZXhwIjoxNjczNjgwNTA5fQ.wjmvBlCnmXT_9hTM_5jCJBMSY8eFWh72a7Dxb7u7fk4
INFO 2023-01-14T15:07:44.208 auth - verifyToken -  Authorized. A token verified - eyJhbGciOiJIUzI1NiIsInR5cCI6IkpXVCJ9.eyJpZCI6IkFCRUw5NDAwOTA5OSIsImlhdCI6MTY3MzY3OTYwOSwiZXhwIjoxNjczNjgwNTA5fQ.wjmvBlCnmXT_9hTM_5jCJBMSY8eFWh72a7Dxb7u7fk4
INFO 2023-01-14T15:07:44.209 auth - verifyToken -  Authorized. A token verified - eyJhbGciOiJIUzI1NiIsInR5cCI6IkpXVCJ9.eyJpZCI6IkFCRUw5NDAwOTA5OSIsImlhdCI6MTY3MzY3OTYwOSwiZXhwIjoxNjczNjgwNTA5fQ.wjmvBlCnmXT_9hTM_5jCJBMSY8eFWh72a7Dxb7u7fk4
INFO 2023-01-14T15:07:44.213 auth - verifyToken -  Authorized. A token verified - eyJhbGciOiJIUzI1NiIsInR5cCI6IkpXVCJ9.eyJpZCI6IkFCRUw5NDAwOTA5OSIsImlhdCI6MTY3MzY3OTYwOSwiZXhwIjoxNjczNjgwNTA5fQ.wjmvBlCnmXT_9hTM_5jCJBMSY8eFWh72a7Dxb7u7fk4
INFO 2023-01-14T15:07:44.301 getAllRequestsCash Rows Length : 3
INFO 2023-01-14T15:07:44.301 getAllRequestsRevFund Rows Length : 2
INFO 2023-01-14T15:07:44.302 getAllRequestsCash Rows Length : 3
INFO 2023-01-14T15:07:44.302 getAllRequestsRevFund Rows Length : 1
INFO 2023-01-14T15:07:46.966 auth - verifyToken -  Authorized. A token verified - eyJhbGciOiJIUzI1NiIsInR5cCI6IkpXVCJ9.eyJpZCI6IkFCRUw5NDAwOTA5OSIsImlhdCI6MTY3MzY3OTYwOSwiZXhwIjoxNjczNjgwNTA5fQ.wjmvBlCnmXT_9hTM_5jCJBMSY8eFWh72a7Dxb7u7fk4
INFO 2023-01-14T15:07:47.061 OpenRequestController - getRfRequestByControlNo  responseMesage - Success, responseCode - 0
INFO 2023-01-14T15:09:29.385 auth - verifyToken -  Authorized. A token verified - eyJhbGciOiJIUzI1NiIsInR5cCI6IkpXVCJ9.eyJpZCI6IkFCRUw5NDAwOTA5OSIsImlhdCI6MTY3MzY3OTYwOSwiZXhwIjoxNjczNjgwNTA5fQ.wjmvBlCnmXT_9hTM_5jCJBMSY8eFWh72a7Dxb7u7fk4
INFO 2023-01-14T15:09:29.474 OpenRequestController - getRfRequestByControlNo  responseMesage - Success, responseCode - 0
INFO 2023-01-14T15:09:30.870 auth - verifyToken -  Authorized. A token verified - eyJhbGciOiJIUzI1NiIsInR5cCI6IkpXVCJ9.eyJpZCI6IkFCRUw5NDAwOTA5OSIsImlhdCI6MTY3MzY3OTYwOSwiZXhwIjoxNjczNjgwNTA5fQ.wjmvBlCnmXT_9hTM_5jCJBMSY8eFWh72a7Dxb7u7fk4
INFO 2023-01-14T15:09:30.876 auth - verifyToken -  Authorized. A token verified - eyJhbGciOiJIUzI1NiIsInR5cCI6IkpXVCJ9.eyJpZCI6IkFCRUw5NDAwOTA5OSIsImlhdCI6MTY3MzY3OTYwOSwiZXhwIjoxNjczNjgwNTA5fQ.wjmvBlCnmXT_9hTM_5jCJBMSY8eFWh72a7Dxb7u7fk4
INFO 2023-01-14T15:09:30.958 getAllRequestsRevFund - No data found Rows Length : 0
INFO 2023-01-14T15:09:30.966 getAllRequestsCash Rows Length : 3
INFO 2023-01-14T15:09:33.818 auth - verifyToken -  Authorized. A token verified - eyJhbGciOiJIUzI1NiIsInR5cCI6IkpXVCJ9.eyJpZCI6IkFCRUw5NDAwOTA5OSIsImlhdCI6MTY3MzY3OTYwOSwiZXhwIjoxNjczNjgwNTA5fQ.wjmvBlCnmXT_9hTM_5jCJBMSY8eFWh72a7Dxb7u7fk4
INFO 2023-01-14T15:09:33.819 auth - verifyToken -  Authorized. A token verified - eyJhbGciOiJIUzI1NiIsInR5cCI6IkpXVCJ9.eyJpZCI6IkFCRUw5NDAwOTA5OSIsImlhdCI6MTY3MzY3OTYwOSwiZXhwIjoxNjczNjgwNTA5fQ.wjmvBlCnmXT_9hTM_5jCJBMSY8eFWh72a7Dxb7u7fk4
INFO 2023-01-14T15:09:33.821 auth - verifyToken -  Authorized. A token verified - eyJhbGciOiJIUzI1NiIsInR5cCI6IkpXVCJ9.eyJpZCI6IkFCRUw5NDAwOTA5OSIsImlhdCI6MTY3MzY3OTYwOSwiZXhwIjoxNjczNjgwNTA5fQ.wjmvBlCnmXT_9hTM_5jCJBMSY8eFWh72a7Dxb7u7fk4
INFO 2023-01-14T15:09:33.834 auth - verifyToken -  Authorized. A token verified - eyJhbGciOiJIUzI1NiIsInR5cCI6IkpXVCJ9.eyJpZCI6IkFCRUw5NDAwOTA5OSIsImlhdCI6MTY3MzY3OTYwOSwiZXhwIjoxNjczNjgwNTA5fQ.wjmvBlCnmXT_9hTM_5jCJBMSY8eFWh72a7Dxb7u7fk4
INFO 2023-01-14T15:09:33.900 getAllRequestsCash Rows Length : 3
INFO 2023-01-14T15:09:33.906 getAllRequestsRevFund Rows Length : 2
INFO 2023-01-14T15:09:33.907 getAllRequestsCash Rows Length : 3
INFO 2023-01-14T15:09:33.918 getAllRequestsRevFund Rows Length : 1
INFO 2023-01-14T15:09:36.449 auth - verifyToken -  Authorized. A token verified - eyJhbGciOiJIUzI1NiIsInR5cCI6IkpXVCJ9.eyJpZCI6IkFCRUw5NDAwOTA5OSIsImlhdCI6MTY3MzY3OTYwOSwiZXhwIjoxNjczNjgwNTA5fQ.wjmvBlCnmXT_9hTM_5jCJBMSY8eFWh72a7Dxb7u7fk4
INFO 2023-01-14T15:09:36.536 OpenRequestController - getRfRequestByControlNo  responseMesage - Success, responseCode - 0
INFO 2023-01-14T15:11:42.756 auth - verifyToken -  Authorized. A token verified - eyJhbGciOiJIUzI1NiIsInR5cCI6IkpXVCJ9.eyJpZCI6IkFCRUw5NDAwOTA5OSIsImlhdCI6MTY3MzY3OTYwOSwiZXhwIjoxNjczNjgwNTA5fQ.wjmvBlCnmXT_9hTM_5jCJBMSY8eFWh72a7Dxb7u7fk4
INFO 2023-01-14T15:11:42.845 OpenRequestController - getRfRequestByControlNo  responseMesage - Success, responseCode - 0
INFO 2023-01-14T15:11:44.225 auth - verifyToken -  Authorized. A token verified - eyJhbGciOiJIUzI1NiIsInR5cCI6IkpXVCJ9.eyJpZCI6IkFCRUw5NDAwOTA5OSIsImlhdCI6MTY3MzY3OTYwOSwiZXhwIjoxNjczNjgwNTA5fQ.wjmvBlCnmXT_9hTM_5jCJBMSY8eFWh72a7Dxb7u7fk4
INFO 2023-01-14T15:11:44.233 auth - verifyToken -  Authorized. A token verified - eyJhbGciOiJIUzI1NiIsInR5cCI6IkpXVCJ9.eyJpZCI6IkFCRUw5NDAwOTA5OSIsImlhdCI6MTY3MzY3OTYwOSwiZXhwIjoxNjczNjgwNTA5fQ.wjmvBlCnmXT_9hTM_5jCJBMSY8eFWh72a7Dxb7u7fk4
INFO 2023-01-14T15:11:44.312 getAllRequestsRevFund - No data found Rows Length : 0
INFO 2023-01-14T15:11:44.318 getAllRequestsCash Rows Length : 3
