INFO 2023-01-11T08:57:28.947 server.js -  Server listening to port: 3000
FATAL 2023-01-11T08:57:28.956 10.4.9.186 - branch_request - Branch Connection Failed. Error: connect ETIMEDOUT
INFO 2023-01-11T09:50:53.692 server.js -  Server listening to port: 3000
INFO 2023-01-11T09:50:54.221 10.4.9.186 - branch_request - Branch Connected.
INFO 2023-01-11T09:53:27.165 OpenRequestController - getCashRequestByControlNo  responseMesage - Success, responseCode - 0
INFO 2023-01-11T09:54:22.623 OpenRequestController - getCashRequestByControlNo  responseMesage - Success, responseCode - 0
INFO 2023-01-11T09:55:51.466 getAllRequestsCash - No data found Rows Length : 0
INFO 2023-01-11T09:55:51.804 getAllRequestsRevFund - No data found Rows Length : 0
INFO 2023-01-11T09:55:51.834 getAllRequestsRevFund - No data found Rows Length : 0
INFO 2023-01-11T09:55:51.862 getAllRequestsCash - No data found Rows Length : 0
INFO 2023-01-11T09:55:53.497 getAllRequestsRevFund - No data found Rows Length : 0
INFO 2023-01-11T09:55:53.498 getAllRequestsCash - No data found Rows Length : 0
INFO 2023-01-11T09:55:56.455 getAllRequestsCash - No data found Rows Length : 0
INFO 2023-01-11T09:55:56.456 getAllRequestsRevFund - No data found Rows Length : 0
INFO 2023-01-11T09:55:56.460 getAllRequestsRevFund - No data found Rows Length : 0
INFO 2023-01-11T09:55:56.462 getAllRequestsCash - No data found Rows Length : 0
INFO 2023-01-11T09:55:57.329 getAllRequestsCash - No data found Rows Length : 0
INFO 2023-01-11T09:55:57.330 getAllRequestsRevFund - No data found Rows Length : 0
INFO 2023-01-11T09:55:59.216 OpenRequestController - getCashRequestByControlNo  responseMesage - Success, responseCode - 0
INFO 2023-01-11T09:56:02.616 getAllRequestsRevFund - No data found Rows Length : 0
INFO 2023-01-11T09:56:02.617 getAllRequestsCash - No data found Rows Length : 0
INFO 2023-01-11T09:56:05.200 requestController - getMaxId -  row: 1
INFO 2023-01-11T09:56:16.023 OpenRequestController - postRequest  responseMesage - Success, responseCode - 0
INFO 2023-01-11T09:56:19.640 OpenRequestController - getCashRequestByControlNo  responseMesage - Success, responseCode - 0
INFO 2023-01-11T09:56:23.934 getAllRequestsRevFund - No data found Rows Length : 0
INFO 2023-01-11T09:56:23.937 getAllRequestsCash Rows Length : 1
INFO 2023-01-11T09:56:24.956 OpenRequestController - getCashRequestByControlNo  responseMesage - Success, responseCode - 0
INFO 2023-01-11T09:56:32.144 requestController - getRfMaxId -  row: 1
INFO 2023-01-11T09:56:47.551 OpenRequestController - postRfRequest  responseMesage - Success, responseCode - 0
INFO 2023-01-11T09:56:51.684 OpenRequestController - getRfRequestByControlNo  responseMesage - Success, responseCode - 0
INFO 2023-01-11T09:56:55.854 getAllRequestsRevFund Rows Length : 1
INFO 2023-01-11T09:56:55.856 getAllRequestsCash Rows Length : 1
INFO 2023-01-11T09:56:57.294 OpenRequestController - getRfRequestByControlNo  responseMesage - Success, responseCode - 0
INFO 2023-01-11T09:57:56.316 getAllRequestsRevFund - No data found Rows Length : 0
INFO 2023-01-11T09:57:56.317 getAllRequestsCash Rows Length : 1
INFO 2023-01-11T09:57:58.591 OpenRequestController - getCashRequestByControlNo  responseMesage - Success, responseCode - 0
INFO 2023-01-11T09:58:33.201 OpenRequestController - getCashRequestByControlNo  responseMesage - Success, responseCode - 0
INFO 2023-01-11T09:58:58.326 OpenRequestController - getCashRequestByControlNo  responseMesage - Success, responseCode - 0
INFO 2023-01-11T09:58:59.912 getAllRequestsRevFund - No data found Rows Length : 0
INFO 2023-01-11T09:58:59.958 getAllRequestsCash Rows Length : 1
INFO 2023-01-11T09:59:01.973 OpenRequestController - getRfRequestByControlNo  responseMesage - Success, responseCode - 0
INFO 2023-01-11T09:59:29.853 OpenRequestController - getRfRequestByControlNo  responseMesage - Success, responseCode - 0
INFO 2023-01-11T09:59:39.236 getAllRequestsRevFund - No data found Rows Length : 0
INFO 2023-01-11T09:59:39.245 getAllRequestsCash Rows Length : 1
INFO 2023-01-11T09:59:41.524 OpenRequestController - getCashRequestByControlNo  responseMesage - Success, responseCode - 0
INFO 2023-01-11T09:59:48.328 getAllRequestsRevFund - No data found Rows Length : 0
INFO 2023-01-11T09:59:48.331 getAllRequestsCash Rows Length : 1
INFO 2023-01-11T09:59:50.104 getAllRequestsCash - No data found Rows Length : 0
INFO 2023-01-11T09:59:50.105 getAllRequestsRevFund - No data found Rows Length : 0
INFO 2023-01-11T09:59:50.106 getAllRequestsCash Rows Length : 1
INFO 2023-01-11T09:59:50.106 getAllRequestsRevFund Rows Length : 1
INFO 2023-01-11T09:59:51.479 OpenRequestController - getRfRequestByControlNo  responseMesage - Success, responseCode - 0
INFO 2023-01-11T10:00:47.422 OpenRequestController - getRfRequestByControlNo  responseMesage - Success, responseCode - 0
INFO 2023-01-11T10:00:50.710 getAllRequestsCash - No data found Rows Length : 0
INFO 2023-01-11T10:00:50.715 getAllRequestsRevFund - No data found Rows Length : 0
INFO 2023-01-11T10:00:50.721 getAllRequestsCash Rows Length : 1
INFO 2023-01-11T10:00:50.721 getAllRequestsRevFund Rows Length : 1
INFO 2023-01-11T10:00:52.395 OpenRequestController - getCashRequestByControlNo  responseMesage - Success, responseCode - 0
INFO 2023-01-11T10:00:55.011 getAllRequestsCash - No data found Rows Length : 0
INFO 2023-01-11T10:00:55.011 getAllRequestsRevFund - No data found Rows Length : 0
INFO 2023-01-11T10:00:55.012 getAllRequestsCash Rows Length : 1
INFO 2023-01-11T10:00:55.013 getAllRequestsRevFund Rows Length : 1
INFO 2023-01-11T10:00:56.748 getAllRequestsRevFund - No data found Rows Length : 0
INFO 2023-01-11T10:00:56.749 getAllRequestsCash Rows Length : 1
INFO 2023-01-11T10:00:58.720 OpenRequestController - getCashRequestByControlNo  responseMesage - Success, responseCode - 0
INFO 2023-01-11T10:01:02.013 CASH ADVANCE APPROVED - updateRequestStatus -  Approver Status Updating - CA-230111-000032
INFO 2023-01-11T10:01:02.127 CASH ADVANCE APPROVED - updateApproverStatus -  Approver Status Updated - ass_vpo_approver
INFO 2023-01-11T10:01:05.705 OpenRequestController - getCashRequestByControlNo  responseMesage - Success, responseCode - 0
INFO 2023-01-11T10:01:12.901 getAllRequestsRevFund Rows Length : 1
INFO 2023-01-11T10:01:12.903 getAllRequestsCash Rows Length : 1
INFO 2023-01-11T10:01:14.111 OpenRequestController - getCashRequestByControlNo  responseMesage - Success, responseCode - 0
INFO 2023-01-11T10:01:29.146 getAllRequestsRevFund Rows Length : 1
INFO 2023-01-11T10:01:29.147 getAllRequestsCash Rows Length : 1
INFO 2023-01-11T10:01:31.785 OpenRequestController - getCashRequestByControlNo  responseMesage - Success, responseCode - 0
INFO 2023-01-11T10:01:37.835 getAllRequestsRevFund Rows Length : 1
INFO 2023-01-11T10:01:37.836 getAllRequestsCash Rows Length : 1
INFO 2023-01-11T10:01:39.722 OpenRequestController - getCashRequestByControlNo  responseMesage - Success, responseCode - 0
INFO 2023-01-11T10:01:43.597 getAllRequestsRevFund Rows Length : 1
INFO 2023-01-11T10:01:43.598 getAllRequestsCash Rows Length : 1
INFO 2023-01-11T10:01:46.494 OpenRequestController - getRfRequestByControlNo  responseMesage - Success, responseCode - 0
INFO 2023-01-11T10:01:50.183 getAllRequestsRevFund Rows Length : 1
INFO 2023-01-11T10:01:50.185 getAllRequestsCash Rows Length : 1
INFO 2023-01-11T10:01:51.215 OpenRequestController - getRfRequestByControlNo  responseMesage - Success, responseCode - 0
INFO 2023-01-11T10:02:05.568 OpenRequestController - getRfRequestByControlNo  responseMesage - Success, responseCode - 0
INFO 2023-01-11T10:02:10.085 getAllRequestsCash Rows Length : 1
INFO 2023-01-11T10:02:10.086 getAllRequestsRevFund Rows Length : 1
INFO 2023-01-11T10:02:11.728 OpenRequestController - getCashRequestByControlNo  responseMesage - Success, responseCode - 0
INFO 2023-01-11T10:02:14.674 getAllRequestsRevFund Rows Length : 1
INFO 2023-01-11T10:02:14.675 getAllRequestsCash Rows Length : 1
INFO 2023-01-11T10:02:25.401 OpenRequestController - getCashRequestByControlNo  responseMesage - Success, responseCode - 0
INFO 2023-01-11T10:02:26.290 getAllRequestsCash Rows Length : 1
INFO 2023-01-11T10:02:26.292 getAllRequestsRevFund Rows Length : 1
INFO 2023-01-11T10:02:27.958 OpenRequestController - getRfRequestByControlNo  responseMesage - Success, responseCode - 0
INFO 2023-01-11T10:02:33.873 getAllRequestsRevFund - No data found Rows Length : 0
INFO 2023-01-11T10:02:33.874 getAllRequestsCash Rows Length : 1
INFO 2023-01-11T10:02:35.860 OpenRequestController - getRfRequestByControlNo  responseMesage - Success, responseCode - 0
INFO 2023-01-11T10:02:39.799 REVOLVING FUND APPROVED - updateRequestStatus -  Approver Status Updating - RF-230111-000012
INFO 2023-01-11T10:02:39.887 REVOLVING FUND APPROVED - updateApproverStatus -  Approver Status Updated - ass_vpo_approver
INFO 2023-01-11T10:02:43.428 OpenRequestController - getRfRequestByControlNo  responseMesage - Success, responseCode - 0
INFO 2023-01-11T10:02:49.029 getAllRequestsCash Rows Length : 1
INFO 2023-01-11T10:02:49.030 getAllRequestsRevFund - No data found Rows Length : 0
INFO 2023-01-11T10:02:50.615 OpenRequestController - getCashRequestByControlNo  responseMesage - Success, responseCode - 0
INFO 2023-01-11T10:02:53.684 getAllRequestsRevFund - No data found Rows Length : 0
INFO 2023-01-11T10:02:53.687 getAllRequestsCash Rows Length : 1
INFO 2023-01-11T10:02:54.309 getAllRequestsCash - No data found Rows Length : 0
INFO 2023-01-11T10:02:54.316 getAllRequestsRevFund - No data found Rows Length : 0
INFO 2023-01-11T10:02:54.317 getAllRequestsCash Rows Length : 1
INFO 2023-01-11T10:02:54.345 getAllRequestsRevFund Rows Length : 1
INFO 2023-01-11T10:02:56.414 OpenRequestController - getCashRequestByControlNo  responseMesage - Success, responseCode - 0
INFO 2023-01-11T10:02:59.753 getAllRequestsCash - No data found Rows Length : 0
INFO 2023-01-11T10:02:59.766 getAllRequestsCash Rows Length : 1
INFO 2023-01-11T10:02:59.767 getAllRequestsRevFund - No data found Rows Length : 0
INFO 2023-01-11T10:02:59.792 getAllRequestsRevFund Rows Length : 1
INFO 2023-01-11T10:03:00.917 OpenRequestController - getRfRequestByControlNo  responseMesage - Success, responseCode - 0
INFO 2023-01-11T10:03:03.058 getAllRequestsCash - No data found Rows Length : 0
INFO 2023-01-11T10:03:03.059 getAllRequestsRevFund - No data found Rows Length : 0
INFO 2023-01-11T10:03:03.060 getAllRequestsCash Rows Length : 1
INFO 2023-01-11T10:03:03.065 getAllRequestsRevFund Rows Length : 1
INFO 2023-01-11T10:03:08.028 getAllRequestsRevFund Rows Length : 1
INFO 2023-01-11T10:03:08.028 getAllRequestsCash Rows Length : 1
INFO 2023-01-11T10:03:09.260 OpenRequestController - getRfRequestByControlNo  responseMesage - Success, responseCode - 0
INFO 2023-01-11T10:03:11.353 getAllRequestsRevFund Rows Length : 1
INFO 2023-01-11T10:03:11.356 getAllRequestsCash Rows Length : 1
INFO 2023-01-11T10:03:13.200 OpenRequestController - getCashRequestByControlNo  responseMesage - Success, responseCode - 0
INFO 2023-01-11T10:03:17.383 getAllRequestsRevFund Rows Length : 1
INFO 2023-01-11T10:03:17.384 getAllRequestsCash Rows Length : 1
INFO 2023-01-11T10:03:19.118 OpenRequestController - getCashRequestByControlNo  responseMesage - Success, responseCode - 0
INFO 2023-01-11T10:03:25.582 getAllRequestsCash Rows Length : 1
INFO 2023-01-11T10:03:25.583 getAllRequestsRevFund Rows Length : 1
INFO 2023-01-11T14:38:30.963 server.js -  Server listening to port: 3000
INFO 2023-01-11T14:38:31.446 10.4.9.186 - branch_request - Branch Connected.
INFO 2023-01-11T14:40:24.120 server.js -  Server listening to port: 3000
INFO 2023-01-11T14:40:24.569 10.4.9.186 - branch_request - Branch Connected.
INFO 2023-01-11T14:42:51.132 server.js -  Server listening to port: 3000
INFO 2023-01-11T14:42:51.561 10.4.9.186 - branch_request - Branch Connected.
INFO 2023-01-11T15:00:10.330 server.js -  Server listening to port: 3000
INFO 2023-01-11T15:00:10.717 10.4.9.186 - branch_request - Branch Connected.
INFO 2023-01-11T15:00:31.400 server.js -  Server listening to port: 3000
INFO 2023-01-11T15:00:31.816 10.4.9.186 - branch_request - Branch Connected.
INFO 2023-01-11T15:03:53.466 server.js -  Server listening to port: 3000
INFO 2023-01-11T15:03:53.876 10.4.9.186 - branch_request - Branch Connected.
INFO 2023-01-11T15:58:01.846 server.js -  Server listening to port: 3000
INFO 2023-01-11T15:58:02.450 10.4.9.186 - branch_request - Branch Connected.
INFO 2023-01-11T16:01:25.530 server.js -  Server listening to port: 3000
INFO 2023-01-11T16:01:25.896 10.4.9.186 - branch_request - Branch Connected.
INFO 2023-01-11T16:01:42.974 server.js -  Server listening to port: 3000
INFO 2023-01-11T16:01:43.348 10.4.9.186 - branch_request - Branch Connected.
INFO 2023-01-11T16:11:40.947 server.js -  Server listening to port: 3000
INFO 2023-01-11T16:11:41.334 10.4.9.186 - branch_request - Branch Connected.
INFO 2023-01-11T16:12:48.421 server.js -  Server listening to port: 3000
INFO 2023-01-11T16:12:48.812 10.4.9.186 - branch_request - Branch Connected.
INFO 2023-01-11T16:16:11.832 server.js -  Server listening to port: 3000
INFO 2023-01-11T16:16:12.225 10.4.9.186 - branch_request - Branch Connected.
INFO 2023-01-11T16:16:25.674 server.js -  Server listening to port: 3000
INFO 2023-01-11T16:16:26.085 10.4.9.186 - branch_request - Branch Connected.
