INFO 2022-12-15T08:56:42.145 server.js -  Server listening to port: 3000
FATAL 2022-12-15T08:56:42.151 10.0.11.65 - kpusers - Connection Failed. Error: connect ETIMEDOUT
INFO 2022-12-15T08:56:42.933 10.4.9.186 - branch_request - Branch Connected.
INFO 2022-12-15T08:58:47.274 requestController - getMaxId -  row: 1
INFO 2022-12-15T08:59:00.463 requestController - getMaxId -  row: 1
INFO 2022-12-15T08:59:07.218 requestController - getRfMaxId -  row: 1
INFO 2022-12-15T08:59:10.166 requestController - getMaxId -  row: 1
INFO 2022-12-15T08:59:12.978 getAllRequestsRevFund Rows Length : 2
INFO 2022-12-15T08:59:13.429 getAllRequestsCash Rows Length : 2
INFO 2022-12-15T09:10:03.049 requestController - getMaxId -  row: 1
INFO 2022-12-15T09:12:21.705 requestController - getMaxId -  row: 1
INFO 2022-12-15T09:12:48.248 requestController - getMaxId -  row: 1
INFO 2022-12-15T09:13:36.411 requestController - getRfMaxId -  row: 1
INFO 2022-12-15T09:14:44.137 getAllRequestsRevFund Rows Length : 2
INFO 2022-12-15T09:14:44.139 getAllRequestsCash Rows Length : 2
INFO 2022-12-15T09:14:44.249 getAllRequestsCash Rows Length : 2
INFO 2022-12-15T09:14:44.251 getAllRequestsRevFund Rows Length : 2
INFO 2022-12-15T09:15:07.327 getAllRequestsCash - No data found Rows Length : 0
INFO 2022-12-15T09:15:07.328 getAllRequestsRevFund - No data found Rows Length : 0
INFO 2022-12-15T09:16:24.704 getAllRequestsCash - No data found Rows Length : 0
INFO 2022-12-15T09:16:24.706 getAllRequestsRevFund - No data found Rows Length : 0
INFO 2022-12-15T09:16:24.809 getAllRequestsCash - No data found Rows Length : 0
INFO 2022-12-15T09:16:24.812 getAllRequestsRevFund - No data found Rows Length : 0
INFO 2022-12-15T09:16:25.127 getAllRequestsCash Rows Length : 1
INFO 2022-12-15T09:16:25.233 getAllRequestsCash Rows Length : 1
INFO 2022-12-15T09:16:27.046 OpenRequestController - getCashRequestByControlNo  responseMesage - Success, responseCode - 0
INFO 2022-12-15T09:16:34.883 getAllRequestsCash - No data found Rows Length : 0
INFO 2022-12-15T09:16:34.885 getAllRequestsCash Rows Length : 1
INFO 2022-12-15T09:16:34.889 getAllRequestsRevFund - No data found Rows Length : 0
INFO 2022-12-15T09:16:55.372 getAllRequestsRevFund Rows Length : 2
INFO 2022-12-15T09:16:55.374 getAllRequestsCash Rows Length : 2
INFO 2022-12-15T09:57:23.403 OpenRequestController - getCashRequestByControlNo  responseMesage - Success, responseCode - 0
INFO 2022-12-15T09:57:28.681 getAllRequestsRevFund Rows Length : 2
INFO 2022-12-15T09:57:28.682 getAllRequestsCash Rows Length : 2
INFO 2022-12-15T09:57:30.930 OpenRequestController - getCashRequestByControlNo  responseMesage - Success, responseCode - 0
INFO 2022-12-15T09:57:40.918 getAllRequestsRevFund Rows Length : 2
INFO 2022-12-15T09:57:40.919 getAllRequestsCash Rows Length : 2
INFO 2022-12-15T09:57:42.449 OpenRequestController - getRfRequestByControlNo  responseMesage - Success, responseCode - 0
INFO 2022-12-15T09:58:22.717 getAllRequestsRevFund Rows Length : 2
INFO 2022-12-15T09:58:22.718 getAllRequestsCash Rows Length : 2
INFO 2022-12-15T09:58:24.216 OpenRequestController - getCashRequestByControlNo  responseMesage - Success, responseCode - 0
INFO 2022-12-15T09:58:59.501 getAllRequestsCash - No data found Rows Length : 0
INFO 2022-12-15T09:58:59.503 getAllRequestsRevFund - No data found Rows Length : 0
INFO 2022-12-15T09:58:59.505 getAllRequestsCash Rows Length : 1
INFO 2022-12-15T09:59:00.608 OpenRequestController - getCashRequestByControlNo  responseMesage - Success, responseCode - 0
INFO 2022-12-15T09:59:16.893 OpenRequestController - getCashRequestByControlNo  responseMesage - Success, responseCode - 0
INFO 2022-12-15T09:59:42.838 getAllRequestsCash - No data found Rows Length : 0
INFO 2022-12-15T09:59:42.840 getAllRequestsRevFund - No data found Rows Length : 0
INFO 2022-12-15T09:59:42.843 getAllRequestsCash Rows Length : 1
INFO 2022-12-15T09:59:47.355 getAllRequestsCash Rows Length : 2
INFO 2022-12-15T09:59:47.355 getAllRequestsRevFund Rows Length : 2
INFO 2022-12-15T10:02:04.030 OpenRequestController - getRfRequestByControlNo  responseMesage - Success, responseCode - 0
INFO 2022-12-15T10:02:08.667 getAllRequestsRevFund Rows Length : 2
INFO 2022-12-15T10:02:08.668 getAllRequestsCash Rows Length : 2
INFO 2022-12-15T10:02:09.713 OpenRequestController - getCashRequestByControlNo  responseMesage - Success, responseCode - 0
INFO 2022-12-15T10:05:39.038 getAllRequestsRevFund - No data found Rows Length : 0
INFO 2022-12-15T10:05:39.051 getAllRequestsCash - No data found Rows Length : 0
INFO 2022-12-15T10:05:41.719 requestController - getMaxId -  row: 1
INFO 2022-12-15T10:05:52.055 requestController - getRfMaxId -  row: 1
INFO 2022-12-15T10:10:14.531 server.js -  Server listening to port: 3000
FATAL 2022-12-15T10:10:14.536 10.0.11.65 - kpusers - Connection Failed. Error: connect ETIMEDOUT
INFO 2022-12-15T10:10:15.127 10.4.9.186 - branch_request - Branch Connected.
INFO 2022-12-15T10:14:46.887 server.js -  Server listening to port: 3000
INFO 2022-12-15T10:14:46.930 10.0.11.65 - kpusers - Kp Connected.
INFO 2022-12-15T10:14:47.299 10.4.9.186 - branch_request - Branch Connected.
INFO 2022-12-15T10:15:31.708 requestController - getRfMaxId -  row: 1
INFO 2022-12-15T10:16:11.439 requestController - getRfMaxId -  row: 1
INFO 2022-12-15T10:17:48.669 requestController - getRfMaxId -  row: 1
INFO 2022-12-15T10:22:01.042 requestController - getRfMaxId -  row: 1
INFO 2022-12-15T10:22:05.188 requestController - getMaxId -  row: 1
INFO 2022-12-15T10:22:10.101 getAllRequestsRevFund - No data found Rows Length : 0
INFO 2022-12-15T10:22:10.531 getAllRequestsCash - No data found Rows Length : 0
INFO 2022-12-15T10:23:15.891 getAllRequestsRevFund - No data found Rows Length : 0
INFO 2022-12-15T10:23:15.898 getAllRequestsCash - No data found Rows Length : 0
INFO 2022-12-15T10:25:08.869 getAllRequestsRevFund - No data found Rows Length : 0
INFO 2022-12-15T10:25:08.930 getAllRequestsCash - No data found Rows Length : 0
INFO 2022-12-15T10:25:33.233 getAllRequestsRevFund - No data found Rows Length : 0
INFO 2022-12-15T10:25:33.254 getAllRequestsCash - No data found Rows Length : 0
INFO 2022-12-15T10:30:35.929 getAllRequestsRevFund - No data found Rows Length : 0
INFO 2022-12-15T10:30:35.932 getAllRequestsCash - No data found Rows Length : 0
INFO 2022-12-15T10:30:37.978 requestController - getMaxId -  row: 1
INFO 2022-12-15T10:31:09.538 requestController - getMaxId -  row: 1
INFO 2022-12-15T10:32:54.282 requestController - getMaxId -  row: 1
INFO 2022-12-15T10:37:35.760 requestController - getMaxId -  row: 1
INFO 2022-12-15T10:37:51.692 requestController - getMaxId -  row: 1
INFO 2022-12-15T10:39:08.340 requestController - getMaxId -  row: 1
INFO 2022-12-15T10:39:10.851 requestController - getMaxId -  row: 1
INFO 2022-12-15T10:50:58.741 requestController - getMaxId -  row: 1
INFO 2022-12-15T10:51:02.011 requestController - getRfMaxId -  row: 1
INFO 2022-12-15T10:51:03.533 getAllRequestsRevFund - No data found Rows Length : 0
INFO 2022-12-15T10:51:03.533 getAllRequestsCash - No data found Rows Length : 0
INFO 2022-12-15T10:53:41.160 getAllRequestsRevFund - No data found Rows Length : 0
INFO 2022-12-15T10:53:41.184 getAllRequestsCash - No data found Rows Length : 0
INFO 2022-12-15T10:55:20.920 getAllRequestsRevFund - No data found Rows Length : 0
INFO 2022-12-15T10:55:20.933 getAllRequestsCash - No data found Rows Length : 0
INFO 2022-12-15T10:55:27.067 getAllRequestsRevFund - No data found Rows Length : 0
INFO 2022-12-15T10:55:27.113 getAllRequestsCash - No data found Rows Length : 0
INFO 2022-12-15T10:56:26.529 server.js -  Server listening to port: 3000
INFO 2022-12-15T10:56:26.621 10.0.11.65 - kpusers - Kp Connected.
INFO 2022-12-15T10:56:27.027 10.4.9.186 - branch_request - Branch Connected.
INFO 2022-12-15T10:57:17.736 server.js -  Server listening to port: 3000
INFO 2022-12-15T10:57:17.779 10.0.11.65 - kpusers - Kp Connected.
INFO 2022-12-15T10:57:18.151 10.4.9.186 - branch_request - Branch Connected.
INFO 2022-12-15T10:57:21.256 getAllRequestsRevFund - No data found Rows Length : 0
INFO 2022-12-15T10:57:21.263 getAllRequestsCash - No data found Rows Length : 0
INFO 2022-12-15T10:58:28.029 getAllRequestsRevFund - No data found Rows Length : 0
INFO 2022-12-15T10:58:28.039 getAllRequestsCash - No data found Rows Length : 0
INFO 2022-12-15T10:58:39.330 getAllRequestsRevFund - No data found Rows Length : 0
INFO 2022-12-15T10:58:39.345 getAllRequestsCash - No data found Rows Length : 0
INFO 2022-12-15T10:59:09.545 getAllRequestsRevFund - No data found Rows Length : 0
INFO 2022-12-15T10:59:09.552 getAllRequestsCash - No data found Rows Length : 0
INFO 2022-12-15T10:59:40.676 server.js -  Server listening to port: 3000
INFO 2022-12-15T10:59:40.719 10.0.11.65 - kpusers - Kp Connected.
INFO 2022-12-15T10:59:41.098 10.4.9.186 - branch_request - Branch Connected.
INFO 2022-12-15T10:59:44.672 getAllRequestsCash - No data found Rows Length : 0
INFO 2022-12-15T10:59:44.688 getAllRequestsRevFund - No data found Rows Length : 0
INFO 2022-12-15T11:00:12.576 getAllRequestsCash - No data found Rows Length : 0
INFO 2022-12-15T11:00:12.578 getAllRequestsRevFund - No data found Rows Length : 0
INFO 2022-12-15T11:00:29.552 getAllRequestsRevFund - No data found Rows Length : 0
INFO 2022-12-15T11:00:29.554 getAllRequestsCash - No data found Rows Length : 0
INFO 2022-12-15T11:00:46.723 getAllRequestsRevFund - No data found Rows Length : 0
INFO 2022-12-15T11:00:46.735 getAllRequestsCash - No data found Rows Length : 0
INFO 2022-12-15T11:01:18.177 getAllRequestsRevFund - No data found Rows Length : 0
INFO 2022-12-15T11:01:18.178 getAllRequestsCash - No data found Rows Length : 0
INFO 2022-12-15T11:01:33.514 getAllRequestsRevFund - No data found Rows Length : 0
INFO 2022-12-15T11:01:33.521 getAllRequestsCash - No data found Rows Length : 0
INFO 2022-12-15T11:02:07.156 getAllRequestsCash - No data found Rows Length : 0
INFO 2022-12-15T11:02:07.157 getAllRequestsRevFund - No data found Rows Length : 0
INFO 2022-12-15T11:02:10.223 getAllRequestsRevFund - No data found Rows Length : 0
INFO 2022-12-15T11:02:10.236 getAllRequestsCash - No data found Rows Length : 0
INFO 2022-12-15T11:02:18.929 getAllRequestsRevFund - No data found Rows Length : 0
INFO 2022-12-15T11:02:18.935 getAllRequestsCash - No data found Rows Length : 0
INFO 2022-12-15T11:02:29.668 getAllRequestsRevFund - No data found Rows Length : 0
INFO 2022-12-15T11:02:29.670 getAllRequestsCash - No data found Rows Length : 0
INFO 2022-12-15T11:02:38.990 getAllRequestsRevFund - No data found Rows Length : 0
INFO 2022-12-15T11:02:38.991 getAllRequestsCash - No data found Rows Length : 0
INFO 2022-12-15T11:02:56.364 getAllRequestsRevFund - No data found Rows Length : 0
INFO 2022-12-15T11:02:56.368 getAllRequestsCash - No data found Rows Length : 0
INFO 2022-12-15T11:03:28.790 getAllRequestsRevFund - No data found Rows Length : 0
INFO 2022-12-15T11:03:28.791 getAllRequestsCash - No data found Rows Length : 0
INFO 2022-12-15T11:04:53.088 getAllRequestsRevFund - No data found Rows Length : 0
INFO 2022-12-15T11:04:53.106 getAllRequestsCash - No data found Rows Length : 0
INFO 2022-12-15T11:06:04.217 server.js -  Server listening to port: 3000
INFO 2022-12-15T11:06:04.258 10.0.11.65 - kpusers - Kp Connected.
INFO 2022-12-15T11:06:04.639 10.4.9.186 - branch_request - Branch Connected.
INFO 2022-12-15T11:06:04.890 getAllRequestsRevFund - No data found Rows Length : 0
INFO 2022-12-15T11:06:04.898 getAllRequestsCash - No data found Rows Length : 0
INFO 2022-12-15T11:06:26.405 server.js -  Server listening to port: 3000
INFO 2022-12-15T11:06:26.455 10.0.11.65 - kpusers - Kp Connected.
INFO 2022-12-15T11:06:26.906 10.4.9.186 - branch_request - Branch Connected.
INFO 2022-12-15T11:06:27.147 getAllRequestsRevFund - No data found Rows Length : 0
INFO 2022-12-15T11:06:27.159 getAllRequestsCash - No data found Rows Length : 0
INFO 2022-12-15T11:09:25.222 server.js -  Server listening to port: 3000
INFO 2022-12-15T11:09:25.255 10.0.11.65 - kpusers - Kp Connected.
INFO 2022-12-15T11:09:25.647 10.4.9.186 - branch_request - Branch Connected.
INFO 2022-12-15T11:09:51.604 server.js -  Server listening to port: 3000
INFO 2022-12-15T11:09:51.646 10.0.11.65 - kpusers - Kp Connected.
INFO 2022-12-15T11:09:52.027 10.4.9.186 - branch_request - Branch Connected.
INFO 2022-12-15T11:10:08.599 getAllRequestsRevFund - No data found Rows Length : 0
INFO 2022-12-15T11:10:08.606 getAllRequestsCash - No data found Rows Length : 0
INFO 2022-12-15T11:11:32.964 server.js -  Server listening to port: 3000
INFO 2022-12-15T11:11:32.998 10.0.11.65 - kpusers - Kp Connected.
INFO 2022-12-15T11:11:33.385 10.4.9.186 - branch_request - Branch Connected.
INFO 2022-12-15T11:11:50.424 getAllRequestsRevFund - No data found Rows Length : 0
INFO 2022-12-15T11:11:50.444 getAllRequestsCash - No data found Rows Length : 0
INFO 2022-12-15T11:12:26.196 getAllRequestsRevFund - No data found Rows Length : 0
INFO 2022-12-15T11:12:26.210 getAllRequestsCash - No data found Rows Length : 0
INFO 2022-12-15T11:12:44.052 OpenRequestController - getCashRequestByControlNo  responseMesage - Success, responseCode - 0
INFO 2022-12-15T11:12:45.786 getAllRequestsRevFund - No data found Rows Length : 0
INFO 2022-12-15T11:12:45.793 getAllRequestsCash - No data found Rows Length : 0
INFO 2022-12-15T11:14:28.838 getAllRequestsRevFund - No data found Rows Length : 0
INFO 2022-12-15T11:14:28.841 getAllRequestsCash - No data found Rows Length : 0
INFO 2022-12-15T11:15:56.443 server.js -  Server listening to port: 3000
INFO 2022-12-15T11:15:56.734 10.0.11.65 - kpusers - Kp Connected.
INFO 2022-12-15T11:15:56.907 10.4.9.186 - branch_request - Branch Connected.
INFO 2022-12-15T11:16:18.171 server.js -  Server listening to port: 3000
INFO 2022-12-15T11:16:18.208 10.0.11.65 - kpusers - Kp Connected.
INFO 2022-12-15T11:16:18.591 10.4.9.186 - branch_request - Branch Connected.
INFO 2022-12-15T13:35:44.203 getAllRequestsRevFund - No data found Rows Length : 0
INFO 2022-12-15T13:35:44.210 getAllRequestsCash - No data found Rows Length : 0
INFO 2022-12-15T13:36:00.711 requestController - getMaxId -  row: 1
INFO 2022-12-15T13:59:05.206 getAllRequestsRevFund - No data found Rows Length : 0
INFO 2022-12-15T13:59:05.208 getAllRequestsCash - No data found Rows Length : 0
INFO 2022-12-15T14:00:32.969 getAllRequestsRevFund - No data found Rows Length : 0
INFO 2022-12-15T14:00:32.971 getAllRequestsCash - No data found Rows Length : 0
INFO 2022-12-15T14:01:50.265 getAllRequestsRevFund - No data found Rows Length : 0
INFO 2022-12-15T14:01:50.268 getAllRequestsCash - No data found Rows Length : 0
INFO 2022-12-15T14:05:47.170 server.js -  Server listening to port: 3000
INFO 2022-12-15T14:05:47.258 10.0.11.65 - kpusers - Kp Connected.
INFO 2022-12-15T14:05:47.617 10.4.9.186 - branch_request - Branch Connected.
INFO 2022-12-15T14:06:27.446 getAllRequestsRevFund - No data found Rows Length : 0
INFO 2022-12-15T14:06:27.457 getAllRequestsCash - No data found Rows Length : 0
INFO 2022-12-15T14:07:04.460 getAllRequestsRevFund - No data found Rows Length : 0
INFO 2022-12-15T14:07:04.468 getAllRequestsCash - No data found Rows Length : 0
INFO 2022-12-15T14:07:27.674 getAllRequestsRevFund - No data found Rows Length : 0
INFO 2022-12-15T14:07:27.687 getAllRequestsCash - No data found Rows Length : 0
INFO 2022-12-15T14:07:54.116 getAllRequestsRevFund - No data found Rows Length : 0
INFO 2022-12-15T14:07:54.125 getAllRequestsCash - No data found Rows Length : 0
INFO 2022-12-15T14:08:19.621 getAllRequestsRevFund - No data found Rows Length : 0
INFO 2022-12-15T14:08:19.627 getAllRequestsCash - No data found Rows Length : 0
INFO 2022-12-15T14:09:17.807 server.js -  Server listening to port: 3000
INFO 2022-12-15T14:09:17.850 10.0.11.65 - kpusers - Kp Connected.
INFO 2022-12-15T14:09:18.245 10.4.9.186 - branch_request - Branch Connected.
INFO 2022-12-15T14:09:22.128 getAllRequestsRevFund - No data found Rows Length : 0
INFO 2022-12-15T14:09:22.149 getAllRequestsCash - No data found Rows Length : 0
INFO 2022-12-15T14:10:41.425 server.js -  Server listening to port: 3000
INFO 2022-12-15T14:10:41.457 10.0.11.65 - kpusers - Kp Connected.
INFO 2022-12-15T14:10:41.855 10.4.9.186 - branch_request - Branch Connected.
INFO 2022-12-15T14:10:53.338 getAllRequestsCash - No data found Rows Length : 0
INFO 2022-12-15T14:10:53.344 getAllRequestsRevFund - No data found Rows Length : 0
INFO 2022-12-15T14:11:02.430 getAllRequestsRevFund - No data found Rows Length : 0
INFO 2022-12-15T14:11:02.445 getAllRequestsCash - No data found Rows Length : 0
INFO 2022-12-15T14:11:52.494 server.js -  Server listening to port: 3000
INFO 2022-12-15T14:11:52.525 10.0.11.65 - kpusers - Kp Connected.
INFO 2022-12-15T14:11:52.924 10.4.9.186 - branch_request - Branch Connected.
INFO 2022-12-15T14:11:56.784 getAllRequestsRevFund - No data found Rows Length : 0
INFO 2022-12-15T14:11:56.789 getAllRequestsCash - No data found Rows Length : 0
INFO 2022-12-15T14:18:24.361 OpenRequestController - getRfRequestByControlNo  responseMesage - Success, responseCode - 0
INFO 2022-12-15T14:18:24.576 OpenRequestController - getRfRequestByControlNo  responseMesage - Success, responseCode - 0
INFO 2022-12-15T14:18:27.493 getAllRequestsRevFund - No data found Rows Length : 0
INFO 2022-12-15T14:18:27.501 getAllRequestsCash - No data found Rows Length : 0
INFO 2022-12-15T14:18:54.124 getAllRequestsRevFund - No data found Rows Length : 0
INFO 2022-12-15T14:18:54.125 getAllRequestsCash - No data found Rows Length : 0
INFO 2022-12-15T14:19:00.161 getAllRequestsRevFund - No data found Rows Length : 0
INFO 2022-12-15T14:19:00.162 getAllRequestsCash - No data found Rows Length : 0
INFO 2022-12-15T14:19:04.726 OpenRequestController - getRfRequestByControlNo  responseMesage - Success, responseCode - 0
INFO 2022-12-15T14:19:04.952 OpenRequestController - getRfRequestByControlNo  responseMesage - Success, responseCode - 0
INFO 2022-12-15T14:19:06.821 getAllRequestsCash - No data found Rows Length : 0
INFO 2022-12-15T14:19:06.823 getAllRequestsRevFund - No data found Rows Length : 0
INFO 2022-12-15T14:19:30.953 OpenRequestController - getCashRequestByControlNo  responseMesage - Success, responseCode - 0
INFO 2022-12-15T14:19:33.148 getAllRequestsRevFund - No data found Rows Length : 0
INFO 2022-12-15T14:19:33.148 getAllRequestsCash - No data found Rows Length : 0
INFO 2022-12-15T14:19:36.525 OpenRequestController - getCashRequestByControlNo  responseMesage - Success, responseCode - 0
INFO 2022-12-15T14:19:37.545 getAllRequestsRevFund - No data found Rows Length : 0
INFO 2022-12-15T14:19:37.546 getAllRequestsCash - No data found Rows Length : 0
INFO 2022-12-15T14:19:41.282 OpenRequestController - getCashRequestByControlNo  responseMesage - Success, responseCode - 0
INFO 2022-12-15T14:19:41.793 getAllRequestsRevFund - No data found Rows Length : 0
INFO 2022-12-15T14:19:41.797 getAllRequestsCash - No data found Rows Length : 0
INFO 2022-12-15T14:19:44.282 OpenRequestController - getRfRequestByControlNo  responseMesage - Success, responseCode - 0
INFO 2022-12-15T14:19:44.459 OpenRequestController - getRfRequestByControlNo  responseMesage - Success, responseCode - 0
INFO 2022-12-15T14:19:45.907 getAllRequestsRevFund - No data found Rows Length : 0
INFO 2022-12-15T14:19:45.911 getAllRequestsCash - No data found Rows Length : 0
INFO 2022-12-15T14:22:03.361 OpenRequestController - getCashRequestByControlNo  responseMesage - Success, responseCode - 0
INFO 2022-12-15T14:22:12.463 OpenRequestController - getCashRequestByControlNo  responseMesage - Success, responseCode - 0
INFO 2022-12-15T14:24:54.790 OpenRequestController - getCashRequestByControlNo  responseMesage - Success, responseCode - 0
INFO 2022-12-15T14:25:06.861 OpenRequestController - getCashRequestByControlNo  responseMesage - Success, responseCode - 0
INFO 2022-12-15T14:25:25.446 OpenRequestController - getCashRequestByControlNo  responseMesage - Success, responseCode - 0
INFO 2022-12-15T14:25:40.443 OpenRequestController - getCashRequestByControlNo  responseMesage - Success, responseCode - 0
INFO 2022-12-15T14:26:18.039 OpenRequestController - getCashRequestByControlNo  responseMesage - Success, responseCode - 0
INFO 2022-12-15T14:27:36.230 OpenRequestController - getCashRequestByControlNo  responseMesage - Success, responseCode - 0
INFO 2022-12-15T14:29:44.482 OpenRequestController - getCashRequestByControlNo  responseMesage - Success, responseCode - 0
INFO 2022-12-15T14:30:57.122 OpenRequestController - getCashRequestByControlNo  responseMesage - Success, responseCode - 0
INFO 2022-12-15T14:31:04.557 OpenRequestController - getCashRequestByControlNo  responseMesage - Success, responseCode - 0
INFO 2022-12-15T14:32:56.650 OpenRequestController - getCashRequestByControlNo  responseMesage - Success, responseCode - 0
INFO 2022-12-15T14:35:39.147 OpenRequestController - getCashRequestByControlNo  responseMesage - Success, responseCode - 0
INFO 2022-12-15T14:36:14.722 OpenRequestController - getCashRequestByControlNo  responseMesage - Success, responseCode - 0
INFO 2022-12-15T14:36:15.175 OpenRequestController - getCashRequestByControlNo  responseMesage - Success, responseCode - 0
INFO 2022-12-15T14:36:20.601 CASH ADVANCE APPROVED  -  approved CA-221207-000020 regional_approver am_status Peter Aguirre undefined undefined UYTIUYI am_date am_remarks
INFO 2022-12-15T14:36:20.618 area_approver -  undefined approving...
INFO 2022-12-15T14:36:20.916 mailConfig - setTransporter -  nodeTransporter : [object Object]
INFO 2022-12-15T14:36:20.917 CASH ADVANCE APPROVED -  Request CA-221207-000020 has been approved by undefined -  Request has been delivered to Peter Aguirre for approval 
INFO 2022-12-15T15:39:04.948 server.js -  Server listening to port: 3000
INFO 2022-12-15T15:39:05.033 10.0.11.65 - kpusers - Kp Connected.
INFO 2022-12-15T15:39:05.418 10.4.9.186 - branch_request - Branch Connected.
INFO 2022-12-15T15:39:13.024 getAllRequestsCash - No data found Rows Length : 0
INFO 2022-12-15T15:39:13.036 getAllRequestsRevFund - No data found Rows Length : 0
INFO 2022-12-15T15:39:13.038 getAllRequestsCash - No data found Rows Length : 0
INFO 2022-12-15T15:39:14.252 getAllRequestsCash - No data found Rows Length : 0
INFO 2022-12-15T15:39:14.253 getAllRequestsRevFund - No data found Rows Length : 0
INFO 2022-12-15T15:39:20.409 OpenRequestController - getRfRequestByControlNo  responseMesage - Success, responseCode - 0
INFO 2022-12-15T15:39:20.524 OpenRequestController - getRfRequestByControlNo  responseMesage - Success, responseCode - 0
