INFO 2023-01-23T11:10:12.678 server.js -  Server listening to port: 3000
FATAL 2023-01-23T11:10:12.685 10.4.9.186 - branch_request - Branch Connection Failed. Error: connect ETIMEDOUT
INFO 2023-01-23T11:38:26.981 userLogin Successfully generated a token - eyJhbGciOiJIUzI1NiIsInR5cCI6IkpXVCJ9.eyJpZCI6IkFCRUw5NDAwOTA5OSIsImlhdCI6MTY3NDQ0NTEwNiwiZXhwIjoxNjc0NDQ2MDA2fQ.eSnKcaPLdTpvyRcrIc3jgg3ww_yJVNqPk1DIn9Tl2YE
INFO 2023-01-23T11:38:27.648 auth - verifyToken -  Authorized. A token verified - eyJhbGciOiJIUzI1NiIsInR5cCI6IkpXVCJ9.eyJpZCI6IkFCRUw5NDAwOTA5OSIsImlhdCI6MTY3NDQ0NTEwNiwiZXhwIjoxNjc0NDQ2MDA2fQ.eSnKcaPLdTpvyRcrIc3jgg3ww_yJVNqPk1DIn9Tl2YE
INFO 2023-01-23T11:38:27.656 auth - verifyToken -  Authorized. A token verified - eyJhbGciOiJIUzI1NiIsInR5cCI6IkpXVCJ9.eyJpZCI6IkFCRUw5NDAwOTA5OSIsImlhdCI6MTY3NDQ0NTEwNiwiZXhwIjoxNjc0NDQ2MDA2fQ.eSnKcaPLdTpvyRcrIc3jgg3ww_yJVNqPk1DIn9Tl2YE
INFO 2023-01-23T11:38:28.265 getAllRequestsCash - No data found Rows Length : 0
INFO 2023-01-23T11:38:28.274 getAllRequestsRevFund - No data found Rows Length : 0
INFO 2023-01-23T11:38:56.283 auth - verifyToken -  Authorized. A token verified - eyJhbGciOiJIUzI1NiIsInR5cCI6IkpXVCJ9.eyJpZCI6IkFCRUw5NDAwOTA5OSIsImlhdCI6MTY3NDQ0NTEwNiwiZXhwIjoxNjc0NDQ2MDA2fQ.eSnKcaPLdTpvyRcrIc3jgg3ww_yJVNqPk1DIn9Tl2YE
INFO 2023-01-23T11:38:56.376 requestController - getMaxId -  row: 1
INFO 2023-01-23T11:40:25.095 auth - verifyToken -  Authorized. A token verified - eyJhbGciOiJIUzI1NiIsInR5cCI6IkpXVCJ9.eyJpZCI6IkFCRUw5NDAwOTA5OSIsImlhdCI6MTY3NDQ0NTEwNiwiZXhwIjoxNjc0NDQ2MDA2fQ.eSnKcaPLdTpvyRcrIc3jgg3ww_yJVNqPk1DIn9Tl2YE
INFO 2023-01-23T11:40:25.185 requestController - getMaxId -  row: 1
INFO 2023-01-23T11:43:01.902 auth - verifyToken -  Authorized. A token verified - eyJhbGciOiJIUzI1NiIsInR5cCI6IkpXVCJ9.eyJpZCI6IkFCRUw5NDAwOTA5OSIsImlhdCI6MTY3NDQ0NTEwNiwiZXhwIjoxNjc0NDQ2MDA2fQ.eSnKcaPLdTpvyRcrIc3jgg3ww_yJVNqPk1DIn9Tl2YE
INFO 2023-01-23T11:43:01.987 requestController - getMaxId -  row: 1
FATAL 2023-01-23T11:55:01.091 auth - verifyToken -  Unauthorized. Invalid Token - eyJhbGciOiJIUzI1NiIsInR5cCI6IkpXVCJ9.eyJpZCI6IkFCRUw5NDAwOTA5OSIsImlhdCI6MTY3NDQ0NTEwNiwiZXhwIjoxNjc0NDQ2MDA2fQ.eSnKcaPLdTpvyRcrIc3jgg3ww_yJVNqPk1DIn9Tl2YE
FATAL 2023-01-23T11:55:01.212 auth - verifyToken -  Unauthorized. Invalid Token - null
FATAL 2023-01-23T11:55:01.359 auth - verifyToken -  Unauthorized. Invalid Token - null
INFO 2023-01-23T11:55:15.813 userLogin Successfully generated a token - eyJhbGciOiJIUzI1NiIsInR5cCI6IkpXVCJ9.eyJpZCI6IkFCRUw5NDAwOTA5OSIsImlhdCI6MTY3NDQ0NjExNSwiZXhwIjoxNjc0NDQ3MDE1fQ.b_fCerVyXYZfEJNu_YOFemId0IsOK9UKg80-_4gayRk
INFO 2023-01-23T11:55:16.672 auth - verifyToken -  Authorized. A token verified - eyJhbGciOiJIUzI1NiIsInR5cCI6IkpXVCJ9.eyJpZCI6IkFCRUw5NDAwOTA5OSIsImlhdCI6MTY3NDQ0NjExNSwiZXhwIjoxNjc0NDQ3MDE1fQ.b_fCerVyXYZfEJNu_YOFemId0IsOK9UKg80-_4gayRk
INFO 2023-01-23T11:55:16.676 auth - verifyToken -  Authorized. A token verified - eyJhbGciOiJIUzI1NiIsInR5cCI6IkpXVCJ9.eyJpZCI6IkFCRUw5NDAwOTA5OSIsImlhdCI6MTY3NDQ0NjExNSwiZXhwIjoxNjc0NDQ3MDE1fQ.b_fCerVyXYZfEJNu_YOFemId0IsOK9UKg80-_4gayRk
INFO 2023-01-23T11:55:16.793 getAllRequestsCash - No data found Rows Length : 0
INFO 2023-01-23T11:55:16.794 getAllRequestsRevFund - No data found Rows Length : 0
INFO 2023-01-23T11:55:22.218 auth - verifyToken -  Authorized. A token verified - eyJhbGciOiJIUzI1NiIsInR5cCI6IkpXVCJ9.eyJpZCI6IkFCRUw5NDAwOTA5OSIsImlhdCI6MTY3NDQ0NjExNSwiZXhwIjoxNjc0NDQ3MDE1fQ.b_fCerVyXYZfEJNu_YOFemId0IsOK9UKg80-_4gayRk
INFO 2023-01-23T11:55:22.304 requestController - getMaxId -  row: 1
INFO 2023-01-23T11:55:45.746 auth - verifyToken -  Authorized. A token verified - eyJhbGciOiJIUzI1NiIsInR5cCI6IkpXVCJ9.eyJpZCI6IkFCRUw5NDAwOTA5OSIsImlhdCI6MTY3NDQ0NjExNSwiZXhwIjoxNjc0NDQ3MDE1fQ.b_fCerVyXYZfEJNu_YOFemId0IsOK9UKg80-_4gayRk
INFO 2023-01-23T11:55:45.844 requestController - getMaxId -  row: 1
INFO 2023-01-23T11:59:12.300 auth - verifyToken -  Authorized. A token verified - eyJhbGciOiJIUzI1NiIsInR5cCI6IkpXVCJ9.eyJpZCI6IkFCRUw5NDAwOTA5OSIsImlhdCI6MTY3NDQ0NjExNSwiZXhwIjoxNjc0NDQ3MDE1fQ.b_fCerVyXYZfEJNu_YOFemId0IsOK9UKg80-_4gayRk
INFO 2023-01-23T11:59:12.382 requestController - getMaxId -  row: 1
INFO 2023-01-23T11:59:12.947 auth - verifyToken -  Authorized. A token verified - eyJhbGciOiJIUzI1NiIsInR5cCI6IkpXVCJ9.eyJpZCI6IkFCRUw5NDAwOTA5OSIsImlhdCI6MTY3NDQ0NjExNSwiZXhwIjoxNjc0NDQ3MDE1fQ.b_fCerVyXYZfEJNu_YOFemId0IsOK9UKg80-_4gayRk
INFO 2023-01-23T11:59:13.030 requestController - getMaxId -  row: 1
INFO 2023-01-23T11:59:13.097 auth - verifyToken -  Authorized. A token verified - eyJhbGciOiJIUzI1NiIsInR5cCI6IkpXVCJ9.eyJpZCI6IkFCRUw5NDAwOTA5OSIsImlhdCI6MTY3NDQ0NjExNSwiZXhwIjoxNjc0NDQ3MDE1fQ.b_fCerVyXYZfEJNu_YOFemId0IsOK9UKg80-_4gayRk
INFO 2023-01-23T11:59:13.181 requestController - getMaxId -  row: 1
INFO 2023-01-23T11:59:35.763 auth - verifyToken -  Authorized. A token verified - eyJhbGciOiJIUzI1NiIsInR5cCI6IkpXVCJ9.eyJpZCI6IkFCRUw5NDAwOTA5OSIsImlhdCI6MTY3NDQ0NjExNSwiZXhwIjoxNjc0NDQ3MDE1fQ.b_fCerVyXYZfEJNu_YOFemId0IsOK9UKg80-_4gayRk
INFO 2023-01-23T11:59:35.846 requestController - getMaxId -  row: 1
INFO 2023-01-23T12:02:10.499 auth - verifyToken -  Authorized. A token verified - eyJhbGciOiJIUzI1NiIsInR5cCI6IkpXVCJ9.eyJpZCI6IkFCRUw5NDAwOTA5OSIsImlhdCI6MTY3NDQ0NjExNSwiZXhwIjoxNjc0NDQ3MDE1fQ.b_fCerVyXYZfEJNu_YOFemId0IsOK9UKg80-_4gayRk
INFO 2023-01-23T12:02:10.594 requestController - getMaxId -  row: 1
INFO 2023-01-23T12:02:21.967 auth - verifyToken -  Authorized. A token verified - eyJhbGciOiJIUzI1NiIsInR5cCI6IkpXVCJ9.eyJpZCI6IkFCRUw5NDAwOTA5OSIsImlhdCI6MTY3NDQ0NjExNSwiZXhwIjoxNjc0NDQ3MDE1fQ.b_fCerVyXYZfEJNu_YOFemId0IsOK9UKg80-_4gayRk
INFO 2023-01-23T12:02:22.056 requestController - getMaxId -  row: 1
INFO 2023-01-23T12:02:39.380 auth - verifyToken -  Authorized. A token verified - eyJhbGciOiJIUzI1NiIsInR5cCI6IkpXVCJ9.eyJpZCI6IkFCRUw5NDAwOTA5OSIsImlhdCI6MTY3NDQ0NjExNSwiZXhwIjoxNjc0NDQ3MDE1fQ.b_fCerVyXYZfEJNu_YOFemId0IsOK9UKg80-_4gayRk
INFO 2023-01-23T12:02:39.470 requestController - getMaxId -  row: 1
INFO 2023-01-23T12:03:13.838 auth - verifyToken -  Authorized. A token verified - eyJhbGciOiJIUzI1NiIsInR5cCI6IkpXVCJ9.eyJpZCI6IkFCRUw5NDAwOTA5OSIsImlhdCI6MTY3NDQ0NjExNSwiZXhwIjoxNjc0NDQ3MDE1fQ.b_fCerVyXYZfEJNu_YOFemId0IsOK9UKg80-_4gayRk
INFO 2023-01-23T12:03:13.922 requestController - getMaxId -  row: 1
INFO 2023-01-23T12:03:19.203 auth - verifyToken -  Authorized. A token verified - eyJhbGciOiJIUzI1NiIsInR5cCI6IkpXVCJ9.eyJpZCI6IkFCRUw5NDAwOTA5OSIsImlhdCI6MTY3NDQ0NjExNSwiZXhwIjoxNjc0NDQ3MDE1fQ.b_fCerVyXYZfEJNu_YOFemId0IsOK9UKg80-_4gayRk
INFO 2023-01-23T12:03:19.291 requestController - getMaxId -  row: 1
INFO 2023-01-23T12:05:02.058 auth - verifyToken -  Authorized. A token verified - eyJhbGciOiJIUzI1NiIsInR5cCI6IkpXVCJ9.eyJpZCI6IkFCRUw5NDAwOTA5OSIsImlhdCI6MTY3NDQ0NjExNSwiZXhwIjoxNjc0NDQ3MDE1fQ.b_fCerVyXYZfEJNu_YOFemId0IsOK9UKg80-_4gayRk
INFO 2023-01-23T12:05:02.141 requestController - getMaxId -  row: 1
INFO 2023-01-23T12:05:04.524 auth - verifyToken -  Authorized. A token verified - eyJhbGciOiJIUzI1NiIsInR5cCI6IkpXVCJ9.eyJpZCI6IkFCRUw5NDAwOTA5OSIsImlhdCI6MTY3NDQ0NjExNSwiZXhwIjoxNjc0NDQ3MDE1fQ.b_fCerVyXYZfEJNu_YOFemId0IsOK9UKg80-_4gayRk
INFO 2023-01-23T12:05:04.607 requestController - getMaxId -  row: 1
INFO 2023-01-23T12:06:02.856 auth - verifyToken -  Authorized. A token verified - eyJhbGciOiJIUzI1NiIsInR5cCI6IkpXVCJ9.eyJpZCI6IkFCRUw5NDAwOTA5OSIsImlhdCI6MTY3NDQ0NjExNSwiZXhwIjoxNjc0NDQ3MDE1fQ.b_fCerVyXYZfEJNu_YOFemId0IsOK9UKg80-_4gayRk
INFO 2023-01-23T12:06:02.945 requestController - getMaxId -  row: 1
INFO 2023-01-23T12:06:34.027 auth - verifyToken -  Authorized. A token verified - eyJhbGciOiJIUzI1NiIsInR5cCI6IkpXVCJ9.eyJpZCI6IkFCRUw5NDAwOTA5OSIsImlhdCI6MTY3NDQ0NjExNSwiZXhwIjoxNjc0NDQ3MDE1fQ.b_fCerVyXYZfEJNu_YOFemId0IsOK9UKg80-_4gayRk
INFO 2023-01-23T12:06:34.112 requestController - getMaxId -  row: 1
INFO 2023-01-23T13:06:02.657 userLogin Successfully generated a token - eyJhbGciOiJIUzI1NiIsInR5cCI6IkpXVCJ9.eyJpZCI6IkFCRUw5NDAwOTA5OSIsImlhdCI6MTY3NDQ1MDM2MiwiZXhwIjoxNjc0NDUxMjYyfQ.eEhkWKa6IIiv1oaoxo_cRWYGD_-vuduwl3y8lSucHig
INFO 2023-01-23T13:06:03.056 auth - verifyToken -  Authorized. A token verified - eyJhbGciOiJIUzI1NiIsInR5cCI6IkpXVCJ9.eyJpZCI6IkFCRUw5NDAwOTA5OSIsImlhdCI6MTY3NDQ1MDM2MiwiZXhwIjoxNjc0NDUxMjYyfQ.eEhkWKa6IIiv1oaoxo_cRWYGD_-vuduwl3y8lSucHig
INFO 2023-01-23T13:06:03.061 auth - verifyToken -  Authorized. A token verified - eyJhbGciOiJIUzI1NiIsInR5cCI6IkpXVCJ9.eyJpZCI6IkFCRUw5NDAwOTA5OSIsImlhdCI6MTY3NDQ1MDM2MiwiZXhwIjoxNjc0NDUxMjYyfQ.eEhkWKa6IIiv1oaoxo_cRWYGD_-vuduwl3y8lSucHig
INFO 2023-01-23T13:06:03.152 getAllRequestsRevFund - No data found Rows Length : 0
INFO 2023-01-23T13:06:03.154 getAllRequestsCash - No data found Rows Length : 0
INFO 2023-01-23T13:06:09.883 auth - verifyToken -  Authorized. A token verified - eyJhbGciOiJIUzI1NiIsInR5cCI6IkpXVCJ9.eyJpZCI6IkFCRUw5NDAwOTA5OSIsImlhdCI6MTY3NDQ1MDM2MiwiZXhwIjoxNjc0NDUxMjYyfQ.eEhkWKa6IIiv1oaoxo_cRWYGD_-vuduwl3y8lSucHig
INFO 2023-01-23T13:06:09.987 requestController - getMaxId -  row: 1
INFO 2023-01-23T13:07:38.745 auth - verifyToken -  Authorized. A token verified - eyJhbGciOiJIUzI1NiIsInR5cCI6IkpXVCJ9.eyJpZCI6IkFCRUw5NDAwOTA5OSIsImlhdCI6MTY3NDQ1MDM2MiwiZXhwIjoxNjc0NDUxMjYyfQ.eEhkWKa6IIiv1oaoxo_cRWYGD_-vuduwl3y8lSucHig
INFO 2023-01-23T13:07:38.835 requestController - getMaxId -  row: 1
FATAL 2023-01-23T13:09:53.709 10.4.9.186 - branch_request - Branch Connection Failed. Error: connect ETIMEDOUT
INFO 2023-01-23T13:09:53.704 server.js -  Server listening to port: 3000
INFO 2023-01-23T13:10:02.887 auth - verifyToken -  Authorized. A token verified - eyJhbGciOiJIUzI1NiIsInR5cCI6IkpXVCJ9.eyJpZCI6IkFCRUw5NDAwOTA5OSIsImlhdCI6MTY3NDQ1MDM2MiwiZXhwIjoxNjc0NDUxMjYyfQ.eEhkWKa6IIiv1oaoxo_cRWYGD_-vuduwl3y8lSucHig
INFO 2023-01-23T13:10:03.672 requestController - getMaxId -  row: 1
INFO 2023-01-23T13:10:31.790 server.js -  Server listening to port: 3000
INFO 2023-01-23T13:10:32.299 10.4.9.186 - branch_request - Branch Connected.
INFO 2023-01-23T13:10:38.897 server.js -  Server listening to port: 3000
INFO 2023-01-23T13:10:39.157 auth - verifyToken -  Authorized. A token verified - eyJhbGciOiJIUzI1NiIsInR5cCI6IkpXVCJ9.eyJpZCI6IkFCRUw5NDAwOTA5OSIsImlhdCI6MTY3NDQ1MDM2MiwiZXhwIjoxNjc0NDUxMjYyfQ.eEhkWKa6IIiv1oaoxo_cRWYGD_-vuduwl3y8lSucHig
INFO 2023-01-23T13:10:39.405 10.4.9.186 - branch_request - Branch Connected.
INFO 2023-01-23T13:11:20.705 server.js -  Server listening to port: 3000
INFO 2023-01-23T13:11:21.107 10.4.9.186 - branch_request - Branch Connected.
INFO 2023-01-23T13:11:25.521 auth - verifyToken -  Authorized. A token verified - eyJhbGciOiJIUzI1NiIsInR5cCI6IkpXVCJ9.eyJpZCI6IkFCRUw5NDAwOTA5OSIsImlhdCI6MTY3NDQ1MDM2MiwiZXhwIjoxNjc0NDUxMjYyfQ.eEhkWKa6IIiv1oaoxo_cRWYGD_-vuduwl3y8lSucHig
INFO 2023-01-23T13:11:26.078 requestController - getMaxId -  row: 1
INFO 2023-01-23T13:11:43.611 server.js -  Server listening to port: 3000
INFO 2023-01-23T13:11:44.060 10.4.9.186 - branch_request - Branch Connected.
INFO 2023-01-23T13:34:04.478 server.js -  Server listening to port: 3000
INFO 2023-01-23T13:34:04.882 10.4.9.186 - branch_request - Branch Connected.
INFO 2023-01-23T13:34:06.482 userLogin Successfully generated a token - eyJhbGciOiJIUzI1NiIsInR5cCI6IkpXVCJ9.eyJpZCI6IkFCRUw5NDAwOTA5OSIsImlhdCI6MTY3NDQ1MjA0NiwiZXhwIjoxNjc0NDUyOTQ2fQ.G5tCVABVXcfo4dwZje6IffrtqoG4797ZFjt0CgVPZs4
INFO 2023-01-23T13:34:06.804 auth - verifyToken -  Authorized. A token verified - eyJhbGciOiJIUzI1NiIsInR5cCI6IkpXVCJ9.eyJpZCI6IkFCRUw5NDAwOTA5OSIsImlhdCI6MTY3NDQ1MjA0NiwiZXhwIjoxNjc0NDUyOTQ2fQ.G5tCVABVXcfo4dwZje6IffrtqoG4797ZFjt0CgVPZs4
INFO 2023-01-23T13:34:06.810 auth - verifyToken -  Authorized. A token verified - eyJhbGciOiJIUzI1NiIsInR5cCI6IkpXVCJ9.eyJpZCI6IkFCRUw5NDAwOTA5OSIsImlhdCI6MTY3NDQ1MjA0NiwiZXhwIjoxNjc0NDUyOTQ2fQ.G5tCVABVXcfo4dwZje6IffrtqoG4797ZFjt0CgVPZs4
INFO 2023-01-23T13:34:07.232 getAllRequestsRevFund - No data found Rows Length : 0
INFO 2023-01-23T13:34:07.259 getAllRequestsCash - No data found Rows Length : 0
INFO 2023-01-23T13:38:54.492 auth - verifyToken -  Authorized. A token verified - eyJhbGciOiJIUzI1NiIsInR5cCI6IkpXVCJ9.eyJpZCI6IkFCRUw5NDAwOTA5OSIsImlhdCI6MTY3NDQ1MjA0NiwiZXhwIjoxNjc0NDUyOTQ2fQ.G5tCVABVXcfo4dwZje6IffrtqoG4797ZFjt0CgVPZs4
INFO 2023-01-23T13:38:54.595 requestController - getMaxId -  row: 1
INFO 2023-01-23T13:40:57.387 server.js -  Server listening to port: 3000
INFO 2023-01-23T13:40:58.131 10.4.9.186 - branch_request - Branch Connected.
INFO 2023-01-23T13:41:09.025 server.js -  Server listening to port: 3000
INFO 2023-01-23T13:41:09.467 10.4.9.186 - branch_request - Branch Connected.
INFO 2023-01-23T13:41:12.589 auth - verifyToken -  Authorized. A token verified - eyJhbGciOiJIUzI1NiIsInR5cCI6IkpXVCJ9.eyJpZCI6IkFCRUw5NDAwOTA5OSIsImlhdCI6MTY3NDQ1MjA0NiwiZXhwIjoxNjc0NDUyOTQ2fQ.G5tCVABVXcfo4dwZje6IffrtqoG4797ZFjt0CgVPZs4
ERROR 2023-01-23T13:41:13.126 requestController - getMaxId -  Error retrieving ID Error: Table 'branch_request.cash_advance_reques' doesn't exist
INFO 2023-01-23T13:42:16.279 auth - verifyToken -  Authorized. A token verified - eyJhbGciOiJIUzI1NiIsInR5cCI6IkpXVCJ9.eyJpZCI6IkFCRUw5NDAwOTA5OSIsImlhdCI6MTY3NDQ1MjA0NiwiZXhwIjoxNjc0NDUyOTQ2fQ.G5tCVABVXcfo4dwZje6IffrtqoG4797ZFjt0CgVPZs4
ERROR 2023-01-23T13:42:16.387 requestController - getMaxId -  Error retrieving ID Error: Table 'branch_request.cash_advance_reques' doesn't exist
INFO 2023-01-23T13:42:34.147 server.js -  Server listening to port: 3000
INFO 2023-01-23T13:42:34.625 10.4.9.186 - branch_request - Branch Connected.
INFO 2023-01-23T13:42:35.428 auth - verifyToken -  Authorized. A token verified - eyJhbGciOiJIUzI1NiIsInR5cCI6IkpXVCJ9.eyJpZCI6IkFCRUw5NDAwOTA5OSIsImlhdCI6MTY3NDQ1MjA0NiwiZXhwIjoxNjc0NDUyOTQ2fQ.G5tCVABVXcfo4dwZje6IffrtqoG4797ZFjt0CgVPZs4
INFO 2023-01-23T13:42:35.911 requestController - getMaxId -  row: 1
INFO 2023-01-23T13:42:57.867 auth - verifyToken -  Authorized. A token verified - eyJhbGciOiJIUzI1NiIsInR5cCI6IkpXVCJ9.eyJpZCI6IkFCRUw5NDAwOTA5OSIsImlhdCI6MTY3NDQ1MjA0NiwiZXhwIjoxNjc0NDUyOTQ2fQ.G5tCVABVXcfo4dwZje6IffrtqoG4797ZFjt0CgVPZs4
INFO 2023-01-23T13:42:57.964 requestController - getMaxId -  row: 1
INFO 2023-01-23T13:43:09.514 server.js -  Server listening to port: 3000
INFO 2023-01-23T13:43:09.692 auth - verifyToken -  Authorized. A token verified - eyJhbGciOiJIUzI1NiIsInR5cCI6IkpXVCJ9.eyJpZCI6IkFCRUw5NDAwOTA5OSIsImlhdCI6MTY3NDQ1MjA0NiwiZXhwIjoxNjc0NDUyOTQ2fQ.G5tCVABVXcfo4dwZje6IffrtqoG4797ZFjt0CgVPZs4
INFO 2023-01-23T13:43:09.896 10.4.9.186 - branch_request - Branch Connected.
ERROR 2023-01-23T13:43:10.158 requestController - getMaxId -  Error retrieving ID Error: Table 'branch_request.cash_advance_reques' doesn't exist
INFO 2023-01-23T13:43:22.068 auth - verifyToken -  Authorized. A token verified - eyJhbGciOiJIUzI1NiIsInR5cCI6IkpXVCJ9.eyJpZCI6IkFCRUw5NDAwOTA5OSIsImlhdCI6MTY3NDQ1MjA0NiwiZXhwIjoxNjc0NDUyOTQ2fQ.G5tCVABVXcfo4dwZje6IffrtqoG4797ZFjt0CgVPZs4
ERROR 2023-01-23T13:43:22.174 requestController - getMaxId -  Error retrieving ID Error: Table 'branch_request.cash_advance_reques' doesn't exist
INFO 2023-01-23T13:47:36.195 auth - verifyToken -  Authorized. A token verified - eyJhbGciOiJIUzI1NiIsInR5cCI6IkpXVCJ9.eyJpZCI6IkFCRUw5NDAwOTA5OSIsImlhdCI6MTY3NDQ1MjA0NiwiZXhwIjoxNjc0NDUyOTQ2fQ.G5tCVABVXcfo4dwZje6IffrtqoG4797ZFjt0CgVPZs4
ERROR 2023-01-23T13:47:36.283 requestController - getMaxId -  Error retrieving ID Error: Table 'branch_request.cash_advance_reques' doesn't exist
FATAL 2023-01-23T13:50:25.197 auth - verifyToken -  Unauthorized. Invalid Token - eyJhbGciOiJIUzI1NiIsInR5cCI6IkpXVCJ9.eyJpZCI6IkFCRUw5NDAwOTA5OSIsImlhdCI6MTY3NDQ1MjA0NiwiZXhwIjoxNjc0NDUyOTQ2fQ.G5tCVABVXcfo4dwZje6IffrtqoG4797ZFjt0CgVPZs4
FATAL 2023-01-23T13:50:25.353 auth - verifyToken -  Unauthorized. Invalid Token - null
FATAL 2023-01-23T13:50:25.498 auth - verifyToken -  Unauthorized. Invalid Token - null
INFO 2023-01-23T13:50:39.838 userLogin Successfully generated a token - eyJhbGciOiJIUzI1NiIsInR5cCI6IkpXVCJ9.eyJpZCI6IkFCRUw5NDAwOTA5OSIsImlhdCI6MTY3NDQ1MzAzOSwiZXhwIjoxNjc0NDUzOTM5fQ.nGz7OIDB9Cbn0wP7p-Kfh950f1-JIMfLOuwqso5j6zY
INFO 2023-01-23T13:50:40.575 auth - verifyToken -  Authorized. A token verified - eyJhbGciOiJIUzI1NiIsInR5cCI6IkpXVCJ9.eyJpZCI6IkFCRUw5NDAwOTA5OSIsImlhdCI6MTY3NDQ1MzAzOSwiZXhwIjoxNjc0NDUzOTM5fQ.nGz7OIDB9Cbn0wP7p-Kfh950f1-JIMfLOuwqso5j6zY
INFO 2023-01-23T13:50:40.579 auth - verifyToken -  Authorized. A token verified - eyJhbGciOiJIUzI1NiIsInR5cCI6IkpXVCJ9.eyJpZCI6IkFCRUw5NDAwOTA5OSIsImlhdCI6MTY3NDQ1MzAzOSwiZXhwIjoxNjc0NDUzOTM5fQ.nGz7OIDB9Cbn0wP7p-Kfh950f1-JIMfLOuwqso5j6zY
INFO 2023-01-23T13:50:40.787 getAllRequestsRevFund - No data found Rows Length : 0
INFO 2023-01-23T13:50:41.173 getAllRequestsCash - No data found Rows Length : 0
INFO 2023-01-23T13:50:44.726 auth - verifyToken -  Authorized. A token verified - eyJhbGciOiJIUzI1NiIsInR5cCI6IkpXVCJ9.eyJpZCI6IkFCRUw5NDAwOTA5OSIsImlhdCI6MTY3NDQ1MzAzOSwiZXhwIjoxNjc0NDUzOTM5fQ.nGz7OIDB9Cbn0wP7p-Kfh950f1-JIMfLOuwqso5j6zY
ERROR 2023-01-23T13:50:44.828 requestController - getMaxId -  Error retrieving ID Error: Table 'branch_request.cash_advance_reques' doesn't exist
INFO 2023-01-23T13:50:58.914 auth - verifyToken -  Authorized. A token verified - eyJhbGciOiJIUzI1NiIsInR5cCI6IkpXVCJ9.eyJpZCI6IkFCRUw5NDAwOTA5OSIsImlhdCI6MTY3NDQ1MzAzOSwiZXhwIjoxNjc0NDUzOTM5fQ.nGz7OIDB9Cbn0wP7p-Kfh950f1-JIMfLOuwqso5j6zY
ERROR 2023-01-23T13:50:59.127 requestController - getMaxId -  Error retrieving ID Error: Table 'branch_request.cash_advance_reques' doesn't exist
INFO 2023-01-23T13:51:16.098 auth - verifyToken -  Authorized. A token verified - eyJhbGciOiJIUzI1NiIsInR5cCI6IkpXVCJ9.eyJpZCI6IkFCRUw5NDAwOTA5OSIsImlhdCI6MTY3NDQ1MzAzOSwiZXhwIjoxNjc0NDUzOTM5fQ.nGz7OIDB9Cbn0wP7p-Kfh950f1-JIMfLOuwqso5j6zY
ERROR 2023-01-23T13:51:16.193 requestController - getMaxId -  Error retrieving ID Error: Table 'branch_request.cash_advance_reques' doesn't exist
INFO 2023-01-23T13:52:17.084 auth - verifyToken -  Authorized. A token verified - eyJhbGciOiJIUzI1NiIsInR5cCI6IkpXVCJ9.eyJpZCI6IkFCRUw5NDAwOTA5OSIsImlhdCI6MTY3NDQ1MzAzOSwiZXhwIjoxNjc0NDUzOTM5fQ.nGz7OIDB9Cbn0wP7p-Kfh950f1-JIMfLOuwqso5j6zY
ERROR 2023-01-23T13:52:17.182 requestController - getMaxId -  Error retrieving ID Error: Table 'branch_request.cash_advance_reques' doesn't exist
INFO 2023-01-23T13:52:35.957 server.js -  Server listening to port: 3000
INFO 2023-01-23T13:52:36.393 10.4.9.186 - branch_request - Branch Connected.
INFO 2023-01-23T13:52:42.274 auth - verifyToken -  Authorized. A token verified - eyJhbGciOiJIUzI1NiIsInR5cCI6IkpXVCJ9.eyJpZCI6IkFCRUw5NDAwOTA5OSIsImlhdCI6MTY3NDQ1MzAzOSwiZXhwIjoxNjc0NDUzOTM5fQ.nGz7OIDB9Cbn0wP7p-Kfh950f1-JIMfLOuwqso5j6zY
INFO 2023-01-23T13:52:42.707 requestController - getMaxId -  row: 1
INFO 2023-01-23T14:15:23.928 server.js -  Server listening to port: 3000
INFO 2023-01-23T14:15:24.343 10.4.9.186 - branch_request - Branch Connected.
FATAL 2023-01-23T14:15:56.059 auth - verifyToken -  Unauthorized. Invalid Token - eyJhbGciOiJIUzI1NiIsInR5cCI6IkpXVCJ9.eyJpZCI6IkFCRUw5NDAwOTA5OSIsImlhdCI6MTY3NDQ1MzAzOSwiZXhwIjoxNjc0NDUzOTM5fQ.nGz7OIDB9Cbn0wP7p-Kfh950f1-JIMfLOuwqso5j6zY
INFO 2023-01-23T14:16:10.781 userLogin Successfully generated a token - eyJhbGciOiJIUzI1NiIsInR5cCI6IkpXVCJ9.eyJpZCI6IkFCRUw5NDAwOTA5OSIsImlhdCI6MTY3NDQ1NDU3MCwiZXhwIjoxNjc0NDU1NDcwfQ.BZA3e1WMjZZf2IECuYGX1nyycnWToEZw_ArjjYMNEfw
INFO 2023-01-23T14:16:11.565 auth - verifyToken -  Authorized. A token verified - eyJhbGciOiJIUzI1NiIsInR5cCI6IkpXVCJ9.eyJpZCI6IkFCRUw5NDAwOTA5OSIsImlhdCI6MTY3NDQ1NDU3MCwiZXhwIjoxNjc0NDU1NDcwfQ.BZA3e1WMjZZf2IECuYGX1nyycnWToEZw_ArjjYMNEfw
INFO 2023-01-23T14:16:11.572 auth - verifyToken -  Authorized. A token verified - eyJhbGciOiJIUzI1NiIsInR5cCI6IkpXVCJ9.eyJpZCI6IkFCRUw5NDAwOTA5OSIsImlhdCI6MTY3NDQ1NDU3MCwiZXhwIjoxNjc0NDU1NDcwfQ.BZA3e1WMjZZf2IECuYGX1nyycnWToEZw_ArjjYMNEfw
INFO 2023-01-23T14:16:12.191 getAllRequestsRevFund - No data found Rows Length : 0
INFO 2023-01-23T14:16:12.194 getAllRequestsCash - No data found Rows Length : 0
INFO 2023-01-23T14:16:16.565 auth - verifyToken -  Authorized. A token verified - eyJhbGciOiJIUzI1NiIsInR5cCI6IkpXVCJ9.eyJpZCI6IkFCRUw5NDAwOTA5OSIsImlhdCI6MTY3NDQ1NDU3MCwiZXhwIjoxNjc0NDU1NDcwfQ.BZA3e1WMjZZf2IECuYGX1nyycnWToEZw_ArjjYMNEfw
INFO 2023-01-23T14:16:16.673 requestController - getMaxId -  row: 1
INFO 2023-01-23T14:16:29.854 auth - verifyToken -  Authorized. A token verified - eyJhbGciOiJIUzI1NiIsInR5cCI6IkpXVCJ9.eyJpZCI6IkFCRUw5NDAwOTA5OSIsImlhdCI6MTY3NDQ1NDU3MCwiZXhwIjoxNjc0NDU1NDcwfQ.BZA3e1WMjZZf2IECuYGX1nyycnWToEZw_ArjjYMNEfw
ERROR 2023-01-23T14:16:29.938 requestController - getRfMaxId -  No ID found row: 0
INFO 2023-01-23T14:17:25.014 auth - verifyToken -  Authorized. A token verified - eyJhbGciOiJIUzI1NiIsInR5cCI6IkpXVCJ9.eyJpZCI6IkFCRUw5NDAwOTA5OSIsImlhdCI6MTY3NDQ1NDU3MCwiZXhwIjoxNjc0NDU1NDcwfQ.BZA3e1WMjZZf2IECuYGX1nyycnWToEZw_ArjjYMNEfw
ERROR 2023-01-23T14:17:25.111 requestController - getRfMaxId -  No ID found row: 0
INFO 2023-01-23T14:18:16.480 auth - verifyToken -  Authorized. A token verified - eyJhbGciOiJIUzI1NiIsInR5cCI6IkpXVCJ9.eyJpZCI6IkFCRUw5NDAwOTA5OSIsImlhdCI6MTY3NDQ1NDU3MCwiZXhwIjoxNjc0NDU1NDcwfQ.BZA3e1WMjZZf2IECuYGX1nyycnWToEZw_ArjjYMNEfw
ERROR 2023-01-23T14:18:16.578 requestController - getRfMaxId -  No ID found row: 0
INFO 2023-01-23T14:18:42.261 auth - verifyToken -  Authorized. A token verified - eyJhbGciOiJIUzI1NiIsInR5cCI6IkpXVCJ9.eyJpZCI6IkFCRUw5NDAwOTA5OSIsImlhdCI6MTY3NDQ1NDU3MCwiZXhwIjoxNjc0NDU1NDcwfQ.BZA3e1WMjZZf2IECuYGX1nyycnWToEZw_ArjjYMNEfw
ERROR 2023-01-23T14:18:42.348 requestController - getRfMaxId -  No ID found row: 0
INFO 2023-01-23T14:19:06.383 auth - verifyToken -  Authorized. A token verified - eyJhbGciOiJIUzI1NiIsInR5cCI6IkpXVCJ9.eyJpZCI6IkFCRUw5NDAwOTA5OSIsImlhdCI6MTY3NDQ1NDU3MCwiZXhwIjoxNjc0NDU1NDcwfQ.BZA3e1WMjZZf2IECuYGX1nyycnWToEZw_ArjjYMNEfw
ERROR 2023-01-23T14:19:06.481 requestController - getRfMaxId -  No ID found row: 0
INFO 2023-01-23T14:19:22.938 auth - verifyToken -  Authorized. A token verified - eyJhbGciOiJIUzI1NiIsInR5cCI6IkpXVCJ9.eyJpZCI6IkFCRUw5NDAwOTA5OSIsImlhdCI6MTY3NDQ1NDU3MCwiZXhwIjoxNjc0NDU1NDcwfQ.BZA3e1WMjZZf2IECuYGX1nyycnWToEZw_ArjjYMNEfw
ERROR 2023-01-23T14:19:23.028 requestController - getRfMaxId -  No ID found row: 0
INFO 2023-01-23T14:19:39.731 auth - verifyToken -  Authorized. A token verified - eyJhbGciOiJIUzI1NiIsInR5cCI6IkpXVCJ9.eyJpZCI6IkFCRUw5NDAwOTA5OSIsImlhdCI6MTY3NDQ1NDU3MCwiZXhwIjoxNjc0NDU1NDcwfQ.BZA3e1WMjZZf2IECuYGX1nyycnWToEZw_ArjjYMNEfw
ERROR 2023-01-23T14:19:39.833 requestController - getRfMaxId -  No ID found row: 0
INFO 2023-01-23T14:20:10.226 auth - verifyToken -  Authorized. A token verified - eyJhbGciOiJIUzI1NiIsInR5cCI6IkpXVCJ9.eyJpZCI6IkFCRUw5NDAwOTA5OSIsImlhdCI6MTY3NDQ1NDU3MCwiZXhwIjoxNjc0NDU1NDcwfQ.BZA3e1WMjZZf2IECuYGX1nyycnWToEZw_ArjjYMNEfw
ERROR 2023-01-23T14:20:10.338 requestController - getRfMaxId -  No ID found row: 0
INFO 2023-01-23T14:20:49.809 server.js -  Server listening to port: 3000
INFO 2023-01-23T14:20:50.222 10.4.9.186 - branch_request - Branch Connected.
INFO 2023-01-23T14:20:52.315 auth - verifyToken -  Authorized. A token verified - eyJhbGciOiJIUzI1NiIsInR5cCI6IkpXVCJ9.eyJpZCI6IkFCRUw5NDAwOTA5OSIsImlhdCI6MTY3NDQ1NDU3MCwiZXhwIjoxNjc0NDU1NDcwfQ.BZA3e1WMjZZf2IECuYGX1nyycnWToEZw_ArjjYMNEfw
ERROR 2023-01-23T14:20:52.793 requestController - getRfMaxId -  Error retrieving ID Error: Table 'branch_request.revolving_fund_reques' doesn't exist
INFO 2023-01-23T14:21:28.920 auth - verifyToken -  Authorized. A token verified - eyJhbGciOiJIUzI1NiIsInR5cCI6IkpXVCJ9.eyJpZCI6IkFCRUw5NDAwOTA5OSIsImlhdCI6MTY3NDQ1NDU3MCwiZXhwIjoxNjc0NDU1NDcwfQ.BZA3e1WMjZZf2IECuYGX1nyycnWToEZw_ArjjYMNEfw
ERROR 2023-01-23T14:21:29.012 requestController - getRfMaxId -  Error retrieving ID Error: Table 'branch_request.revolving_fund_reques' doesn't exist
INFO 2023-01-23T14:22:09.636 auth - verifyToken -  Authorized. A token verified - eyJhbGciOiJIUzI1NiIsInR5cCI6IkpXVCJ9.eyJpZCI6IkFCRUw5NDAwOTA5OSIsImlhdCI6MTY3NDQ1NDU3MCwiZXhwIjoxNjc0NDU1NDcwfQ.BZA3e1WMjZZf2IECuYGX1nyycnWToEZw_ArjjYMNEfw
ERROR 2023-01-23T14:22:09.728 requestController - getRfMaxId -  Error retrieving ID Error: Table 'branch_request.revolving_fund_reques' doesn't exist
INFO 2023-01-23T14:22:19.453 server.js -  Server listening to port: 3000
INFO 2023-01-23T14:22:19.544 auth - verifyToken -  Authorized. A token verified - eyJhbGciOiJIUzI1NiIsInR5cCI6IkpXVCJ9.eyJpZCI6IkFCRUw5NDAwOTA5OSIsImlhdCI6MTY3NDQ1NDU3MCwiZXhwIjoxNjc0NDU1NDcwfQ.BZA3e1WMjZZf2IECuYGX1nyycnWToEZw_ArjjYMNEfw
INFO 2023-01-23T14:22:19.882 10.4.9.186 - branch_request - Branch Connected.
ERROR 2023-01-23T14:22:19.985 requestController - getRfMaxId -  No ID found row: 0
INFO 2023-01-23T14:22:55.347 auth - verifyToken -  Authorized. A token verified - eyJhbGciOiJIUzI1NiIsInR5cCI6IkpXVCJ9.eyJpZCI6IkFCRUw5NDAwOTA5OSIsImlhdCI6MTY3NDQ1NDU3MCwiZXhwIjoxNjc0NDU1NDcwfQ.BZA3e1WMjZZf2IECuYGX1nyycnWToEZw_ArjjYMNEfw
INFO 2023-01-23T14:22:55.434 requestController - getMaxId -  row: 1
INFO 2023-01-23T14:22:58.634 auth - verifyToken -  Authorized. A token verified - eyJhbGciOiJIUzI1NiIsInR5cCI6IkpXVCJ9.eyJpZCI6IkFCRUw5NDAwOTA5OSIsImlhdCI6MTY3NDQ1NDU3MCwiZXhwIjoxNjc0NDU1NDcwfQ.BZA3e1WMjZZf2IECuYGX1nyycnWToEZw_ArjjYMNEfw
ERROR 2023-01-23T14:22:58.723 requestController - getRfMaxId -  No ID found row: 0
INFO 2023-01-23T14:25:13.478 auth - verifyToken -  Authorized. A token verified - eyJhbGciOiJIUzI1NiIsInR5cCI6IkpXVCJ9.eyJpZCI6IkFCRUw5NDAwOTA5OSIsImlhdCI6MTY3NDQ1NDU3MCwiZXhwIjoxNjc0NDU1NDcwfQ.BZA3e1WMjZZf2IECuYGX1nyycnWToEZw_ArjjYMNEfw
ERROR 2023-01-23T14:25:13.584 requestController - getRfMaxId -  No ID found row: 0
INFO 2023-01-23T14:25:36.488 auth - verifyToken -  Authorized. A token verified - eyJhbGciOiJIUzI1NiIsInR5cCI6IkpXVCJ9.eyJpZCI6IkFCRUw5NDAwOTA5OSIsImlhdCI6MTY3NDQ1NDU3MCwiZXhwIjoxNjc0NDU1NDcwfQ.BZA3e1WMjZZf2IECuYGX1nyycnWToEZw_ArjjYMNEfw
ERROR 2023-01-23T14:25:36.753 requestController - getRfMaxId -  No ID found row: 0
INFO 2023-01-23T14:27:34.533 auth - verifyToken -  Authorized. A token verified - eyJhbGciOiJIUzI1NiIsInR5cCI6IkpXVCJ9.eyJpZCI6IkFCRUw5NDAwOTA5OSIsImlhdCI6MTY3NDQ1NDU3MCwiZXhwIjoxNjc0NDU1NDcwfQ.BZA3e1WMjZZf2IECuYGX1nyycnWToEZw_ArjjYMNEfw
ERROR 2023-01-23T14:27:34.624 requestController - getRfMaxId -  No ID found row: 0
INFO 2023-01-23T14:46:44.241 userLogin Successfully generated a token - eyJhbGciOiJIUzI1NiIsInR5cCI6IkpXVCJ9.eyJpZCI6IkFCRUw5NDAwOTA5OSIsImlhdCI6MTY3NDQ1NjQwNCwiZXhwIjoxNjc0NDU3MzA0fQ.49Ub1N1lY441RBIPwwWBqH6K9UShPqfbFMMpUroiu00
INFO 2023-01-23T14:46:45.602 auth - verifyToken -  Authorized. A token verified - eyJhbGciOiJIUzI1NiIsInR5cCI6IkpXVCJ9.eyJpZCI6IkFCRUw5NDAwOTA5OSIsImlhdCI6MTY3NDQ1NjQwNCwiZXhwIjoxNjc0NDU3MzA0fQ.49Ub1N1lY441RBIPwwWBqH6K9UShPqfbFMMpUroiu00
INFO 2023-01-23T14:46:45.608 auth - verifyToken -  Authorized. A token verified - eyJhbGciOiJIUzI1NiIsInR5cCI6IkpXVCJ9.eyJpZCI6IkFCRUw5NDAwOTA5OSIsImlhdCI6MTY3NDQ1NjQwNCwiZXhwIjoxNjc0NDU3MzA0fQ.49Ub1N1lY441RBIPwwWBqH6K9UShPqfbFMMpUroiu00
INFO 2023-01-23T14:46:45.685 getAllRequestsRevFund - No data found Rows Length : 0
INFO 2023-01-23T14:46:46.137 getAllRequestsCash - No data found Rows Length : 0
INFO 2023-01-23T14:47:14.448 auth - verifyToken -  Authorized. A token verified - eyJhbGciOiJIUzI1NiIsInR5cCI6IkpXVCJ9.eyJpZCI6IkFCRUw5NDAwOTA5OSIsImlhdCI6MTY3NDQ1NjQwNCwiZXhwIjoxNjc0NDU3MzA0fQ.49Ub1N1lY441RBIPwwWBqH6K9UShPqfbFMMpUroiu00
INFO 2023-01-23T14:47:14.542 requestController - getMaxId -  row: 1
INFO 2023-01-23T14:47:18.956 auth - verifyToken -  Authorized. A token verified - eyJhbGciOiJIUzI1NiIsInR5cCI6IkpXVCJ9.eyJpZCI6IkFCRUw5NDAwOTA5OSIsImlhdCI6MTY3NDQ1NjQwNCwiZXhwIjoxNjc0NDU3MzA0fQ.49Ub1N1lY441RBIPwwWBqH6K9UShPqfbFMMpUroiu00
ERROR 2023-01-23T14:47:19.076 requestController - getRfMaxId -  No ID found row: 0
INFO 2023-01-23T14:48:05.002 auth - verifyToken -  Authorized. A token verified - eyJhbGciOiJIUzI1NiIsInR5cCI6IkpXVCJ9.eyJpZCI6IkFCRUw5NDAwOTA5OSIsImlhdCI6MTY3NDQ1NjQwNCwiZXhwIjoxNjc0NDU3MzA0fQ.49Ub1N1lY441RBIPwwWBqH6K9UShPqfbFMMpUroiu00
INFO 2023-01-23T14:48:05.088 requestController - getMaxId -  row: 1
INFO 2023-01-23T14:49:02.725 auth - verifyToken -  Authorized. A token verified - eyJhbGciOiJIUzI1NiIsInR5cCI6IkpXVCJ9.eyJpZCI6IkFCRUw5NDAwOTA5OSIsImlhdCI6MTY3NDQ1NjQwNCwiZXhwIjoxNjc0NDU3MzA0fQ.49Ub1N1lY441RBIPwwWBqH6K9UShPqfbFMMpUroiu00
ERROR 2023-01-23T14:49:02.807 requestController - getRfMaxId -  No ID found row: 0
INFO 2023-01-23T14:49:31.948 auth - verifyToken -  Authorized. A token verified - eyJhbGciOiJIUzI1NiIsInR5cCI6IkpXVCJ9.eyJpZCI6IkFCRUw5NDAwOTA5OSIsImlhdCI6MTY3NDQ1NjQwNCwiZXhwIjoxNjc0NDU3MzA0fQ.49Ub1N1lY441RBIPwwWBqH6K9UShPqfbFMMpUroiu00
ERROR 2023-01-23T14:49:32.032 requestController - getRfMaxId -  No ID found row: 0
INFO 2023-01-23T14:51:13.391 auth - verifyToken -  Authorized. A token verified - eyJhbGciOiJIUzI1NiIsInR5cCI6IkpXVCJ9.eyJpZCI6IkFCRUw5NDAwOTA5OSIsImlhdCI6MTY3NDQ1NjQwNCwiZXhwIjoxNjc0NDU3MzA0fQ.49Ub1N1lY441RBIPwwWBqH6K9UShPqfbFMMpUroiu00
ERROR 2023-01-23T14:51:13.496 requestController - getRfMaxId -  No ID found row: 0
INFO 2023-01-23T14:51:13.543 auth - verifyToken -  Authorized. A token verified - eyJhbGciOiJIUzI1NiIsInR5cCI6IkpXVCJ9.eyJpZCI6IkFCRUw5NDAwOTA5OSIsImlhdCI6MTY3NDQ1NjQwNCwiZXhwIjoxNjc0NDU3MzA0fQ.49Ub1N1lY441RBIPwwWBqH6K9UShPqfbFMMpUroiu00
ERROR 2023-01-23T14:51:13.737 requestController - getRfMaxId -  No ID found row: 0
INFO 2023-01-23T14:52:15.735 auth - verifyToken -  Authorized. A token verified - eyJhbGciOiJIUzI1NiIsInR5cCI6IkpXVCJ9.eyJpZCI6IkFCRUw5NDAwOTA5OSIsImlhdCI6MTY3NDQ1NjQwNCwiZXhwIjoxNjc0NDU3MzA0fQ.49Ub1N1lY441RBIPwwWBqH6K9UShPqfbFMMpUroiu00
ERROR 2023-01-23T14:52:15.819 requestController - getRfMaxId -  No ID found row: 0
INFO 2023-01-23T14:52:38.157 auth - verifyToken -  Authorized. A token verified - eyJhbGciOiJIUzI1NiIsInR5cCI6IkpXVCJ9.eyJpZCI6IkFCRUw5NDAwOTA5OSIsImlhdCI6MTY3NDQ1NjQwNCwiZXhwIjoxNjc0NDU3MzA0fQ.49Ub1N1lY441RBIPwwWBqH6K9UShPqfbFMMpUroiu00
ERROR 2023-01-23T14:52:38.254 requestController - getRfMaxId -  No ID found row: 0
INFO 2023-01-23T14:52:38.258 auth - verifyToken -  Authorized. A token verified - eyJhbGciOiJIUzI1NiIsInR5cCI6IkpXVCJ9.eyJpZCI6IkFCRUw5NDAwOTA5OSIsImlhdCI6MTY3NDQ1NjQwNCwiZXhwIjoxNjc0NDU3MzA0fQ.49Ub1N1lY441RBIPwwWBqH6K9UShPqfbFMMpUroiu00
ERROR 2023-01-23T14:52:38.339 requestController - getRfMaxId -  No ID found row: 0
INFO 2023-01-23T14:52:47.647 auth - verifyToken -  Authorized. A token verified - eyJhbGciOiJIUzI1NiIsInR5cCI6IkpXVCJ9.eyJpZCI6IkFCRUw5NDAwOTA5OSIsImlhdCI6MTY3NDQ1NjQwNCwiZXhwIjoxNjc0NDU3MzA0fQ.49Ub1N1lY441RBIPwwWBqH6K9UShPqfbFMMpUroiu00
ERROR 2023-01-23T14:52:47.737 requestController - getRfMaxId -  No ID found row: 0
INFO 2023-01-23T14:52:47.794 auth - verifyToken -  Authorized. A token verified - eyJhbGciOiJIUzI1NiIsInR5cCI6IkpXVCJ9.eyJpZCI6IkFCRUw5NDAwOTA5OSIsImlhdCI6MTY3NDQ1NjQwNCwiZXhwIjoxNjc0NDU3MzA0fQ.49Ub1N1lY441RBIPwwWBqH6K9UShPqfbFMMpUroiu00
ERROR 2023-01-23T14:52:47.876 requestController - getRfMaxId -  No ID found row: 0
INFO 2023-01-23T14:53:04.326 auth - verifyToken -  Authorized. A token verified - eyJhbGciOiJIUzI1NiIsInR5cCI6IkpXVCJ9.eyJpZCI6IkFCRUw5NDAwOTA5OSIsImlhdCI6MTY3NDQ1NjQwNCwiZXhwIjoxNjc0NDU3MzA0fQ.49Ub1N1lY441RBIPwwWBqH6K9UShPqfbFMMpUroiu00
ERROR 2023-01-23T14:53:04.416 requestController - getRfMaxId -  No ID found row: 0
INFO 2023-01-23T14:53:04.425 auth - verifyToken -  Authorized. A token verified - eyJhbGciOiJIUzI1NiIsInR5cCI6IkpXVCJ9.eyJpZCI6IkFCRUw5NDAwOTA5OSIsImlhdCI6MTY3NDQ1NjQwNCwiZXhwIjoxNjc0NDU3MzA0fQ.49Ub1N1lY441RBIPwwWBqH6K9UShPqfbFMMpUroiu00
ERROR 2023-01-23T14:53:04.512 requestController - getRfMaxId -  No ID found row: 0
INFO 2023-01-23T14:54:49.965 auth - verifyToken -  Authorized. A token verified - eyJhbGciOiJIUzI1NiIsInR5cCI6IkpXVCJ9.eyJpZCI6IkFCRUw5NDAwOTA5OSIsImlhdCI6MTY3NDQ1NjQwNCwiZXhwIjoxNjc0NDU3MzA0fQ.49Ub1N1lY441RBIPwwWBqH6K9UShPqfbFMMpUroiu00
ERROR 2023-01-23T14:54:50.058 requestController - getRfMaxId -  No ID found row: 0
INFO 2023-01-23T14:55:01.126 auth - verifyToken -  Authorized. A token verified - eyJhbGciOiJIUzI1NiIsInR5cCI6IkpXVCJ9.eyJpZCI6IkFCRUw5NDAwOTA5OSIsImlhdCI6MTY3NDQ1NjQwNCwiZXhwIjoxNjc0NDU3MzA0fQ.49Ub1N1lY441RBIPwwWBqH6K9UShPqfbFMMpUroiu00
ERROR 2023-01-23T14:55:01.223 requestController - getRfMaxId -  No ID found row: 0
INFO 2023-01-23T14:57:42.578 auth - verifyToken -  Authorized. A token verified - eyJhbGciOiJIUzI1NiIsInR5cCI6IkpXVCJ9.eyJpZCI6IkFCRUw5NDAwOTA5OSIsImlhdCI6MTY3NDQ1NjQwNCwiZXhwIjoxNjc0NDU3MzA0fQ.49Ub1N1lY441RBIPwwWBqH6K9UShPqfbFMMpUroiu00
INFO 2023-01-23T14:57:42.659 requestController - getMaxId -  row: 1
INFO 2023-01-23T14:58:13.552 auth - verifyToken -  Authorized. A token verified - eyJhbGciOiJIUzI1NiIsInR5cCI6IkpXVCJ9.eyJpZCI6IkFCRUw5NDAwOTA5OSIsImlhdCI6MTY3NDQ1NjQwNCwiZXhwIjoxNjc0NDU3MzA0fQ.49Ub1N1lY441RBIPwwWBqH6K9UShPqfbFMMpUroiu00
ERROR 2023-01-23T14:58:13.648 requestController - getRfMaxId -  No ID found row: 0
INFO 2023-01-23T14:58:16.892 auth - verifyToken -  Authorized. A token verified - eyJhbGciOiJIUzI1NiIsInR5cCI6IkpXVCJ9.eyJpZCI6IkFCRUw5NDAwOTA5OSIsImlhdCI6MTY3NDQ1NjQwNCwiZXhwIjoxNjc0NDU3MzA0fQ.49Ub1N1lY441RBIPwwWBqH6K9UShPqfbFMMpUroiu00
INFO 2023-01-23T14:58:16.974 requestController - getMaxId -  row: 1
INFO 2023-01-23T14:58:21.285 auth - verifyToken -  Authorized. A token verified - eyJhbGciOiJIUzI1NiIsInR5cCI6IkpXVCJ9.eyJpZCI6IkFCRUw5NDAwOTA5OSIsImlhdCI6MTY3NDQ1NjQwNCwiZXhwIjoxNjc0NDU3MzA0fQ.49Ub1N1lY441RBIPwwWBqH6K9UShPqfbFMMpUroiu00
ERROR 2023-01-23T14:58:21.412 requestController - getRfMaxId -  No ID found row: 0
INFO 2023-01-23T15:00:30.005 auth - verifyToken -  Authorized. A token verified - eyJhbGciOiJIUzI1NiIsInR5cCI6IkpXVCJ9.eyJpZCI6IkFCRUw5NDAwOTA5OSIsImlhdCI6MTY3NDQ1NjQwNCwiZXhwIjoxNjc0NDU3MzA0fQ.49Ub1N1lY441RBIPwwWBqH6K9UShPqfbFMMpUroiu00
ERROR 2023-01-23T15:00:30.114 requestController - getRfMaxId -  No ID found row: 0
INFO 2023-01-23T15:00:30.120 auth - verifyToken -  Authorized. A token verified - eyJhbGciOiJIUzI1NiIsInR5cCI6IkpXVCJ9.eyJpZCI6IkFCRUw5NDAwOTA5OSIsImlhdCI6MTY3NDQ1NjQwNCwiZXhwIjoxNjc0NDU3MzA0fQ.49Ub1N1lY441RBIPwwWBqH6K9UShPqfbFMMpUroiu00
ERROR 2023-01-23T15:00:30.201 requestController - getRfMaxId -  No ID found row: 0
INFO 2023-01-23T15:00:42.866 auth - verifyToken -  Authorized. A token verified - eyJhbGciOiJIUzI1NiIsInR5cCI6IkpXVCJ9.eyJpZCI6IkFCRUw5NDAwOTA5OSIsImlhdCI6MTY3NDQ1NjQwNCwiZXhwIjoxNjc0NDU3MzA0fQ.49Ub1N1lY441RBIPwwWBqH6K9UShPqfbFMMpUroiu00
ERROR 2023-01-23T15:00:42.961 requestController - getRfMaxId -  No ID found row: 0
INFO 2023-01-23T15:01:07.987 auth - verifyToken -  Authorized. A token verified - eyJhbGciOiJIUzI1NiIsInR5cCI6IkpXVCJ9.eyJpZCI6IkFCRUw5NDAwOTA5OSIsImlhdCI6MTY3NDQ1NjQwNCwiZXhwIjoxNjc0NDU3MzA0fQ.49Ub1N1lY441RBIPwwWBqH6K9UShPqfbFMMpUroiu00
ERROR 2023-01-23T15:01:08.088 requestController - getRfMaxId -  No ID found row: 0
INFO 2023-01-23T15:01:08.170 auth - verifyToken -  Authorized. A token verified - eyJhbGciOiJIUzI1NiIsInR5cCI6IkpXVCJ9.eyJpZCI6IkFCRUw5NDAwOTA5OSIsImlhdCI6MTY3NDQ1NjQwNCwiZXhwIjoxNjc0NDU3MzA0fQ.49Ub1N1lY441RBIPwwWBqH6K9UShPqfbFMMpUroiu00
ERROR 2023-01-23T15:01:08.260 requestController - getRfMaxId -  No ID found row: 0
FATAL 2023-01-23T15:04:56.693 auth - verifyToken -  Unauthorized. Invalid Token - eyJhbGciOiJIUzI1NiIsInR5cCI6IkpXVCJ9.eyJpZCI6IkFCRUw5NDAwOTA5OSIsImlhdCI6MTY3NDQ1NjQwNCwiZXhwIjoxNjc0NDU3MzA0fQ.49Ub1N1lY441RBIPwwWBqH6K9UShPqfbFMMpUroiu00
INFO 2023-01-23T15:05:14.162 userLogin Successfully generated a token - eyJhbGciOiJIUzI1NiIsInR5cCI6IkpXVCJ9.eyJpZCI6IkFCRUw5NDAwOTA5OSIsImlhdCI6MTY3NDQ1NzUxNCwiZXhwIjoxNjc0NDU4NDE0fQ.zRDXhI2SYpzRt1IKeSVoUvPdLICwXjIsWD9DCHKys_s
INFO 2023-01-23T15:05:14.946 auth - verifyToken -  Authorized. A token verified - eyJhbGciOiJIUzI1NiIsInR5cCI6IkpXVCJ9.eyJpZCI6IkFCRUw5NDAwOTA5OSIsImlhdCI6MTY3NDQ1NzUxNCwiZXhwIjoxNjc0NDU4NDE0fQ.zRDXhI2SYpzRt1IKeSVoUvPdLICwXjIsWD9DCHKys_s
INFO 2023-01-23T15:05:14.951 auth - verifyToken -  Authorized. A token verified - eyJhbGciOiJIUzI1NiIsInR5cCI6IkpXVCJ9.eyJpZCI6IkFCRUw5NDAwOTA5OSIsImlhdCI6MTY3NDQ1NzUxNCwiZXhwIjoxNjc0NDU4NDE0fQ.zRDXhI2SYpzRt1IKeSVoUvPdLICwXjIsWD9DCHKys_s
INFO 2023-01-23T15:05:15.029 getAllRequestsRevFund - No data found Rows Length : 0
INFO 2023-01-23T15:05:15.032 getAllRequestsCash - No data found Rows Length : 0
INFO 2023-01-23T15:05:19.779 auth - verifyToken -  Authorized. A token verified - eyJhbGciOiJIUzI1NiIsInR5cCI6IkpXVCJ9.eyJpZCI6IkFCRUw5NDAwOTA5OSIsImlhdCI6MTY3NDQ1NzUxNCwiZXhwIjoxNjc0NDU4NDE0fQ.zRDXhI2SYpzRt1IKeSVoUvPdLICwXjIsWD9DCHKys_s
INFO 2023-01-23T15:05:19.871 requestController - getMaxId -  row: 1
INFO 2023-01-23T15:05:23.678 auth - verifyToken -  Authorized. A token verified - eyJhbGciOiJIUzI1NiIsInR5cCI6IkpXVCJ9.eyJpZCI6IkFCRUw5NDAwOTA5OSIsImlhdCI6MTY3NDQ1NzUxNCwiZXhwIjoxNjc0NDU4NDE0fQ.zRDXhI2SYpzRt1IKeSVoUvPdLICwXjIsWD9DCHKys_s
ERROR 2023-01-23T15:05:23.765 requestController - getRfMaxId -  No ID found row: 0
INFO 2023-01-23T15:06:05.193 auth - verifyToken -  Authorized. A token verified - eyJhbGciOiJIUzI1NiIsInR5cCI6IkpXVCJ9.eyJpZCI6IkFCRUw5NDAwOTA5OSIsImlhdCI6MTY3NDQ1NzUxNCwiZXhwIjoxNjc0NDU4NDE0fQ.zRDXhI2SYpzRt1IKeSVoUvPdLICwXjIsWD9DCHKys_s
INFO 2023-01-23T15:06:05.277 OpenRequestController - postRfRequest  responseMesage - Success, responseCode - 0
INFO 2023-01-23T15:06:09.334 auth - verifyToken -  Authorized. A token verified - eyJhbGciOiJIUzI1NiIsInR5cCI6IkpXVCJ9.eyJpZCI6IkFCRUw5NDAwOTA5OSIsImlhdCI6MTY3NDQ1NzUxNCwiZXhwIjoxNjc0NDU4NDE0fQ.zRDXhI2SYpzRt1IKeSVoUvPdLICwXjIsWD9DCHKys_s
INFO 2023-01-23T15:06:09.439 OpenRequestController - getRfRequestByControlNo  responseMesage - Success, responseCode - 0
INFO 2023-01-23T15:07:56.712 auth - verifyToken -  Authorized. A token verified - eyJhbGciOiJIUzI1NiIsInR5cCI6IkpXVCJ9.eyJpZCI6IkFCRUw5NDAwOTA5OSIsImlhdCI6MTY3NDQ1NzUxNCwiZXhwIjoxNjc0NDU4NDE0fQ.zRDXhI2SYpzRt1IKeSVoUvPdLICwXjIsWD9DCHKys_s
INFO 2023-01-23T15:07:56.794 OpenRequestController - getRfRequestByControlNo  responseMesage - Success, responseCode - 0
INFO 2023-01-23T15:07:56.843 auth - verifyToken -  Authorized. A token verified - eyJhbGciOiJIUzI1NiIsInR5cCI6IkpXVCJ9.eyJpZCI6IkFCRUw5NDAwOTA5OSIsImlhdCI6MTY3NDQ1NzUxNCwiZXhwIjoxNjc0NDU4NDE0fQ.zRDXhI2SYpzRt1IKeSVoUvPdLICwXjIsWD9DCHKys_s
INFO 2023-01-23T15:07:56.936 OpenRequestController - getRfRequestByControlNo  responseMesage - Success, responseCode - 0
INFO 2023-01-23T15:08:53.248 auth - verifyToken -  Authorized. A token verified - eyJhbGciOiJIUzI1NiIsInR5cCI6IkpXVCJ9.eyJpZCI6IkFCRUw5NDAwOTA5OSIsImlhdCI6MTY3NDQ1NzUxNCwiZXhwIjoxNjc0NDU4NDE0fQ.zRDXhI2SYpzRt1IKeSVoUvPdLICwXjIsWD9DCHKys_s
INFO 2023-01-23T15:08:53.301 auth - verifyToken -  Authorized. A token verified - eyJhbGciOiJIUzI1NiIsInR5cCI6IkpXVCJ9.eyJpZCI6IkFCRUw5NDAwOTA5OSIsImlhdCI6MTY3NDQ1NzUxNCwiZXhwIjoxNjc0NDU4NDE0fQ.zRDXhI2SYpzRt1IKeSVoUvPdLICwXjIsWD9DCHKys_s
INFO 2023-01-23T15:08:53.331 OpenRequestController - getRfRequestByControlNo  responseMesage - Success, responseCode - 0
INFO 2023-01-23T15:08:53.393 OpenRequestController - getRfRequestByControlNo  responseMesage - Success, responseCode - 0
INFO 2023-01-23T15:08:56.693 auth - verifyToken -  Authorized. A token verified - eyJhbGciOiJIUzI1NiIsInR5cCI6IkpXVCJ9.eyJpZCI6IkFCRUw5NDAwOTA5OSIsImlhdCI6MTY3NDQ1NzUxNCwiZXhwIjoxNjc0NDU4NDE0fQ.zRDXhI2SYpzRt1IKeSVoUvPdLICwXjIsWD9DCHKys_s
INFO 2023-01-23T15:08:56.700 auth - verifyToken -  Authorized. A token verified - eyJhbGciOiJIUzI1NiIsInR5cCI6IkpXVCJ9.eyJpZCI6IkFCRUw5NDAwOTA5OSIsImlhdCI6MTY3NDQ1NzUxNCwiZXhwIjoxNjc0NDU4NDE0fQ.zRDXhI2SYpzRt1IKeSVoUvPdLICwXjIsWD9DCHKys_s
INFO 2023-01-23T15:08:56.770 getAllRequestsRevFund Rows Length : 1
INFO 2023-01-23T15:08:56.773 getAllRequestsCash - No data found Rows Length : 0
INFO 2023-01-23T15:08:58.020 auth - verifyToken -  Authorized. A token verified - eyJhbGciOiJIUzI1NiIsInR5cCI6IkpXVCJ9.eyJpZCI6IkFCRUw5NDAwOTA5OSIsImlhdCI6MTY3NDQ1NzUxNCwiZXhwIjoxNjc0NDU4NDE0fQ.zRDXhI2SYpzRt1IKeSVoUvPdLICwXjIsWD9DCHKys_s
INFO 2023-01-23T15:08:58.102 OpenRequestController - getRfRequestByControlNo  responseMesage - Success, responseCode - 0
INFO 2023-01-23T15:12:00.214 auth - verifyToken -  Authorized. A token verified - eyJhbGciOiJIUzI1NiIsInR5cCI6IkpXVCJ9.eyJpZCI6IkFCRUw5NDAwOTA5OSIsImlhdCI6MTY3NDQ1NzUxNCwiZXhwIjoxNjc0NDU4NDE0fQ.zRDXhI2SYpzRt1IKeSVoUvPdLICwXjIsWD9DCHKys_s
INFO 2023-01-23T15:12:00.299 OpenRequestController - getRfRequestByControlNo  responseMesage - Success, responseCode - 0
INFO 2023-01-23T15:12:02.837 auth - verifyToken -  Authorized. A token verified - eyJhbGciOiJIUzI1NiIsInR5cCI6IkpXVCJ9.eyJpZCI6IkFCRUw5NDAwOTA5OSIsImlhdCI6MTY3NDQ1NzUxNCwiZXhwIjoxNjc0NDU4NDE0fQ.zRDXhI2SYpzRt1IKeSVoUvPdLICwXjIsWD9DCHKys_s
INFO 2023-01-23T15:12:02.841 auth - verifyToken -  Authorized. A token verified - eyJhbGciOiJIUzI1NiIsInR5cCI6IkpXVCJ9.eyJpZCI6IkFCRUw5NDAwOTA5OSIsImlhdCI6MTY3NDQ1NzUxNCwiZXhwIjoxNjc0NDU4NDE0fQ.zRDXhI2SYpzRt1IKeSVoUvPdLICwXjIsWD9DCHKys_s
INFO 2023-01-23T15:12:02.929 getAllRequestsRevFund Rows Length : 1
INFO 2023-01-23T15:12:02.931 getAllRequestsCash - No data found Rows Length : 0
INFO 2023-01-23T15:12:03.773 auth - verifyToken -  Authorized. A token verified - eyJhbGciOiJIUzI1NiIsInR5cCI6IkpXVCJ9.eyJpZCI6IkFCRUw5NDAwOTA5OSIsImlhdCI6MTY3NDQ1NzUxNCwiZXhwIjoxNjc0NDU4NDE0fQ.zRDXhI2SYpzRt1IKeSVoUvPdLICwXjIsWD9DCHKys_s
INFO 2023-01-23T15:12:03.776 auth - verifyToken -  Authorized. A token verified - eyJhbGciOiJIUzI1NiIsInR5cCI6IkpXVCJ9.eyJpZCI6IkFCRUw5NDAwOTA5OSIsImlhdCI6MTY3NDQ1NzUxNCwiZXhwIjoxNjc0NDU4NDE0fQ.zRDXhI2SYpzRt1IKeSVoUvPdLICwXjIsWD9DCHKys_s
INFO 2023-01-23T15:12:03.779 auth - verifyToken -  Authorized. A token verified - eyJhbGciOiJIUzI1NiIsInR5cCI6IkpXVCJ9.eyJpZCI6IkFCRUw5NDAwOTA5OSIsImlhdCI6MTY3NDQ1NzUxNCwiZXhwIjoxNjc0NDU4NDE0fQ.zRDXhI2SYpzRt1IKeSVoUvPdLICwXjIsWD9DCHKys_s
INFO 2023-01-23T15:12:03.782 auth - verifyToken -  Authorized. A token verified - eyJhbGciOiJIUzI1NiIsInR5cCI6IkpXVCJ9.eyJpZCI6IkFCRUw5NDAwOTA5OSIsImlhdCI6MTY3NDQ1NzUxNCwiZXhwIjoxNjc0NDU4NDE0fQ.zRDXhI2SYpzRt1IKeSVoUvPdLICwXjIsWD9DCHKys_s
INFO 2023-01-23T15:12:03.864 getAllRequestsCash Rows Length : 1
INFO 2023-01-23T15:12:03.865 getAllRequestsRevFund - No data found Rows Length : 0
INFO 2023-01-23T15:12:04.204 getAllRequestsRevFund - No data found Rows Length : 0
INFO 2023-01-23T15:12:04.206 getAllRequestsCash Rows Length : 1
INFO 2023-01-23T15:12:08.606 auth - verifyToken -  Authorized. A token verified - eyJhbGciOiJIUzI1NiIsInR5cCI6IkpXVCJ9.eyJpZCI6IkFCRUw5NDAwOTA5OSIsImlhdCI6MTY3NDQ1NzUxNCwiZXhwIjoxNjc0NDU4NDE0fQ.zRDXhI2SYpzRt1IKeSVoUvPdLICwXjIsWD9DCHKys_s
INFO 2023-01-23T15:12:08.691 OpenRequestController - getCashRequestByControlNo  responseMesage - Success, responseCode - 0
INFO 2023-01-23T15:12:09.972 auth - verifyToken -  Authorized. A token verified - eyJhbGciOiJIUzI1NiIsInR5cCI6IkpXVCJ9.eyJpZCI6IkFCRUw5NDAwOTA5OSIsImlhdCI6MTY3NDQ1NzUxNCwiZXhwIjoxNjc0NDU4NDE0fQ.zRDXhI2SYpzRt1IKeSVoUvPdLICwXjIsWD9DCHKys_s
INFO 2023-01-23T15:12:09.974 auth - verifyToken -  Authorized. A token verified - eyJhbGciOiJIUzI1NiIsInR5cCI6IkpXVCJ9.eyJpZCI6IkFCRUw5NDAwOTA5OSIsImlhdCI6MTY3NDQ1NzUxNCwiZXhwIjoxNjc0NDU4NDE0fQ.zRDXhI2SYpzRt1IKeSVoUvPdLICwXjIsWD9DCHKys_s
INFO 2023-01-23T15:12:09.977 auth - verifyToken -  Authorized. A token verified - eyJhbGciOiJIUzI1NiIsInR5cCI6IkpXVCJ9.eyJpZCI6IkFCRUw5NDAwOTA5OSIsImlhdCI6MTY3NDQ1NzUxNCwiZXhwIjoxNjc0NDU4NDE0fQ.zRDXhI2SYpzRt1IKeSVoUvPdLICwXjIsWD9DCHKys_s
INFO 2023-01-23T15:12:09.979 auth - verifyToken -  Authorized. A token verified - eyJhbGciOiJIUzI1NiIsInR5cCI6IkpXVCJ9.eyJpZCI6IkFCRUw5NDAwOTA5OSIsImlhdCI6MTY3NDQ1NzUxNCwiZXhwIjoxNjc0NDU4NDE0fQ.zRDXhI2SYpzRt1IKeSVoUvPdLICwXjIsWD9DCHKys_s
INFO 2023-01-23T15:12:10.066 getAllRequestsCash Rows Length : 1
INFO 2023-01-23T15:12:10.067 getAllRequestsCash Rows Length : 1
INFO 2023-01-23T15:12:10.068 getAllRequestsRevFund - No data found Rows Length : 0
INFO 2023-01-23T15:12:10.068 getAllRequestsRevFund - No data found Rows Length : 0
INFO 2023-01-23T15:12:10.780 auth - verifyToken -  Authorized. A token verified - eyJhbGciOiJIUzI1NiIsInR5cCI6IkpXVCJ9.eyJpZCI6IkFCRUw5NDAwOTA5OSIsImlhdCI6MTY3NDQ1NzUxNCwiZXhwIjoxNjc0NDU4NDE0fQ.zRDXhI2SYpzRt1IKeSVoUvPdLICwXjIsWD9DCHKys_s
INFO 2023-01-23T15:12:10.867 OpenRequestController - getCashRequestByControlNo  responseMesage - Success, responseCode - 0
INFO 2023-01-23T15:12:11.973 auth - verifyToken -  Authorized. A token verified - eyJhbGciOiJIUzI1NiIsInR5cCI6IkpXVCJ9.eyJpZCI6IkFCRUw5NDAwOTA5OSIsImlhdCI6MTY3NDQ1NzUxNCwiZXhwIjoxNjc0NDU4NDE0fQ.zRDXhI2SYpzRt1IKeSVoUvPdLICwXjIsWD9DCHKys_s
INFO 2023-01-23T15:12:11.975 auth - verifyToken -  Authorized. A token verified - eyJhbGciOiJIUzI1NiIsInR5cCI6IkpXVCJ9.eyJpZCI6IkFCRUw5NDAwOTA5OSIsImlhdCI6MTY3NDQ1NzUxNCwiZXhwIjoxNjc0NDU4NDE0fQ.zRDXhI2SYpzRt1IKeSVoUvPdLICwXjIsWD9DCHKys_s
INFO 2023-01-23T15:12:11.976 auth - verifyToken -  Authorized. A token verified - eyJhbGciOiJIUzI1NiIsInR5cCI6IkpXVCJ9.eyJpZCI6IkFCRUw5NDAwOTA5OSIsImlhdCI6MTY3NDQ1NzUxNCwiZXhwIjoxNjc0NDU4NDE0fQ.zRDXhI2SYpzRt1IKeSVoUvPdLICwXjIsWD9DCHKys_s
INFO 2023-01-23T15:12:11.979 auth - verifyToken -  Authorized. A token verified - eyJhbGciOiJIUzI1NiIsInR5cCI6IkpXVCJ9.eyJpZCI6IkFCRUw5NDAwOTA5OSIsImlhdCI6MTY3NDQ1NzUxNCwiZXhwIjoxNjc0NDU4NDE0fQ.zRDXhI2SYpzRt1IKeSVoUvPdLICwXjIsWD9DCHKys_s
INFO 2023-01-23T15:12:12.055 getAllRequestsCash Rows Length : 1
INFO 2023-01-23T15:12:12.057 getAllRequestsRevFund - No data found Rows Length : 0
INFO 2023-01-23T15:12:12.058 getAllRequestsCash Rows Length : 1
INFO 2023-01-23T15:12:12.059 getAllRequestsRevFund - No data found Rows Length : 0
INFO 2023-01-23T15:12:16.525 auth - verifyToken -  Authorized. A token verified - eyJhbGciOiJIUzI1NiIsInR5cCI6IkpXVCJ9.eyJpZCI6IkFCRUw5NDAwOTA5OSIsImlhdCI6MTY3NDQ1NzUxNCwiZXhwIjoxNjc0NDU4NDE0fQ.zRDXhI2SYpzRt1IKeSVoUvPdLICwXjIsWD9DCHKys_s
INFO 2023-01-23T15:12:16.528 auth - verifyToken -  Authorized. A token verified - eyJhbGciOiJIUzI1NiIsInR5cCI6IkpXVCJ9.eyJpZCI6IkFCRUw5NDAwOTA5OSIsImlhdCI6MTY3NDQ1NzUxNCwiZXhwIjoxNjc0NDU4NDE0fQ.zRDXhI2SYpzRt1IKeSVoUvPdLICwXjIsWD9DCHKys_s
INFO 2023-01-23T15:12:16.613 getAllRequestsCash - No data found Rows Length : 0
INFO 2023-01-23T15:12:16.614 getAllRequestsRevFund Rows Length : 1
INFO 2023-01-23T15:12:18.007 auth - verifyToken -  Authorized. A token verified - eyJhbGciOiJIUzI1NiIsInR5cCI6IkpXVCJ9.eyJpZCI6IkFCRUw5NDAwOTA5OSIsImlhdCI6MTY3NDQ1NzUxNCwiZXhwIjoxNjc0NDU4NDE0fQ.zRDXhI2SYpzRt1IKeSVoUvPdLICwXjIsWD9DCHKys_s
INFO 2023-01-23T15:12:18.101 OpenRequestController - getRfRequestByControlNo  responseMesage - Success, responseCode - 0
INFO 2023-01-23T15:12:44.526 userLogin Successfully generated a token - eyJhbGciOiJIUzI1NiIsInR5cCI6IkpXVCJ9.eyJpZCI6IlBFUk45NDAxNjUwOCIsImlhdCI6MTY3NDQ1Nzk2NCwiZXhwIjoxNjc0NDU4ODY0fQ.I9J_Y9cAkOkPWmroJTs3MilLWY5MBT1tgfMUe6A3dcA
INFO 2023-01-23T15:12:45.337 auth - verifyToken -  Authorized. A token verified - eyJhbGciOiJIUzI1NiIsInR5cCI6IkpXVCJ9.eyJpZCI6IlBFUk45NDAxNjUwOCIsImlhdCI6MTY3NDQ1Nzk2NCwiZXhwIjoxNjc0NDU4ODY0fQ.I9J_Y9cAkOkPWmroJTs3MilLWY5MBT1tgfMUe6A3dcA
INFO 2023-01-23T15:12:45.338 auth - verifyToken -  Authorized. A token verified - eyJhbGciOiJIUzI1NiIsInR5cCI6IkpXVCJ9.eyJpZCI6IlBFUk45NDAxNjUwOCIsImlhdCI6MTY3NDQ1Nzk2NCwiZXhwIjoxNjc0NDU4ODY0fQ.I9J_Y9cAkOkPWmroJTs3MilLWY5MBT1tgfMUe6A3dcA
INFO 2023-01-23T15:12:45.441 getAllRequestsCash - No data found Rows Length : 0
INFO 2023-01-23T15:12:45.442 getAllRequestsRevFund - No data found Rows Length : 0
INFO 2023-01-23T15:12:46.339 auth - verifyToken -  Authorized. A token verified - eyJhbGciOiJIUzI1NiIsInR5cCI6IkpXVCJ9.eyJpZCI6IlBFUk45NDAxNjUwOCIsImlhdCI6MTY3NDQ1Nzk2NCwiZXhwIjoxNjc0NDU4ODY0fQ.I9J_Y9cAkOkPWmroJTs3MilLWY5MBT1tgfMUe6A3dcA
INFO 2023-01-23T15:12:46.355 auth - verifyToken -  Authorized. A token verified - eyJhbGciOiJIUzI1NiIsInR5cCI6IkpXVCJ9.eyJpZCI6IlBFUk45NDAxNjUwOCIsImlhdCI6MTY3NDQ1Nzk2NCwiZXhwIjoxNjc0NDU4ODY0fQ.I9J_Y9cAkOkPWmroJTs3MilLWY5MBT1tgfMUe6A3dcA
INFO 2023-01-23T15:12:46.448 getAllRequestsForApprovalCash - ass_vpo_approver No Data Retrieved : 0
INFO 2023-01-23T15:12:46.451 getAllRequestsForApprovalRevolving - ass_vpo_approver Data Retrieved : 0
INFO 2023-01-23T15:12:50.366 auth - verifyToken -  Authorized. A token verified - eyJhbGciOiJIUzI1NiIsInR5cCI6IkpXVCJ9.eyJpZCI6IlBFUk45NDAxNjUwOCIsImlhdCI6MTY3NDQ1Nzk2NCwiZXhwIjoxNjc0NDU4ODY0fQ.I9J_Y9cAkOkPWmroJTs3MilLWY5MBT1tgfMUe6A3dcA
INFO 2023-01-23T15:12:50.455 requestController - getRfMaxId -  row: 1
INFO 2023-01-23T15:13:31.472 auth - verifyToken -  Authorized. A token verified - eyJhbGciOiJIUzI1NiIsInR5cCI6IkpXVCJ9.eyJpZCI6IlBFUk45NDAxNjUwOCIsImlhdCI6MTY3NDQ1Nzk2NCwiZXhwIjoxNjc0NDU4ODY0fQ.I9J_Y9cAkOkPWmroJTs3MilLWY5MBT1tgfMUe6A3dcA
INFO 2023-01-23T15:13:31.560 OpenRequestController - postRfRequest  responseMesage - Success, responseCode - 0
INFO 2023-01-23T15:13:35.597 auth - verifyToken -  Authorized. A token verified - eyJhbGciOiJIUzI1NiIsInR5cCI6IkpXVCJ9.eyJpZCI6IlBFUk45NDAxNjUwOCIsImlhdCI6MTY3NDQ1Nzk2NCwiZXhwIjoxNjc0NDU4ODY0fQ.I9J_Y9cAkOkPWmroJTs3MilLWY5MBT1tgfMUe6A3dcA
INFO 2023-01-23T15:13:35.681 OpenRequestController - getRfRequestByControlNo  responseMesage - Success, responseCode - 0
INFO 2023-01-23T15:13:41.449 auth - verifyToken -  Authorized. A token verified - eyJhbGciOiJIUzI1NiIsInR5cCI6IkpXVCJ9.eyJpZCI6IlBFUk45NDAxNjUwOCIsImlhdCI6MTY3NDQ1Nzk2NCwiZXhwIjoxNjc0NDU4ODY0fQ.I9J_Y9cAkOkPWmroJTs3MilLWY5MBT1tgfMUe6A3dcA
INFO 2023-01-23T15:13:41.451 auth - verifyToken -  Authorized. A token verified - eyJhbGciOiJIUzI1NiIsInR5cCI6IkpXVCJ9.eyJpZCI6IlBFUk45NDAxNjUwOCIsImlhdCI6MTY3NDQ1Nzk2NCwiZXhwIjoxNjc0NDU4ODY0fQ.I9J_Y9cAkOkPWmroJTs3MilLWY5MBT1tgfMUe6A3dcA
INFO 2023-01-23T15:13:41.541 getAllRequestsCash - No data found Rows Length : 0
INFO 2023-01-23T15:13:41.541 getAllRequestsRevFund Rows Length : 1
INFO 2023-01-23T15:13:42.458 auth - verifyToken -  Authorized. A token verified - eyJhbGciOiJIUzI1NiIsInR5cCI6IkpXVCJ9.eyJpZCI6IlBFUk45NDAxNjUwOCIsImlhdCI6MTY3NDQ1Nzk2NCwiZXhwIjoxNjc0NDU4ODY0fQ.I9J_Y9cAkOkPWmroJTs3MilLWY5MBT1tgfMUe6A3dcA
INFO 2023-01-23T15:13:42.461 auth - verifyToken -  Authorized. A token verified - eyJhbGciOiJIUzI1NiIsInR5cCI6IkpXVCJ9.eyJpZCI6IlBFUk45NDAxNjUwOCIsImlhdCI6MTY3NDQ1Nzk2NCwiZXhwIjoxNjc0NDU4ODY0fQ.I9J_Y9cAkOkPWmroJTs3MilLWY5MBT1tgfMUe6A3dcA
INFO 2023-01-23T15:13:42.471 auth - verifyToken -  Authorized. A token verified - eyJhbGciOiJIUzI1NiIsInR5cCI6IkpXVCJ9.eyJpZCI6IlBFUk45NDAxNjUwOCIsImlhdCI6MTY3NDQ1Nzk2NCwiZXhwIjoxNjc0NDU4ODY0fQ.I9J_Y9cAkOkPWmroJTs3MilLWY5MBT1tgfMUe6A3dcA
INFO 2023-01-23T15:13:42.553 getAllRequestsForApprovalRevolving - ass_vpo_approver Data Retrieved : 0
INFO 2023-01-23T15:13:42.555 getAllRequestsForApprovalCash - ass_vpo_approver No Data Retrieved : 0
INFO 2023-01-23T15:13:42.559 OpenRequestController - getRfRequestByControlNo  responseMesage - Success, responseCode - 0
INFO 2023-01-23T15:15:42.628 userLogin Successfully generated a token - eyJhbGciOiJIUzI1NiIsInR5cCI6IkpXVCJ9.eyJpZCI6Ik1JTEw5NDAwMjcyMiIsImlhdCI6MTY3NDQ1ODE0MiwiZXhwIjoxNjc0NDU5MDQyfQ.PhnD4TS_XhSzAgBXjXVO_r9MWpAxAr2RIXZt2zliB08
INFO 2023-01-23T15:15:43.394 auth - verifyToken -  Authorized. A token verified - eyJhbGciOiJIUzI1NiIsInR5cCI6IkpXVCJ9.eyJpZCI6Ik1JTEw5NDAwMjcyMiIsImlhdCI6MTY3NDQ1ODE0MiwiZXhwIjoxNjc0NDU5MDQyfQ.PhnD4TS_XhSzAgBXjXVO_r9MWpAxAr2RIXZt2zliB08
INFO 2023-01-23T15:15:43.399 auth - verifyToken -  Authorized. A token verified - eyJhbGciOiJIUzI1NiIsInR5cCI6IkpXVCJ9.eyJpZCI6Ik1JTEw5NDAwMjcyMiIsImlhdCI6MTY3NDQ1ODE0MiwiZXhwIjoxNjc0NDU5MDQyfQ.PhnD4TS_XhSzAgBXjXVO_r9MWpAxAr2RIXZt2zliB08
INFO 2023-01-23T15:15:43.479 getAllRequestsRevFund - No data found Rows Length : 0
INFO 2023-01-23T15:15:43.488 getAllRequestsCash - No data found Rows Length : 0
INFO 2023-01-23T15:15:44.404 auth - verifyToken -  Authorized. A token verified - eyJhbGciOiJIUzI1NiIsInR5cCI6IkpXVCJ9.eyJpZCI6Ik1JTEw5NDAwMjcyMiIsImlhdCI6MTY3NDQ1ODE0MiwiZXhwIjoxNjc0NDU5MDQyfQ.PhnD4TS_XhSzAgBXjXVO_r9MWpAxAr2RIXZt2zliB08
INFO 2023-01-23T15:15:44.407 auth - verifyToken -  Authorized. A token verified - eyJhbGciOiJIUzI1NiIsInR5cCI6IkpXVCJ9.eyJpZCI6Ik1JTEw5NDAwMjcyMiIsImlhdCI6MTY3NDQ1ODE0MiwiZXhwIjoxNjc0NDU5MDQyfQ.PhnD4TS_XhSzAgBXjXVO_r9MWpAxAr2RIXZt2zliB08
INFO 2023-01-23T15:15:44.487 getAllRequestsForApprovalCash - vpo_approver No Data Retrieved : 0
INFO 2023-01-23T15:15:44.490 getAllRequestsForApprovalRevolving - vpo_approver Data Retrieved : 1
INFO 2023-01-23T15:15:48.265 auth - verifyToken -  Authorized. A token verified - eyJhbGciOiJIUzI1NiIsInR5cCI6IkpXVCJ9.eyJpZCI6Ik1JTEw5NDAwMjcyMiIsImlhdCI6MTY3NDQ1ODE0MiwiZXhwIjoxNjc0NDU5MDQyfQ.PhnD4TS_XhSzAgBXjXVO_r9MWpAxAr2RIXZt2zliB08
INFO 2023-01-23T15:15:48.361 OpenRequestController - getRfRequestByControlNo  responseMesage - Success, responseCode - 0
INFO 2023-01-23T15:16:55.829 auth - verifyToken -  Authorized. A token verified - eyJhbGciOiJIUzI1NiIsInR5cCI6IkpXVCJ9.eyJpZCI6Ik1JTEw5NDAwMjcyMiIsImlhdCI6MTY3NDQ1ODE0MiwiZXhwIjoxNjc0NDU5MDQyfQ.PhnD4TS_XhSzAgBXjXVO_r9MWpAxAr2RIXZt2zliB08
INFO 2023-01-23T15:16:55.915 OpenRequestController - getRfRequestByControlNo  responseMesage - Success, responseCode - 0
INFO 2023-01-23T15:16:58.432 auth - verifyToken -  Authorized. A token verified - eyJhbGciOiJIUzI1NiIsInR5cCI6IkpXVCJ9.eyJpZCI6Ik1JTEw5NDAwMjcyMiIsImlhdCI6MTY3NDQ1ODE0MiwiZXhwIjoxNjc0NDU5MDQyfQ.PhnD4TS_XhSzAgBXjXVO_r9MWpAxAr2RIXZt2zliB08
INFO 2023-01-23T15:16:58.437 auth - verifyToken -  Authorized. A token verified - eyJhbGciOiJIUzI1NiIsInR5cCI6IkpXVCJ9.eyJpZCI6Ik1JTEw5NDAwMjcyMiIsImlhdCI6MTY3NDQ1ODE0MiwiZXhwIjoxNjc0NDU5MDQyfQ.PhnD4TS_XhSzAgBXjXVO_r9MWpAxAr2RIXZt2zliB08
INFO 2023-01-23T15:16:58.518 getAllRequestsRevFund - No data found Rows Length : 0
INFO 2023-01-23T15:16:58.523 getAllRequestsCash - No data found Rows Length : 0
INFO 2023-01-23T15:16:59.451 auth - verifyToken -  Authorized. A token verified - eyJhbGciOiJIUzI1NiIsInR5cCI6IkpXVCJ9.eyJpZCI6Ik1JTEw5NDAwMjcyMiIsImlhdCI6MTY3NDQ1ODE0MiwiZXhwIjoxNjc0NDU5MDQyfQ.PhnD4TS_XhSzAgBXjXVO_r9MWpAxAr2RIXZt2zliB08
INFO 2023-01-23T15:16:59.455 auth - verifyToken -  Authorized. A token verified - eyJhbGciOiJIUzI1NiIsInR5cCI6IkpXVCJ9.eyJpZCI6Ik1JTEw5NDAwMjcyMiIsImlhdCI6MTY3NDQ1ODE0MiwiZXhwIjoxNjc0NDU5MDQyfQ.PhnD4TS_XhSzAgBXjXVO_r9MWpAxAr2RIXZt2zliB08
INFO 2023-01-23T15:16:59.536 getAllRequestsForApprovalCash - vpo_approver No Data Retrieved : 0
INFO 2023-01-23T15:16:59.542 getAllRequestsForApprovalRevolving - vpo_approver Data Retrieved : 1
INFO 2023-01-23T15:17:00.638 auth - verifyToken -  Authorized. A token verified - eyJhbGciOiJIUzI1NiIsInR5cCI6IkpXVCJ9.eyJpZCI6Ik1JTEw5NDAwMjcyMiIsImlhdCI6MTY3NDQ1ODE0MiwiZXhwIjoxNjc0NDU5MDQyfQ.PhnD4TS_XhSzAgBXjXVO_r9MWpAxAr2RIXZt2zliB08
INFO 2023-01-23T15:17:00.724 OpenRequestController - getRfRequestByControlNo  responseMesage - Success, responseCode - 0
INFO 2023-01-23T15:17:10.002 auth - verifyToken -  Authorized. A token verified - eyJhbGciOiJIUzI1NiIsInR5cCI6IkpXVCJ9.eyJpZCI6Ik1JTEw5NDAwMjcyMiIsImlhdCI6MTY3NDQ1ODE0MiwiZXhwIjoxNjc0NDU5MDQyfQ.PhnD4TS_XhSzAgBXjXVO_r9MWpAxAr2RIXZt2zliB08
INFO 2023-01-23T15:17:10.179 REVOLVING FUND APPROVED - updateRequestStatus -  Request Status Updated - RF-230123-000002
INFO 2023-01-23T15:17:10.285 REVOLVING FUND APPROVED - updateApproverStatus -  Approver Status Updated - vpo_approver
INFO 2023-01-23T15:17:14.572 auth - verifyToken -  Authorized. A token verified - eyJhbGciOiJIUzI1NiIsInR5cCI6IkpXVCJ9.eyJpZCI6Ik1JTEw5NDAwMjcyMiIsImlhdCI6MTY3NDQ1ODE0MiwiZXhwIjoxNjc0NDU5MDQyfQ.PhnD4TS_XhSzAgBXjXVO_r9MWpAxAr2RIXZt2zliB08
INFO 2023-01-23T15:17:14.655 OpenRequestController - getRfRequestByControlNo  responseMesage - Success, responseCode - 0
INFO 2023-01-23T15:17:20.341 auth - verifyToken -  Authorized. A token verified - eyJhbGciOiJIUzI1NiIsInR5cCI6IkpXVCJ9.eyJpZCI6Ik1JTEw5NDAwMjcyMiIsImlhdCI6MTY3NDQ1ODE0MiwiZXhwIjoxNjc0NDU5MDQyfQ.PhnD4TS_XhSzAgBXjXVO_r9MWpAxAr2RIXZt2zliB08
INFO 2023-01-23T15:17:20.345 auth - verifyToken -  Authorized. A token verified - eyJhbGciOiJIUzI1NiIsInR5cCI6IkpXVCJ9.eyJpZCI6Ik1JTEw5NDAwMjcyMiIsImlhdCI6MTY3NDQ1ODE0MiwiZXhwIjoxNjc0NDU5MDQyfQ.PhnD4TS_XhSzAgBXjXVO_r9MWpAxAr2RIXZt2zliB08
INFO 2023-01-23T15:17:20.422 getAllRequestsRevFund - No data found Rows Length : 0
INFO 2023-01-23T15:17:20.424 getAllRequestsCash - No data found Rows Length : 0
INFO 2023-01-23T15:17:21.357 auth - verifyToken -  Authorized. A token verified - eyJhbGciOiJIUzI1NiIsInR5cCI6IkpXVCJ9.eyJpZCI6Ik1JTEw5NDAwMjcyMiIsImlhdCI6MTY3NDQ1ODE0MiwiZXhwIjoxNjc0NDU5MDQyfQ.PhnD4TS_XhSzAgBXjXVO_r9MWpAxAr2RIXZt2zliB08
INFO 2023-01-23T15:17:21.363 auth - verifyToken -  Authorized. A token verified - eyJhbGciOiJIUzI1NiIsInR5cCI6IkpXVCJ9.eyJpZCI6Ik1JTEw5NDAwMjcyMiIsImlhdCI6MTY3NDQ1ODE0MiwiZXhwIjoxNjc0NDU5MDQyfQ.PhnD4TS_XhSzAgBXjXVO_r9MWpAxAr2RIXZt2zliB08
INFO 2023-01-23T15:17:21.451 getAllRequestsForApprovalCash - vpo_approver No Data Retrieved : 0
INFO 2023-01-23T15:17:21.453 getAllRequestsForApprovalRevolving - vpo_approver Data Retrieved : 0
INFO 2023-01-23T15:18:04.622 userLogin Successfully generated a token - eyJhbGciOiJIUzI1NiIsInR5cCI6IkpXVCJ9.eyJpZCI6IlBFUk45NDAxNjUwOCIsImlhdCI6MTY3NDQ1ODI4NCwiZXhwIjoxNjc0NDU5MTg0fQ.45atIarOir_Wwgr8-ufjEOptlAJAejH9L94Pt-lt4BY
INFO 2023-01-23T15:18:05.372 auth - verifyToken -  Authorized. A token verified - eyJhbGciOiJIUzI1NiIsInR5cCI6IkpXVCJ9.eyJpZCI6IlBFUk45NDAxNjUwOCIsImlhdCI6MTY3NDQ1ODI4NCwiZXhwIjoxNjc0NDU5MTg0fQ.45atIarOir_Wwgr8-ufjEOptlAJAejH9L94Pt-lt4BY
INFO 2023-01-23T15:18:05.376 auth - verifyToken -  Authorized. A token verified - eyJhbGciOiJIUzI1NiIsInR5cCI6IkpXVCJ9.eyJpZCI6IlBFUk45NDAxNjUwOCIsImlhdCI6MTY3NDQ1ODI4NCwiZXhwIjoxNjc0NDU5MTg0fQ.45atIarOir_Wwgr8-ufjEOptlAJAejH9L94Pt-lt4BY
INFO 2023-01-23T15:18:05.454 getAllRequestsRevFund - No data found Rows Length : 0
INFO 2023-01-23T15:18:05.811 getAllRequestsCash - No data found Rows Length : 0
INFO 2023-01-23T15:18:06.388 auth - verifyToken -  Authorized. A token verified - eyJhbGciOiJIUzI1NiIsInR5cCI6IkpXVCJ9.eyJpZCI6IlBFUk45NDAxNjUwOCIsImlhdCI6MTY3NDQ1ODI4NCwiZXhwIjoxNjc0NDU5MTg0fQ.45atIarOir_Wwgr8-ufjEOptlAJAejH9L94Pt-lt4BY
INFO 2023-01-23T15:18:06.392 auth - verifyToken -  Authorized. A token verified - eyJhbGciOiJIUzI1NiIsInR5cCI6IkpXVCJ9.eyJpZCI6IlBFUk45NDAxNjUwOCIsImlhdCI6MTY3NDQ1ODI4NCwiZXhwIjoxNjc0NDU5MTg0fQ.45atIarOir_Wwgr8-ufjEOptlAJAejH9L94Pt-lt4BY
INFO 2023-01-23T15:18:06.478 getAllRequestsForApprovalRevolving - ass_vpo_approver Data Retrieved : 0
INFO 2023-01-23T15:18:06.479 getAllRequestsForApprovalCash - ass_vpo_approver No Data Retrieved : 0
INFO 2023-01-23T15:18:11.205 auth - verifyToken -  Authorized. A token verified - eyJhbGciOiJIUzI1NiIsInR5cCI6IkpXVCJ9.eyJpZCI6IlBFUk45NDAxNjUwOCIsImlhdCI6MTY3NDQ1ODI4NCwiZXhwIjoxNjc0NDU5MTg0fQ.45atIarOir_Wwgr8-ufjEOptlAJAejH9L94Pt-lt4BY
INFO 2023-01-23T15:18:11.206 auth - verifyToken -  Authorized. A token verified - eyJhbGciOiJIUzI1NiIsInR5cCI6IkpXVCJ9.eyJpZCI6IlBFUk45NDAxNjUwOCIsImlhdCI6MTY3NDQ1ODI4NCwiZXhwIjoxNjc0NDU5MTg0fQ.45atIarOir_Wwgr8-ufjEOptlAJAejH9L94Pt-lt4BY
INFO 2023-01-23T15:18:11.207 auth - verifyToken -  Authorized. A token verified - eyJhbGciOiJIUzI1NiIsInR5cCI6IkpXVCJ9.eyJpZCI6IlBFUk45NDAxNjUwOCIsImlhdCI6MTY3NDQ1ODI4NCwiZXhwIjoxNjc0NDU5MTg0fQ.45atIarOir_Wwgr8-ufjEOptlAJAejH9L94Pt-lt4BY
INFO 2023-01-23T15:18:11.211 auth - verifyToken -  Authorized. A token verified - eyJhbGciOiJIUzI1NiIsInR5cCI6IkpXVCJ9.eyJpZCI6IlBFUk45NDAxNjUwOCIsImlhdCI6MTY3NDQ1ODI4NCwiZXhwIjoxNjc0NDU5MTg0fQ.45atIarOir_Wwgr8-ufjEOptlAJAejH9L94Pt-lt4BY
INFO 2023-01-23T15:18:11.288 getAllRequestsCash - No data found Rows Length : 0
INFO 2023-01-23T15:18:11.290 getAllRequestsRevFund - No data found Rows Length : 0
INFO 2023-01-23T15:18:11.292 getAllRequestsCash - No data found Rows Length : 0
INFO 2023-01-23T15:18:11.300 getAllRequestsRevFund Rows Length : 1
INFO 2023-01-23T15:18:12.757 auth - verifyToken -  Authorized. A token verified - eyJhbGciOiJIUzI1NiIsInR5cCI6IkpXVCJ9.eyJpZCI6IlBFUk45NDAxNjUwOCIsImlhdCI6MTY3NDQ1ODI4NCwiZXhwIjoxNjc0NDU5MTg0fQ.45atIarOir_Wwgr8-ufjEOptlAJAejH9L94Pt-lt4BY
INFO 2023-01-23T15:18:12.840 OpenRequestController - getRfRequestByControlNo  responseMesage - Success, responseCode - 0
INFO 2023-01-23T15:19:17.715 auth - verifyToken -  Authorized. A token verified - eyJhbGciOiJIUzI1NiIsInR5cCI6IkpXVCJ9.eyJpZCI6IlBFUk45NDAxNjUwOCIsImlhdCI6MTY3NDQ1ODI4NCwiZXhwIjoxNjc0NDU5MTg0fQ.45atIarOir_Wwgr8-ufjEOptlAJAejH9L94Pt-lt4BY
INFO 2023-01-23T15:19:17.849 OpenRequestController - getRfRequestByControlNo  responseMesage - Success, responseCode - 0
INFO 2023-01-23T15:20:07.954 auth - verifyToken -  Authorized. A token verified - eyJhbGciOiJIUzI1NiIsInR5cCI6IkpXVCJ9.eyJpZCI6IlBFUk45NDAxNjUwOCIsImlhdCI6MTY3NDQ1ODI4NCwiZXhwIjoxNjc0NDU5MTg0fQ.45atIarOir_Wwgr8-ufjEOptlAJAejH9L94Pt-lt4BY
INFO 2023-01-23T15:20:08.045 OpenRequestController - getRfRequestByControlNo  responseMesage - Success, responseCode - 0
INFO 2023-01-23T15:20:54.995 auth - verifyToken -  Authorized. A token verified - eyJhbGciOiJIUzI1NiIsInR5cCI6IkpXVCJ9.eyJpZCI6IlBFUk45NDAxNjUwOCIsImlhdCI6MTY3NDQ1ODI4NCwiZXhwIjoxNjc0NDU5MTg0fQ.45atIarOir_Wwgr8-ufjEOptlAJAejH9L94Pt-lt4BY
INFO 2023-01-23T15:20:55.079 OpenRequestController - getRfRequestByControlNo  responseMesage - Success, responseCode - 0
INFO 2023-01-23T15:21:18.442 auth - verifyToken -  Authorized. A token verified - eyJhbGciOiJIUzI1NiIsInR5cCI6IkpXVCJ9.eyJpZCI6IlBFUk45NDAxNjUwOCIsImlhdCI6MTY3NDQ1ODI4NCwiZXhwIjoxNjc0NDU5MTg0fQ.45atIarOir_Wwgr8-ufjEOptlAJAejH9L94Pt-lt4BY
INFO 2023-01-23T15:21:18.523 OpenRequestController - getRfRequestByControlNo  responseMesage - Success, responseCode - 0
INFO 2023-01-23T15:22:04.619 auth - verifyToken -  Authorized. A token verified - eyJhbGciOiJIUzI1NiIsInR5cCI6IkpXVCJ9.eyJpZCI6IlBFUk45NDAxNjUwOCIsImlhdCI6MTY3NDQ1ODI4NCwiZXhwIjoxNjc0NDU5MTg0fQ.45atIarOir_Wwgr8-ufjEOptlAJAejH9L94Pt-lt4BY
INFO 2023-01-23T15:22:04.621 auth - verifyToken -  Authorized. A token verified - eyJhbGciOiJIUzI1NiIsInR5cCI6IkpXVCJ9.eyJpZCI6IlBFUk45NDAxNjUwOCIsImlhdCI6MTY3NDQ1ODI4NCwiZXhwIjoxNjc0NDU5MTg0fQ.45atIarOir_Wwgr8-ufjEOptlAJAejH9L94Pt-lt4BY
INFO 2023-01-23T15:22:04.623 auth - verifyToken -  Authorized. A token verified - eyJhbGciOiJIUzI1NiIsInR5cCI6IkpXVCJ9.eyJpZCI6IlBFUk45NDAxNjUwOCIsImlhdCI6MTY3NDQ1ODI4NCwiZXhwIjoxNjc0NDU5MTg0fQ.45atIarOir_Wwgr8-ufjEOptlAJAejH9L94Pt-lt4BY
INFO 2023-01-23T15:22:04.626 auth - verifyToken -  Authorized. A token verified - eyJhbGciOiJIUzI1NiIsInR5cCI6IkpXVCJ9.eyJpZCI6IlBFUk45NDAxNjUwOCIsImlhdCI6MTY3NDQ1ODI4NCwiZXhwIjoxNjc0NDU5MTg0fQ.45atIarOir_Wwgr8-ufjEOptlAJAejH9L94Pt-lt4BY
INFO 2023-01-23T15:22:04.707 getAllRequestsCash - No data found Rows Length : 0
INFO 2023-01-23T15:22:04.708 getAllRequestsRevFund - No data found Rows Length : 0
INFO 2023-01-23T15:22:04.709 getAllRequestsCash - No data found Rows Length : 0
INFO 2023-01-23T15:22:04.727 getAllRequestsRevFund Rows Length : 1
INFO 2023-01-23T15:22:06.767 auth - verifyToken -  Authorized. A token verified - eyJhbGciOiJIUzI1NiIsInR5cCI6IkpXVCJ9.eyJpZCI6IlBFUk45NDAxNjUwOCIsImlhdCI6MTY3NDQ1ODI4NCwiZXhwIjoxNjc0NDU5MTg0fQ.45atIarOir_Wwgr8-ufjEOptlAJAejH9L94Pt-lt4BY
INFO 2023-01-23T15:22:06.769 auth - verifyToken -  Authorized. A token verified - eyJhbGciOiJIUzI1NiIsInR5cCI6IkpXVCJ9.eyJpZCI6IlBFUk45NDAxNjUwOCIsImlhdCI6MTY3NDQ1ODI4NCwiZXhwIjoxNjc0NDU5MTg0fQ.45atIarOir_Wwgr8-ufjEOptlAJAejH9L94Pt-lt4BY
INFO 2023-01-23T15:22:06.848 getAllRequestsRevFund - No data found Rows Length : 0
INFO 2023-01-23T15:22:06.853 getAllRequestsCash - No data found Rows Length : 0
INFO 2023-01-23T15:22:07.778 auth - verifyToken -  Authorized. A token verified - eyJhbGciOiJIUzI1NiIsInR5cCI6IkpXVCJ9.eyJpZCI6IlBFUk45NDAxNjUwOCIsImlhdCI6MTY3NDQ1ODI4NCwiZXhwIjoxNjc0NDU5MTg0fQ.45atIarOir_Wwgr8-ufjEOptlAJAejH9L94Pt-lt4BY
INFO 2023-01-23T15:22:07.781 auth - verifyToken -  Authorized. A token verified - eyJhbGciOiJIUzI1NiIsInR5cCI6IkpXVCJ9.eyJpZCI6IlBFUk45NDAxNjUwOCIsImlhdCI6MTY3NDQ1ODI4NCwiZXhwIjoxNjc0NDU5MTg0fQ.45atIarOir_Wwgr8-ufjEOptlAJAejH9L94Pt-lt4BY
INFO 2023-01-23T15:22:07.864 getAllRequestsForApprovalCash - ass_vpo_approver No Data Retrieved : 0
INFO 2023-01-23T15:22:07.874 getAllRequestsForApprovalRevolving - ass_vpo_approver Data Retrieved : 0
INFO 2023-01-23T15:22:25.147 userLogin Successfully generated a token - eyJhbGciOiJIUzI1NiIsInR5cCI6IkpXVCJ9.eyJpZCI6IkFCRUw5NDAwOTA5OSIsImlhdCI6MTY3NDQ1ODU0NSwiZXhwIjoxNjc0NDU5NDQ1fQ.as0ePT4O03vFOX17CqFZO0BYxLwGEiA0nyR222WEGek
INFO 2023-01-23T15:22:26.629 auth - verifyToken -  Authorized. A token verified - eyJhbGciOiJIUzI1NiIsInR5cCI6IkpXVCJ9.eyJpZCI6IkFCRUw5NDAwOTA5OSIsImlhdCI6MTY3NDQ1ODU0NSwiZXhwIjoxNjc0NDU5NDQ1fQ.as0ePT4O03vFOX17CqFZO0BYxLwGEiA0nyR222WEGek
INFO 2023-01-23T15:22:26.636 auth - verifyToken -  Authorized. A token verified - eyJhbGciOiJIUzI1NiIsInR5cCI6IkpXVCJ9.eyJpZCI6IkFCRUw5NDAwOTA5OSIsImlhdCI6MTY3NDQ1ODU0NSwiZXhwIjoxNjc0NDU5NDQ1fQ.as0ePT4O03vFOX17CqFZO0BYxLwGEiA0nyR222WEGek
INFO 2023-01-23T15:22:26.714 getAllRequestsRevFund Rows Length : 1
INFO 2023-01-23T15:22:26.717 getAllRequestsCash - No data found Rows Length : 0
INFO 2023-01-23T15:28:35.632 auth - verifyToken -  Authorized. A token verified - eyJhbGciOiJIUzI1NiIsInR5cCI6IkpXVCJ9.eyJpZCI6IkFCRUw5NDAwOTA5OSIsImlhdCI6MTY3NDQ1ODU0NSwiZXhwIjoxNjc0NDU5NDQ1fQ.as0ePT4O03vFOX17CqFZO0BYxLwGEiA0nyR222WEGek
INFO 2023-01-23T15:28:35.642 auth - verifyToken -  Authorized. A token verified - eyJhbGciOiJIUzI1NiIsInR5cCI6IkpXVCJ9.eyJpZCI6IkFCRUw5NDAwOTA5OSIsImlhdCI6MTY3NDQ1ODU0NSwiZXhwIjoxNjc0NDU5NDQ1fQ.as0ePT4O03vFOX17CqFZO0BYxLwGEiA0nyR222WEGek
INFO 2023-01-23T15:28:35.720 getAllRequestsRevFund Rows Length : 1
INFO 2023-01-23T15:28:35.744 getAllRequestsCash - No data found Rows Length : 0
